  Using 'git status' to determine working set for adaptive non-unity build (D:\PPP).
  Creating makefile for MyProjectEditor (no existing makefile)
  Parsing headers for MyProjectEditor
    Running UnrealHeaderTool "D:\PPP\MyProject\MyProject.uproject" "D:\PPP\MyProject\Intermediate\Build\Win64\MyProjectEditor\Development\MyProjectEditor.uhtmanifest" -LogCmds="loginit warning, logexit warning, logdatabase error" -Unattended -WarningsAsErrors -abslog="C:\Users\simon\AppData\Local\UnrealBuildTool\Log_UHT.txt" -installed
  Reflection code generated for MyProjectEditor in 4,679844 seconds
D:\PPP\MyProject\Source\MyProject\MyProjectGameModeBase.cpp(1): error : Expected MyProjectGameModeBase.h to be first header included.
  Building MyProjectEditor...
  Using Visual Studio 2019 14.27.29112 toolchain (C:\Program Files (x86)\Microsoft Visual Studio\2019\Community\VC\Tools\MSVC\14.27.29110) and Windows 10.0.18362.0 SDK (C:\Program Files (x86)\Windows Kits\10).
  Building 19 actions with 4 processes...
    [1/19] Default.rc2
    [2/19] SharedPCH.Engine.ShadowErrors.cpp
    [3/19] AbilityComponent.cpp
    [4/19] MyPlayerController.cpp
    [5/19] CollidingPawnMovementComponent.cpp
    [6/19] MyProject.cpp
    [7/19] CollidingPawn.cpp
    [8/19] AbilityComponent.gen.cpp
    [9/19] CollidingPawnMovementComponent.gen.cpp
    [10/19] MyProject.init.gen.cpp
    [11/19] MyPlayerController.gen.cpp
    [12/19] TestActor.gen.cpp
    [13/19] CollidingPawn.gen.cpp
    [14/19] TestActor.cpp
    [15/19] MyProjectGameModeBase.cpp
    [16/19] MyProjectGameModeBase.gen.cpp
    [17/19] UE4Editor-MyProject-0001.lib
       Creating library D:\PPP\MyProject\Intermediate\Build\Win64\UE4Editor\Development\MyProject\UE4Editor-MyProject-0001.lib and object D:\PPP\MyProject\Intermediate\Build\Win64\UE4Editor\Development\MyProject\UE4Editor-MyProject-0001.exp
    [18/19] UE4Editor-MyProject-0001.dll
       Creating library D:\PPP\MyProject\Intermediate\Build\Win64\UE4Editor\Development\MyProject\UE4Editor-MyProject-0001.suppressed.lib and object D:\PPP\MyProject\Intermediate\Build\Win64\UE4Editor\Development\MyProject\UE4Editor-MyProject-0001.suppressed.exp
    [19/19] MyProjectEditor.target
  Total time in Parallel executor: 42,28 seconds
  Total execution time: 49,35 seconds
C:\Program Files (x86)\Microsoft Visual Studio\2019\Community\MSBuild\Microsoft\VC\v160\Microsoft.MakeFile.Targets(46,5): error MSB3073: The command "C:\WINDOWS\System32\chcp.com 65001 >NUL 
C:\Program Files (x86)\Microsoft Visual Studio\2019\Community\MSBuild\Microsoft\VC\v160\Microsoft.MakeFile.Targets(46,5): error MSB3073:  D:\games\UE_4.25\Engine\Build\BatchFiles\Build.bat MyProjectEditor Win64 Development -Project="D:\PPP\MyProject\MyProject.uproject" -WaitMutex -FromMsBuild" exited with code -1.
