Log file open, 12/01/20 17:58:14
LogInit: Display: Running engine for game: TheTravelersJourney
LogPlatformFile: Not using cached read wrapper
LogTaskGraph: Started task graph with 5 named threads and 14 total threads with 3 sets of task threads.
LogStats: Stats thread started at 0.176546
LogD3D11RHI: Loaded GFSDK_Aftermath_Lib.x64.dll
LogICUInternationalization: ICU TimeZone Detection - Raw Offset: +1:00, Platform Override: ''
LogPluginManager: Mounting plugin Paper2D
LogPluginManager: Mounting plugin AISupport
LogPluginManager: Mounting plugin LightPropagationVolume
LogPluginManager: Mounting plugin CameraShakePreviewer
LogPluginManager: Mounting plugin ActorLayerUtilities
LogPluginManager: Mounting plugin AnimationSharing
LogPluginManager: Mounting plugin CLionSourceCodeAccess
LogPluginManager: Mounting plugin CodeLiteSourceCodeAccess
LogPluginManager: Mounting plugin GitSourceControl
LogPluginManager: Mounting plugin KDevelopSourceCodeAccess
LogPluginManager: Mounting plugin NullSourceCodeAccess
LogPluginManager: Mounting plugin PerforceSourceControl
LogPluginManager: Mounting plugin PlasticSourceControl
LogPluginManager: Mounting plugin RiderSourceCodeAccess
LogPluginManager: Mounting plugin SubversionSourceControl
LogPluginManager: Mounting plugin UObjectPlugin
LogPluginManager: Mounting plugin VisualStudioCodeSourceCodeAccess
LogPluginManager: Mounting plugin VisualStudioSourceCodeAccess
LogPluginManager: Mounting plugin XCodeSourceCodeAccess
LogPluginManager: Mounting plugin AssetManagerEditor
LogPluginManager: Mounting plugin CryptoKeys
LogPluginManager: Mounting plugin CurveEditorTools
LogPluginManager: Mounting plugin DataValidation
LogPluginManager: Mounting plugin EditorScriptingUtilities
LogPluginManager: Mounting plugin FacialAnimation
LogPluginManager: Mounting plugin GameplayTagsEditor
LogPluginManager: Mounting plugin GeometryMode
LogPluginManager: Mounting plugin MacGraphicsSwitching
LogPluginManager: Mounting plugin MaterialAnalyzer
LogPluginManager: Mounting plugin MobileLauncherProfileWizard
LogPluginManager: Mounting plugin PluginBrowser
LogPluginManager: Mounting plugin SpeedTreeImporter
LogPluginManager: Mounting plugin DatasmithContent
LogPluginManager: Mounting plugin VariantManagerContent
LogPluginManager: Mounting plugin AlembicImporter
LogPluginManager: Mounting plugin AutomationUtils
LogPluginManager: Mounting plugin BackChannel
LogPluginManager: Mounting plugin ChaosCloth
LogPluginManager: Mounting plugin ChaosClothEditor
LogPluginManager: Mounting plugin ChaosEditor
LogPluginManager: Mounting plugin ChaosNiagara
LogPluginManager: Mounting plugin ChaosSolverPlugin
LogPluginManager: Mounting plugin CharacterAI
LogPluginManager: Mounting plugin GeometryCache
LogPluginManager: Mounting plugin GeometryCollectionPlugin
LogPluginManager: Mounting plugin GeometryProcessing
LogPluginManager: Mounting plugin PlanarCut
LogPluginManager: Mounting plugin PlatformCrypto
LogPluginManager: Mounting plugin ProxyLODPlugin
LogPluginManager: Mounting plugin SkeletalReduction
LogPluginManager: Mounting plugin Niagara
LogPluginManager: Mounting plugin MagicLeap
LogPluginManager: Mounting plugin MagicLeapLightEstimation
LogPluginManager: Mounting plugin MagicLeapMedia
LogPluginManager: Mounting plugin MagicLeapPassableWorld
LogPluginManager: Mounting plugin MLSDK
LogPluginManager: Mounting plugin AndroidMedia
LogPluginManager: Mounting plugin AvfMedia
LogPluginManager: Mounting plugin ImgMedia
LogPluginManager: Mounting plugin MediaCompositing
LogPluginManager: Mounting plugin MediaPlayerEditor
LogPluginManager: Mounting plugin WebMMedia
LogPluginManager: Mounting plugin WmfMedia
LogPluginManager: Mounting plugin MeshPainting
LogPluginManager: Mounting plugin TcpMessaging
LogPluginManager: Mounting plugin UdpMessaging
LogPluginManager: Mounting plugin ActorSequence
LogPluginManager: Mounting plugin LevelSequenceEditor
LogPluginManager: Mounting plugin MatineeToLevelSequence
LogPluginManager: Mounting plugin MovieRenderPipeline
LogPluginManager: Mounting plugin TemplateSequence
LogPluginManager: Mounting plugin NetcodeUnitTest
LogPluginManager: Mounting plugin NUTUnrealEngine4
LogPluginManager: Mounting plugin OnlineSubsystemGooglePlay
LogPluginManager: Mounting plugin OnlineSubsystemIOS
LogPluginManager: Mounting plugin OnlineSubsystem
LogPluginManager: Mounting plugin OnlineSubsystemNull
LogPluginManager: Mounting plugin OnlineSubsystemUtils
LogPluginManager: Mounting plugin LauncherChunkInstaller
LogPluginManager: Mounting plugin AndroidDeviceProfileSelector
LogPluginManager: Mounting plugin AndroidMoviePlayer
LogPluginManager: Mounting plugin AndroidPermission
LogPluginManager: Mounting plugin AppleImageUtils
LogPluginManager: Mounting plugin AppleMoviePlayer
LogPluginManager: Mounting plugin ArchVisCharacter
LogPluginManager: Mounting plugin AssetTags
LogPluginManager: Mounting plugin AudioCapture
LogPluginManager: Mounting plugin CableComponent
LogPluginManager: Mounting plugin CustomMeshComponent
LogPluginManager: Mounting plugin EditableMesh
LogPluginManager: Mounting plugin ExampleDeviceProfileSelector
LogPluginManager: Mounting plugin GoogleCloudMessaging
LogPluginManager: Mounting plugin GooglePAD
LogPluginManager: Mounting plugin IOSDeviceProfileSelector
LogPluginManager: Mounting plugin LinuxDeviceProfileSelector
LogPluginManager: Mounting plugin LocationServicesBPLibrary
LogPluginManager: Mounting plugin MobilePatchingUtils
LogPluginManager: Mounting plugin OculusVR
LogPluginManager: Mounting plugin PhysXVehicles
LogPluginManager: Mounting plugin PostSplashScreen
LogPluginManager: Mounting plugin ProceduralMeshComponent
LogPluginManager: Mounting plugin RuntimePhysXCooking
LogPluginManager: Mounting plugin SignificanceManager
LogPluginManager: Mounting plugin SoundFields
LogPluginManager: Mounting plugin SteamVR
LogPluginManager: Mounting plugin Synthesis
LogPluginManager: Mounting plugin WebMMoviePlayer
LogPluginManager: Mounting plugin WindowsMoviePlayer
LogPluginManager: Mounting plugin ScreenshotTools
LogInit: Using libcurl 7.55.1-DEV
LogInit:  - built for x86_64-pc-win32
LogInit:  - supports SSL with OpenSSL/1.1.1
LogInit:  - supports HTTP deflate (compression) using libz 1.2.8
LogInit:  - other features:
LogInit:      CURL_VERSION_SSL
LogInit:      CURL_VERSION_LIBZ
LogInit:      CURL_VERSION_IPV6
LogInit:      CURL_VERSION_ASYNCHDNS
LogInit:      CURL_VERSION_LARGEFILE
LogInit:      CURL_VERSION_IDN
LogInit:  CurlRequestOptions (configurable via config and command line):
LogInit:  - bVerifyPeer = true  - Libcurl will verify peer certificate
LogInit:  - bUseHttpProxy = false  - Libcurl will NOT use HTTP proxy
LogInit:  - bDontReuseConnections = false  - Libcurl will reuse connections
LogInit:  - MaxHostConnections = 16  - Libcurl will limit the number of connections to a host
LogInit:  - LocalHostAddr = Default
LogInit:  - BufferSize = 65536
LogOnline: OSS: Creating online subsystem instance for: NULL
LogInit: WinSock: version 1.1 (2.2), MaxSocks=32767, MaxUdp=65467
LogOnline: OSS: TryLoadSubsystemAndSetDefault: Loaded subsystem for module [NULL]
LogInit: Build: ++UE4+Release-4.25-CL-14469661
LogInit: Engine Version: 4.25.4-14469661+++UE4+Release-4.25
LogInit: Compatible Engine Version: 4.25.0-13144385+++UE4+Release-4.25
LogInit: Net CL: 13144385
LogInit: OS: Windows 10 (Release 2004) (), CPU: Intel(R) Core(TM) i5-7600K CPU @ 3.80GHz, GPU: NVIDIA GeForce GTX 1070
LogInit: Compiled (64-bit): Oct 11 2020 08:10:49
LogInit: Compiled with Visual C++: 19.24.28315.00
LogInit: Build Configuration: Development
LogInit: Branch Name: ++UE4+Release-4.25
LogInit: Command Line: 
LogInit: Base Directory: D:/games/UE_4.25/Engine/Binaries/Win64/
LogInit: Allocator: TBB
LogInit: Installed Engine Build: 1
LogDevObjectVersion: Number of dev versions registered: 26
LogDevObjectVersion:   Dev-Blueprints (B0D832E4-1F89-4F0D-ACCF-7EB736FD4AA2): 10
LogDevObjectVersion:   Dev-Build (E1C64328-A22C-4D53-A36C-8E866417BD8C): 0
LogDevObjectVersion:   Dev-Core (375EC13C-06E4-48FB-B500-84F0262A717E): 4
LogDevObjectVersion:   Dev-Editor (E4B068ED-F494-42E9-A231-DA0B2E46BB41): 38
LogDevObjectVersion:   Dev-Framework (CFFC743F-43B0-4480-9391-14DF171D2073): 37
LogDevObjectVersion:   Dev-Mobile (B02B49B5-BB20-44E9-A304-32B752E40360): 2
LogDevObjectVersion:   Dev-Networking (A4E4105C-59A1-49B5-A7C5-40C4547EDFEE): 0
LogDevObjectVersion:   Dev-Online (39C831C9-5AE6-47DC-9A44-9C173E1C8E7C): 0
LogDevObjectVersion:   Dev-Physics (78F01B33-EBEA-4F98-B9B4-84EACCB95AA2): 4
LogDevObjectVersion:   Dev-Platform (6631380F-2D4D-43E0-8009-CF276956A95A): 0
LogDevObjectVersion:   Dev-Rendering (12F88B9F-8875-4AFC-A67C-D90C383ABD29): 43
LogDevObjectVersion:   Dev-Sequencer (7B5AE74C-D270-4C10-A958-57980B212A5A): 12
LogDevObjectVersion:   Dev-VR (D7296918-1DD6-4BDD-9DE2-64A83CC13884): 3
LogDevObjectVersion:   Dev-LoadTimes (C2A15278-BFE7-4AFE-6C17-90FF531DF755): 1
LogDevObjectVersion:   Private-Geometry (6EACA3D4-40EC-4CC1-B786-8BED09428FC5): 3
LogDevObjectVersion:   Dev-AnimPhys (29E575DD-E0A3-4627-9D10-D276232CDCEA): 17
LogDevObjectVersion:   Dev-Anim (AF43A65D-7FD3-4947-9873-3E8ED9C1BB05): 7
LogDevObjectVersion:   Dev-ReflectionCapture (6B266CEC-1EC7-4B8F-A30B-E4D90942FC07): 1
LogDevObjectVersion:   Dev-Automation (0DF73D61-A23F-47EA-B727-89E90C41499A): 1
LogDevObjectVersion:   FortniteMain (601D1886-AC64-4F84-AA16-D3DE0DEAC7D6): 31
LogDevObjectVersion:   Dev-Enterprise (9DFFBCD6-494F-0158-E221-12823C92A888): 10
LogDevObjectVersion:   Dev-Niagara (F2AED0AC-9AFE-416F-8664-AA7FFA26D6FC): 1
LogDevObjectVersion:   Dev-Destruction (174F1F0B-B4C6-45A5-B13F-2EE8D0FB917D): 10
LogDevObjectVersion:   Dev-Physics-Ext (35F94A83-E258-406C-A318-09F59610247C): 37
LogDevObjectVersion:   Dev-PhysicsMaterial-Chaos (B68FC16E-8B1B-42E2-B453-215C058844FE): 1
LogDevObjectVersion:   Dev-CineCamera (B2E18506-4273-CFC2-A54E-F4BB758BBA07): 1
LogInit: Presizing for max 25165824 objects, including 0 objects not considered by GC, pre-allocating 0 bytes for permanent pool.
LogConfig: Applying CVar settings from Section [/Script/Engine.StreamingSettings] File [D:/PPP/TheTravelersJourney/Saved/Config/Windows/Engine.ini]
LogConfig: Setting CVar [[s.MinBulkDataSizeForAsyncLoading:131072]]
LogConfig: Setting CVar [[s.AsyncLoadingThreadEnabled:0]]
LogConfig: Setting CVar [[s.EventDrivenLoaderEnabled:1]]
LogConfig: Setting CVar [[s.WarnIfTimeLimitExceeded:0]]
LogConfig: Setting CVar [[s.TimeLimitExceededMultiplier:1.5]]
LogConfig: Setting CVar [[s.TimeLimitExceededMinTime:0.005]]
LogConfig: Setting CVar [[s.UseBackgroundLevelStreaming:1]]
LogConfig: Setting CVar [[s.PriorityAsyncLoadingExtraTime:15.0]]
LogConfig: Setting CVar [[s.LevelStreamingActorsUpdateTimeLimit:5.0]]
LogConfig: Setting CVar [[s.PriorityLevelStreamingActorsUpdateExtraTime:5.0]]
LogConfig: Setting CVar [[s.LevelStreamingComponentsRegistrationGranularity:10]]
LogConfig: Setting CVar [[s.UnregisterComponentsTimeLimit:1.0]]
LogConfig: Setting CVar [[s.LevelStreamingComponentsUnregistrationGranularity:5]]
LogConfig: Setting CVar [[s.FlushStreamingOnExit:1]]
LogInit: Object subsystem initialized
LogConfig: Setting CVar [[con.DebugEarlyDefault:1]]
LogConfig: Setting CVar [[r.setres:1280x720]]
[2020.12.01-16.58.14:267][  0]LogConfig: Setting CVar [[r.VSync:0]]
[2020.12.01-16.58.14:267][  0]LogConfig: Setting CVar [[r.RHICmdBypass:0]]
[2020.12.01-16.58.14:267][  0]LogConfig: Applying CVar settings from Section [/Script/Engine.RendererSettings] File [D:/PPP/TheTravelersJourney/Saved/Config/Windows/Engine.ini]
[2020.12.01-16.58.14:267][  0]LogConfig: Setting CVar [[r.GPUCrashDebugging:0]]
[2020.12.01-16.58.14:267][  0]LogConfig: Applying CVar settings from Section [/Script/Engine.RendererOverrideSettings] File [D:/PPP/TheTravelersJourney/Saved/Config/Windows/Engine.ini]
[2020.12.01-16.58.14:267][  0]LogConfig: Applying CVar settings from Section [/Script/Engine.StreamingSettings] File [D:/PPP/TheTravelersJourney/Saved/Config/Windows/Engine.ini]
[2020.12.01-16.58.14:267][  0]LogConfig: Setting CVar [[s.MinBulkDataSizeForAsyncLoading:131072]]
[2020.12.01-16.58.14:267][  0]LogConfig: Setting CVar [[s.AsyncLoadingThreadEnabled:0]]
[2020.12.01-16.58.14:267][  0]LogConfig: Setting CVar [[s.EventDrivenLoaderEnabled:1]]
[2020.12.01-16.58.14:267][  0]LogConfig: Setting CVar [[s.WarnIfTimeLimitExceeded:0]]
[2020.12.01-16.58.14:267][  0]LogConfig: Setting CVar [[s.TimeLimitExceededMultiplier:1.5]]
[2020.12.01-16.58.14:267][  0]LogConfig: Setting CVar [[s.TimeLimitExceededMinTime:0.005]]
[2020.12.01-16.58.14:267][  0]LogConfig: Setting CVar [[s.UseBackgroundLevelStreaming:1]]
[2020.12.01-16.58.14:267][  0]LogConfig: Setting CVar [[s.PriorityAsyncLoadingExtraTime:15.0]]
[2020.12.01-16.58.14:267][  0]LogConfig: Setting CVar [[s.LevelStreamingActorsUpdateTimeLimit:5.0]]
[2020.12.01-16.58.14:267][  0]LogConfig: Setting CVar [[s.PriorityLevelStreamingActorsUpdateExtraTime:5.0]]
[2020.12.01-16.58.14:267][  0]LogConfig: Setting CVar [[s.LevelStreamingComponentsRegistrationGranularity:10]]
[2020.12.01-16.58.14:267][  0]LogConfig: Setting CVar [[s.UnregisterComponentsTimeLimit:1.0]]
[2020.12.01-16.58.14:267][  0]LogConfig: Setting CVar [[s.LevelStreamingComponentsUnregistrationGranularity:5]]
[2020.12.01-16.58.14:267][  0]LogConfig: Setting CVar [[s.FlushStreamingOnExit:1]]
[2020.12.01-16.58.14:267][  0]LogConfig: Applying CVar settings from Section [/Script/Engine.GarbageCollectionSettings] File [D:/PPP/TheTravelersJourney/Saved/Config/Windows/Engine.ini]
[2020.12.01-16.58.14:267][  0]LogConfig: Setting CVar [[gc.MaxObjectsNotConsideredByGC:1]]
[2020.12.01-16.58.14:267][  0]LogConfig: Setting CVar [[gc.SizeOfPermanentObjectPool:0]]
[2020.12.01-16.58.14:267][  0]LogConfig: Setting CVar [[gc.FlushStreamingOnGC:0]]
[2020.12.01-16.58.14:267][  0]LogConfig: Setting CVar [[gc.NumRetriesBeforeForcingGC:10]]
[2020.12.01-16.58.14:267][  0]LogConfig: Setting CVar [[gc.AllowParallelGC:1]]
[2020.12.01-16.58.14:267][  0]LogConfig: Setting CVar [[gc.TimeBetweenPurgingPendingKillObjects:61.1]]
[2020.12.01-16.58.14:267][  0]LogConfig: Setting CVar [[gc.MaxObjectsInEditor:25165824]]
[2020.12.01-16.58.14:267][  0]LogConfig: Setting CVar [[gc.IncrementalBeginDestroyEnabled:1]]
[2020.12.01-16.58.14:267][  0]LogConfig: Setting CVar [[gc.CreateGCClusters:1]]
[2020.12.01-16.58.14:267][  0]LogConfig: Setting CVar [[gc.MinGCClusterSize:5]]
[2020.12.01-16.58.14:267][  0]LogConfig: Setting CVar [[gc.ActorClusteringEnabled:0]]
[2020.12.01-16.58.14:267][  0]LogConfig: Setting CVar [[gc.BlueprintClusteringEnabled:0]]
[2020.12.01-16.58.14:267][  0]LogConfig: Setting CVar [[gc.UseDisregardForGCOnDedicatedServers:0]]
[2020.12.01-16.58.14:267][  0]LogConfig: Applying CVar settings from Section [/Script/Engine.NetworkSettings] File [D:/PPP/TheTravelersJourney/Saved/Config/Windows/Engine.ini]
[2020.12.01-16.58.14:267][  0]LogConfig: Applying CVar settings from Section [/Script/UnrealEd.CookerSettings] File [D:/PPP/TheTravelersJourney/Saved/Config/Windows/Engine.ini]
[2020.12.01-16.58.14:272][  0]LogConfig: Applying CVar settings from Section [ViewDistanceQuality@3] File [D:/PPP/TheTravelersJourney/Saved/Config/Windows/Scalability.ini]
[2020.12.01-16.58.14:272][  0]LogConfig: Setting CVar [[r.SkeletalMeshLODBias:0]]
[2020.12.01-16.58.14:272][  0]LogConfig: Setting CVar [[r.ViewDistanceScale:1.0]]
[2020.12.01-16.58.14:272][  0]LogConfig: Applying CVar settings from Section [AntiAliasingQuality@3] File [D:/PPP/TheTravelersJourney/Saved/Config/Windows/Scalability.ini]
[2020.12.01-16.58.14:272][  0]LogConfig: Setting CVar [[r.PostProcessAAQuality:4]]
[2020.12.01-16.58.14:272][  0]LogConfig: Applying CVar settings from Section [ShadowQuality@3] File [D:/PPP/TheTravelersJourney/Saved/Config/Windows/Scalability.ini]
[2020.12.01-16.58.14:272][  0]LogConfig: Setting CVar [[r.LightFunctionQuality:1]]
[2020.12.01-16.58.14:272][  0]LogConfig: Setting CVar [[r.ShadowQuality:5]]
[2020.12.01-16.58.14:272][  0]LogConfig: Setting CVar [[r.Shadow.CSM.MaxCascades:10]]
[2020.12.01-16.58.14:272][  0]LogConfig: Setting CVar [[r.Shadow.MaxResolution:2048]]
[2020.12.01-16.58.14:272][  0]LogConfig: Setting CVar [[r.Shadow.MaxCSMResolution:2048]]
[2020.12.01-16.58.14:272][  0]LogConfig: Setting CVar [[r.Shadow.RadiusThreshold:0.01]]
[2020.12.01-16.58.14:272][  0]LogConfig: Setting CVar [[r.Shadow.DistanceScale:1.0]]
[2020.12.01-16.58.14:272][  0]LogConfig: Setting CVar [[r.Shadow.CSM.TransitionScale:1.0]]
[2020.12.01-16.58.14:272][  0]LogConfig: Setting CVar [[r.Shadow.PreShadowResolutionFactor:1.0]]
[2020.12.01-16.58.14:272][  0]LogConfig: Setting CVar [[r.DistanceFieldShadowing:1]]
[2020.12.01-16.58.14:272][  0]LogConfig: Setting CVar [[r.DistanceFieldAO:1]]
[2020.12.01-16.58.14:272][  0]LogConfig: Setting CVar [[r.AOQuality:2]]
[2020.12.01-16.58.14:272][  0]LogConfig: Setting CVar [[r.VolumetricFog:1]]
[2020.12.01-16.58.14:272][  0]LogConfig: Setting CVar [[r.VolumetricFog.GridPixelSize:8]]
[2020.12.01-16.58.14:272][  0]LogConfig: Setting CVar [[r.VolumetricFog.GridSizeZ:128]]
[2020.12.01-16.58.14:272][  0]LogConfig: Setting CVar [[r.VolumetricFog.HistoryMissSupersampleCount:4]]
[2020.12.01-16.58.14:272][  0]LogConfig: Setting CVar [[r.LightMaxDrawDistanceScale:1]]
[2020.12.01-16.58.14:272][  0]LogConfig: Setting CVar [[r.CapsuleShadows:1]]
[2020.12.01-16.58.14:272][  0]LogConfig: Applying CVar settings from Section [PostProcessQuality@3] File [D:/PPP/TheTravelersJourney/Saved/Config/Windows/Scalability.ini]
[2020.12.01-16.58.14:272][  0]LogConfig: Setting CVar [[r.MotionBlurQuality:4]]
[2020.12.01-16.58.14:272][  0]LogConfig: Setting CVar [[r.AmbientOcclusionMipLevelFactor:0.4]]
[2020.12.01-16.58.14:272][  0]LogConfig: Setting CVar [[r.AmbientOcclusionMaxQuality:100]]
[2020.12.01-16.58.14:272][  0]LogConfig: Setting CVar [[r.AmbientOcclusionLevels:-1]]
[2020.12.01-16.58.14:272][  0]LogConfig: Setting CVar [[r.AmbientOcclusionRadiusScale:1.0]]
[2020.12.01-16.58.14:272][  0]LogConfig: Setting CVar [[r.DepthOfFieldQuality:2]]
[2020.12.01-16.58.14:272][  0]LogConfig: Setting CVar [[r.RenderTargetPoolMin:400]]
[2020.12.01-16.58.14:272][  0]LogConfig: Setting CVar [[r.LensFlareQuality:2]]
[2020.12.01-16.58.14:272][  0]LogConfig: Setting CVar [[r.SceneColorFringeQuality:1]]
[2020.12.01-16.58.14:272][  0]LogConfig: Setting CVar [[r.EyeAdaptationQuality:2]]
[2020.12.01-16.58.14:272][  0]LogConfig: Setting CVar [[r.BloomQuality:5]]
[2020.12.01-16.58.14:273][  0]LogConfig: Setting CVar [[r.FastBlurThreshold:100]]
[2020.12.01-16.58.14:273][  0]LogConfig: Setting CVar [[r.Upscale.Quality:3]]
[2020.12.01-16.58.14:273][  0]LogConfig: Setting CVar [[r.Tonemapper.GrainQuantization:1]]
[2020.12.01-16.58.14:273][  0]LogConfig: Setting CVar [[r.LightShaftQuality:1]]
[2020.12.01-16.58.14:273][  0]LogConfig: Setting CVar [[r.Filter.SizeScale:1]]
[2020.12.01-16.58.14:273][  0]LogConfig: Setting CVar [[r.Tonemapper.Quality:5]]
[2020.12.01-16.58.14:273][  0]LogConfig: Setting CVar [[r.DOF.Gather.AccumulatorQuality:1        ; higher gathering accumulator quality]]
[2020.12.01-16.58.14:273][  0]LogConfig: Setting CVar [[r.DOF.Gather.PostfilterMethod:1          ; Median3x3 postfilering method]]
[2020.12.01-16.58.14:273][  0]LogConfig: Setting CVar [[r.DOF.Gather.EnableBokehSettings:0       ; no bokeh simulation when gathering]]
[2020.12.01-16.58.14:273][  0]LogConfig: Setting CVar [[r.DOF.Gather.RingCount:4                 ; medium number of samples when gathering]]
[2020.12.01-16.58.14:273][  0]LogConfig: Setting CVar [[r.DOF.Scatter.ForegroundCompositing:1    ; additive foreground scattering]]
[2020.12.01-16.58.14:273][  0]LogConfig: Setting CVar [[r.DOF.Scatter.BackgroundCompositing:2    ; additive background scattering]]
[2020.12.01-16.58.14:273][  0]LogConfig: Setting CVar [[r.DOF.Scatter.EnableBokehSettings:1      ; bokeh simulation when scattering]]
[2020.12.01-16.58.14:273][  0]LogConfig: Setting CVar [[r.DOF.Scatter.MaxSpriteRatio:0.1         ; only a maximum of 10% of scattered bokeh]]
[2020.12.01-16.58.14:273][  0]LogConfig: Setting CVar [[r.DOF.Recombine.Quality:1                ; cheap slight out of focus]]
[2020.12.01-16.58.14:273][  0]LogConfig: Setting CVar [[r.DOF.Recombine.EnableBokehSettings:0    ; no bokeh simulation on slight out of focus]]
[2020.12.01-16.58.14:273][  0]LogConfig: Setting CVar [[r.DOF.TemporalAAQuality:1                ; more stable temporal accumulation]]
[2020.12.01-16.58.14:273][  0]LogConfig: Setting CVar [[r.DOF.Kernel.MaxForegroundRadius:0.025]]
[2020.12.01-16.58.14:273][  0]LogConfig: Setting CVar [[r.DOF.Kernel.MaxBackgroundRadius:0.025]]
[2020.12.01-16.58.14:273][  0]LogConfig: Applying CVar settings from Section [TextureQuality@3] File [D:/PPP/TheTravelersJourney/Saved/Config/Windows/Scalability.ini]
[2020.12.01-16.58.14:273][  0]LogConfig: Setting CVar [[r.Streaming.MipBias:0]]
[2020.12.01-16.58.14:273][  0]LogConfig: Setting CVar [[r.Streaming.AmortizeCPUToGPUCopy:0]]
[2020.12.01-16.58.14:273][  0]LogConfig: Setting CVar [[r.Streaming.MaxNumTexturesToStreamPerFrame:0]]
[2020.12.01-16.58.14:273][  0]LogConfig: Setting CVar [[r.Streaming.Boost:1]]
[2020.12.01-16.58.14:273][  0]LogConfig: Setting CVar [[r.MaxAnisotropy:8]]
[2020.12.01-16.58.14:273][  0]LogConfig: Setting CVar [[r.VT.MaxAnisotropy:8]]
[2020.12.01-16.58.14:273][  0]LogConfig: Setting CVar [[r.Streaming.LimitPoolSizeToVRAM:0]]
[2020.12.01-16.58.14:273][  0]LogConfig: Setting CVar [[r.Streaming.PoolSize:1000]]
[2020.12.01-16.58.14:273][  0]LogConfig: Setting CVar [[r.Streaming.MaxEffectiveScreenSize:0]]
[2020.12.01-16.58.14:273][  0]LogConfig: Applying CVar settings from Section [EffectsQuality@3] File [D:/PPP/TheTravelersJourney/Saved/Config/Windows/Scalability.ini]
[2020.12.01-16.58.14:273][  0]LogConfig: Setting CVar [[r.TranslucencyLightingVolumeDim:64]]
[2020.12.01-16.58.14:273][  0]LogConfig: Setting CVar [[r.RefractionQuality:2]]
[2020.12.01-16.58.14:273][  0]LogConfig: Setting CVar [[r.SSR.Quality:3]]
[2020.12.01-16.58.14:273][  0]LogConfig: Setting CVar [[r.SSR.HalfResSceneColor:0]]
[2020.12.01-16.58.14:273][  0]LogConfig: Setting CVar [[r.SceneColorFormat:4]]
[2020.12.01-16.58.14:273][  0]LogConfig: Setting CVar [[r.DetailMode:2]]
[2020.12.01-16.58.14:273][  0]LogConfig: Setting CVar [[r.TranslucencyVolumeBlur:1]]
[2020.12.01-16.58.14:273][  0]LogConfig: Setting CVar [[r.MaterialQualityLevel:1 ; High quality]]
[2020.12.01-16.58.14:273][  0]LogConfig: Setting CVar [[r.SSS.Scale:1]]
[2020.12.01-16.58.14:273][  0]LogConfig: Setting CVar [[r.SSS.SampleSet:2]]
[2020.12.01-16.58.14:273][  0]LogConfig: Setting CVar [[r.SSS.Quality:1]]
[2020.12.01-16.58.14:273][  0]LogConfig: Setting CVar [[r.SSS.HalfRes:0]]
[2020.12.01-16.58.14:273][  0]LogConfig: Setting CVar [[r.SSGI.Quality:3]]
[2020.12.01-16.58.14:273][  0]LogConfig: Setting CVar [[r.EmitterSpawnRateScale:1.0]]
[2020.12.01-16.58.14:273][  0]LogConfig: Setting CVar [[r.ParticleLightQuality:2]]
[2020.12.01-16.58.14:273][  0]LogConfig: Setting CVar [[r.SkyAtmosphere.AerialPerspectiveLUT.FastApplyOnOpaque:1 ; Always have FastSkyLUT 1 in this case to avoid wrong sky]]
[2020.12.01-16.58.14:273][  0]LogConfig: Setting CVar [[r.SkyAtmosphere.AerialPerspectiveLUT.SampleCountPerSlice:1]]
[2020.12.01-16.58.14:273][  0]LogConfig: Setting CVar [[r.SkyAtmosphere.AerialPerspectiveLUT.DepthResolution:16.0]]
[2020.12.01-16.58.14:273][  0]LogConfig: Setting CVar [[r.SkyAtmosphere.FastSkyLUT:1]]
[2020.12.01-16.58.14:273][  0]LogConfig: Setting CVar [[r.SkyAtmosphere.FastSkyLUT.SampleCountMin:4.0]]
[2020.12.01-16.58.14:273][  0]LogConfig: Setting CVar [[r.SkyAtmosphere.FastSkyLUT.SampleCountMax:32.0]]
[2020.12.01-16.58.14:273][  0]LogConfig: Setting CVar [[r.SkyAtmosphere.SampleCountMin:4.0]]
[2020.12.01-16.58.14:273][  0]LogConfig: Setting CVar [[r.SkyAtmosphere.SampleCountMax:32.0]]
[2020.12.01-16.58.14:273][  0]LogConfig: Setting CVar [[r.SkyAtmosphere.TransmittanceLUT.UseSmallFormat:0]]
[2020.12.01-16.58.14:273][  0]LogConfig: Setting CVar [[r.SkyAtmosphere.TransmittanceLUT.SampleCount:10.0]]
[2020.12.01-16.58.14:274][  0]LogConfig: Setting CVar [[r.SkyAtmosphere.MultiScatteringLUT.SampleCount:15.0]]
[2020.12.01-16.58.14:274][  0]LogConfig: Applying CVar settings from Section [FoliageQuality@3] File [D:/PPP/TheTravelersJourney/Saved/Config/Windows/Scalability.ini]
[2020.12.01-16.58.14:274][  0]LogConfig: Setting CVar [[foliage.DensityScale:1.0]]
[2020.12.01-16.58.14:274][  0]LogConfig: Setting CVar [[grass.DensityScale:1.0]]
[2020.12.01-16.58.14:274][  0]LogConfig: Applying CVar settings from Section [ShadingQuality@3] File [D:/PPP/TheTravelersJourney/Saved/Config/Windows/Scalability.ini]
[2020.12.01-16.58.14:274][  0]LogConfig: Setting CVar [[r.HairStrands.SkyLighting.SampleCount:16]]
[2020.12.01-16.58.14:274][  0]LogConfig: Setting CVar [[r.HairStrands.SkyLighting.JitterIntegration:0]]
[2020.12.01-16.58.14:274][  0]LogConfig: Setting CVar [[r.HairStrands.SkyAO.SampleCount:16]]
[2020.12.01-16.58.14:274][  0]LogConfig: Setting CVar [[r.HairStrands.DeepShadow.SuperSampling:0]]
[2020.12.01-16.58.14:274][  0]LogConfig: Setting CVar [[r.HairStrands.VisibilityPPLL:0]]
[2020.12.01-16.58.14:274][  0]LogConfig: Setting CVar [[r.HairStrands.RasterizationScale:0.5]]
[2020.12.01-16.58.14:274][  0]LogConfig: Setting CVar [[r.HairStrands.VelocityRasterizationScale:1]]
[2020.12.01-16.58.14:274][  0]LogInit: Selected Device Profile: [Windows]
[2020.12.01-16.58.14:274][  0]LogInit: Applying CVar settings loaded from the selected device profile: [Windows]
[2020.12.01-16.58.14:274][  0]LogHAL: Display: Platform has ~ 16 GB [17137127424 / 17179869184 / 16], which maps to Larger [LargestMinGB=32, LargerMinGB=12, DefaultMinGB=8, SmallerMinGB=6, SmallestMinGB=0)
[2020.12.01-16.58.14:274][  0]LogInit: Going up to parent DeviceProfile []
[2020.12.01-16.58.14:274][  0]LogConfig: Applying CVar settings from Section [ViewDistanceQuality@Cine] File [D:/PPP/TheTravelersJourney/Saved/Config/Windows/Scalability.ini]
[2020.12.01-16.58.14:274][  0]LogConfig: Setting CVar [[r.SkeletalMeshLODBias:0]]
[2020.12.01-16.58.14:274][  0]LogConfig: Setting CVar [[r.ViewDistanceScale:10.0]]
[2020.12.01-16.58.14:274][  0]LogConfig: Applying CVar settings from Section [AntiAliasingQuality@Cine] File [D:/PPP/TheTravelersJourney/Saved/Config/Windows/Scalability.ini]
[2020.12.01-16.58.14:274][  0]LogConfig: Setting CVar [[r.PostProcessAAQuality:6]]
[2020.12.01-16.58.14:274][  0]LogConfig: Applying CVar settings from Section [ShadowQuality@Cine] File [D:/PPP/TheTravelersJourney/Saved/Config/Windows/Scalability.ini]
[2020.12.01-16.58.14:274][  0]LogConfig: Setting CVar [[r.LightFunctionQuality:1]]
[2020.12.01-16.58.14:274][  0]LogConfig: Setting CVar [[r.ShadowQuality:5]]
[2020.12.01-16.58.14:274][  0]LogConfig: Setting CVar [[r.Shadow.CSM.MaxCascades:10]]
[2020.12.01-16.58.14:274][  0]LogConfig: Setting CVar [[r.Shadow.MaxResolution:4096]]
[2020.12.01-16.58.14:274][  0]LogConfig: Setting CVar [[r.Shadow.MaxCSMResolution:4096]]
[2020.12.01-16.58.14:274][  0]LogConfig: Setting CVar [[r.Shadow.RadiusThreshold:0]]
[2020.12.01-16.58.14:274][  0]LogConfig: Setting CVar [[r.Shadow.DistanceScale:1.0]]
[2020.12.01-16.58.14:274][  0]LogConfig: Setting CVar [[r.Shadow.CSM.TransitionScale:1.0]]
[2020.12.01-16.58.14:274][  0]LogConfig: Setting CVar [[r.Shadow.PreShadowResolutionFactor:1.0]]
[2020.12.01-16.58.14:274][  0]LogConfig: Setting CVar [[r.DistanceFieldShadowing:1]]
[2020.12.01-16.58.14:274][  0]LogConfig: Setting CVar [[r.DistanceFieldAO:1]]
[2020.12.01-16.58.14:274][  0]LogConfig: Setting CVar [[r.AOQuality:2]]
[2020.12.01-16.58.14:274][  0]LogConfig: Setting CVar [[r.VolumetricFog:1]]
[2020.12.01-16.58.14:274][  0]LogConfig: Setting CVar [[r.VolumetricFog.GridPixelSize:4]]
[2020.12.01-16.58.14:274][  0]LogConfig: Setting CVar [[r.VolumetricFog.GridSizeZ:128]]
[2020.12.01-16.58.14:274][  0]LogConfig: Setting CVar [[r.VolumetricFog.HistoryMissSupersampleCount:16]]
[2020.12.01-16.58.14:274][  0]LogConfig: Setting CVar [[r.LightMaxDrawDistanceScale:1]]
[2020.12.01-16.58.14:274][  0]LogConfig: Setting CVar [[r.CapsuleShadows:1]]
[2020.12.01-16.58.14:274][  0]LogConfig: Applying CVar settings from Section [PostProcessQuality@Cine] File [D:/PPP/TheTravelersJourney/Saved/Config/Windows/Scalability.ini]
[2020.12.01-16.58.14:274][  0]LogConfig: Setting CVar [[r.MotionBlurQuality:4]]
[2020.12.01-16.58.14:274][  0]LogConfig: Setting CVar [[r.AmbientOcclusionMipLevelFactor:0.4]]
[2020.12.01-16.58.14:274][  0]LogConfig: Setting CVar [[r.AmbientOcclusionMaxQuality:100]]
[2020.12.01-16.58.14:274][  0]LogConfig: Setting CVar [[r.AmbientOcclusionLevels:-1]]
[2020.12.01-16.58.14:274][  0]LogConfig: Setting CVar [[r.AmbientOcclusionRadiusScale:1.0]]
[2020.12.01-16.58.14:274][  0]LogConfig: Setting CVar [[r.DepthOfFieldQuality:4]]
[2020.12.01-16.58.14:274][  0]LogConfig: Setting CVar [[r.RenderTargetPoolMin:1000]]
[2020.12.01-16.58.14:274][  0]LogConfig: Setting CVar [[r.LensFlareQuality:3]]
[2020.12.01-16.58.14:275][  0]LogConfig: Setting CVar [[r.SceneColorFringeQuality:1]]
[2020.12.01-16.58.14:275][  0]LogConfig: Setting CVar [[r.EyeAdaptationQuality:2]]
[2020.12.01-16.58.14:275][  0]LogConfig: Setting CVar [[r.BloomQuality:5]]
[2020.12.01-16.58.14:275][  0]LogConfig: Setting CVar [[r.FastBlurThreshold:100]]
[2020.12.01-16.58.14:275][  0]LogConfig: Setting CVar [[r.Upscale.Quality:3]]
[2020.12.01-16.58.14:275][  0]LogConfig: Setting CVar [[r.Tonemapper.GrainQuantization:1]]
[2020.12.01-16.58.14:275][  0]LogConfig: Setting CVar [[r.LightShaftQuality:1]]
[2020.12.01-16.58.14:275][  0]LogConfig: Setting CVar [[r.Filter.SizeScale:1]]
[2020.12.01-16.58.14:275][  0]LogConfig: Setting CVar [[r.Tonemapper.Quality:5]]
[2020.12.01-16.58.14:275][  0]LogConfig: Setting CVar [[r.DOF.Gather.AccumulatorQuality:1        ; higher gathering accumulator quality]]
[2020.12.01-16.58.14:275][  0]LogConfig: Setting CVar [[r.DOF.Gather.PostfilterMethod:1          ; Median3x3 postfilering method]]
[2020.12.01-16.58.14:275][  0]LogConfig: Setting CVar [[r.DOF.Gather.EnableBokehSettings:1       ; bokeh simulation when gathering]]
[2020.12.01-16.58.14:275][  0]LogConfig: Setting CVar [[r.DOF.Gather.RingCount:5                 ; high number of samples when gathering]]
[2020.12.01-16.58.14:275][  0]LogConfig: Setting CVar [[r.DOF.Scatter.ForegroundCompositing:1    ; additive foreground scattering]]
[2020.12.01-16.58.14:275][  0]LogConfig: Setting CVar [[r.DOF.Scatter.BackgroundCompositing:2    ; background scattering occlusion]]
[2020.12.01-16.58.14:275][  0]LogConfig: Setting CVar [[r.DOF.Scatter.EnableBokehSettings:1      ; no bokeh simulation when scattering]]
[2020.12.01-16.58.14:275][  0]LogConfig: Setting CVar [[r.DOF.Scatter.MaxSpriteRatio:0.25        ; only a maximum of 10% of scattered bokeh]]
[2020.12.01-16.58.14:275][  0]LogConfig: Setting CVar [[r.DOF.Recombine.Quality:2                ; highest slight out of focus]]
[2020.12.01-16.58.14:275][  0]LogConfig: Setting CVar [[r.DOF.Recombine.EnableBokehSettings:1    ; bokeh simulation on slight out of focus]]
[2020.12.01-16.58.14:275][  0]LogConfig: Setting CVar [[r.DOF.TemporalAAQuality:1                ; more stable temporal accumulation]]
[2020.12.01-16.58.14:275][  0]LogConfig: Setting CVar [[r.DOF.Kernel.MaxForegroundRadius:0.025]]
[2020.12.01-16.58.14:275][  0]LogConfig: Setting CVar [[r.DOF.Kernel.MaxBackgroundRadius:0.025]]
[2020.12.01-16.58.14:275][  0]LogConfig: Applying CVar settings from Section [TextureQuality@Cine] File [D:/PPP/TheTravelersJourney/Saved/Config/Windows/Scalability.ini]
[2020.12.01-16.58.14:275][  0]LogConfig: Setting CVar [[r.Streaming.MipBias:0]]
[2020.12.01-16.58.14:275][  0]LogConfig: Setting CVar [[r.Streaming.AmortizeCPUToGPUCopy:0]]
[2020.12.01-16.58.14:275][  0]LogConfig: Setting CVar [[r.Streaming.MaxNumTexturesToStreamPerFrame:0]]
[2020.12.01-16.58.14:275][  0]LogConfig: Setting CVar [[r.Streaming.Boost:1]]
[2020.12.01-16.58.14:275][  0]LogConfig: Setting CVar [[r.MaxAnisotropy:8]]
[2020.12.01-16.58.14:275][  0]LogConfig: Setting CVar [[r.VT.MaxAnisotropy:8]]
[2020.12.01-16.58.14:275][  0]LogConfig: Setting CVar [[r.Streaming.LimitPoolSizeToVRAM:0]]
[2020.12.01-16.58.14:275][  0]LogConfig: Setting CVar [[r.Streaming.PoolSize:3000]]
[2020.12.01-16.58.14:275][  0]LogConfig: Setting CVar [[r.Streaming.MaxEffectiveScreenSize:0]]
[2020.12.01-16.58.14:275][  0]LogConfig: Applying CVar settings from Section [EffectsQuality@Cine] File [D:/PPP/TheTravelersJourney/Saved/Config/Windows/Scalability.ini]
[2020.12.01-16.58.14:275][  0]LogConfig: Setting CVar [[r.TranslucencyLightingVolumeDim:64]]
[2020.12.01-16.58.14:275][  0]LogConfig: Setting CVar [[r.RefractionQuality:2]]
[2020.12.01-16.58.14:275][  0]LogConfig: Setting CVar [[r.SSR.Quality:4]]
[2020.12.01-16.58.14:275][  0]LogConfig: Setting CVar [[r.SSR.HalfResSceneColor:0]]
[2020.12.01-16.58.14:275][  0]LogConfig: Setting CVar [[r.SceneColorFormat:4]]
[2020.12.01-16.58.14:275][  0]LogConfig: Setting CVar [[r.DetailMode:2]]
[2020.12.01-16.58.14:275][  0]LogConfig: Setting CVar [[r.TranslucencyVolumeBlur:1]]
[2020.12.01-16.58.14:275][  0]LogConfig: Setting CVar [[r.MaterialQualityLevel:1 ; High quality]]
[2020.12.01-16.58.14:275][  0]LogConfig: Setting CVar [[r.SSS.Scale:1]]
[2020.12.01-16.58.14:275][  0]LogConfig: Setting CVar [[r.SSS.SampleSet:2]]
[2020.12.01-16.58.14:275][  0]LogConfig: Setting CVar [[r.SSS.Quality:1]]
[2020.12.01-16.58.14:275][  0]LogConfig: Setting CVar [[r.SSS.HalfRes:0]]
[2020.12.01-16.58.14:275][  0]LogConfig: Setting CVar [[r.SSGI.Quality:4]]
[2020.12.01-16.58.14:275][  0]LogConfig: Setting CVar [[r.EmitterSpawnRateScale:1.0]]
[2020.12.01-16.58.14:275][  0]LogConfig: Setting CVar [[r.ParticleLightQuality:2]]
[2020.12.01-16.58.14:275][  0]LogConfig: Setting CVar [[r.SkyAtmosphere.AerialPerspectiveLUT.FastApplyOnOpaque:0]]
[2020.12.01-16.58.14:275][  0]LogConfig: Setting CVar [[r.SkyAtmosphere.AerialPerspectiveLUT.SampleCountPerSlice:2]]
[2020.12.01-16.58.14:275][  0]LogConfig: Setting CVar [[r.SkyAtmosphere.AerialPerspectiveLUT.DepthResolution:32.0]]
[2020.12.01-16.58.14:275][  0]LogConfig: Setting CVar [[r.SkyAtmosphere.FastSkyLUT:0]]
[2020.12.01-16.58.14:275][  0]LogConfig: Setting CVar [[r.SkyAtmosphere.FastSkyLUT.SampleCountMin:4.0]]
[2020.12.01-16.58.14:275][  0]LogConfig: Setting CVar [[r.SkyAtmosphere.FastSkyLUT.SampleCountMax:32.0]]
[2020.12.01-16.58.14:275][  0]LogConfig: Setting CVar [[r.SkyAtmosphere.SampleCountMin:8.0]]
[2020.12.01-16.58.14:275][  0]LogConfig: Setting CVar [[r.SkyAtmosphere.SampleCountMax:32.0]]
[2020.12.01-16.58.14:276][  0]LogConfig: Setting CVar [[r.SkyAtmosphere.TransmittanceLUT.UseSmallFormat:0]]
[2020.12.01-16.58.14:276][  0]LogConfig: Setting CVar [[r.SkyAtmosphere.TransmittanceLUT.SampleCount:30.0]]
[2020.12.01-16.58.14:276][  0]LogConfig: Setting CVar [[r.SkyAtmosphere.MultiScatteringLUT.SampleCount:20.0]]
[2020.12.01-16.58.14:276][  0]LogConfig: Applying CVar settings from Section [FoliageQuality@Cine] File [D:/PPP/TheTravelersJourney/Saved/Config/Windows/Scalability.ini]
[2020.12.01-16.58.14:276][  0]LogConfig: Setting CVar [[foliage.DensityScale:1.0]]
[2020.12.01-16.58.14:276][  0]LogConfig: Setting CVar [[grass.DensityScale:1.0]]
[2020.12.01-16.58.14:276][  0]LogConfig: Applying CVar settings from Section [ShadingQuality@Cine] File [D:/PPP/TheTravelersJourney/Saved/Config/Windows/Scalability.ini]
[2020.12.01-16.58.14:276][  0]LogConfig: Setting CVar [[r.HairStrands.SkyLighting.SampleCount:64]]
[2020.12.01-16.58.14:276][  0]LogConfig: Setting CVar [[r.HairStrands.SkyLighting.JitterIntegration:1]]
[2020.12.01-16.58.14:276][  0]LogConfig: Setting CVar [[r.HairStrands.SkyAO.SampleCount:32]]
[2020.12.01-16.58.14:276][  0]LogConfig: Setting CVar [[r.HairStrands.DeepShadow.SuperSampling:1]]
[2020.12.01-16.58.14:276][  0]LogConfig: Setting CVar [[r.HairStrands.RasterizationScale:1]]
[2020.12.01-16.58.14:276][  0]LogConfig: Setting CVar [[r.HairStrands.VelocityRasterizationScale:1]]
[2020.12.01-16.58.14:276][  0]LogConfig: Setting CVar [[r.HairStrands.VisibilityPPLL:1]]
[2020.12.01-16.58.14:276][  0]LogConfig: Applying CVar settings from Section [Startup] File [../../../Engine/Config/ConsoleVariables.ini]
[2020.12.01-16.58.14:276][  0]LogConfig: Setting CVar [[net.UseAdaptiveNetUpdateFrequency:0]]
[2020.12.01-16.58.14:276][  0]LogConfig: Setting CVar [[p.chaos.AllowCreatePhysxBodies:1]]
[2020.12.01-16.58.14:276][  0]LogConfig: Setting CVar [[fx.SkipVectorVMBackendOptimizations:1]]
[2020.12.01-16.58.14:276][  0]LogConfig: Applying CVar settings from Section [ConsoleVariables] File [D:/PPP/TheTravelersJourney/Saved/Config/Windows/Engine.ini]
[2020.12.01-16.58.14:276][  0]LogInit: Computer: SIEJEMAAN
[2020.12.01-16.58.14:276][  0]LogInit: User: simon
[2020.12.01-16.58.14:276][  0]LogInit: CPU Page size=4096, Cores=4
[2020.12.01-16.58.14:276][  0]LogInit: High frequency timer resolution =10.000000 MHz
[2020.12.01-16.58.14:276][  0]LogMemory: Memory total: Physical=16.0GB (16GB approx)
[2020.12.01-16.58.14:276][  0]LogMemory: Platform Memory Stats for Windows
[2020.12.01-16.58.14:277][  0]LogMemory: Process Physical Memory: 116.01 MB used, 116.01 MB peak
[2020.12.01-16.58.14:277][  0]LogMemory: Process Virtual Memory: 97.36 MB used, 97.36 MB peak
[2020.12.01-16.58.14:277][  0]LogMemory: Physical Memory: 8802.59 MB used,  7540.64 MB free, 16343.24 MB total
[2020.12.01-16.58.14:277][  0]LogMemory: Virtual Memory: 5096.17 MB used,  134212632.00 MB free, 134217728.00 MB total
[2020.12.01-16.58.14:282][  0]LogWindows: WindowsPlatformFeatures enabled
[2020.12.01-16.58.14:335][  0]LogInit: Physics initialised using underlying interface: PhysX
[2020.12.01-16.58.14:336][  0]LogInit: Using OS detected language (nl-NL).
[2020.12.01-16.58.14:336][  0]LogInit: Using OS detected locale (nl-BE).
[2020.12.01-16.58.14:338][  0]LogTextLocalizationManager: No localization for 'nl-NL' exists, so 'en' will be used for the language.
[2020.12.01-16.58.14:486][  0]LogInit: Setting process to per monitor DPI aware
[2020.12.01-16.58.14:515][  0]LogSlate: New Slate User Created.  User Index 0, Is Virtual User: 0
[2020.12.01-16.58.14:515][  0]LogSlate: Slate User Registered.  User Index 0, Is Virtual User: 0
[2020.12.01-16.58.14:654][  0]LogHMD: Failed to initialize OpenVR with code 110
[2020.12.01-16.58.14:654][  0]LogD3D11RHI: D3D11 min allowed feature level: 11_0
[2020.12.01-16.58.14:654][  0]LogD3D11RHI: D3D11 max allowed feature level: 11_0
[2020.12.01-16.58.14:654][  0]LogD3D11RHI: D3D11 adapters:
[2020.12.01-16.58.14:724][  0]LogD3D11RHI:    0. 'NVIDIA GeForce GTX 1070' (Feature Level 11_0)
[2020.12.01-16.58.14:724][  0]LogD3D11RHI:       8088/0/8171 MB DedicatedVideo/DedicatedSystem/SharedSystem, Outputs:2, VendorId:0x10de
[2020.12.01-16.58.14:726][  0]LogD3D11RHI:    1. 'Microsoft Basic Render Driver' (Feature Level 11_0)
[2020.12.01-16.58.14:726][  0]LogD3D11RHI:       0/0/8171 MB DedicatedVideo/DedicatedSystem/SharedSystem, Outputs:0, VendorId:0x1414
[2020.12.01-16.58.14:726][  0]LogD3D11RHI: Chosen D3D11 Adapter: 0
[2020.12.01-16.58.14:732][  0]LogD3D11RHI: Creating new Direct3DDevice
[2020.12.01-16.58.14:732][  0]LogD3D11RHI:     GPU DeviceId: 0x1b81 (for the marketing name, search the web for "GPU Device Id")
[2020.12.01-16.58.14:732][  0]LogWindows: EnumDisplayDevices:
[2020.12.01-16.58.14:733][  0]LogWindows:    0. 'NVIDIA GeForce GTX 1070' (P:0 D:1)
[2020.12.01-16.58.14:733][  0]LogWindows:    1. 'NVIDIA GeForce GTX 1070' (P:1 D:1)
[2020.12.01-16.58.14:733][  0]LogWindows:    2. 'NVIDIA GeForce GTX 1070' (P:0 D:0)
[2020.12.01-16.58.14:734][  0]LogWindows:    3. 'NVIDIA GeForce GTX 1070' (P:0 D:0)
[2020.12.01-16.58.14:734][  0]LogWindows: DebugString: FoundDriverCount:4 
[2020.12.01-16.58.14:734][  0]LogD3D11RHI:     Adapter Name: NVIDIA GeForce GTX 1070
[2020.12.01-16.58.14:734][  0]LogD3D11RHI:   Driver Version: 456.71 (internal:27.21.14.5671, unified:456.71)
[2020.12.01-16.58.14:734][  0]LogD3D11RHI:      Driver Date: 9-30-2020
[2020.12.01-16.58.14:734][  0]LogRHI: Texture pool is 5661 MB (70% of 8088 MB)
[2020.12.01-16.58.14:783][  0]LogD3D11RHI: RHI has support for 64 bit atomics
[2020.12.01-16.58.14:783][  0]LogD3D11RHI: Async texture creation enabled
[2020.12.01-16.58.14:783][  0]LogD3D11RHI: Array index from any shader is supported
[2020.12.01-16.58.14:810][  0]LogD3D11RHI: GPU Timing Frequency: 1000.000000 (Debug: 2 1)
[2020.12.01-16.58.15:094][  0]LogTargetPlatformManager: Display: Loaded TargetPlatform 'AllDesktop'
[2020.12.01-16.58.15:112][  0]LogTargetPlatformManager: Display: Loaded TargetPlatform 'Android'
[2020.12.01-16.58.15:112][  0]LogTargetPlatformManager: Display: Loaded TargetPlatform 'Android_ASTC'
[2020.12.01-16.58.15:112][  0]LogTargetPlatformManager: Display: Loaded TargetPlatform 'Android_DXT'
[2020.12.01-16.58.15:112][  0]LogTargetPlatformManager: Display: Loaded TargetPlatform 'Android_ETC2'
[2020.12.01-16.58.15:112][  0]LogTargetPlatformManager: Display: Loaded TargetPlatform 'AndroidClient'
[2020.12.01-16.58.15:112][  0]LogTargetPlatformManager: Display: Loaded TargetPlatform 'Android_ASTCClient'
[2020.12.01-16.58.15:112][  0]LogTargetPlatformManager: Display: Loaded TargetPlatform 'Android_DXTClient'
[2020.12.01-16.58.15:112][  0]LogTargetPlatformManager: Display: Loaded TargetPlatform 'Android_ETC2Client'
[2020.12.01-16.58.15:112][  0]LogTargetPlatformManager: Display: Loaded TargetPlatform 'Android_Multi'
[2020.12.01-16.58.15:112][  0]LogTargetPlatformManager: Display: Loaded TargetPlatform 'Android_MultiClient'
[2020.12.01-16.58.15:133][  0]LogTargetPlatformManager: Display: Loaded TargetPlatform 'IOSClient'
[2020.12.01-16.58.15:133][  0]LogTargetPlatformManager: Display: Loaded TargetPlatform 'IOS'
[2020.12.01-16.58.15:142][  0]LogTargetPlatformManager: Display: Loaded TargetPlatform 'Linux'
[2020.12.01-16.58.15:149][  0]LogTargetPlatformManager: Display: Loaded TargetPlatform 'LinuxNoEditor'
[2020.12.01-16.58.15:157][  0]LogTargetPlatformManager: Display: Loaded TargetPlatform 'LinuxClient'
[2020.12.01-16.58.15:165][  0]LogTargetPlatformManager: Display: Loaded TargetPlatform 'LinuxServer'
[2020.12.01-16.58.15:173][  0]LogTargetPlatformManager: Display: Loaded TargetPlatform 'LinuxAArch64NoEditor'
[2020.12.01-16.58.15:181][  0]LogTargetPlatformManager: Display: Loaded TargetPlatform 'LinuxAArch64Client'
[2020.12.01-16.58.15:189][  0]LogTargetPlatformManager: Display: Loaded TargetPlatform 'LinuxAArch64Server'
[2020.12.01-16.58.15:211][  0]LogTargetPlatformManager: Display: Loaded TargetPlatform 'Lumin'
[2020.12.01-16.58.15:211][  0]LogTargetPlatformManager: Display: Loaded TargetPlatform 'LuminClient'
[2020.12.01-16.58.15:223][  0]LogTargetPlatformManager: Display: Loaded TargetPlatform 'TVOSClient'
[2020.12.01-16.58.15:223][  0]LogTargetPlatformManager: Display: Loaded TargetPlatform 'TVOS'
[2020.12.01-16.58.15:231][  0]LogTargetPlatformManager: Display: Loaded TargetPlatform 'WindowsNoEditor'
[2020.12.01-16.58.15:240][  0]LogTargetPlatformManager: Display: Loaded TargetPlatform 'Windows'
[2020.12.01-16.58.15:247][  0]LogTargetPlatformManager: Display: Loaded TargetPlatform 'WindowsClient'
[2020.12.01-16.58.15:255][  0]LogTargetPlatformManager: Display: Loaded TargetPlatform 'WindowsServer'
[2020.12.01-16.58.15:255][  0]LogTargetPlatformManager: Display: Building Assets For Windows
[2020.12.01-16.58.15:262][  0]LogAudioDebug: Display: Lib vorbis DLL was dynamically loaded.
[2020.12.01-16.58.15:315][  0]LogShaderCompilers: Guid format shader working directory is 8 characters bigger than the processId version (../../../../../PPP/TheTravelersJourney/Intermediate/Shaders/WorkingDirectory/1204/).
[2020.12.01-16.58.15:315][  0]LogShaderCompilers: Cleaned the shader compiler working directory 'C:/Users/simon/AppData/Local/Temp/UnrealShaderWorkingDir/F4A28A9842D16689C8E2DB88A158911B/'.
[2020.12.01-16.58.15:315][  0]LogXGEController: Cleaning working directory: C:/Users/simon/AppData/Local/Temp/UnrealXGEWorkingDir/
[2020.12.01-16.58.15:316][  0]LogXGEController: Cannot use XGE Controller as Incredibuild is not installed on this machine.
[2020.12.01-16.58.15:316][  0]LogShaderCompilers: Cannot use XGE Shader Compiler as Incredibuild is not installed on this machine.
[2020.12.01-16.58.15:316][  0]LogShaderCompilers: Display: Using Local Shader Compiler.
[2020.12.01-16.58.15:976][  0]LogDerivedDataCache: Display: Max Cache Size: 512 MB
[2020.12.01-16.58.16:022][  0]LogDerivedDataCache: Loaded boot cache 0.05s 76MB C:/Users/simon/AppData/Local/UnrealEngine/4.25/DerivedDataCache/Boot.ddc.
[2020.12.01-16.58.16:023][  0]LogDerivedDataCache: Display: Loaded Boot cache: C:/Users/simon/AppData/Local/UnrealEngine/4.25/DerivedDataCache/Boot.ddc
[2020.12.01-16.58.16:023][  0]LogDerivedDataCache: FDerivedDataBackendGraph:  Pak pak cache file ../../../../../PPP/TheTravelersJourney/DerivedDataCache/DDC.ddp not found, will not use a pak cache.
[2020.12.01-16.58.16:023][  0]LogDerivedDataCache: Unable to find inner node Pak for hierarchical cache Hierarchy.
[2020.12.01-16.58.16:023][  0]LogDerivedDataCache: FDerivedDataBackendGraph:  CompressedPak pak cache file ../../../../../PPP/TheTravelersJourney/DerivedDataCache/Compressed.ddp not found, will not use a pak cache.
[2020.12.01-16.58.16:023][  0]LogDerivedDataCache: Unable to find inner node CompressedPak for hierarchical cache Hierarchy.
[2020.12.01-16.58.16:032][  0]LogDerivedDataCache: Display: Pak cache opened for reading ../../../Engine/DerivedDataCache/Compressed.ddp.
[2020.12.01-16.58.16:032][  0]LogDerivedDataCache: FDerivedDataBackendGraph:  EnterprisePak pak cache file ../../../Enterprise/DerivedDataCache/Compressed.ddp not found, will not use a pak cache.
[2020.12.01-16.58.16:032][  0]LogDerivedDataCache: Unable to find inner node EnterprisePak for hierarchical cache Hierarchy.
[2020.12.01-16.58.16:033][  0]LogDerivedDataCache: Using Local data cache path C:/Users/simon/AppData/Local/UnrealEngine/Common/DerivedDataCache: Writable
[2020.12.01-16.58.16:033][  0]LogDerivedDataCache: Shared data cache path not found in *engine.ini, will not use an Shared cache.
[2020.12.01-16.58.16:033][  0]LogDerivedDataCache: Unable to find inner node Shared for hierarchical cache Hierarchy.
[2020.12.01-16.58.16:076][  0]LogSlate: Using FreeType 2.10.0
[2020.12.01-16.58.16:076][  0]LogSlate: SlateFontServices - WITH_FREETYPE: 1, WITH_HARFBUZZ: 1
[2020.12.01-16.58.16:101][  0]LogAssetRegistry: FAssetRegistry took 0.0021 seconds to start up
[2020.12.01-16.58.16:290][  0]LogInit: Selected Device Profile: [Windows]
[2020.12.01-16.58.16:390][  0]LogMeshReduction: Using QuadricMeshReduction for automatic static mesh reduction
[2020.12.01-16.58.16:390][  0]LogMeshReduction: Using SimplygonMeshReduction for automatic skeletal mesh reduction
[2020.12.01-16.58.16:390][  0]LogMeshReduction: Using ProxyLODMeshReduction for automatic mesh merging
[2020.12.01-16.58.16:390][  0]LogMeshReduction: No distributed automatic mesh merging module available
[2020.12.01-16.58.16:390][  0]LogMeshMerging: No distributed automatic mesh merging module available
[2020.12.01-16.58.16:405][  0]LogNetVersion: TheTravelersJourney 1.0.0, NetCL: 13144385, EngineNetVer: 14, GameNetVer: 0 (Checksum: 941444678)
[2020.12.01-16.58.16:801][  0]LogAISub: UAISubsystem::UAISubsystem AISubsystem (000002000CF84380), frame # 0
[2020.12.01-16.58.16:801][  0]LogAISub: UAISubsystem::UAISubsystem AIPerceptionSystem (000002000CED2AC0), frame # 0
[2020.12.01-16.58.16:802][  0]LogAISub: UAISubsystem::UAISubsystem EnvQueryManager (000002000CF1DE00), frame # 0
[2020.12.01-16.58.16:836][  0]LogPackageLocalizationCache: Processed 19 localized package path(s) for 1 prioritized culture(s) in 0.030082 seconds
[2020.12.01-16.58.16:841][  0]LogUObjectArray: 15917 objects as part of root set at end of initial load.
[2020.12.01-16.58.16:841][  0]LogUObjectAllocator: 3965568 out of 0 bytes used by permanent object pool.
[2020.12.01-16.58.16:841][  0]LogUObjectArray: CloseDisregardForGC: 0/0 objects in disregard for GC pool
[2020.12.01-16.58.17:152][  0]LogTcpMessaging: Initializing TcpMessaging bridge
[2020.12.01-16.58.17:156][  0]LogUdpMessaging: Initializing bridge on interface 0.0.0.0:0 to multicast group 230.0.0.1:6666.
[2020.12.01-16.58.17:157][  0]FUdpSocketBuilder: Failed to subscribe UdpMessageMulticastSocket to multicast group 230.0.0.1 on interface 0.0.0.0
[2020.12.01-16.58.17:157][  0]FUdpSocketBuilder: Failed to create and initialize socket UdpMessageMulticastSocket (last error: 0)
[2020.12.01-16.58.17:157][  0]LogUdpMessaging: Warning: StartTransport failed to create multicast socket on 0.0.0.0:0, joined to 230.0.0.1:6666 with TTL 1
[2020.12.01-16.58.17:189][  0]LogScript: Warning: Script Msg: A null object was passed as a world context object to UEngine::GetWorldFromContextObject().
[2020.12.01-16.58.17:237][  0]SourceControl: Source control is disabled
[2020.12.01-16.58.17:237][  0]SourceControl: Source control is disabled
[2020.12.01-16.58.17:240][  0]SourceControl: Source control is disabled
[2020.12.01-16.58.17:243][  0]SourceControl: Source control is disabled
[2020.12.01-16.58.17:249][  0]SourceControl: Source control is disabled
[2020.12.01-16.58.17:469][  0]LogAndroidPermission: UAndroidPermissionCallbackProxy::GetInstance
[2020.12.01-16.58.17:489][  0]LogAudioCaptureCore: Display: No Audio Capture implementations found. Audio input will be silent.
[2020.12.01-16.58.17:489][  0]LogAudioCaptureCore: Display: No Audio Capture implementations found. Audio input will be silent.
[2020.12.01-16.58.17:535][  0]LogOcInput: OculusInput pre-init called
[2020.12.01-16.58.17:544][  0]LogWindows: Failed to load 'OVRPlugin.dll' (GetLastError=126)
[2020.12.01-16.58.17:544][  0]LogWindows: File 'OVRPlugin.dll' does not exist
[2020.12.01-16.58.17:594][  0]LogEngine: Initializing Engine...
[2020.12.01-16.58.17:595][  0]LogHMD: Failed to initialize OpenVR with code 110
[2020.12.01-16.58.17:595][  0]LogMagicLeap: Warning: VR disabled because ZI is not enabled.  To enable, in the editor, Edit -> Project Settings -> Plugins -> Magic Leap Plugin -> Enable Zero Iteration
[2020.12.01-16.58.17:596][  0]LogStats: UGameplayTagsManager::InitializeManager -  0.000 s
[2020.12.01-16.58.17:705][  0]LogInit: Initializing FReadOnlyCVARCache
[2020.12.01-16.58.17:711][  0]LogAIModule: Creating AISystem for world Untitled
[2020.12.01-16.58.17:711][  0]LogAISub: UAISubsystem::UAISubsystem EnvQueryManager (0000020010BF7C00), frame # 0
[2020.12.01-16.58.17:711][  0]LogAISub: UAISubsystem::UAISubsystem AIPerceptionSystem (0000020010C03B00), frame # 0
[2020.12.01-16.58.17:728][  0]LogAudioMixer: Display: Audio Mixer Platform Settings:
[2020.12.01-16.58.17:728][  0]LogAudioMixer: Display: 	Sample Rate:						  48000
[2020.12.01-16.58.17:728][  0]LogAudioMixer: Display: 	Callback Buffer Frame Size Requested: 1024
[2020.12.01-16.58.17:728][  0]LogAudioMixer: Display: 	Callback Buffer Frame Size To Use:	  1024
[2020.12.01-16.58.17:728][  0]LogAudioMixer: Display: 	Number of buffers to queue:			  2
[2020.12.01-16.58.17:728][  0]LogAudioMixer: Display: 	Max Channels (voices):				  32
[2020.12.01-16.58.17:728][  0]LogAudioMixer: Display: 	Number of Async Source Workers:		  0
[2020.12.01-16.58.17:728][  0]LogAudio: Display: AudioDevice MaxSources: 32
[2020.12.01-16.58.17:728][  0]LogAudio: Display: Using built-in audio occlusion.
[2020.12.01-16.58.17:728][  0]LogAudioMixer: Display: Initializing audio mixer.
[2020.12.01-16.58.17:743][  0]LogAudioMixer: Display: 0: FrontLeft
[2020.12.01-16.58.17:743][  0]LogAudioMixer: Display: 1: FrontRight
[2020.12.01-16.58.17:788][  0]LogAudioMixer: Display: Using Audio Device headset (Realtek High Definition Audio)
[2020.12.01-16.58.17:791][  0]LogAudioMixer: Display: Initializing Sound Submixes...
[2020.12.01-16.58.17:793][  0]LogAudioMixer: Display: Creating Master Submix 'MasterSubmixDefault'
[2020.12.01-16.58.17:793][  0]LogAudioMixer: Display: Creating Master Submix 'MasterReverbSubmixDefault'
[2020.12.01-16.58.17:794][  0]LogAudioMixer: Display: Creating Master Submix 'MasterEQSubmixDefault'
[2020.12.01-16.58.17:795][  0]LogInit: FAudioDevice initialized.
[2020.12.01-16.58.17:795][  0]LogNetVersion: Set ProjectVersion to 1.0.0.0. Version Checksum will be recalculated on next use.
[2020.12.01-16.58.17:951][  0]LogDerivedDataCache: Saved boot cache 0.16s 76MB C:/Users/simon/AppData/Local/UnrealEngine/4.25/DerivedDataCache/Boot.ddc.
[2020.12.01-16.58.17:955][  0]LogInit: Texture streaming: Enabled
[2020.12.01-16.58.17:973][  0]LogEngineSessionManager: EngineSessionManager initialized
[2020.12.01-16.58.17:973][  0]LogEngineSessionManager: EngineSessionManager sent abnormal shutdown report. Type=Crashed, SessionId={B98B405F-4DAE-E15B-2687-499089342B56}
[2020.12.01-16.58.17:973][  0]LogEditorSessionSummary: Verbose: Initializing EditorSessionSummaryWriter for editor session tracking
[2020.12.01-16.58.17:982][  0]LogEditorSessionSummary: EditorSessionSummaryWriter initialized
[2020.12.01-16.58.18:018][  0]LogInit: Transaction tracking system initialized
[2020.12.01-16.58.18:038][  0]BlueprintLog: New page: Editor Load
[2020.12.01-16.58.18:098][  0]LocalizationService: Localization service is disabled
[2020.12.01-16.58.18:224][  0]LogCook: Display: Max memory allowance for cook 16384mb min free memory 0mb
[2020.12.01-16.58.18:224][  0]LogCook: Display: Mobile HDR setting 1
[2020.12.01-16.58.18:344][  0]LogFileCache: Scanning file cache for directory 'D:/PPP/TheTravelersJourney/Content/' took 0.01s
[2020.12.01-16.58.18:620][  0]SourceControl: Source control is disabled
[2020.12.01-16.58.18:620][  0]LogUnrealEdMisc: Loading editor; pre map load, took 5.645
[2020.12.01-16.58.18:620][  0]Cmd: MAP LOAD FILE="../../../../../PPP/TheTravelersJourney/Content/Levels/Level01.umap" TEMPLATE=0 SHOWPROGRESS=1 FEATURELEVEL=3
[2020.12.01-16.58.18:620][  0]LightingResults: New page: Lighting Build
[2020.12.01-16.58.18:621][  0]LogWorld: UWorld::CleanupWorld for Untitled, bSessionEnded=true, bCleanupResources=true
[2020.12.01-16.58.18:621][  0]LogSlate: InvalidateAllWidgets triggered.  All widgets were invalidated
[2020.12.01-16.58.18:621][  0]MapCheck: New page: Map Check
[2020.12.01-16.58.18:621][  0]LightingResults: New page: Lighting Build
[2020.12.01-16.58.18:637][  0]LogAISub: UAISubsystem::~UAISubsystem EnvQueryManager (0000020010BF7C00), frame # 0
[2020.12.01-16.58.18:637][  0]LogAISub: UAISubsystem::~UAISubsystem AIPerceptionSystem (0000020010C03B00), frame # 0
[2020.12.01-16.58.18:638][  0]LogUObjectHash: Compacting FUObjectHashTables data took   0.62ms
[2020.12.01-16.58.18:692][  0]LogScript: Warning: Script Msg: A null object was passed as a world context object to UEngine::GetWorldFromContextObject().
[2020.12.01-16.58.18:780][  0]LogScript: Warning: Script Msg: A null object was passed as a world context object to UEngine::GetWorldFromContextObject().
[2020.12.01-16.58.18:870][  0]LogBlueprint: Warning: [Compiler Ue4ASP_Character] InputAction Event references unknown Action 'Crouch' for  InputAction Crouch
[2020.12.01-16.58.18:870][  0]LogBlueprint: Warning: [Compiler Ue4ASP_Character] Input Axis Event references unknown Axis 'LookUp' for  InputAxis LookUp
[2020.12.01-16.58.18:871][  0]LogBlueprint: Warning: [Compiler Ue4ASP_Character] Input Axis Event references unknown Axis 'Turn' for  InputAxis Turn
[2020.12.01-16.58.18:887][  0]LogScript: Warning: Script Msg: A null object was passed as a world context object to UEngine::GetWorldFromContextObject().
[2020.12.01-16.58.19:716][  0]LogAIModule: Creating AISystem for world Level01
[2020.12.01-16.58.19:716][  0]LogAISub: UAISubsystem::UAISubsystem EnvQueryManager (00000200268CCA00), frame # 0
[2020.12.01-16.58.19:716][  0]LogAISub: UAISubsystem::UAISubsystem AIPerceptionSystem (0000020022D9C900), frame # 0
[2020.12.01-16.58.20:049][  0]LogEditorServer: Finished looking for orphan Actors (0.000 secs)
[2020.12.01-16.58.20:307][  0]LogUObjectHash: Compacting FUObjectHashTables data took   1.17ms
[2020.12.01-16.58.20:307][  0]Cmd: MAP CHECKDEP NOCLEARLOG
[2020.12.01-16.58.20:308][  0]MapCheck: Map check complete: 0 Error(s), 0 Warning(s), took 0,277ms to complete.
[2020.12.01-16.58.20:308][  0]LogFileHelpers: Loading map 'Level01' took 1.687
[2020.12.01-16.58.20:310][  0]LogUnrealEdMisc: Total Editor Startup Time, took 7.335
[2020.12.01-16.58.20:451][  0]LogSlate: Updating window title bar state: overlay mode, drag disabled, window buttons hidden, title bar hidden
[2020.12.01-16.58.20:459][  0]LogSlate: Updating window title bar state: overlay mode, drag disabled, window buttons hidden, title bar hidden
[2020.12.01-16.58.20:466][  0]LogSlate: Updating window title bar state: overlay mode, drag disabled, window buttons hidden, title bar hidden
[2020.12.01-16.58.20:473][  0]LogSlate: Updating window title bar state: overlay mode, drag disabled, window buttons hidden, title bar hidden
[2020.12.01-16.58.20:490][  0]LogCollectionManager: Loaded 0 collections in 0.000797 seconds
[2020.12.01-16.58.20:503][  0]LogFileCache: Scanning file cache for directory 'D:/PPP/TheTravelersJourney/Saved/Collections/' took 0.00s
[2020.12.01-16.58.20:503][  0]LogFileCache: Scanning file cache for directory 'D:/PPP/TheTravelersJourney/Content/Developers/simon/Collections/' took 0.00s
[2020.12.01-16.58.20:503][  0]LogFileCache: Scanning file cache for directory 'D:/PPP/TheTravelersJourney/Content/Collections/' took 0.00s
[2020.12.01-16.58.20:503][  0]LogContentBrowser: Native class hierarchy populated in 0.0083 seconds. Added 3436 classes and 824 folders.
[2020.12.01-16.58.20:506][  0]LogContentBrowser: Native class hierarchy updated for 'WidgetCarousel' in 0.0003 seconds. Added 0 classes and 0 folders.
[2020.12.01-16.58.20:559][  0]LogContentBrowser: Native class hierarchy updated for 'AddContentDialog' in 0.0003 seconds. Added 0 classes and 0 folders.
[2020.12.01-16.58.20:667][  0]LogUdpMessaging: Warning: UDP messaging encountered an error. Auto repair routine started for reinitialization
[2020.12.01-16.58.20:700][  0]LogSlate: Took 0.000193 seconds to synchronously load lazily loaded font '../../../Engine/Content/Slate/Fonts/Roboto-Regular.ttf' (155K)
[2020.12.01-16.58.20:702][  0]LogSlate: Took 0.000203 seconds to synchronously load lazily loaded font '../../../Engine/Content/Slate/Fonts/Roboto-Bold.ttf' (160K)
[2020.12.01-16.58.20:777][  0]LogRenderer: Reallocating scene render targets to support 1468x924 Format 10 NumSamples 1 (Frame:1).
[2020.12.01-16.58.20:963][  0]LogContentBrowser: Native class hierarchy updated for 'HierarchicalLODOutliner' in 0.0004 seconds. Added 0 classes and 0 folders.
[2020.12.01-16.58.20:963][  0]LogLoad: (Engine Initialization) Total time: 7.99 seconds
[2020.12.01-16.58.20:963][  0]LogLoad: (Engine Initialization) Total Blueprint compile time: 0.00 seconds
[2020.12.01-16.58.21:188][  0]LogAssetRegistry: Asset discovery search completed in 5.0874 seconds
[2020.12.01-16.58.21:192][  0]LogCollectionManager: Fixed up redirectors for 0 collections in 0.000002 seconds (updated 0 objects)
[2020.12.01-16.58.21:192][  0]LogContentStreaming: Texture pool size now 3000 MB
[2020.12.01-16.58.21:246][  1]LogSlate: Took 0.000169 seconds to synchronously load lazily loaded font '../../../Engine/Content/Editor/Slate/Fonts/FontAwesome.ttf' (139K)
[2020.12.01-16.58.21:285][  1]LogSlate: Took 0.000166 seconds to synchronously load lazily loaded font '../../../Engine/Content/Slate/Fonts/Roboto-Light.ttf' (167K)
[2020.12.01-16.58.22:190][ 35]FUdpSocketBuilder: Failed to subscribe UdpMessageMulticastSocket to multicast group 230.0.0.1 on interface 0.0.0.0
[2020.12.01-16.58.22:190][ 35]FUdpSocketBuilder: Failed to create and initialize socket UdpMessageMulticastSocket (last error: 0)
[2020.12.01-16.58.22:190][ 35]LogUdpMessaging: Warning: StartTransport failed to create multicast socket on 0.0.0.0:0, joined to 230.0.0.1:6666 with TTL 1
[2020.12.01-16.58.22:206][ 35]LogUdpMessaging: Warning: UDP messaging encountered an error. Auto repair routine started for reinitialization
[2020.12.01-16.58.22:214][ 35]LogSlate: Took 0.000181 seconds to synchronously load lazily loaded font '../../../Engine/Content/Slate/Fonts/Roboto-Light.ttf' (167K)
[2020.12.01-16.58.23:271][ 92]Candidate modules for hot reload:
[2020.12.01-16.58.23:271][ 92]  TheTravelersJourney
[2020.12.01-16.58.23:271][ 92]Launching UnrealBuildTool... [D:/games/UE_4.25/Engine/Binaries/DotNET/UnrealBuildTool.exe  -ModuleWithSuffix=TheTravelersJourney,3028 TheTravelersJourneyEditor Win64 Development -Project="D:/PPP/TheTravelersJourney/TheTravelersJourney.uproject" "D:/PPP/TheTravelersJourney/TheTravelersJourney.uproject"  -IgnoreJunk]
[2020.12.01-16.58.23:277][ 92]Warning: Starting HotReload took  0.0s.
[2020.12.01-16.58.24:203][119]FUdpSocketBuilder: Failed to subscribe UdpMessageMulticastSocket to multicast group 230.0.0.1 on interface 0.0.0.0
[2020.12.01-16.58.24:203][119]FUdpSocketBuilder: Failed to create and initialize socket UdpMessageMulticastSocket (last error: 0)
[2020.12.01-16.58.24:203][119]LogUdpMessaging: Warning: StartTransport failed to create multicast socket on 0.0.0.0:0, joined to 230.0.0.1:6666 with TTL 1
[2020.12.01-16.58.24:221][121]LogUdpMessaging: Warning: UDP messaging encountered an error. Auto repair routine started for reinitialization
[2020.12.01-16.58.25:414][188]FUdpSocketBuilder: Failed to subscribe UdpMessageMulticastSocket to multicast group 230.0.0.1 on interface 0.0.0.0
[2020.12.01-16.58.25:414][188]FUdpSocketBuilder: Failed to create and initialize socket UdpMessageMulticastSocket (last error: 0)
[2020.12.01-16.58.25:414][188]LogUdpMessaging: Warning: StartTransport failed to create multicast socket on 0.0.0.0:0, joined to 230.0.0.1:6666 with TTL 1
[2020.12.01-16.58.25:433][190]LogUdpMessaging: Warning: UDP messaging encountered an error. Auto repair routine started for reinitialization
[2020.12.01-16.58.26:625][258]FUdpSocketBuilder: Failed to subscribe UdpMessageMulticastSocket to multicast group 230.0.0.1 on interface 0.0.0.0
[2020.12.01-16.58.26:625][258]FUdpSocketBuilder: Failed to create and initialize socket UdpMessageMulticastSocket (last error: 0)
[2020.12.01-16.58.26:625][258]LogUdpMessaging: Warning: StartTransport failed to create multicast socket on 0.0.0.0:0, joined to 230.0.0.1:6666 with TTL 1
[2020.12.01-16.58.26:649][258]CompilerResultsLog: New page: Compilation - 1 dec. 2020 18:58:26
[2020.12.01-16.58.26:649][258]CompilerResultsLog: Using 'git status' to determine working set for adaptive non-unity build (D:\PPP).
[2020.12.01-16.58.26:649][258]CompilerResultsLog: Building TheTravelersJourneyEditor...
[2020.12.01-16.58.26:649][258]CompilerResultsLog: Using Visual Studio 2019 14.27.29112 toolchain (C:\Program Files (x86)\Microsoft Visual Studio\2019\Community\VC\Tools\MSVC\14.27.29110) and Windows 10.0.18362.0 SDK (C:\Program Files (x86)\Windows Kits\10).
[2020.12.01-16.58.26:649][258]CompilerResultsLog: Building 3 actions with 4 processes...
[2020.12.01-16.58.26:649][258]CompilerResultsLog:   [1/3] UE4Editor-TheTravelersJourney-3028.lib
[2020.12.01-16.58.26:649][258]CompilerResultsLog:      Creating library D:\PPP\TheTravelersJourney\Intermediate\Build\Win64\UE4Editor\Development\TheTravelersJourney\UE4Editor-TheTravelersJourney-3028.lib and object D:\PPP\TheTravelersJourney\Intermediate\Build\Win64\UE4Editor\Development\TheTravelersJourney\UE4Editor-TheTravelersJourney-3028.exp
[2020.12.01-16.58.26:649][258]CompilerResultsLog:   [2/3] UE4Editor-TheTravelersJourney-3028.dll
[2020.12.01-16.58.26:649][258]CompilerResultsLog:      Creating library D:\PPP\TheTravelersJourney\Intermediate\Build\Win64\UE4Editor\Development\TheTravelersJourney\UE4Editor-TheTravelersJourney-3028.suppressed.lib and object D:\PPP\TheTravelersJourney\Intermediate\Build\Win64\UE4Editor\Development\TheTravelersJourney\UE4Editor-TheTravelersJourney-3028.suppressed.exp
[2020.12.01-16.58.26:649][258]CompilerResultsLog:   [3/3] TheTravelersJourneyEditor.target
[2020.12.01-16.58.26:649][258]CompilerResultsLog: Total time in Parallel executor: 1,75 seconds
[2020.12.01-16.58.26:649][258]CompilerResultsLog: Total execution time: 3,18 seconds
[2020.12.01-16.58.26:649][258]LogMainFrame: MainFrame: Module compiling took 3.392 seconds
[2020.12.01-16.58.26:692][258]LogClass: Abilities HotReload.
[2020.12.01-16.58.26:693][258]LogScript: Warning: Script Msg: A null object was passed as a world context object to UEngine::GetWorldFromContextObject().
[2020.12.01-16.58.26:697][258]LogContentBrowser: Native class hierarchy updated for 'TheTravelersJourney' in 0.0004 seconds. Added 9 classes and 3 folders.
[2020.12.01-16.58.26:699][258]Display: HotReload successful (11 functions remapped  1 scriptstructs remapped)
[2020.12.01-16.58.26:755][258]LogContentBrowser: Native class hierarchy populated in 0.0080 seconds. Added 3436 classes and 824 folders.
[2020.12.01-16.58.26:755][258]Display: HotReload took  3.5s.
[2020.12.01-16.58.26:757][258]LogUdpMessaging: Warning: UDP messaging encountered an error. Auto repair routine started for reinitialization
[2020.12.01-16.58.28:638][363]FUdpSocketBuilder: Failed to subscribe UdpMessageMulticastSocket to multicast group 230.0.0.1 on interface 0.0.0.0
[2020.12.01-16.58.28:638][363]FUdpSocketBuilder: Failed to create and initialize socket UdpMessageMulticastSocket (last error: 0)
[2020.12.01-16.58.28:638][363]LogUdpMessaging: Warning: StartTransport failed to create multicast socket on 0.0.0.0:0, joined to 230.0.0.1:6666 with TTL 1
[2020.12.01-16.58.28:651][364]LogUdpMessaging: Warning: UDP messaging encountered an error. Auto repair routine started for reinitialization
[2020.12.01-16.58.29:847][433]FUdpSocketBuilder: Failed to subscribe UdpMessageMulticastSocket to multicast group 230.0.0.1 on interface 0.0.0.0
[2020.12.01-16.58.29:847][433]FUdpSocketBuilder: Failed to create and initialize socket UdpMessageMulticastSocket (last error: 0)
[2020.12.01-16.58.29:847][433]LogUdpMessaging: Warning: StartTransport failed to create multicast socket on 0.0.0.0:0, joined to 230.0.0.1:6666 with TTL 1
[2020.12.01-16.58.29:860][434]LogUdpMessaging: Warning: UDP messaging encountered an error. Auto repair routine started for reinitialization
[2020.12.01-16.58.31:056][485]FUdpSocketBuilder: Failed to subscribe UdpMessageMulticastSocket to multicast group 230.0.0.1 on interface 0.0.0.0
[2020.12.01-16.58.31:056][485]FUdpSocketBuilder: Failed to create and initialize socket UdpMessageMulticastSocket (last error: 0)
[2020.12.01-16.58.31:056][485]LogUdpMessaging: Warning: StartTransport failed to create multicast socket on 0.0.0.0:0, joined to 230.0.0.1:6666 with TTL 1
[2020.12.01-16.58.31:074][486]LogUdpMessaging: Warning: UDP messaging encountered an error. Auto repair routine started for reinitialization
[2020.12.01-16.58.32:116][557]LogAssetEditorSubsystem: Opening Asset editor for Blueprint /Game/MyCharacter_.MyCharacter_
[2020.12.01-16.58.32:265][557]LogContentBrowser: Native class hierarchy updated for 'BlueprintGraph' in 0.0005 seconds. Added 125 classes and 0 folders.
[2020.12.01-16.58.33:084][557]LogSlate: Took 0.000165 seconds to synchronously load lazily loaded font '../../../Engine/Content/Slate/Fonts/Roboto-BoldCondensed.ttf' (158K)
[2020.12.01-16.58.33:144][558]LogSlate: Took 0.000196 seconds to synchronously load lazily loaded font '../../../Engine/Content/Slate/Fonts/Roboto-Italic.ttf' (157K)
[2020.12.01-16.58.33:269][559]FUdpSocketBuilder: Failed to subscribe UdpMessageMulticastSocket to multicast group 230.0.0.1 on interface 0.0.0.0
[2020.12.01-16.58.33:269][559]FUdpSocketBuilder: Failed to create and initialize socket UdpMessageMulticastSocket (last error: 0)
[2020.12.01-16.58.33:270][559]LogUdpMessaging: Warning: StartTransport failed to create multicast socket on 0.0.0.0:0, joined to 230.0.0.1:6666 with TTL 1
[2020.12.01-16.58.33:288][561]LogUdpMessaging: Warning: UDP messaging encountered an error. Auto repair routine started for reinitialization
[2020.12.01-16.58.35:485][781]FUdpSocketBuilder: Failed to subscribe UdpMessageMulticastSocket to multicast group 230.0.0.1 on interface 0.0.0.0
[2020.12.01-16.58.35:485][781]FUdpSocketBuilder: Failed to create and initialize socket UdpMessageMulticastSocket (last error: 0)
[2020.12.01-16.58.35:485][781]LogUdpMessaging: Warning: StartTransport failed to create multicast socket on 0.0.0.0:0, joined to 230.0.0.1:6666 with TTL 1
[2020.12.01-16.58.35:511][782]LogUdpMessaging: Warning: UDP messaging encountered an error. Auto repair routine started for reinitialization
[2020.12.01-16.58.37:500][983]FUdpSocketBuilder: Failed to subscribe UdpMessageMulticastSocket to multicast group 230.0.0.1 on interface 0.0.0.0
[2020.12.01-16.58.37:500][983]FUdpSocketBuilder: Failed to create and initialize socket UdpMessageMulticastSocket (last error: 0)
[2020.12.01-16.58.37:500][983]LogUdpMessaging: Warning: StartTransport failed to create multicast socket on 0.0.0.0:0, joined to 230.0.0.1:6666 with TTL 1
[2020.12.01-16.58.37:526][984]LogUdpMessaging: Warning: UDP messaging encountered an error. Auto repair routine started for reinitialization
[2020.12.01-16.58.39:414][181]FUdpSocketBuilder: Failed to subscribe UdpMessageMulticastSocket to multicast group 230.0.0.1 on interface 0.0.0.0
[2020.12.01-16.58.39:415][181]FUdpSocketBuilder: Failed to create and initialize socket UdpMessageMulticastSocket (last error: 0)
[2020.12.01-16.58.39:415][181]LogUdpMessaging: Warning: StartTransport failed to create multicast socket on 0.0.0.0:0, joined to 230.0.0.1:6666 with TTL 1
[2020.12.01-16.58.39:429][182]LogUdpMessaging: Warning: UDP messaging encountered an error. Auto repair routine started for reinitialization
[2020.12.01-16.58.41:531][396]FUdpSocketBuilder: Failed to subscribe UdpMessageMulticastSocket to multicast group 230.0.0.1 on interface 0.0.0.0
[2020.12.01-16.58.41:531][396]FUdpSocketBuilder: Failed to create and initialize socket UdpMessageMulticastSocket (last error: 0)
[2020.12.01-16.58.41:531][396]LogUdpMessaging: Warning: StartTransport failed to create multicast socket on 0.0.0.0:0, joined to 230.0.0.1:6666 with TTL 1
[2020.12.01-16.58.41:560][397]LogUdpMessaging: Warning: UDP messaging encountered an error. Auto repair routine started for reinitialization
[2020.12.01-16.58.43:445][584]FUdpSocketBuilder: Failed to subscribe UdpMessageMulticastSocket to multicast group 230.0.0.1 on interface 0.0.0.0
[2020.12.01-16.58.43:446][584]FUdpSocketBuilder: Failed to create and initialize socket UdpMessageMulticastSocket (last error: 0)
[2020.12.01-16.58.43:446][584]LogUdpMessaging: Warning: StartTransport failed to create multicast socket on 0.0.0.0:0, joined to 230.0.0.1:6666 with TTL 1
[2020.12.01-16.58.43:464][586]LogUdpMessaging: Warning: UDP messaging encountered an error. Auto repair routine started for reinitialization
[2020.12.01-16.58.45:563][815]FUdpSocketBuilder: Failed to subscribe UdpMessageMulticastSocket to multicast group 230.0.0.1 on interface 0.0.0.0
[2020.12.01-16.58.45:563][815]FUdpSocketBuilder: Failed to create and initialize socket UdpMessageMulticastSocket (last error: 0)
[2020.12.01-16.58.45:564][815]LogUdpMessaging: Warning: StartTransport failed to create multicast socket on 0.0.0.0:0, joined to 230.0.0.1:6666 with TTL 1
[2020.12.01-16.58.45:581][817]LogUdpMessaging: Warning: UDP messaging encountered an error. Auto repair routine started for reinitialization
[2020.12.01-16.58.47:780][ 48]FUdpSocketBuilder: Failed to subscribe UdpMessageMulticastSocket to multicast group 230.0.0.1 on interface 0.0.0.0
[2020.12.01-16.58.47:780][ 48]FUdpSocketBuilder: Failed to create and initialize socket UdpMessageMulticastSocket (last error: 0)
[2020.12.01-16.58.47:781][ 48]LogUdpMessaging: Warning: StartTransport failed to create multicast socket on 0.0.0.0:0, joined to 230.0.0.1:6666 with TTL 1
[2020.12.01-16.58.47:797][ 49]LogUdpMessaging: Warning: UDP messaging encountered an error. Auto repair routine started for reinitialization
[2020.12.01-16.58.49:695][263]FUdpSocketBuilder: Failed to subscribe UdpMessageMulticastSocket to multicast group 230.0.0.1 on interface 0.0.0.0
[2020.12.01-16.58.49:696][263]FUdpSocketBuilder: Failed to create and initialize socket UdpMessageMulticastSocket (last error: 0)
[2020.12.01-16.58.49:696][263]LogUdpMessaging: Warning: StartTransport failed to create multicast socket on 0.0.0.0:0, joined to 230.0.0.1:6666 with TTL 1
[2020.12.01-16.58.49:713][265]LogUdpMessaging: Warning: UDP messaging encountered an error. Auto repair routine started for reinitialization
[2020.12.01-16.58.51:912][488]FUdpSocketBuilder: Failed to subscribe UdpMessageMulticastSocket to multicast group 230.0.0.1 on interface 0.0.0.0
[2020.12.01-16.58.51:913][488]FUdpSocketBuilder: Failed to create and initialize socket UdpMessageMulticastSocket (last error: 0)
[2020.12.01-16.58.51:913][488]LogUdpMessaging: Warning: StartTransport failed to create multicast socket on 0.0.0.0:0, joined to 230.0.0.1:6666 with TTL 1
[2020.12.01-16.58.51:935][489]LogUdpMessaging: Warning: UDP messaging encountered an error. Auto repair routine started for reinitialization
[2020.12.01-16.58.52:984][604]LogOutputDevice: Warning: 

Script Stack (0 frames):

[2020.12.01-16.58.52:984][604]LogWindows: Windows GetLastError: De bewerking is voltooid. (0)
[2020.12.01-16.58.55:491][604]LogWindows: Error: === Critical error: ===
[2020.12.01-16.58.55:491][604]LogWindows: Error: 
[2020.12.01-16.58.55:491][604]LogWindows: Error: Fatal error: [File:D:/Build/++UE4/Sync/Engine/Source/Runtime/CoreUObject/Private/UObject/Obj.cpp] [Line: 204] 
[2020.12.01-16.58.55:491][604]LogWindows: Error: Renaming an object (HealthComponent /Engine/Transient.World_4:PersistentLevel.MyCharacter__C_0.Shield_HP) on top of an existing object (HealthComponent /Engine/Transient.World_4:PersistentLevel.MyCharacter__C_0.Shield_HP_REMOVED_44ABF556475730C96E485AA2EB874CD2) is not allowed
[2020.12.01-16.58.55:491][604]LogWindows: Error: 
[2020.12.01-16.58.55:491][604]LogWindows: Error: 
[2020.12.01-16.58.55:491][604]LogWindows: Error: [Callstack] 0x00007ffeee283e49 KERNELBASE.dll!UnknownFunction []
[2020.12.01-16.58.55:491][604]LogWindows: Error: [Callstack] 0x00007ffe7222ec66 UE4Editor-Core.dll!UnknownFunction []
[2020.12.01-16.58.55:491][604]LogWindows: Error: [Callstack] 0x00007ffe72232048 UE4Editor-Core.dll!UnknownFunction []
[2020.12.01-16.58.55:491][604]LogWindows: Error: [Callstack] 0x00007ffe71fbe52d UE4Editor-Core.dll!UnknownFunction []
[2020.12.01-16.58.55:491][604]LogWindows: Error: [Callstack] 0x00007ffe719013ad UE4Editor-CoreUObject.dll!UnknownFunction []
[2020.12.01-16.58.55:491][604]LogWindows: Error: [Callstack] 0x00007ffe6ed96093 UE4Editor-Engine.dll!UnknownFunction []
[2020.12.01-16.58.55:491][604]LogWindows: Error: [Callstack] 0x00007ffe6b4ec149 UE4Editor-Kismet.dll!UnknownFunction []
[2020.12.01-16.58.55:491][604]LogWindows: Error: [Callstack] 0x00007ffe6b5a053d UE4Editor-Kismet.dll!UnknownFunction []
[2020.12.01-16.58.55:491][604]LogWindows: Error: [Callstack] 0x00007ffe6b57a9ac UE4Editor-Kismet.dll!UnknownFunction []
[2020.12.01-16.58.55:491][604]LogWindows: Error: [Callstack] 0x00007ffe6b53deee UE4Editor-Kismet.dll!UnknownFunction []
[2020.12.01-16.58.55:491][604]LogWindows: Error: [Callstack] 0x00007ffe6e0ef238 UE4Editor-Slate.dll!UnknownFunction []
[2020.12.01-16.58.55:491][604]LogWindows: Error: [Callstack] 0x00007ffe6e1dab51 UE4Editor-Slate.dll!UnknownFunction []
[2020.12.01-16.58.55:491][604]LogWindows: Error: [Callstack] 0x00007ffe6e1e1320 UE4Editor-Slate.dll!UnknownFunction []
[2020.12.01-16.58.55:491][604]LogWindows: Error: [Callstack] 0x00007ffe6e1ba937 UE4Editor-Slate.dll!UnknownFunction []
[2020.12.01-16.58.55:491][604]LogWindows: Error: [Callstack] 0x00007ffe6e25207e UE4Editor-Slate.dll!UnknownFunction []
[2020.12.01-16.58.55:491][604]LogWindows: Error: [Callstack] 0x00007ffe6e26b27e UE4Editor-Slate.dll!UnknownFunction []
[2020.12.01-16.58.55:491][604]LogWindows: Error: [Callstack] 0x00007ffe6e1e2a95 UE4Editor-Slate.dll!UnknownFunction []
[2020.12.01-16.58.55:491][604]LogWindows: Error: [Callstack] 0x00007ffe6e0b2dc8 UE4Editor-Slate.dll!UnknownFunction []
[2020.12.01-16.58.55:491][604]LogWindows: Error: [Callstack] 0x00007ffe6e1369cf UE4Editor-Slate.dll!UnknownFunction []
[2020.12.01-16.58.55:491][604]LogWindows: Error: [Callstack] 0x00007ffe6e11f4b2 UE4Editor-Slate.dll!UnknownFunction []
[2020.12.01-16.58.55:491][604]LogWindows: Error: [Callstack] 0x00007ffe6e112392 UE4Editor-Slate.dll!UnknownFunction []
[2020.12.01-16.58.55:492][604]LogWindows: Error: [Callstack] 0x00007ffec79a7f88 UE4Editor-ApplicationCore.dll!UnknownFunction []
[2020.12.01-16.58.55:492][604]LogWindows: Error: [Callstack] 0x00007ffec7995c87 UE4Editor-ApplicationCore.dll!UnknownFunction []
[2020.12.01-16.58.55:492][604]LogWindows: Error: [Callstack] 0x00007ffec79aa619 UE4Editor-ApplicationCore.dll!UnknownFunction []
[2020.12.01-16.58.55:492][604]LogWindows: Error: [Callstack] 0x00007ffec79917d0 UE4Editor-ApplicationCore.dll!UnknownFunction []
[2020.12.01-16.58.55:492][604]LogWindows: Error: [Callstack] 0x00007ffeefa2e858 USER32.dll!UnknownFunction []
[2020.12.01-16.58.55:492][604]LogWindows: Error: [Callstack] 0x00007ffeefa2e299 USER32.dll!UnknownFunction []
[2020.12.01-16.58.55:492][604]LogWindows: Error: [Callstack] 0x00007ffec79abb34 UE4Editor-ApplicationCore.dll!UnknownFunction []
[2020.12.01-16.58.55:492][604]LogWindows: Error: [Callstack] 0x00007ff7dce168c4 UE4Editor.exe!UnknownFunction []
[2020.12.01-16.58.55:492][604]LogWindows: Error: [Callstack] 0x00007ff7dce2ba7c UE4Editor.exe!UnknownFunction []
[2020.12.01-16.58.55:492][604]LogWindows: Error: [Callstack] 0x00007ff7dce2bb5a UE4Editor.exe!UnknownFunction []
[2020.12.01-16.58.55:492][604]LogWindows: Error: [Callstack] 0x00007ff7dce3e31d UE4Editor.exe!UnknownFunction []
[2020.12.01-16.58.55:492][604]LogWindows: Error: [Callstack] 0x00007ff7dce4145a UE4Editor.exe!UnknownFunction []
[2020.12.01-16.58.55:492][604]LogWindows: Error: [Callstack] 0x00007ffef0467034 KERNEL32.DLL!UnknownFunction []
[2020.12.01-16.58.55:492][604]LogWindows: Error: [Callstack] 0x00007ffef059cec1 ntdll.dll!UnknownFunction []
[2020.12.01-16.58.55:492][604]LogWindows: Error: 
[2020.12.01-16.58.55:502][604]LogExit: Executing StaticShutdownAfterError
[2020.12.01-16.58.55:537][604]LogWindows: FPlatformMisc::RequestExit(1)
[2020.12.01-16.58.55:537][604]LogCore: Engine exit requested (reason: Win RequestExit)
[2020.12.01-16.58.56:875][604]Log file closed, 12/01/20 17:58:56
