Log file open, 12/03/20 12:52:18
LogInit: Display: Running engine for game: TheTravelersJourney
LogPlatformFile: Not using cached read wrapper
LogTaskGraph: Started task graph with 5 named threads and 14 total threads with 3 sets of task threads.
LogStats: Stats thread started at 0.279607
LogD3D11RHI: Loaded GFSDK_Aftermath_Lib.x64.dll
LogICUInternationalization: ICU TimeZone Detection - Raw Offset: +1:00, Platform Override: ''
LogPluginManager: Mounting plugin Paper2D
LogPluginManager: Mounting plugin AISupport
LogPluginManager: Mounting plugin LightPropagationVolume
LogPluginManager: Mounting plugin CameraShakePreviewer
LogPluginManager: Mounting plugin ActorLayerUtilities
LogPluginManager: Mounting plugin AnimationSharing
LogPluginManager: Mounting plugin CLionSourceCodeAccess
LogPluginManager: Mounting plugin CodeLiteSourceCodeAccess
LogPluginManager: Mounting plugin GitSourceControl
LogPluginManager: Mounting plugin KDevelopSourceCodeAccess
LogPluginManager: Mounting plugin NullSourceCodeAccess
LogPluginManager: Mounting plugin PerforceSourceControl
LogPluginManager: Mounting plugin PlasticSourceControl
LogPluginManager: Mounting plugin RiderSourceCodeAccess
LogPluginManager: Mounting plugin SubversionSourceControl
LogPluginManager: Mounting plugin UObjectPlugin
LogPluginManager: Mounting plugin VisualStudioCodeSourceCodeAccess
LogPluginManager: Mounting plugin VisualStudioSourceCodeAccess
LogPluginManager: Mounting plugin XCodeSourceCodeAccess
LogPluginManager: Mounting plugin AssetManagerEditor
LogPluginManager: Mounting plugin CryptoKeys
LogPluginManager: Mounting plugin CurveEditorTools
LogPluginManager: Mounting plugin DataValidation
LogPluginManager: Mounting plugin EditorScriptingUtilities
LogPluginManager: Mounting plugin FacialAnimation
LogPluginManager: Mounting plugin GameplayTagsEditor
LogPluginManager: Mounting plugin GeometryMode
LogPluginManager: Mounting plugin MacGraphicsSwitching
LogPluginManager: Mounting plugin MaterialAnalyzer
LogPluginManager: Mounting plugin MobileLauncherProfileWizard
LogPluginManager: Mounting plugin PluginBrowser
LogPluginManager: Mounting plugin SpeedTreeImporter
LogPluginManager: Mounting plugin DatasmithContent
LogPluginManager: Mounting plugin VariantManagerContent
LogPluginManager: Mounting plugin AlembicImporter
LogPluginManager: Mounting plugin AutomationUtils
LogPluginManager: Mounting plugin BackChannel
LogPluginManager: Mounting plugin ChaosCloth
LogPluginManager: Mounting plugin ChaosClothEditor
LogPluginManager: Mounting plugin ChaosEditor
LogPluginManager: Mounting plugin ChaosNiagara
LogPluginManager: Mounting plugin ChaosSolverPlugin
LogPluginManager: Mounting plugin CharacterAI
LogPluginManager: Mounting plugin GeometryCache
LogPluginManager: Mounting plugin GeometryCollectionPlugin
LogPluginManager: Mounting plugin GeometryProcessing
LogPluginManager: Mounting plugin PlanarCut
LogPluginManager: Mounting plugin PlatformCrypto
LogPluginManager: Mounting plugin ProxyLODPlugin
LogPluginManager: Mounting plugin SkeletalReduction
LogPluginManager: Mounting plugin Niagara
LogPluginManager: Mounting plugin MagicLeap
LogPluginManager: Mounting plugin MagicLeapLightEstimation
LogPluginManager: Mounting plugin MagicLeapMedia
LogPluginManager: Mounting plugin MagicLeapPassableWorld
LogPluginManager: Mounting plugin MLSDK
LogPluginManager: Mounting plugin AndroidMedia
LogPluginManager: Mounting plugin AvfMedia
LogPluginManager: Mounting plugin ImgMedia
LogPluginManager: Mounting plugin MediaCompositing
LogPluginManager: Mounting plugin MediaPlayerEditor
LogPluginManager: Mounting plugin WebMMedia
LogPluginManager: Mounting plugin WmfMedia
LogPluginManager: Mounting plugin MeshPainting
LogPluginManager: Mounting plugin TcpMessaging
LogPluginManager: Mounting plugin UdpMessaging
LogPluginManager: Mounting plugin ActorSequence
LogPluginManager: Mounting plugin LevelSequenceEditor
LogPluginManager: Mounting plugin MatineeToLevelSequence
LogPluginManager: Mounting plugin MovieRenderPipeline
LogPluginManager: Mounting plugin TemplateSequence
LogPluginManager: Mounting plugin NetcodeUnitTest
LogPluginManager: Mounting plugin NUTUnrealEngine4
LogPluginManager: Mounting plugin OnlineSubsystemGooglePlay
LogPluginManager: Mounting plugin OnlineSubsystemIOS
LogPluginManager: Mounting plugin OnlineSubsystem
LogPluginManager: Mounting plugin OnlineSubsystemNull
LogPluginManager: Mounting plugin OnlineSubsystemUtils
LogPluginManager: Mounting plugin LauncherChunkInstaller
LogPluginManager: Mounting plugin AndroidDeviceProfileSelector
LogPluginManager: Mounting plugin AndroidMoviePlayer
LogPluginManager: Mounting plugin AndroidPermission
LogPluginManager: Mounting plugin AppleImageUtils
LogPluginManager: Mounting plugin AppleMoviePlayer
LogPluginManager: Mounting plugin ArchVisCharacter
LogPluginManager: Mounting plugin AssetTags
LogPluginManager: Mounting plugin AudioCapture
LogPluginManager: Mounting plugin CableComponent
LogPluginManager: Mounting plugin CustomMeshComponent
LogPluginManager: Mounting plugin EditableMesh
LogPluginManager: Mounting plugin ExampleDeviceProfileSelector
LogPluginManager: Mounting plugin GoogleCloudMessaging
LogPluginManager: Mounting plugin GooglePAD
LogPluginManager: Mounting plugin IOSDeviceProfileSelector
LogPluginManager: Mounting plugin LinuxDeviceProfileSelector
LogPluginManager: Mounting plugin LocationServicesBPLibrary
LogPluginManager: Mounting plugin MobilePatchingUtils
LogPluginManager: Mounting plugin OculusVR
LogPluginManager: Mounting plugin PhysXVehicles
LogPluginManager: Mounting plugin PostSplashScreen
LogPluginManager: Mounting plugin ProceduralMeshComponent
LogPluginManager: Mounting plugin RuntimePhysXCooking
LogPluginManager: Mounting plugin SignificanceManager
LogPluginManager: Mounting plugin SoundFields
LogPluginManager: Mounting plugin SteamVR
LogPluginManager: Mounting plugin Synthesis
LogPluginManager: Mounting plugin WebMMoviePlayer
LogPluginManager: Mounting plugin WindowsMoviePlayer
LogPluginManager: Mounting plugin ScreenshotTools
LogInit: Using libcurl 7.55.1-DEV
LogInit:  - built for x86_64-pc-win32
LogInit:  - supports SSL with OpenSSL/1.1.1
LogInit:  - supports HTTP deflate (compression) using libz 1.2.8
LogInit:  - other features:
LogInit:      CURL_VERSION_SSL
LogInit:      CURL_VERSION_LIBZ
LogInit:      CURL_VERSION_IPV6
LogInit:      CURL_VERSION_ASYNCHDNS
LogInit:      CURL_VERSION_LARGEFILE
LogInit:      CURL_VERSION_IDN
LogInit:  CurlRequestOptions (configurable via config and command line):
LogInit:  - bVerifyPeer = true  - Libcurl will verify peer certificate
LogInit:  - bUseHttpProxy = false  - Libcurl will NOT use HTTP proxy
LogInit:  - bDontReuseConnections = false  - Libcurl will reuse connections
LogInit:  - MaxHostConnections = 16  - Libcurl will limit the number of connections to a host
LogInit:  - LocalHostAddr = Default
LogInit:  - BufferSize = 65536
LogOnline: OSS: Creating online subsystem instance for: NULL
LogInit: WinSock: version 1.1 (2.2), MaxSocks=32767, MaxUdp=65467
LogOnline: OSS: TryLoadSubsystemAndSetDefault: Loaded subsystem for module [NULL]
LogInit: Build: ++UE4+Release-4.25-CL-14469661
LogInit: Engine Version: 4.25.4-14469661+++UE4+Release-4.25
LogInit: Compatible Engine Version: 4.25.0-13144385+++UE4+Release-4.25
LogInit: Net CL: 13144385
LogInit: OS: Windows 10 (Release 2004) (), CPU: Intel(R) Core(TM) i5-7600K CPU @ 3.80GHz, GPU: NVIDIA GeForce GTX 1070
LogInit: Compiled (64-bit): Oct 11 2020 08:10:49
LogInit: Compiled with Visual C++: 19.24.28315.00
LogInit: Build Configuration: Development
LogInit: Branch Name: ++UE4+Release-4.25
LogInit: Command Line: 
LogInit: Base Directory: D:/games/UE_4.25/Engine/Binaries/Win64/
LogInit: Allocator: TBB
LogInit: Installed Engine Build: 1
LogDevObjectVersion: Number of dev versions registered: 26
LogDevObjectVersion:   Dev-Blueprints (B0D832E4-1F89-4F0D-ACCF-7EB736FD4AA2): 10
LogDevObjectVersion:   Dev-Build (E1C64328-A22C-4D53-A36C-8E866417BD8C): 0
LogDevObjectVersion:   Dev-Core (375EC13C-06E4-48FB-B500-84F0262A717E): 4
LogDevObjectVersion:   Dev-Editor (E4B068ED-F494-42E9-A231-DA0B2E46BB41): 38
LogDevObjectVersion:   Dev-Framework (CFFC743F-43B0-4480-9391-14DF171D2073): 37
LogDevObjectVersion:   Dev-Mobile (B02B49B5-BB20-44E9-A304-32B752E40360): 2
LogDevObjectVersion:   Dev-Networking (A4E4105C-59A1-49B5-A7C5-40C4547EDFEE): 0
LogDevObjectVersion:   Dev-Online (39C831C9-5AE6-47DC-9A44-9C173E1C8E7C): 0
LogDevObjectVersion:   Dev-Physics (78F01B33-EBEA-4F98-B9B4-84EACCB95AA2): 4
LogDevObjectVersion:   Dev-Platform (6631380F-2D4D-43E0-8009-CF276956A95A): 0
LogDevObjectVersion:   Dev-Rendering (12F88B9F-8875-4AFC-A67C-D90C383ABD29): 43
LogDevObjectVersion:   Dev-Sequencer (7B5AE74C-D270-4C10-A958-57980B212A5A): 12
LogDevObjectVersion:   Dev-VR (D7296918-1DD6-4BDD-9DE2-64A83CC13884): 3
LogDevObjectVersion:   Dev-LoadTimes (C2A15278-BFE7-4AFE-6C17-90FF531DF755): 1
LogDevObjectVersion:   Private-Geometry (6EACA3D4-40EC-4CC1-B786-8BED09428FC5): 3
LogDevObjectVersion:   Dev-AnimPhys (29E575DD-E0A3-4627-9D10-D276232CDCEA): 17
LogDevObjectVersion:   Dev-Anim (AF43A65D-7FD3-4947-9873-3E8ED9C1BB05): 7
LogDevObjectVersion:   Dev-ReflectionCapture (6B266CEC-1EC7-4B8F-A30B-E4D90942FC07): 1
LogDevObjectVersion:   Dev-Automation (0DF73D61-A23F-47EA-B727-89E90C41499A): 1
LogDevObjectVersion:   FortniteMain (601D1886-AC64-4F84-AA16-D3DE0DEAC7D6): 31
LogDevObjectVersion:   Dev-Enterprise (9DFFBCD6-494F-0158-E221-12823C92A888): 10
LogDevObjectVersion:   Dev-Niagara (F2AED0AC-9AFE-416F-8664-AA7FFA26D6FC): 1
LogDevObjectVersion:   Dev-Destruction (174F1F0B-B4C6-45A5-B13F-2EE8D0FB917D): 10
LogDevObjectVersion:   Dev-Physics-Ext (35F94A83-E258-406C-A318-09F59610247C): 37
LogDevObjectVersion:   Dev-PhysicsMaterial-Chaos (B68FC16E-8B1B-42E2-B453-215C058844FE): 1
LogDevObjectVersion:   Dev-CineCamera (B2E18506-4273-CFC2-A54E-F4BB758BBA07): 1
LogInit: Presizing for max 25165824 objects, including 0 objects not considered by GC, pre-allocating 0 bytes for permanent pool.
LogConfig: Applying CVar settings from Section [/Script/Engine.StreamingSettings] File [D:/PPP/TheTravelersJourney/Saved/Config/Windows/Engine.ini]
LogConfig: Setting CVar [[s.MinBulkDataSizeForAsyncLoading:131072]]
LogConfig: Setting CVar [[s.AsyncLoadingThreadEnabled:0]]
LogConfig: Setting CVar [[s.EventDrivenLoaderEnabled:1]]
LogConfig: Setting CVar [[s.WarnIfTimeLimitExceeded:0]]
LogConfig: Setting CVar [[s.TimeLimitExceededMultiplier:1.5]]
LogConfig: Setting CVar [[s.TimeLimitExceededMinTime:0.005]]
LogConfig: Setting CVar [[s.UseBackgroundLevelStreaming:1]]
LogConfig: Setting CVar [[s.PriorityAsyncLoadingExtraTime:15.0]]
LogConfig: Setting CVar [[s.LevelStreamingActorsUpdateTimeLimit:5.0]]
LogConfig: Setting CVar [[s.PriorityLevelStreamingActorsUpdateExtraTime:5.0]]
LogConfig: Setting CVar [[s.LevelStreamingComponentsRegistrationGranularity:10]]
LogConfig: Setting CVar [[s.UnregisterComponentsTimeLimit:1.0]]
LogConfig: Setting CVar [[s.LevelStreamingComponentsUnregistrationGranularity:5]]
LogConfig: Setting CVar [[s.FlushStreamingOnExit:1]]
LogInit: Object subsystem initialized
LogConfig: Setting CVar [[con.DebugEarlyDefault:1]]
LogConfig: Setting CVar [[r.setres:1280x720]]
[2020.12.03-11.52.18:680][  0]LogConfig: Setting CVar [[r.VSync:0]]
[2020.12.03-11.52.18:680][  0]LogConfig: Setting CVar [[r.RHICmdBypass:0]]
[2020.12.03-11.52.18:680][  0]LogConfig: Applying CVar settings from Section [/Script/Engine.RendererSettings] File [D:/PPP/TheTravelersJourney/Saved/Config/Windows/Engine.ini]
[2020.12.03-11.52.18:680][  0]LogConfig: Setting CVar [[r.GPUCrashDebugging:0]]
[2020.12.03-11.52.18:680][  0]LogConfig: Applying CVar settings from Section [/Script/Engine.RendererOverrideSettings] File [D:/PPP/TheTravelersJourney/Saved/Config/Windows/Engine.ini]
[2020.12.03-11.52.18:680][  0]LogConfig: Applying CVar settings from Section [/Script/Engine.StreamingSettings] File [D:/PPP/TheTravelersJourney/Saved/Config/Windows/Engine.ini]
[2020.12.03-11.52.18:680][  0]LogConfig: Setting CVar [[s.MinBulkDataSizeForAsyncLoading:131072]]
[2020.12.03-11.52.18:680][  0]LogConfig: Setting CVar [[s.AsyncLoadingThreadEnabled:0]]
[2020.12.03-11.52.18:680][  0]LogConfig: Setting CVar [[s.EventDrivenLoaderEnabled:1]]
[2020.12.03-11.52.18:680][  0]LogConfig: Setting CVar [[s.WarnIfTimeLimitExceeded:0]]
[2020.12.03-11.52.18:680][  0]LogConfig: Setting CVar [[s.TimeLimitExceededMultiplier:1.5]]
[2020.12.03-11.52.18:680][  0]LogConfig: Setting CVar [[s.TimeLimitExceededMinTime:0.005]]
[2020.12.03-11.52.18:680][  0]LogConfig: Setting CVar [[s.UseBackgroundLevelStreaming:1]]
[2020.12.03-11.52.18:680][  0]LogConfig: Setting CVar [[s.PriorityAsyncLoadingExtraTime:15.0]]
[2020.12.03-11.52.18:680][  0]LogConfig: Setting CVar [[s.LevelStreamingActorsUpdateTimeLimit:5.0]]
[2020.12.03-11.52.18:680][  0]LogConfig: Setting CVar [[s.PriorityLevelStreamingActorsUpdateExtraTime:5.0]]
[2020.12.03-11.52.18:680][  0]LogConfig: Setting CVar [[s.LevelStreamingComponentsRegistrationGranularity:10]]
[2020.12.03-11.52.18:680][  0]LogConfig: Setting CVar [[s.UnregisterComponentsTimeLimit:1.0]]
[2020.12.03-11.52.18:680][  0]LogConfig: Setting CVar [[s.LevelStreamingComponentsUnregistrationGranularity:5]]
[2020.12.03-11.52.18:680][  0]LogConfig: Setting CVar [[s.FlushStreamingOnExit:1]]
[2020.12.03-11.52.18:680][  0]LogConfig: Applying CVar settings from Section [/Script/Engine.GarbageCollectionSettings] File [D:/PPP/TheTravelersJourney/Saved/Config/Windows/Engine.ini]
[2020.12.03-11.52.18:680][  0]LogConfig: Setting CVar [[gc.MaxObjectsNotConsideredByGC:1]]
[2020.12.03-11.52.18:680][  0]LogConfig: Setting CVar [[gc.SizeOfPermanentObjectPool:0]]
[2020.12.03-11.52.18:680][  0]LogConfig: Setting CVar [[gc.FlushStreamingOnGC:0]]
[2020.12.03-11.52.18:680][  0]LogConfig: Setting CVar [[gc.NumRetriesBeforeForcingGC:10]]
[2020.12.03-11.52.18:680][  0]LogConfig: Setting CVar [[gc.AllowParallelGC:1]]
[2020.12.03-11.52.18:680][  0]LogConfig: Setting CVar [[gc.TimeBetweenPurgingPendingKillObjects:61.1]]
[2020.12.03-11.52.18:680][  0]LogConfig: Setting CVar [[gc.MaxObjectsInEditor:25165824]]
[2020.12.03-11.52.18:680][  0]LogConfig: Setting CVar [[gc.IncrementalBeginDestroyEnabled:1]]
[2020.12.03-11.52.18:680][  0]LogConfig: Setting CVar [[gc.CreateGCClusters:1]]
[2020.12.03-11.52.18:680][  0]LogConfig: Setting CVar [[gc.MinGCClusterSize:5]]
[2020.12.03-11.52.18:680][  0]LogConfig: Setting CVar [[gc.ActorClusteringEnabled:0]]
[2020.12.03-11.52.18:680][  0]LogConfig: Setting CVar [[gc.BlueprintClusteringEnabled:0]]
[2020.12.03-11.52.18:680][  0]LogConfig: Setting CVar [[gc.UseDisregardForGCOnDedicatedServers:0]]
[2020.12.03-11.52.18:680][  0]LogConfig: Applying CVar settings from Section [/Script/Engine.NetworkSettings] File [D:/PPP/TheTravelersJourney/Saved/Config/Windows/Engine.ini]
[2020.12.03-11.52.18:680][  0]LogConfig: Applying CVar settings from Section [/Script/UnrealEd.CookerSettings] File [D:/PPP/TheTravelersJourney/Saved/Config/Windows/Engine.ini]
[2020.12.03-11.52.18:685][  0]LogConfig: Applying CVar settings from Section [ViewDistanceQuality@3] File [D:/PPP/TheTravelersJourney/Saved/Config/Windows/Scalability.ini]
[2020.12.03-11.52.18:685][  0]LogConfig: Setting CVar [[r.SkeletalMeshLODBias:0]]
[2020.12.03-11.52.18:685][  0]LogConfig: Setting CVar [[r.ViewDistanceScale:1.0]]
[2020.12.03-11.52.18:685][  0]LogConfig: Applying CVar settings from Section [AntiAliasingQuality@3] File [D:/PPP/TheTravelersJourney/Saved/Config/Windows/Scalability.ini]
[2020.12.03-11.52.18:685][  0]LogConfig: Setting CVar [[r.PostProcessAAQuality:4]]
[2020.12.03-11.52.18:685][  0]LogConfig: Applying CVar settings from Section [ShadowQuality@3] File [D:/PPP/TheTravelersJourney/Saved/Config/Windows/Scalability.ini]
[2020.12.03-11.52.18:685][  0]LogConfig: Setting CVar [[r.LightFunctionQuality:1]]
[2020.12.03-11.52.18:685][  0]LogConfig: Setting CVar [[r.ShadowQuality:5]]
[2020.12.03-11.52.18:685][  0]LogConfig: Setting CVar [[r.Shadow.CSM.MaxCascades:10]]
[2020.12.03-11.52.18:685][  0]LogConfig: Setting CVar [[r.Shadow.MaxResolution:2048]]
[2020.12.03-11.52.18:685][  0]LogConfig: Setting CVar [[r.Shadow.MaxCSMResolution:2048]]
[2020.12.03-11.52.18:685][  0]LogConfig: Setting CVar [[r.Shadow.RadiusThreshold:0.01]]
[2020.12.03-11.52.18:685][  0]LogConfig: Setting CVar [[r.Shadow.DistanceScale:1.0]]
[2020.12.03-11.52.18:685][  0]LogConfig: Setting CVar [[r.Shadow.CSM.TransitionScale:1.0]]
[2020.12.03-11.52.18:685][  0]LogConfig: Setting CVar [[r.Shadow.PreShadowResolutionFactor:1.0]]
[2020.12.03-11.52.18:685][  0]LogConfig: Setting CVar [[r.DistanceFieldShadowing:1]]
[2020.12.03-11.52.18:685][  0]LogConfig: Setting CVar [[r.DistanceFieldAO:1]]
[2020.12.03-11.52.18:685][  0]LogConfig: Setting CVar [[r.AOQuality:2]]
[2020.12.03-11.52.18:685][  0]LogConfig: Setting CVar [[r.VolumetricFog:1]]
[2020.12.03-11.52.18:685][  0]LogConfig: Setting CVar [[r.VolumetricFog.GridPixelSize:8]]
[2020.12.03-11.52.18:685][  0]LogConfig: Setting CVar [[r.VolumetricFog.GridSizeZ:128]]
[2020.12.03-11.52.18:685][  0]LogConfig: Setting CVar [[r.VolumetricFog.HistoryMissSupersampleCount:4]]
[2020.12.03-11.52.18:685][  0]LogConfig: Setting CVar [[r.LightMaxDrawDistanceScale:1]]
[2020.12.03-11.52.18:685][  0]LogConfig: Setting CVar [[r.CapsuleShadows:1]]
[2020.12.03-11.52.18:685][  0]LogConfig: Applying CVar settings from Section [PostProcessQuality@3] File [D:/PPP/TheTravelersJourney/Saved/Config/Windows/Scalability.ini]
[2020.12.03-11.52.18:685][  0]LogConfig: Setting CVar [[r.MotionBlurQuality:4]]
[2020.12.03-11.52.18:685][  0]LogConfig: Setting CVar [[r.AmbientOcclusionMipLevelFactor:0.4]]
[2020.12.03-11.52.18:685][  0]LogConfig: Setting CVar [[r.AmbientOcclusionMaxQuality:100]]
[2020.12.03-11.52.18:685][  0]LogConfig: Setting CVar [[r.AmbientOcclusionLevels:-1]]
[2020.12.03-11.52.18:685][  0]LogConfig: Setting CVar [[r.AmbientOcclusionRadiusScale:1.0]]
[2020.12.03-11.52.18:685][  0]LogConfig: Setting CVar [[r.DepthOfFieldQuality:2]]
[2020.12.03-11.52.18:685][  0]LogConfig: Setting CVar [[r.RenderTargetPoolMin:400]]
[2020.12.03-11.52.18:685][  0]LogConfig: Setting CVar [[r.LensFlareQuality:2]]
[2020.12.03-11.52.18:685][  0]LogConfig: Setting CVar [[r.SceneColorFringeQuality:1]]
[2020.12.03-11.52.18:685][  0]LogConfig: Setting CVar [[r.EyeAdaptationQuality:2]]
[2020.12.03-11.52.18:685][  0]LogConfig: Setting CVar [[r.BloomQuality:5]]
[2020.12.03-11.52.18:685][  0]LogConfig: Setting CVar [[r.FastBlurThreshold:100]]
[2020.12.03-11.52.18:685][  0]LogConfig: Setting CVar [[r.Upscale.Quality:3]]
[2020.12.03-11.52.18:685][  0]LogConfig: Setting CVar [[r.Tonemapper.GrainQuantization:1]]
[2020.12.03-11.52.18:685][  0]LogConfig: Setting CVar [[r.LightShaftQuality:1]]
[2020.12.03-11.52.18:685][  0]LogConfig: Setting CVar [[r.Filter.SizeScale:1]]
[2020.12.03-11.52.18:685][  0]LogConfig: Setting CVar [[r.Tonemapper.Quality:5]]
[2020.12.03-11.52.18:685][  0]LogConfig: Setting CVar [[r.DOF.Gather.AccumulatorQuality:1        ; higher gathering accumulator quality]]
[2020.12.03-11.52.18:685][  0]LogConfig: Setting CVar [[r.DOF.Gather.PostfilterMethod:1          ; Median3x3 postfilering method]]
[2020.12.03-11.52.18:685][  0]LogConfig: Setting CVar [[r.DOF.Gather.EnableBokehSettings:0       ; no bokeh simulation when gathering]]
[2020.12.03-11.52.18:685][  0]LogConfig: Setting CVar [[r.DOF.Gather.RingCount:4                 ; medium number of samples when gathering]]
[2020.12.03-11.52.18:685][  0]LogConfig: Setting CVar [[r.DOF.Scatter.ForegroundCompositing:1    ; additive foreground scattering]]
[2020.12.03-11.52.18:685][  0]LogConfig: Setting CVar [[r.DOF.Scatter.BackgroundCompositing:2    ; additive background scattering]]
[2020.12.03-11.52.18:685][  0]LogConfig: Setting CVar [[r.DOF.Scatter.EnableBokehSettings:1      ; bokeh simulation when scattering]]
[2020.12.03-11.52.18:685][  0]LogConfig: Setting CVar [[r.DOF.Scatter.MaxSpriteRatio:0.1         ; only a maximum of 10% of scattered bokeh]]
[2020.12.03-11.52.18:685][  0]LogConfig: Setting CVar [[r.DOF.Recombine.Quality:1                ; cheap slight out of focus]]
[2020.12.03-11.52.18:685][  0]LogConfig: Setting CVar [[r.DOF.Recombine.EnableBokehSettings:0    ; no bokeh simulation on slight out of focus]]
[2020.12.03-11.52.18:685][  0]LogConfig: Setting CVar [[r.DOF.TemporalAAQuality:1                ; more stable temporal accumulation]]
[2020.12.03-11.52.18:686][  0]LogConfig: Setting CVar [[r.DOF.Kernel.MaxForegroundRadius:0.025]]
[2020.12.03-11.52.18:686][  0]LogConfig: Setting CVar [[r.DOF.Kernel.MaxBackgroundRadius:0.025]]
[2020.12.03-11.52.18:686][  0]LogConfig: Applying CVar settings from Section [TextureQuality@3] File [D:/PPP/TheTravelersJourney/Saved/Config/Windows/Scalability.ini]
[2020.12.03-11.52.18:686][  0]LogConfig: Setting CVar [[r.Streaming.MipBias:0]]
[2020.12.03-11.52.18:686][  0]LogConfig: Setting CVar [[r.Streaming.AmortizeCPUToGPUCopy:0]]
[2020.12.03-11.52.18:686][  0]LogConfig: Setting CVar [[r.Streaming.MaxNumTexturesToStreamPerFrame:0]]
[2020.12.03-11.52.18:686][  0]LogConfig: Setting CVar [[r.Streaming.Boost:1]]
[2020.12.03-11.52.18:686][  0]LogConfig: Setting CVar [[r.MaxAnisotropy:8]]
[2020.12.03-11.52.18:686][  0]LogConfig: Setting CVar [[r.VT.MaxAnisotropy:8]]
[2020.12.03-11.52.18:686][  0]LogConfig: Setting CVar [[r.Streaming.LimitPoolSizeToVRAM:0]]
[2020.12.03-11.52.18:686][  0]LogConfig: Setting CVar [[r.Streaming.PoolSize:1000]]
[2020.12.03-11.52.18:686][  0]LogConfig: Setting CVar [[r.Streaming.MaxEffectiveScreenSize:0]]
[2020.12.03-11.52.18:686][  0]LogConfig: Applying CVar settings from Section [EffectsQuality@3] File [D:/PPP/TheTravelersJourney/Saved/Config/Windows/Scalability.ini]
[2020.12.03-11.52.18:686][  0]LogConfig: Setting CVar [[r.TranslucencyLightingVolumeDim:64]]
[2020.12.03-11.52.18:686][  0]LogConfig: Setting CVar [[r.RefractionQuality:2]]
[2020.12.03-11.52.18:686][  0]LogConfig: Setting CVar [[r.SSR.Quality:3]]
[2020.12.03-11.52.18:686][  0]LogConfig: Setting CVar [[r.SSR.HalfResSceneColor:0]]
[2020.12.03-11.52.18:686][  0]LogConfig: Setting CVar [[r.SceneColorFormat:4]]
[2020.12.03-11.52.18:686][  0]LogConfig: Setting CVar [[r.DetailMode:2]]
[2020.12.03-11.52.18:686][  0]LogConfig: Setting CVar [[r.TranslucencyVolumeBlur:1]]
[2020.12.03-11.52.18:686][  0]LogConfig: Setting CVar [[r.MaterialQualityLevel:1 ; High quality]]
[2020.12.03-11.52.18:686][  0]LogConfig: Setting CVar [[r.SSS.Scale:1]]
[2020.12.03-11.52.18:686][  0]LogConfig: Setting CVar [[r.SSS.SampleSet:2]]
[2020.12.03-11.52.18:686][  0]LogConfig: Setting CVar [[r.SSS.Quality:1]]
[2020.12.03-11.52.18:686][  0]LogConfig: Setting CVar [[r.SSS.HalfRes:0]]
[2020.12.03-11.52.18:686][  0]LogConfig: Setting CVar [[r.SSGI.Quality:3]]
[2020.12.03-11.52.18:686][  0]LogConfig: Setting CVar [[r.EmitterSpawnRateScale:1.0]]
[2020.12.03-11.52.18:686][  0]LogConfig: Setting CVar [[r.ParticleLightQuality:2]]
[2020.12.03-11.52.18:686][  0]LogConfig: Setting CVar [[r.SkyAtmosphere.AerialPerspectiveLUT.FastApplyOnOpaque:1 ; Always have FastSkyLUT 1 in this case to avoid wrong sky]]
[2020.12.03-11.52.18:686][  0]LogConfig: Setting CVar [[r.SkyAtmosphere.AerialPerspectiveLUT.SampleCountPerSlice:1]]
[2020.12.03-11.52.18:686][  0]LogConfig: Setting CVar [[r.SkyAtmosphere.AerialPerspectiveLUT.DepthResolution:16.0]]
[2020.12.03-11.52.18:686][  0]LogConfig: Setting CVar [[r.SkyAtmosphere.FastSkyLUT:1]]
[2020.12.03-11.52.18:686][  0]LogConfig: Setting CVar [[r.SkyAtmosphere.FastSkyLUT.SampleCountMin:4.0]]
[2020.12.03-11.52.18:686][  0]LogConfig: Setting CVar [[r.SkyAtmosphere.FastSkyLUT.SampleCountMax:32.0]]
[2020.12.03-11.52.18:686][  0]LogConfig: Setting CVar [[r.SkyAtmosphere.SampleCountMin:4.0]]
[2020.12.03-11.52.18:686][  0]LogConfig: Setting CVar [[r.SkyAtmosphere.SampleCountMax:32.0]]
[2020.12.03-11.52.18:686][  0]LogConfig: Setting CVar [[r.SkyAtmosphere.TransmittanceLUT.UseSmallFormat:0]]
[2020.12.03-11.52.18:686][  0]LogConfig: Setting CVar [[r.SkyAtmosphere.TransmittanceLUT.SampleCount:10.0]]
[2020.12.03-11.52.18:686][  0]LogConfig: Setting CVar [[r.SkyAtmosphere.MultiScatteringLUT.SampleCount:15.0]]
[2020.12.03-11.52.18:686][  0]LogConfig: Applying CVar settings from Section [FoliageQuality@3] File [D:/PPP/TheTravelersJourney/Saved/Config/Windows/Scalability.ini]
[2020.12.03-11.52.18:686][  0]LogConfig: Setting CVar [[foliage.DensityScale:1.0]]
[2020.12.03-11.52.18:686][  0]LogConfig: Setting CVar [[grass.DensityScale:1.0]]
[2020.12.03-11.52.18:686][  0]LogConfig: Applying CVar settings from Section [ShadingQuality@3] File [D:/PPP/TheTravelersJourney/Saved/Config/Windows/Scalability.ini]
[2020.12.03-11.52.18:686][  0]LogConfig: Setting CVar [[r.HairStrands.SkyLighting.SampleCount:16]]
[2020.12.03-11.52.18:686][  0]LogConfig: Setting CVar [[r.HairStrands.SkyLighting.JitterIntegration:0]]
[2020.12.03-11.52.18:686][  0]LogConfig: Setting CVar [[r.HairStrands.SkyAO.SampleCount:16]]
[2020.12.03-11.52.18:686][  0]LogConfig: Setting CVar [[r.HairStrands.DeepShadow.SuperSampling:0]]
[2020.12.03-11.52.18:686][  0]LogConfig: Setting CVar [[r.HairStrands.VisibilityPPLL:0]]
[2020.12.03-11.52.18:686][  0]LogConfig: Setting CVar [[r.HairStrands.RasterizationScale:0.5]]
[2020.12.03-11.52.18:686][  0]LogConfig: Setting CVar [[r.HairStrands.VelocityRasterizationScale:1]]
[2020.12.03-11.52.18:686][  0]LogInit: Selected Device Profile: [Windows]
[2020.12.03-11.52.18:686][  0]LogInit: Applying CVar settings loaded from the selected device profile: [Windows]
[2020.12.03-11.52.18:686][  0]LogHAL: Display: Platform has ~ 16 GB [17137127424 / 17179869184 / 16], which maps to Larger [LargestMinGB=32, LargerMinGB=12, DefaultMinGB=8, SmallerMinGB=6, SmallestMinGB=0)
[2020.12.03-11.52.18:686][  0]LogInit: Going up to parent DeviceProfile []
[2020.12.03-11.52.18:686][  0]LogConfig: Applying CVar settings from Section [ViewDistanceQuality@Cine] File [D:/PPP/TheTravelersJourney/Saved/Config/Windows/Scalability.ini]
[2020.12.03-11.52.18:686][  0]LogConfig: Setting CVar [[r.SkeletalMeshLODBias:0]]
[2020.12.03-11.52.18:686][  0]LogConfig: Setting CVar [[r.ViewDistanceScale:10.0]]
[2020.12.03-11.52.18:686][  0]LogConfig: Applying CVar settings from Section [AntiAliasingQuality@Cine] File [D:/PPP/TheTravelersJourney/Saved/Config/Windows/Scalability.ini]
[2020.12.03-11.52.18:686][  0]LogConfig: Setting CVar [[r.PostProcessAAQuality:6]]
[2020.12.03-11.52.18:686][  0]LogConfig: Applying CVar settings from Section [ShadowQuality@Cine] File [D:/PPP/TheTravelersJourney/Saved/Config/Windows/Scalability.ini]
[2020.12.03-11.52.18:686][  0]LogConfig: Setting CVar [[r.LightFunctionQuality:1]]
[2020.12.03-11.52.18:686][  0]LogConfig: Setting CVar [[r.ShadowQuality:5]]
[2020.12.03-11.52.18:686][  0]LogConfig: Setting CVar [[r.Shadow.CSM.MaxCascades:10]]
[2020.12.03-11.52.18:687][  0]LogConfig: Setting CVar [[r.Shadow.MaxResolution:4096]]
[2020.12.03-11.52.18:687][  0]LogConfig: Setting CVar [[r.Shadow.MaxCSMResolution:4096]]
[2020.12.03-11.52.18:687][  0]LogConfig: Setting CVar [[r.Shadow.RadiusThreshold:0]]
[2020.12.03-11.52.18:687][  0]LogConfig: Setting CVar [[r.Shadow.DistanceScale:1.0]]
[2020.12.03-11.52.18:687][  0]LogConfig: Setting CVar [[r.Shadow.CSM.TransitionScale:1.0]]
[2020.12.03-11.52.18:687][  0]LogConfig: Setting CVar [[r.Shadow.PreShadowResolutionFactor:1.0]]
[2020.12.03-11.52.18:687][  0]LogConfig: Setting CVar [[r.DistanceFieldShadowing:1]]
[2020.12.03-11.52.18:687][  0]LogConfig: Setting CVar [[r.DistanceFieldAO:1]]
[2020.12.03-11.52.18:687][  0]LogConfig: Setting CVar [[r.AOQuality:2]]
[2020.12.03-11.52.18:687][  0]LogConfig: Setting CVar [[r.VolumetricFog:1]]
[2020.12.03-11.52.18:687][  0]LogConfig: Setting CVar [[r.VolumetricFog.GridPixelSize:4]]
[2020.12.03-11.52.18:687][  0]LogConfig: Setting CVar [[r.VolumetricFog.GridSizeZ:128]]
[2020.12.03-11.52.18:687][  0]LogConfig: Setting CVar [[r.VolumetricFog.HistoryMissSupersampleCount:16]]
[2020.12.03-11.52.18:687][  0]LogConfig: Setting CVar [[r.LightMaxDrawDistanceScale:1]]
[2020.12.03-11.52.18:687][  0]LogConfig: Setting CVar [[r.CapsuleShadows:1]]
[2020.12.03-11.52.18:687][  0]LogConfig: Applying CVar settings from Section [PostProcessQuality@Cine] File [D:/PPP/TheTravelersJourney/Saved/Config/Windows/Scalability.ini]
[2020.12.03-11.52.18:687][  0]LogConfig: Setting CVar [[r.MotionBlurQuality:4]]
[2020.12.03-11.52.18:687][  0]LogConfig: Setting CVar [[r.AmbientOcclusionMipLevelFactor:0.4]]
[2020.12.03-11.52.18:687][  0]LogConfig: Setting CVar [[r.AmbientOcclusionMaxQuality:100]]
[2020.12.03-11.52.18:687][  0]LogConfig: Setting CVar [[r.AmbientOcclusionLevels:-1]]
[2020.12.03-11.52.18:687][  0]LogConfig: Setting CVar [[r.AmbientOcclusionRadiusScale:1.0]]
[2020.12.03-11.52.18:687][  0]LogConfig: Setting CVar [[r.DepthOfFieldQuality:4]]
[2020.12.03-11.52.18:687][  0]LogConfig: Setting CVar [[r.RenderTargetPoolMin:1000]]
[2020.12.03-11.52.18:687][  0]LogConfig: Setting CVar [[r.LensFlareQuality:3]]
[2020.12.03-11.52.18:687][  0]LogConfig: Setting CVar [[r.SceneColorFringeQuality:1]]
[2020.12.03-11.52.18:687][  0]LogConfig: Setting CVar [[r.EyeAdaptationQuality:2]]
[2020.12.03-11.52.18:687][  0]LogConfig: Setting CVar [[r.BloomQuality:5]]
[2020.12.03-11.52.18:687][  0]LogConfig: Setting CVar [[r.FastBlurThreshold:100]]
[2020.12.03-11.52.18:687][  0]LogConfig: Setting CVar [[r.Upscale.Quality:3]]
[2020.12.03-11.52.18:687][  0]LogConfig: Setting CVar [[r.Tonemapper.GrainQuantization:1]]
[2020.12.03-11.52.18:687][  0]LogConfig: Setting CVar [[r.LightShaftQuality:1]]
[2020.12.03-11.52.18:687][  0]LogConfig: Setting CVar [[r.Filter.SizeScale:1]]
[2020.12.03-11.52.18:687][  0]LogConfig: Setting CVar [[r.Tonemapper.Quality:5]]
[2020.12.03-11.52.18:687][  0]LogConfig: Setting CVar [[r.DOF.Gather.AccumulatorQuality:1        ; higher gathering accumulator quality]]
[2020.12.03-11.52.18:687][  0]LogConfig: Setting CVar [[r.DOF.Gather.PostfilterMethod:1          ; Median3x3 postfilering method]]
[2020.12.03-11.52.18:687][  0]LogConfig: Setting CVar [[r.DOF.Gather.EnableBokehSettings:1       ; bokeh simulation when gathering]]
[2020.12.03-11.52.18:687][  0]LogConfig: Setting CVar [[r.DOF.Gather.RingCount:5                 ; high number of samples when gathering]]
[2020.12.03-11.52.18:687][  0]LogConfig: Setting CVar [[r.DOF.Scatter.ForegroundCompositing:1    ; additive foreground scattering]]
[2020.12.03-11.52.18:687][  0]LogConfig: Setting CVar [[r.DOF.Scatter.BackgroundCompositing:2    ; background scattering occlusion]]
[2020.12.03-11.52.18:687][  0]LogConfig: Setting CVar [[r.DOF.Scatter.EnableBokehSettings:1      ; no bokeh simulation when scattering]]
[2020.12.03-11.52.18:687][  0]LogConfig: Setting CVar [[r.DOF.Scatter.MaxSpriteRatio:0.25        ; only a maximum of 10% of scattered bokeh]]
[2020.12.03-11.52.18:687][  0]LogConfig: Setting CVar [[r.DOF.Recombine.Quality:2                ; highest slight out of focus]]
[2020.12.03-11.52.18:687][  0]LogConfig: Setting CVar [[r.DOF.Recombine.EnableBokehSettings:1    ; bokeh simulation on slight out of focus]]
[2020.12.03-11.52.18:687][  0]LogConfig: Setting CVar [[r.DOF.TemporalAAQuality:1                ; more stable temporal accumulation]]
[2020.12.03-11.52.18:687][  0]LogConfig: Setting CVar [[r.DOF.Kernel.MaxForegroundRadius:0.025]]
[2020.12.03-11.52.18:687][  0]LogConfig: Setting CVar [[r.DOF.Kernel.MaxBackgroundRadius:0.025]]
[2020.12.03-11.52.18:687][  0]LogConfig: Applying CVar settings from Section [TextureQuality@Cine] File [D:/PPP/TheTravelersJourney/Saved/Config/Windows/Scalability.ini]
[2020.12.03-11.52.18:687][  0]LogConfig: Setting CVar [[r.Streaming.MipBias:0]]
[2020.12.03-11.52.18:687][  0]LogConfig: Setting CVar [[r.Streaming.AmortizeCPUToGPUCopy:0]]
[2020.12.03-11.52.18:687][  0]LogConfig: Setting CVar [[r.Streaming.MaxNumTexturesToStreamPerFrame:0]]
[2020.12.03-11.52.18:687][  0]LogConfig: Setting CVar [[r.Streaming.Boost:1]]
[2020.12.03-11.52.18:687][  0]LogConfig: Setting CVar [[r.MaxAnisotropy:8]]
[2020.12.03-11.52.18:687][  0]LogConfig: Setting CVar [[r.VT.MaxAnisotropy:8]]
[2020.12.03-11.52.18:687][  0]LogConfig: Setting CVar [[r.Streaming.LimitPoolSizeToVRAM:0]]
[2020.12.03-11.52.18:687][  0]LogConfig: Setting CVar [[r.Streaming.PoolSize:3000]]
[2020.12.03-11.52.18:687][  0]LogConfig: Setting CVar [[r.Streaming.MaxEffectiveScreenSize:0]]
[2020.12.03-11.52.18:687][  0]LogConfig: Applying CVar settings from Section [EffectsQuality@Cine] File [D:/PPP/TheTravelersJourney/Saved/Config/Windows/Scalability.ini]
[2020.12.03-11.52.18:687][  0]LogConfig: Setting CVar [[r.TranslucencyLightingVolumeDim:64]]
[2020.12.03-11.52.18:687][  0]LogConfig: Setting CVar [[r.RefractionQuality:2]]
[2020.12.03-11.52.18:687][  0]LogConfig: Setting CVar [[r.SSR.Quality:4]]
[2020.12.03-11.52.18:687][  0]LogConfig: Setting CVar [[r.SSR.HalfResSceneColor:0]]
[2020.12.03-11.52.18:687][  0]LogConfig: Setting CVar [[r.SceneColorFormat:4]]
[2020.12.03-11.52.18:687][  0]LogConfig: Setting CVar [[r.DetailMode:2]]
[2020.12.03-11.52.18:687][  0]LogConfig: Setting CVar [[r.TranslucencyVolumeBlur:1]]
[2020.12.03-11.52.18:687][  0]LogConfig: Setting CVar [[r.MaterialQualityLevel:1 ; High quality]]
[2020.12.03-11.52.18:688][  0]LogConfig: Setting CVar [[r.SSS.Scale:1]]
[2020.12.03-11.52.18:688][  0]LogConfig: Setting CVar [[r.SSS.SampleSet:2]]
[2020.12.03-11.52.18:688][  0]LogConfig: Setting CVar [[r.SSS.Quality:1]]
[2020.12.03-11.52.18:688][  0]LogConfig: Setting CVar [[r.SSS.HalfRes:0]]
[2020.12.03-11.52.18:688][  0]LogConfig: Setting CVar [[r.SSGI.Quality:4]]
[2020.12.03-11.52.18:688][  0]LogConfig: Setting CVar [[r.EmitterSpawnRateScale:1.0]]
[2020.12.03-11.52.18:688][  0]LogConfig: Setting CVar [[r.ParticleLightQuality:2]]
[2020.12.03-11.52.18:688][  0]LogConfig: Setting CVar [[r.SkyAtmosphere.AerialPerspectiveLUT.FastApplyOnOpaque:0]]
[2020.12.03-11.52.18:688][  0]LogConfig: Setting CVar [[r.SkyAtmosphere.AerialPerspectiveLUT.SampleCountPerSlice:2]]
[2020.12.03-11.52.18:688][  0]LogConfig: Setting CVar [[r.SkyAtmosphere.AerialPerspectiveLUT.DepthResolution:32.0]]
[2020.12.03-11.52.18:688][  0]LogConfig: Setting CVar [[r.SkyAtmosphere.FastSkyLUT:0]]
[2020.12.03-11.52.18:688][  0]LogConfig: Setting CVar [[r.SkyAtmosphere.FastSkyLUT.SampleCountMin:4.0]]
[2020.12.03-11.52.18:688][  0]LogConfig: Setting CVar [[r.SkyAtmosphere.FastSkyLUT.SampleCountMax:32.0]]
[2020.12.03-11.52.18:688][  0]LogConfig: Setting CVar [[r.SkyAtmosphere.SampleCountMin:8.0]]
[2020.12.03-11.52.18:688][  0]LogConfig: Setting CVar [[r.SkyAtmosphere.SampleCountMax:32.0]]
[2020.12.03-11.52.18:688][  0]LogConfig: Setting CVar [[r.SkyAtmosphere.TransmittanceLUT.UseSmallFormat:0]]
[2020.12.03-11.52.18:688][  0]LogConfig: Setting CVar [[r.SkyAtmosphere.TransmittanceLUT.SampleCount:30.0]]
[2020.12.03-11.52.18:688][  0]LogConfig: Setting CVar [[r.SkyAtmosphere.MultiScatteringLUT.SampleCount:20.0]]
[2020.12.03-11.52.18:688][  0]LogConfig: Applying CVar settings from Section [FoliageQuality@Cine] File [D:/PPP/TheTravelersJourney/Saved/Config/Windows/Scalability.ini]
[2020.12.03-11.52.18:688][  0]LogConfig: Setting CVar [[foliage.DensityScale:1.0]]
[2020.12.03-11.52.18:688][  0]LogConfig: Setting CVar [[grass.DensityScale:1.0]]
[2020.12.03-11.52.18:688][  0]LogConfig: Applying CVar settings from Section [ShadingQuality@Cine] File [D:/PPP/TheTravelersJourney/Saved/Config/Windows/Scalability.ini]
[2020.12.03-11.52.18:688][  0]LogConfig: Setting CVar [[r.HairStrands.SkyLighting.SampleCount:64]]
[2020.12.03-11.52.18:688][  0]LogConfig: Setting CVar [[r.HairStrands.SkyLighting.JitterIntegration:1]]
[2020.12.03-11.52.18:688][  0]LogConfig: Setting CVar [[r.HairStrands.SkyAO.SampleCount:32]]
[2020.12.03-11.52.18:688][  0]LogConfig: Setting CVar [[r.HairStrands.DeepShadow.SuperSampling:1]]
[2020.12.03-11.52.18:688][  0]LogConfig: Setting CVar [[r.HairStrands.RasterizationScale:1]]
[2020.12.03-11.52.18:688][  0]LogConfig: Setting CVar [[r.HairStrands.VelocityRasterizationScale:1]]
[2020.12.03-11.52.18:688][  0]LogConfig: Setting CVar [[r.HairStrands.VisibilityPPLL:1]]
[2020.12.03-11.52.18:688][  0]LogConfig: Applying CVar settings from Section [Startup] File [../../../Engine/Config/ConsoleVariables.ini]
[2020.12.03-11.52.18:688][  0]LogConfig: Setting CVar [[net.UseAdaptiveNetUpdateFrequency:0]]
[2020.12.03-11.52.18:688][  0]LogConfig: Setting CVar [[p.chaos.AllowCreatePhysxBodies:1]]
[2020.12.03-11.52.18:688][  0]LogConfig: Setting CVar [[fx.SkipVectorVMBackendOptimizations:1]]
[2020.12.03-11.52.18:688][  0]LogConfig: Applying CVar settings from Section [ConsoleVariables] File [D:/PPP/TheTravelersJourney/Saved/Config/Windows/Engine.ini]
[2020.12.03-11.52.18:688][  0]LogInit: Computer: SIEJEMAAN
[2020.12.03-11.52.18:688][  0]LogInit: User: simon
[2020.12.03-11.52.18:688][  0]LogInit: CPU Page size=4096, Cores=4
[2020.12.03-11.52.18:688][  0]LogInit: High frequency timer resolution =10.000000 MHz
[2020.12.03-11.52.18:689][  0]LogMemory: Memory total: Physical=16.0GB (16GB approx)
[2020.12.03-11.52.18:689][  0]LogMemory: Platform Memory Stats for Windows
[2020.12.03-11.52.18:689][  0]LogMemory: Process Physical Memory: 116.25 MB used, 116.25 MB peak
[2020.12.03-11.52.18:689][  0]LogMemory: Process Virtual Memory: 97.32 MB used, 97.32 MB peak
[2020.12.03-11.52.18:689][  0]LogMemory: Physical Memory: 6441.73 MB used,  9901.51 MB free, 16343.24 MB total
[2020.12.03-11.52.18:689][  0]LogMemory: Virtual Memory: 5096.17 MB used,  134212632.00 MB free, 134217728.00 MB total
[2020.12.03-11.52.18:695][  0]LogWindows: WindowsPlatformFeatures enabled
[2020.12.03-11.52.18:748][  0]LogInit: Physics initialised using underlying interface: PhysX
[2020.12.03-11.52.18:751][  0]LogInit: Using OS detected language (nl-NL).
[2020.12.03-11.52.18:751][  0]LogInit: Using OS detected locale (nl-BE).
[2020.12.03-11.52.18:752][  0]LogTextLocalizationManager: No localization for 'nl-NL' exists, so 'en' will be used for the language.
[2020.12.03-11.52.18:921][  0]LogInit: Setting process to per monitor DPI aware
[2020.12.03-11.52.18:947][  0]LogSlate: New Slate User Created.  User Index 0, Is Virtual User: 0
[2020.12.03-11.52.18:947][  0]LogSlate: Slate User Registered.  User Index 0, Is Virtual User: 0
[2020.12.03-11.52.19:091][  0]LogHMD: Failed to initialize OpenVR with code 110
[2020.12.03-11.52.19:091][  0]LogD3D11RHI: D3D11 min allowed feature level: 11_0
[2020.12.03-11.52.19:091][  0]LogD3D11RHI: D3D11 max allowed feature level: 11_0
[2020.12.03-11.52.19:091][  0]LogD3D11RHI: D3D11 adapters:
[2020.12.03-11.52.19:179][  0]LogD3D11RHI:    0. 'NVIDIA GeForce GTX 1070' (Feature Level 11_0)
[2020.12.03-11.52.19:179][  0]LogD3D11RHI:       8088/0/8171 MB DedicatedVideo/DedicatedSystem/SharedSystem, Outputs:2, VendorId:0x10de
[2020.12.03-11.52.19:181][  0]LogD3D11RHI:    1. 'Microsoft Basic Render Driver' (Feature Level 11_0)
[2020.12.03-11.52.19:181][  0]LogD3D11RHI:       0/0/8171 MB DedicatedVideo/DedicatedSystem/SharedSystem, Outputs:0, VendorId:0x1414
[2020.12.03-11.52.19:181][  0]LogD3D11RHI: Chosen D3D11 Adapter: 0
[2020.12.03-11.52.19:187][  0]LogD3D11RHI: Creating new Direct3DDevice
[2020.12.03-11.52.19:187][  0]LogD3D11RHI:     GPU DeviceId: 0x1b81 (for the marketing name, search the web for "GPU Device Id")
[2020.12.03-11.52.19:187][  0]LogWindows: EnumDisplayDevices:
[2020.12.03-11.52.19:188][  0]LogWindows:    0. 'NVIDIA GeForce GTX 1070' (P:0 D:1)
[2020.12.03-11.52.19:188][  0]LogWindows:    1. 'NVIDIA GeForce GTX 1070' (P:1 D:1)
[2020.12.03-11.52.19:188][  0]LogWindows:    2. 'NVIDIA GeForce GTX 1070' (P:0 D:0)
[2020.12.03-11.52.19:189][  0]LogWindows:    3. 'NVIDIA GeForce GTX 1070' (P:0 D:0)
[2020.12.03-11.52.19:189][  0]LogWindows: DebugString: FoundDriverCount:4 
[2020.12.03-11.52.19:189][  0]LogD3D11RHI:     Adapter Name: NVIDIA GeForce GTX 1070
[2020.12.03-11.52.19:189][  0]LogD3D11RHI:   Driver Version: 456.71 (internal:27.21.14.5671, unified:456.71)
[2020.12.03-11.52.19:189][  0]LogD3D11RHI:      Driver Date: 9-30-2020
[2020.12.03-11.52.19:189][  0]LogRHI: Texture pool is 5661 MB (70% of 8088 MB)
[2020.12.03-11.52.19:241][  0]LogD3D11RHI: RHI has support for 64 bit atomics
[2020.12.03-11.52.19:241][  0]LogD3D11RHI: Async texture creation enabled
[2020.12.03-11.52.19:241][  0]LogD3D11RHI: Array index from any shader is supported
[2020.12.03-11.52.19:266][  0]LogD3D11RHI: GPU Timing Frequency: 1000.000000 (Debug: 2 1)
[2020.12.03-11.52.19:703][  0]LogTargetPlatformManager: Display: Loaded TargetPlatform 'AllDesktop'
[2020.12.03-11.52.19:722][  0]LogTargetPlatformManager: Display: Loaded TargetPlatform 'Android'
[2020.12.03-11.52.19:722][  0]LogTargetPlatformManager: Display: Loaded TargetPlatform 'Android_ASTC'
[2020.12.03-11.52.19:722][  0]LogTargetPlatformManager: Display: Loaded TargetPlatform 'Android_DXT'
[2020.12.03-11.52.19:722][  0]LogTargetPlatformManager: Display: Loaded TargetPlatform 'Android_ETC2'
[2020.12.03-11.52.19:722][  0]LogTargetPlatformManager: Display: Loaded TargetPlatform 'AndroidClient'
[2020.12.03-11.52.19:722][  0]LogTargetPlatformManager: Display: Loaded TargetPlatform 'Android_ASTCClient'
[2020.12.03-11.52.19:722][  0]LogTargetPlatformManager: Display: Loaded TargetPlatform 'Android_DXTClient'
[2020.12.03-11.52.19:722][  0]LogTargetPlatformManager: Display: Loaded TargetPlatform 'Android_ETC2Client'
[2020.12.03-11.52.19:722][  0]LogTargetPlatformManager: Display: Loaded TargetPlatform 'Android_Multi'
[2020.12.03-11.52.19:722][  0]LogTargetPlatformManager: Display: Loaded TargetPlatform 'Android_MultiClient'
[2020.12.03-11.52.19:743][  0]LogTargetPlatformManager: Display: Loaded TargetPlatform 'IOSClient'
[2020.12.03-11.52.19:743][  0]LogTargetPlatformManager: Display: Loaded TargetPlatform 'IOS'
[2020.12.03-11.52.19:751][  0]LogTargetPlatformManager: Display: Loaded TargetPlatform 'Linux'
[2020.12.03-11.52.19:759][  0]LogTargetPlatformManager: Display: Loaded TargetPlatform 'LinuxNoEditor'
[2020.12.03-11.52.19:767][  0]LogTargetPlatformManager: Display: Loaded TargetPlatform 'LinuxClient'
[2020.12.03-11.52.19:775][  0]LogTargetPlatformManager: Display: Loaded TargetPlatform 'LinuxServer'
[2020.12.03-11.52.19:782][  0]LogTargetPlatformManager: Display: Loaded TargetPlatform 'LinuxAArch64NoEditor'
[2020.12.03-11.52.19:790][  0]LogTargetPlatformManager: Display: Loaded TargetPlatform 'LinuxAArch64Client'
[2020.12.03-11.52.19:798][  0]LogTargetPlatformManager: Display: Loaded TargetPlatform 'LinuxAArch64Server'
[2020.12.03-11.52.19:820][  0]LogTargetPlatformManager: Display: Loaded TargetPlatform 'Lumin'
[2020.12.03-11.52.19:820][  0]LogTargetPlatformManager: Display: Loaded TargetPlatform 'LuminClient'
[2020.12.03-11.52.19:833][  0]LogTargetPlatformManager: Display: Loaded TargetPlatform 'TVOSClient'
[2020.12.03-11.52.19:833][  0]LogTargetPlatformManager: Display: Loaded TargetPlatform 'TVOS'
[2020.12.03-11.52.19:841][  0]LogTargetPlatformManager: Display: Loaded TargetPlatform 'WindowsNoEditor'
[2020.12.03-11.52.19:849][  0]LogTargetPlatformManager: Display: Loaded TargetPlatform 'Windows'
[2020.12.03-11.52.19:857][  0]LogTargetPlatformManager: Display: Loaded TargetPlatform 'WindowsClient'
[2020.12.03-11.52.19:864][  0]LogTargetPlatformManager: Display: Loaded TargetPlatform 'WindowsServer'
[2020.12.03-11.52.19:864][  0]LogTargetPlatformManager: Display: Building Assets For Windows
[2020.12.03-11.52.19:871][  0]LogAudioDebug: Display: Lib vorbis DLL was dynamically loaded.
[2020.12.03-11.52.19:922][  0]LogShaderCompilers: Guid format shader working directory is 7 characters bigger than the processId version (../../../../../PPP/TheTravelersJourney/Intermediate/Shaders/WorkingDirectory/14104/).
[2020.12.03-11.52.19:922][  0]LogShaderCompilers: Cleaned the shader compiler working directory 'C:/Users/simon/AppData/Local/Temp/UnrealShaderWorkingDir/762F6E8248DBCCDB59C23C8F22274647/'.
[2020.12.03-11.52.19:922][  0]LogXGEController: Cleaning working directory: C:/Users/simon/AppData/Local/Temp/UnrealXGEWorkingDir/
[2020.12.03-11.52.19:922][  0]LogXGEController: Cannot use XGE Controller as Incredibuild is not installed on this machine.
[2020.12.03-11.52.19:923][  0]LogShaderCompilers: Cannot use XGE Shader Compiler as Incredibuild is not installed on this machine.
[2020.12.03-11.52.19:923][  0]LogShaderCompilers: Display: Using Local Shader Compiler.
[2020.12.03-11.52.20:574][  0]LogDerivedDataCache: Display: Max Cache Size: 512 MB
[2020.12.03-11.52.20:620][  0]LogDerivedDataCache: Loaded boot cache 0.05s 76MB C:/Users/simon/AppData/Local/UnrealEngine/4.25/DerivedDataCache/Boot.ddc.
[2020.12.03-11.52.20:620][  0]LogDerivedDataCache: Display: Loaded Boot cache: C:/Users/simon/AppData/Local/UnrealEngine/4.25/DerivedDataCache/Boot.ddc
[2020.12.03-11.52.20:620][  0]LogDerivedDataCache: FDerivedDataBackendGraph:  Pak pak cache file ../../../../../PPP/TheTravelersJourney/DerivedDataCache/DDC.ddp not found, will not use a pak cache.
[2020.12.03-11.52.20:620][  0]LogDerivedDataCache: Unable to find inner node Pak for hierarchical cache Hierarchy.
[2020.12.03-11.52.20:620][  0]LogDerivedDataCache: FDerivedDataBackendGraph:  CompressedPak pak cache file ../../../../../PPP/TheTravelersJourney/DerivedDataCache/Compressed.ddp not found, will not use a pak cache.
[2020.12.03-11.52.20:620][  0]LogDerivedDataCache: Unable to find inner node CompressedPak for hierarchical cache Hierarchy.
[2020.12.03-11.52.20:629][  0]LogDerivedDataCache: Display: Pak cache opened for reading ../../../Engine/DerivedDataCache/Compressed.ddp.
[2020.12.03-11.52.20:629][  0]LogDerivedDataCache: FDerivedDataBackendGraph:  EnterprisePak pak cache file ../../../Enterprise/DerivedDataCache/Compressed.ddp not found, will not use a pak cache.
[2020.12.03-11.52.20:629][  0]LogDerivedDataCache: Unable to find inner node EnterprisePak for hierarchical cache Hierarchy.
[2020.12.03-11.52.20:630][  0]LogDerivedDataCache: Using Local data cache path C:/Users/simon/AppData/Local/UnrealEngine/Common/DerivedDataCache: Writable
[2020.12.03-11.52.20:630][  0]LogDerivedDataCache: Shared data cache path not found in *engine.ini, will not use an Shared cache.
[2020.12.03-11.52.20:630][  0]LogDerivedDataCache: Unable to find inner node Shared for hierarchical cache Hierarchy.
[2020.12.03-11.52.20:672][  0]LogSlate: Using FreeType 2.10.0
[2020.12.03-11.52.20:672][  0]LogSlate: SlateFontServices - WITH_FREETYPE: 1, WITH_HARFBUZZ: 1
[2020.12.03-11.52.20:698][  0]LogAssetRegistry: FAssetRegistry took 0.0021 seconds to start up
[2020.12.03-11.52.20:888][  0]LogInit: Selected Device Profile: [Windows]
[2020.12.03-11.52.20:982][  0]LogMeshReduction: Using QuadricMeshReduction for automatic static mesh reduction
[2020.12.03-11.52.20:982][  0]LogMeshReduction: Using SimplygonMeshReduction for automatic skeletal mesh reduction
[2020.12.03-11.52.20:982][  0]LogMeshReduction: Using ProxyLODMeshReduction for automatic mesh merging
[2020.12.03-11.52.20:982][  0]LogMeshReduction: No distributed automatic mesh merging module available
[2020.12.03-11.52.20:982][  0]LogMeshMerging: No distributed automatic mesh merging module available
[2020.12.03-11.52.20:997][  0]LogNetVersion: TheTravelersJourney 1.0.0, NetCL: 13144385, EngineNetVer: 14, GameNetVer: 0 (Checksum: 941444678)
[2020.12.03-11.52.21:410][  0]LogAISub: UAISubsystem::UAISubsystem AISubsystem (000001D7867EC380), frame # 0
[2020.12.03-11.52.21:410][  0]LogAISub: UAISubsystem::UAISubsystem AIPerceptionSystem (000001D78671EAC0), frame # 0
[2020.12.03-11.52.21:412][  0]LogAISub: UAISubsystem::UAISubsystem EnvQueryManager (000001D786771E00), frame # 0
[2020.12.03-11.52.21:443][  0]LogPackageLocalizationCache: Processed 19 localized package path(s) for 1 prioritized culture(s) in 0.025936 seconds
[2020.12.03-11.52.21:447][  0]LogUObjectArray: 15917 objects as part of root set at end of initial load.
[2020.12.03-11.52.21:447][  0]LogUObjectAllocator: 3965568 out of 0 bytes used by permanent object pool.
[2020.12.03-11.52.21:447][  0]LogUObjectArray: CloseDisregardForGC: 0/0 objects in disregard for GC pool
[2020.12.03-11.52.21:729][  0]LogTcpMessaging: Initializing TcpMessaging bridge
[2020.12.03-11.52.21:732][  0]LogUdpMessaging: Initializing bridge on interface 0.0.0.0:0 to multicast group 230.0.0.1:6666.
[2020.12.03-11.52.21:733][  0]FUdpSocketBuilder: Failed to subscribe UdpMessageMulticastSocket to multicast group 230.0.0.1 on interface 0.0.0.0
[2020.12.03-11.52.21:733][  0]FUdpSocketBuilder: Failed to create and initialize socket UdpMessageMulticastSocket (last error: 0)
[2020.12.03-11.52.21:733][  0]LogUdpMessaging: Warning: StartTransport failed to create multicast socket on 0.0.0.0:0, joined to 230.0.0.1:6666 with TTL 1
[2020.12.03-11.52.21:762][  0]LogScript: Warning: Script Msg: A null object was passed as a world context object to UEngine::GetWorldFromContextObject().
[2020.12.03-11.52.21:807][  0]SourceControl: Source control is disabled
[2020.12.03-11.52.21:807][  0]SourceControl: Source control is disabled
[2020.12.03-11.52.21:810][  0]SourceControl: Source control is disabled
[2020.12.03-11.52.21:812][  0]SourceControl: Source control is disabled
[2020.12.03-11.52.21:819][  0]SourceControl: Source control is disabled
[2020.12.03-11.52.22:018][  0]LogAndroidPermission: UAndroidPermissionCallbackProxy::GetInstance
[2020.12.03-11.52.22:036][  0]LogAudioCaptureCore: Display: No Audio Capture implementations found. Audio input will be silent.
[2020.12.03-11.52.22:036][  0]LogAudioCaptureCore: Display: No Audio Capture implementations found. Audio input will be silent.
[2020.12.03-11.52.22:076][  0]LogOcInput: OculusInput pre-init called
[2020.12.03-11.52.22:085][  0]LogWindows: Failed to load 'OVRPlugin.dll' (GetLastError=126)
[2020.12.03-11.52.22:085][  0]LogWindows: File 'OVRPlugin.dll' does not exist
[2020.12.03-11.52.22:136][  0]LogEngine: Initializing Engine...
[2020.12.03-11.52.22:138][  0]LogHMD: Failed to initialize OpenVR with code 110
[2020.12.03-11.52.22:138][  0]LogMagicLeap: Warning: VR disabled because ZI is not enabled.  To enable, in the editor, Edit -> Project Settings -> Plugins -> Magic Leap Plugin -> Enable Zero Iteration
[2020.12.03-11.52.22:139][  0]LogStats: UGameplayTagsManager::InitializeManager -  0.000 s
[2020.12.03-11.52.22:238][  0]LogInit: Initializing FReadOnlyCVARCache
[2020.12.03-11.52.22:246][  0]LogAIModule: Creating AISystem for world Untitled
[2020.12.03-11.52.22:247][  0]LogAISub: UAISubsystem::UAISubsystem EnvQueryManager (000001D78951BC00), frame # 0
[2020.12.03-11.52.22:247][  0]LogAISub: UAISubsystem::UAISubsystem AIPerceptionSystem (000001D789517B00), frame # 0
[2020.12.03-11.52.22:259][  0]LogAudioMixer: Display: Audio Mixer Platform Settings:
[2020.12.03-11.52.22:259][  0]LogAudioMixer: Display: 	Sample Rate:						  48000
[2020.12.03-11.52.22:259][  0]LogAudioMixer: Display: 	Callback Buffer Frame Size Requested: 1024
[2020.12.03-11.52.22:259][  0]LogAudioMixer: Display: 	Callback Buffer Frame Size To Use:	  1024
[2020.12.03-11.52.22:259][  0]LogAudioMixer: Display: 	Number of buffers to queue:			  2
[2020.12.03-11.52.22:259][  0]LogAudioMixer: Display: 	Max Channels (voices):				  32
[2020.12.03-11.52.22:259][  0]LogAudioMixer: Display: 	Number of Async Source Workers:		  0
[2020.12.03-11.52.22:259][  0]LogAudio: Display: AudioDevice MaxSources: 32
[2020.12.03-11.52.22:259][  0]LogAudio: Display: Using built-in audio occlusion.
[2020.12.03-11.52.22:259][  0]LogAudioMixer: Display: Initializing audio mixer.
[2020.12.03-11.52.22:274][  0]LogAudioMixer: Display: 0: FrontLeft
[2020.12.03-11.52.22:274][  0]LogAudioMixer: Display: 1: FrontRight
[2020.12.03-11.52.22:320][  0]LogAudioMixer: Display: Using Audio Device headset (Realtek High Definition Audio)
[2020.12.03-11.52.22:323][  0]LogAudioMixer: Display: Initializing Sound Submixes...
[2020.12.03-11.52.22:325][  0]LogAudioMixer: Display: Creating Master Submix 'MasterSubmixDefault'
[2020.12.03-11.52.22:325][  0]LogAudioMixer: Display: Creating Master Submix 'MasterReverbSubmixDefault'
[2020.12.03-11.52.22:326][  0]LogAudioMixer: Display: Creating Master Submix 'MasterEQSubmixDefault'
[2020.12.03-11.52.22:327][  0]LogInit: FAudioDevice initialized.
[2020.12.03-11.52.22:327][  0]LogNetVersion: Set ProjectVersion to 1.0.0.0. Version Checksum will be recalculated on next use.
[2020.12.03-11.52.22:479][  0]LogDerivedDataCache: Saved boot cache 0.15s 76MB C:/Users/simon/AppData/Local/UnrealEngine/4.25/DerivedDataCache/Boot.ddc.
[2020.12.03-11.52.22:483][  0]LogInit: Texture streaming: Enabled
[2020.12.03-11.52.22:500][  0]LogEngineSessionManager: EngineSessionManager initialized
[2020.12.03-11.52.22:500][  0]LogEditorSessionSummary: Verbose: Initializing EditorSessionSummaryWriter for editor session tracking
[2020.12.03-11.52.22:509][  0]LogEditorSessionSummary: EditorSessionSummaryWriter initialized
[2020.12.03-11.52.22:545][  0]LogInit: Transaction tracking system initialized
[2020.12.03-11.52.22:564][  0]BlueprintLog: New page: Editor Load
[2020.12.03-11.52.22:635][  0]LocalizationService: Localization service is disabled
[2020.12.03-11.52.22:753][  0]LogCook: Display: Max memory allowance for cook 16384mb min free memory 0mb
[2020.12.03-11.52.22:753][  0]LogCook: Display: Mobile HDR setting 1
[2020.12.03-11.52.22:862][  0]LogFileCache: Scanning file cache for directory 'D:/PPP/TheTravelersJourney/Content/' took 0.01s
[2020.12.03-11.52.23:074][  0]SourceControl: Source control is disabled
[2020.12.03-11.52.23:074][  0]LogUnrealEdMisc: Loading editor; pre map load, took 6.522
[2020.12.03-11.52.23:074][  0]Cmd: MAP LOAD FILE="../../../../../PPP/TheTravelersJourney/Content/Levels/Level01.umap" TEMPLATE=0 SHOWPROGRESS=1 FEATURELEVEL=3
[2020.12.03-11.52.23:074][  0]LightingResults: New page: Lighting Build
[2020.12.03-11.52.23:075][  0]LogWorld: UWorld::CleanupWorld for Untitled, bSessionEnded=true, bCleanupResources=true
[2020.12.03-11.52.23:075][  0]LogSlate: InvalidateAllWidgets triggered.  All widgets were invalidated
[2020.12.03-11.52.23:075][  0]MapCheck: New page: Map Check
[2020.12.03-11.52.23:075][  0]LightingResults: New page: Lighting Build
[2020.12.03-11.52.23:082][  0]LogAISub: UAISubsystem::~UAISubsystem EnvQueryManager (000001D78951BC00), frame # 0
[2020.12.03-11.52.23:082][  0]LogAISub: UAISubsystem::~UAISubsystem AIPerceptionSystem (000001D789517B00), frame # 0
[2020.12.03-11.52.23:082][  0]LogUObjectHash: Compacting FUObjectHashTables data took   0.54ms
[2020.12.03-11.52.23:202][  0]LogScript: Warning: Script Msg: A null object was passed as a world context object to UEngine::GetWorldFromContextObject().
[2020.12.03-11.52.23:235][  0]LogScript: Warning: Script Msg: A null object was passed as a world context object to UEngine::GetWorldFromContextObject().
[2020.12.03-11.52.23:339][  0]LogBlueprint: Warning: [Compiler Ue4ASP_Character] InputAction Event references unknown Action 'Crouch' for  InputAction Crouch
[2020.12.03-11.52.23:339][  0]LogBlueprint: Warning: [Compiler Ue4ASP_Character] Input Axis Event references unknown Axis 'LookUp' for  InputAxis LookUp
[2020.12.03-11.52.23:339][  0]LogBlueprint: Warning: [Compiler Ue4ASP_Character] Input Axis Event references unknown Axis 'Turn' for  InputAxis Turn
[2020.12.03-11.52.23:356][  0]LogScript: Warning: Script Msg: A null object was passed as a world context object to UEngine::GetWorldFromContextObject().
[2020.12.03-11.52.24:157][  0]LogAIModule: Creating AISystem for world Level01
[2020.12.03-11.52.24:157][  0]LogAISub: UAISubsystem::UAISubsystem EnvQueryManager (000001D792ADDA00), frame # 0
[2020.12.03-11.52.24:157][  0]LogAISub: UAISubsystem::UAISubsystem AIPerceptionSystem (000001D792B3F100), frame # 0
[2020.12.03-11.52.24:439][  0]LogEditorServer: Finished looking for orphan Actors (0.000 secs)
[2020.12.03-11.52.24:669][  0]LogUObjectHash: Compacting FUObjectHashTables data took   1.14ms
[2020.12.03-11.52.24:669][  0]Cmd: MAP CHECKDEP NOCLEARLOG
[2020.12.03-11.52.24:670][  0]MapCheck: Map check complete: 0 Error(s), 0 Warning(s), took 0,13ms to complete.
[2020.12.03-11.52.24:670][  0]LogFileHelpers: Loading map 'Level01' took 1.596
[2020.12.03-11.52.24:672][  0]LogUnrealEdMisc: Total Editor Startup Time, took 8.120
[2020.12.03-11.52.24:795][  0]LogSlate: Updating window title bar state: overlay mode, drag disabled, window buttons hidden, title bar hidden
[2020.12.03-11.52.24:801][  0]LogSlate: Updating window title bar state: overlay mode, drag disabled, window buttons hidden, title bar hidden
[2020.12.03-11.52.24:808][  0]LogSlate: Updating window title bar state: overlay mode, drag disabled, window buttons hidden, title bar hidden
[2020.12.03-11.52.24:814][  0]LogSlate: Updating window title bar state: overlay mode, drag disabled, window buttons hidden, title bar hidden
[2020.12.03-11.52.24:829][  0]LogCollectionManager: Loaded 0 collections in 0.000672 seconds
[2020.12.03-11.52.24:842][  0]LogFileCache: Scanning file cache for directory 'D:/PPP/TheTravelersJourney/Saved/Collections/' took 0.00s
[2020.12.03-11.52.24:842][  0]LogFileCache: Scanning file cache for directory 'D:/PPP/TheTravelersJourney/Content/Developers/simon/Collections/' took 0.00s
[2020.12.03-11.52.24:842][  0]LogFileCache: Scanning file cache for directory 'D:/PPP/TheTravelersJourney/Content/Collections/' took 0.00s
[2020.12.03-11.52.24:842][  0]LogContentBrowser: Native class hierarchy populated in 0.0081 seconds. Added 3436 classes and 824 folders.
[2020.12.03-11.52.24:844][  0]LogContentBrowser: Native class hierarchy updated for 'WidgetCarousel' in 0.0003 seconds. Added 0 classes and 0 folders.
[2020.12.03-11.52.24:888][  0]LogContentBrowser: Native class hierarchy updated for 'AddContentDialog' in 0.0003 seconds. Added 0 classes and 0 folders.
[2020.12.03-11.52.25:347][  0]LogUdpMessaging: Warning: UDP messaging encountered an error. Auto repair routine started for reinitialization
[2020.12.03-11.52.25:364][  0]LogContentBrowser: Native class hierarchy updated for 'HierarchicalLODOutliner' in 0.0003 seconds. Added 0 classes and 0 folders.
[2020.12.03-11.52.25:365][  0]LogLoad: (Engine Initialization) Total time: 8.81 seconds
[2020.12.03-11.52.25:365][  0]LogLoad: (Engine Initialization) Total Blueprint compile time: 0.00 seconds
[2020.12.03-11.52.25:478][  0]LogRenderer: Reallocating scene render targets to support 64x64 Format 10 NumSamples 1 (Frame:1).
[2020.12.03-11.52.25:478][  0]LogAssetRegistry: Asset discovery search completed in 4.7800 seconds
[2020.12.03-11.52.25:481][  0]LogCollectionManager: Fixed up redirectors for 0 collections in 0.000002 seconds (updated 0 objects)
[2020.12.03-11.52.25:482][  0]LogContentStreaming: Texture pool size now 3000 MB
[2020.12.03-11.52.25:494][  0]LogSlate: Took 0.000216 seconds to synchronously load lazily loaded font '../../../Engine/Content/Slate/Fonts/Roboto-Regular.ttf' (155K)
[2020.12.03-11.52.25:496][  0]LogSlate: Took 0.000190 seconds to synchronously load lazily loaded font '../../../Engine/Content/Slate/Fonts/Roboto-Bold.ttf' (160K)
[2020.12.03-11.52.25:499][  0]LogSlate: Took 0.000183 seconds to synchronously load lazily loaded font '../../../Engine/Content/Editor/Slate/Fonts/FontAwesome.ttf' (139K)
[2020.12.03-11.52.25:556][  0]LogRenderer: Reallocating scene render targets to support 176x592 Format 10 NumSamples 1 (Frame:1).
[2020.12.03-11.52.25:557][  0]LogSlate: Took 0.000194 seconds to synchronously load lazily loaded font '../../../Engine/Content/Slate/Fonts/Roboto-Light.ttf' (167K)
[2020.12.03-11.52.26:566][  4]FUdpSocketBuilder: Failed to subscribe UdpMessageMulticastSocket to multicast group 230.0.0.1 on interface 0.0.0.0
[2020.12.03-11.52.26:566][  4]FUdpSocketBuilder: Failed to create and initialize socket UdpMessageMulticastSocket (last error: 0)
[2020.12.03-11.52.26:566][  4]LogUdpMessaging: Warning: StartTransport failed to create multicast socket on 0.0.0.0:0, joined to 230.0.0.1:6666 with TTL 1
[2020.12.03-11.52.26:730][  4]LogSlate: Took 0.000181 seconds to synchronously load lazily loaded font '../../../Engine/Content/Slate/Fonts/Roboto-Light.ttf' (167K)
[2020.12.03-11.52.26:760][  5]LogUdpMessaging: Warning: UDP messaging encountered an error. Auto repair routine started for reinitialization
[2020.12.03-11.52.28:581][ 10]FUdpSocketBuilder: Failed to subscribe UdpMessageMulticastSocket to multicast group 230.0.0.1 on interface 0.0.0.0
[2020.12.03-11.52.28:581][ 10]FUdpSocketBuilder: Failed to create and initialize socket UdpMessageMulticastSocket (last error: 0)
[2020.12.03-11.52.28:582][ 10]LogUdpMessaging: Warning: StartTransport failed to create multicast socket on 0.0.0.0:0, joined to 230.0.0.1:6666 with TTL 1
[2020.12.03-11.52.28:739][ 10]LogUdpMessaging: Warning: UDP messaging encountered an error. Auto repair routine started for reinitialization
[2020.12.03-11.52.30:595][ 16]FUdpSocketBuilder: Failed to subscribe UdpMessageMulticastSocket to multicast group 230.0.0.1 on interface 0.0.0.0
[2020.12.03-11.52.30:595][ 16]FUdpSocketBuilder: Failed to create and initialize socket UdpMessageMulticastSocket (last error: 0)
[2020.12.03-11.52.30:595][ 16]LogUdpMessaging: Warning: StartTransport failed to create multicast socket on 0.0.0.0:0, joined to 230.0.0.1:6666 with TTL 1
[2020.12.03-11.52.30:756][ 16]LogUdpMessaging: Warning: UDP messaging encountered an error. Auto repair routine started for reinitialization
[2020.12.03-11.52.32:611][ 22]FUdpSocketBuilder: Failed to subscribe UdpMessageMulticastSocket to multicast group 230.0.0.1 on interface 0.0.0.0
[2020.12.03-11.52.32:611][ 22]FUdpSocketBuilder: Failed to create and initialize socket UdpMessageMulticastSocket (last error: 0)
[2020.12.03-11.52.32:611][ 22]LogUdpMessaging: Warning: StartTransport failed to create multicast socket on 0.0.0.0:0, joined to 230.0.0.1:6666 with TTL 1
[2020.12.03-11.52.32:770][ 22]LogUdpMessaging: Warning: UDP messaging encountered an error. Auto repair routine started for reinitialization
[2020.12.03-11.52.34:623][ 28]FUdpSocketBuilder: Failed to subscribe UdpMessageMulticastSocket to multicast group 230.0.0.1 on interface 0.0.0.0
[2020.12.03-11.52.34:623][ 28]FUdpSocketBuilder: Failed to create and initialize socket UdpMessageMulticastSocket (last error: 0)
[2020.12.03-11.52.34:623][ 28]LogUdpMessaging: Warning: StartTransport failed to create multicast socket on 0.0.0.0:0, joined to 230.0.0.1:6666 with TTL 1
[2020.12.03-11.52.34:785][ 28]LogUdpMessaging: Warning: UDP messaging encountered an error. Auto repair routine started for reinitialization
[2020.12.03-11.52.36:640][ 34]FUdpSocketBuilder: Failed to subscribe UdpMessageMulticastSocket to multicast group 230.0.0.1 on interface 0.0.0.0
[2020.12.03-11.52.36:640][ 34]FUdpSocketBuilder: Failed to create and initialize socket UdpMessageMulticastSocket (last error: 0)
[2020.12.03-11.52.36:640][ 34]LogUdpMessaging: Warning: StartTransport failed to create multicast socket on 0.0.0.0:0, joined to 230.0.0.1:6666 with TTL 1
[2020.12.03-11.52.36:791][ 34]LogUdpMessaging: Warning: UDP messaging encountered an error. Auto repair routine started for reinitialization
[2020.12.03-11.52.37:180][ 35]LogRenderer: Reallocating scene render targets to support 876x924 Format 10 NumSamples 1 (Frame:2).
[2020.12.03-11.52.38:653][136]FUdpSocketBuilder: Failed to subscribe UdpMessageMulticastSocket to multicast group 230.0.0.1 on interface 0.0.0.0
[2020.12.03-11.52.38:653][136]FUdpSocketBuilder: Failed to create and initialize socket UdpMessageMulticastSocket (last error: 0)
[2020.12.03-11.52.38:653][136]LogUdpMessaging: Warning: StartTransport failed to create multicast socket on 0.0.0.0:0, joined to 230.0.0.1:6666 with TTL 1
[2020.12.03-11.52.38:670][138]LogUdpMessaging: Warning: UDP messaging encountered an error. Auto repair routine started for reinitialization
[2020.12.03-11.52.40:869][367]FUdpSocketBuilder: Failed to subscribe UdpMessageMulticastSocket to multicast group 230.0.0.1 on interface 0.0.0.0
[2020.12.03-11.52.40:869][367]FUdpSocketBuilder: Failed to create and initialize socket UdpMessageMulticastSocket (last error: 0)
[2020.12.03-11.52.40:869][367]LogUdpMessaging: Warning: StartTransport failed to create multicast socket on 0.0.0.0:0, joined to 230.0.0.1:6666 with TTL 1
[2020.12.03-11.52.40:885][369]LogUdpMessaging: Warning: UDP messaging encountered an error. Auto repair routine started for reinitialization
[2020.12.03-11.52.43:082][608]FUdpSocketBuilder: Failed to subscribe UdpMessageMulticastSocket to multicast group 230.0.0.1 on interface 0.0.0.0
[2020.12.03-11.52.43:082][608]FUdpSocketBuilder: Failed to create and initialize socket UdpMessageMulticastSocket (last error: 0)
[2020.12.03-11.52.43:082][608]LogUdpMessaging: Warning: StartTransport failed to create multicast socket on 0.0.0.0:0, joined to 230.0.0.1:6666 with TTL 1
[2020.12.03-11.52.43:100][610]LogUdpMessaging: Warning: UDP messaging encountered an error. Auto repair routine started for reinitialization
[2020.12.03-11.52.45:298][849]FUdpSocketBuilder: Failed to subscribe UdpMessageMulticastSocket to multicast group 230.0.0.1 on interface 0.0.0.0
[2020.12.03-11.52.45:298][849]FUdpSocketBuilder: Failed to create and initialize socket UdpMessageMulticastSocket (last error: 0)
[2020.12.03-11.52.45:299][849]LogUdpMessaging: Warning: StartTransport failed to create multicast socket on 0.0.0.0:0, joined to 230.0.0.1:6666 with TTL 1
[2020.12.03-11.52.45:316][851]LogUdpMessaging: Warning: UDP messaging encountered an error. Auto repair routine started for reinitialization
[2020.12.03-11.52.47:515][ 89]FUdpSocketBuilder: Failed to subscribe UdpMessageMulticastSocket to multicast group 230.0.0.1 on interface 0.0.0.0
[2020.12.03-11.52.47:515][ 89]FUdpSocketBuilder: Failed to create and initialize socket UdpMessageMulticastSocket (last error: 0)
[2020.12.03-11.52.47:515][ 89]LogUdpMessaging: Warning: StartTransport failed to create multicast socket on 0.0.0.0:0, joined to 230.0.0.1:6666 with TTL 1
[2020.12.03-11.52.47:532][ 91]LogUdpMessaging: Warning: UDP messaging encountered an error. Auto repair routine started for reinitialization
[2020.12.03-11.52.49:731][329]FUdpSocketBuilder: Failed to subscribe UdpMessageMulticastSocket to multicast group 230.0.0.1 on interface 0.0.0.0
[2020.12.03-11.52.49:731][329]FUdpSocketBuilder: Failed to create and initialize socket UdpMessageMulticastSocket (last error: 0)
[2020.12.03-11.52.49:731][329]LogUdpMessaging: Warning: StartTransport failed to create multicast socket on 0.0.0.0:0, joined to 230.0.0.1:6666 with TTL 1
[2020.12.03-11.52.49:749][331]LogUdpMessaging: Warning: UDP messaging encountered an error. Auto repair routine started for reinitialization
[2020.12.03-11.52.51:945][563]FUdpSocketBuilder: Failed to subscribe UdpMessageMulticastSocket to multicast group 230.0.0.1 on interface 0.0.0.0
[2020.12.03-11.52.51:946][563]FUdpSocketBuilder: Failed to create and initialize socket UdpMessageMulticastSocket (last error: 0)
[2020.12.03-11.52.51:946][563]LogUdpMessaging: Warning: StartTransport failed to create multicast socket on 0.0.0.0:0, joined to 230.0.0.1:6666 with TTL 1
[2020.12.03-11.52.51:963][565]LogUdpMessaging: Warning: UDP messaging encountered an error. Auto repair routine started for reinitialization
[2020.12.03-11.52.54:161][804]FUdpSocketBuilder: Failed to subscribe UdpMessageMulticastSocket to multicast group 230.0.0.1 on interface 0.0.0.0
[2020.12.03-11.52.54:161][804]FUdpSocketBuilder: Failed to create and initialize socket UdpMessageMulticastSocket (last error: 0)
[2020.12.03-11.52.54:161][804]LogUdpMessaging: Warning: StartTransport failed to create multicast socket on 0.0.0.0:0, joined to 230.0.0.1:6666 with TTL 1
[2020.12.03-11.52.54:176][806]LogUdpMessaging: Warning: UDP messaging encountered an error. Auto repair routine started for reinitialization
[2020.12.03-11.52.56:373][ 45]FUdpSocketBuilder: Failed to subscribe UdpMessageMulticastSocket to multicast group 230.0.0.1 on interface 0.0.0.0
[2020.12.03-11.52.56:374][ 45]FUdpSocketBuilder: Failed to create and initialize socket UdpMessageMulticastSocket (last error: 0)
[2020.12.03-11.52.56:374][ 45]LogUdpMessaging: Warning: StartTransport failed to create multicast socket on 0.0.0.0:0, joined to 230.0.0.1:6666 with TTL 1
[2020.12.03-11.52.56:390][ 47]LogUdpMessaging: Warning: UDP messaging encountered an error. Auto repair routine started for reinitialization
