  Using 'git status' to determine working set for adaptive non-unity build (D:\PPP).
  Parsing headers for TheTravelersJourneyEditor
    Running UnrealHeaderTool "D:\PPP\TheTravelersJourney\TheTravelersJourney.uproject" "D:\PPP\TheTravelersJourney\Intermediate\Build\Win64\TheTravelersJourneyEditor\Development\TheTravelersJourneyEditor.uhtmanifest" -LogCmds="loginit warning, logexit warning, logdatabase error" -Unattended -WarningsAsErrors -abslog="C:\Users\simon\AppData\Local\UnrealBuildTool\Log_UHT.txt" -installed
LogCompile : error : Circular dependency detected for filename D:\PPP\TheTravelersJourney\Source\TheTravelersJourney\Public\MyCharacter.h!
  Reflection code generated for TheTravelersJourneyEditor in 55,7527806 seconds
  Building TheTravelersJourneyEditor...
  Using Visual Studio 2019 14.27.29112 toolchain (C:\Program Files (x86)\Microsoft Visual Studio\2019\Community\VC\Tools\MSVC\14.27.29110) and Windows 10.0.18362.0 SDK (C:\Program Files (x86)\Windows Kits\10).
  Building 10 actions with 4 processes...
    [1/10] TheTravelersJourney.init.gen.cpp
    [2/10] HealthComponent.gen.cpp
    [3/10] MyCharacter.gen.cpp
    [4/10] AbilityComponent.gen.cpp
    [5/10] HealthComponent.cpp
    [6/10] MyCharacter.cpp
D:\PPP\TheTravelersJourney\Source\TheTravelersJourney\Private\MyCharacter.cpp(119): error C2039: 'ApplyDamage': is not a member of 'AMyCharacter'
    D:\PPP\TheTravelersJourney\Source\TheTravelersJourney\Public\MyCharacter.h(12): note: see declaration of 'AMyCharacter'
    [7/10] AbilityComponent.cpp
D:\PPP\TheTravelersJourney\Source\TheTravelersJourney\AbilityComponent.cpp(70): warning C4996: 'UTextRenderComponent::SetText': Passing text as FString is deprecated, please use FText instead (likely via a LOCTEXT). Please update your code to the new API before upgrading to the next release, otherwise your project will no longer compile.
D:\PPP\TheTravelersJourney\Source\TheTravelersJourney\AbilityComponent.cpp(110): warning C4996: 'UTextRenderComponent::SetText': Passing text as FString is deprecated, please use FText instead (likely via a LOCTEXT). Please update your code to the new API before upgrading to the next release, otherwise your project will no longer compile.
C:\Program Files (x86)\Microsoft Visual Studio\2019\Community\MSBuild\Microsoft\VC\v160\Microsoft.MakeFile.Targets(46,5): error MSB3073: The command "C:\WINDOWS\System32\chcp.com 65001 >NUL 
C:\Program Files (x86)\Microsoft Visual Studio\2019\Community\MSBuild\Microsoft\VC\v160\Microsoft.MakeFile.Targets(46,5): error MSB3073:  D:\games\UE_4.25\Engine\Build\BatchFiles\Build.bat TheTravelersJourneyEditor Win64 Development -Project="D:\PPP\TheTravelersJourney\TheTravelersJourney.uproject" -WaitMutex -FromMsBuild" exited with code 6.
