Log file open, 11/25/20 16:07:42
LogInit: Display: Running engine for game: MyProject
LogPlatformFile: Not using cached read wrapper
LogTaskGraph: Started task graph with 5 named threads and 14 total threads with 3 sets of task threads.
LogStats: Stats thread started at 0.373348
LogD3D11RHI: Loaded GFSDK_Aftermath_Lib.x64.dll
LogICUInternationalization: ICU TimeZone Detection - Raw Offset: +1:00, Platform Override: ''
LogPluginManager: Mounting plugin Paper2D
LogPluginManager: Mounting plugin AISupport
LogPluginManager: Mounting plugin LightPropagationVolume
LogPluginManager: Mounting plugin CameraShakePreviewer
LogPluginManager: Mounting plugin ActorLayerUtilities
LogPluginManager: Mounting plugin AnimationSharing
LogPluginManager: Mounting plugin CLionSourceCodeAccess
LogPluginManager: Mounting plugin CodeLiteSourceCodeAccess
LogPluginManager: Mounting plugin GitSourceControl
LogPluginManager: Mounting plugin KDevelopSourceCodeAccess
LogPluginManager: Mounting plugin NullSourceCodeAccess
LogPluginManager: Mounting plugin PerforceSourceControl
LogPluginManager: Mounting plugin PlasticSourceControl
LogPluginManager: Mounting plugin RiderSourceCodeAccess
LogPluginManager: Mounting plugin SubversionSourceControl
LogPluginManager: Mounting plugin UObjectPlugin
LogPluginManager: Mounting plugin VisualStudioCodeSourceCodeAccess
LogPluginManager: Mounting plugin VisualStudioSourceCodeAccess
LogPluginManager: Mounting plugin XCodeSourceCodeAccess
LogPluginManager: Mounting plugin AssetManagerEditor
LogPluginManager: Mounting plugin CryptoKeys
LogPluginManager: Mounting plugin CurveEditorTools
LogPluginManager: Mounting plugin DataValidation
LogPluginManager: Mounting plugin EditorScriptingUtilities
LogPluginManager: Mounting plugin FacialAnimation
LogPluginManager: Mounting plugin GameplayTagsEditor
LogPluginManager: Mounting plugin GeometryMode
LogPluginManager: Mounting plugin MacGraphicsSwitching
LogPluginManager: Mounting plugin MaterialAnalyzer
LogPluginManager: Mounting plugin MeshEditor
LogPluginManager: Mounting plugin MobileLauncherProfileWizard
LogPluginManager: Mounting plugin PluginBrowser
LogPluginManager: Mounting plugin SpeedTreeImporter
LogPluginManager: Mounting plugin DataprepEditor
LogPluginManager: Mounting plugin DatasmithC4DImporter
LogPluginManager: Mounting plugin DatasmithContent
LogPluginManager: Mounting plugin DatasmithImporter
LogPluginManager: Mounting plugin StaticMeshEditorExtension
LogPluginManager: Mounting plugin VariantManager
LogPluginManager: Mounting plugin VariantManagerContent
LogPluginManager: Mounting plugin AlembicImporter
LogPluginManager: Mounting plugin AutomationUtils
LogPluginManager: Mounting plugin BackChannel
LogPluginManager: Mounting plugin BlastPlugin
LogPluginManager: Mounting plugin ChaosCloth
LogPluginManager: Mounting plugin ChaosClothEditor
LogPluginManager: Mounting plugin ChaosEditor
LogPluginManager: Mounting plugin ChaosNiagara
LogPluginManager: Mounting plugin ChaosSolverPlugin
LogPluginManager: Mounting plugin CharacterAI
LogPluginManager: Mounting plugin GeometryCache
LogPluginManager: Mounting plugin GeometryCollectionPlugin
LogPluginManager: Mounting plugin GeometryProcessing
LogPluginManager: Mounting plugin PlanarCut
LogPluginManager: Mounting plugin PlatformCrypto
LogPluginManager: Mounting plugin ProxyLODPlugin
LogPluginManager: Mounting plugin SkeletalReduction
LogPluginManager: Mounting plugin Niagara
LogPluginManager: Mounting plugin MagicLeap
LogPluginManager: Mounting plugin MagicLeapLightEstimation
LogPluginManager: Mounting plugin MagicLeapMedia
LogPluginManager: Mounting plugin MagicLeapPassableWorld
LogPluginManager: Mounting plugin MLSDK
LogPluginManager: Mounting plugin AndroidMedia
LogPluginManager: Mounting plugin AvfMedia
LogPluginManager: Mounting plugin ImgMedia
LogPluginManager: Mounting plugin MediaCompositing
LogPluginManager: Mounting plugin MediaPlayerEditor
LogPluginManager: Mounting plugin WebMMedia
LogPluginManager: Mounting plugin WmfMedia
LogPluginManager: Mounting plugin MeshPainting
LogPluginManager: Mounting plugin TcpMessaging
LogPluginManager: Mounting plugin UdpMessaging
LogPluginManager: Mounting plugin ActorSequence
LogPluginManager: Mounting plugin LevelSequenceEditor
LogPluginManager: Mounting plugin MatineeToLevelSequence
LogPluginManager: Mounting plugin MovieRenderPipeline
LogPluginManager: Mounting plugin TemplateSequence
LogPluginManager: Mounting plugin NetcodeUnitTest
LogPluginManager: Mounting plugin NUTUnrealEngine4
LogPluginManager: Mounting plugin OnlineSubsystemGooglePlay
LogPluginManager: Mounting plugin OnlineSubsystemIOS
LogPluginManager: Mounting plugin OnlineSubsystem
LogPluginManager: Mounting plugin OnlineSubsystemNull
LogPluginManager: Mounting plugin OnlineSubsystemUtils
LogPluginManager: Mounting plugin LauncherChunkInstaller
LogPluginManager: Mounting plugin AndroidDeviceProfileSelector
LogPluginManager: Mounting plugin AndroidMoviePlayer
LogPluginManager: Mounting plugin AndroidPermission
LogPluginManager: Mounting plugin AppleImageUtils
LogPluginManager: Mounting plugin AppleMoviePlayer
LogPluginManager: Mounting plugin ArchVisCharacter
LogPluginManager: Mounting plugin AssetTags
LogPluginManager: Mounting plugin AudioCapture
LogPluginManager: Mounting plugin CableComponent
LogPluginManager: Mounting plugin CustomMeshComponent
LogPluginManager: Mounting plugin EditableMesh
LogPluginManager: Mounting plugin ExampleDeviceProfileSelector
LogPluginManager: Mounting plugin GoogleCloudMessaging
LogPluginManager: Mounting plugin GooglePAD
LogPluginManager: Mounting plugin IOSDeviceProfileSelector
LogPluginManager: Mounting plugin LinuxDeviceProfileSelector
LogPluginManager: Mounting plugin LocationServicesBPLibrary
LogPluginManager: Mounting plugin MobilePatchingUtils
LogPluginManager: Mounting plugin OculusVR
LogPluginManager: Mounting plugin PhysXVehicles
LogPluginManager: Mounting plugin PostSplashScreen
LogPluginManager: Mounting plugin ProceduralMeshComponent
LogPluginManager: Mounting plugin RuntimePhysXCooking
LogPluginManager: Mounting plugin SignificanceManager
LogPluginManager: Mounting plugin SoundFields
LogPluginManager: Mounting plugin SteamVR
LogPluginManager: Mounting plugin Synthesis
LogPluginManager: Mounting plugin WebMMoviePlayer
LogPluginManager: Mounting plugin WindowsMoviePlayer
LogPluginManager: Mounting plugin ScreenshotTools
LogInit: Using libcurl 7.55.1-DEV
LogInit:  - built for x86_64-pc-win32
LogInit:  - supports SSL with OpenSSL/1.1.1
LogInit:  - supports HTTP deflate (compression) using libz 1.2.8
LogInit:  - other features:
LogInit:      CURL_VERSION_SSL
LogInit:      CURL_VERSION_LIBZ
LogInit:      CURL_VERSION_IPV6
LogInit:      CURL_VERSION_ASYNCHDNS
LogInit:      CURL_VERSION_LARGEFILE
LogInit:      CURL_VERSION_IDN
LogInit:  CurlRequestOptions (configurable via config and command line):
LogInit:  - bVerifyPeer = true  - Libcurl will verify peer certificate
LogInit:  - bUseHttpProxy = false  - Libcurl will NOT use HTTP proxy
LogInit:  - bDontReuseConnections = false  - Libcurl will reuse connections
LogInit:  - MaxHostConnections = 16  - Libcurl will limit the number of connections to a host
LogInit:  - LocalHostAddr = Default
LogInit:  - BufferSize = 65536
LogOnline: OSS: Creating online subsystem instance for: NULL
LogInit: WinSock: version 1.1 (2.2), MaxSocks=32767, MaxUdp=65467
LogOnline: OSS: TryLoadSubsystemAndSetDefault: Loaded subsystem for module [NULL]
LogInit: Build: ++UE4+Release-4.25-CL-14469661
LogInit: Engine Version: 4.25.4-14469661+++UE4+Release-4.25
LogInit: Compatible Engine Version: 4.25.0-13144385+++UE4+Release-4.25
LogInit: Net CL: 13144385
LogInit: OS: Windows 10 (Release 2004) (), CPU: Intel(R) Core(TM) i5-7600K CPU @ 3.80GHz, GPU: NVIDIA GeForce GTX 1070
LogInit: Compiled (64-bit): Oct 11 2020 08:10:49
LogInit: Compiled with Visual C++: 19.24.28315.00
LogInit: Build Configuration: Development
LogInit: Branch Name: ++UE4+Release-4.25
LogInit: Command Line:  /Game/Levels/Level01 -game -PIEVIACONSOLE -Multiprocess GameUserSettingsINI=D:/PPP/MyProject/Saved/Config/Windows/PIEGameUserSettings0.ini -MultiprocessSaveConfig -MultiprocessOSS -messaging -SessionName="Play in Standalone Game" -windowed -ResX=1280 -ResY=720
LogInit: Base Directory: D:/games/UE_4.25/Engine/Binaries/Win64/
LogInit: Allocator: TBB
LogInit: Installed Engine Build: 1
LogDevObjectVersion: Number of dev versions registered: 26
LogDevObjectVersion:   Dev-Blueprints (B0D832E4-1F89-4F0D-ACCF-7EB736FD4AA2): 10
LogDevObjectVersion:   Dev-Build (E1C64328-A22C-4D53-A36C-8E866417BD8C): 0
LogDevObjectVersion:   Dev-Core (375EC13C-06E4-48FB-B500-84F0262A717E): 4
LogDevObjectVersion:   Dev-Editor (E4B068ED-F494-42E9-A231-DA0B2E46BB41): 38
LogDevObjectVersion:   Dev-Framework (CFFC743F-43B0-4480-9391-14DF171D2073): 37
LogDevObjectVersion:   Dev-Mobile (B02B49B5-BB20-44E9-A304-32B752E40360): 2
LogDevObjectVersion:   Dev-Networking (A4E4105C-59A1-49B5-A7C5-40C4547EDFEE): 0
LogDevObjectVersion:   Dev-Online (39C831C9-5AE6-47DC-9A44-9C173E1C8E7C): 0
LogDevObjectVersion:   Dev-Physics (78F01B33-EBEA-4F98-B9B4-84EACCB95AA2): 4
LogDevObjectVersion:   Dev-Platform (6631380F-2D4D-43E0-8009-CF276956A95A): 0
LogDevObjectVersion:   Dev-Rendering (12F88B9F-8875-4AFC-A67C-D90C383ABD29): 43
LogDevObjectVersion:   Dev-Sequencer (7B5AE74C-D270-4C10-A958-57980B212A5A): 12
LogDevObjectVersion:   Dev-VR (D7296918-1DD6-4BDD-9DE2-64A83CC13884): 3
LogDevObjectVersion:   Dev-LoadTimes (C2A15278-BFE7-4AFE-6C17-90FF531DF755): 1
LogDevObjectVersion:   Private-Geometry (6EACA3D4-40EC-4CC1-B786-8BED09428FC5): 3
LogDevObjectVersion:   Dev-AnimPhys (29E575DD-E0A3-4627-9D10-D276232CDCEA): 17
LogDevObjectVersion:   Dev-Anim (AF43A65D-7FD3-4947-9873-3E8ED9C1BB05): 7
LogDevObjectVersion:   Dev-ReflectionCapture (6B266CEC-1EC7-4B8F-A30B-E4D90942FC07): 1
LogDevObjectVersion:   Dev-Automation (0DF73D61-A23F-47EA-B727-89E90C41499A): 1
LogDevObjectVersion:   FortniteMain (601D1886-AC64-4F84-AA16-D3DE0DEAC7D6): 31
LogDevObjectVersion:   Dev-Enterprise (9DFFBCD6-494F-0158-E221-12823C92A888): 10
LogDevObjectVersion:   Dev-Niagara (F2AED0AC-9AFE-416F-8664-AA7FFA26D6FC): 1
LogDevObjectVersion:   Dev-Destruction (174F1F0B-B4C6-45A5-B13F-2EE8D0FB917D): 10
LogDevObjectVersion:   Dev-Physics-Ext (35F94A83-E258-406C-A318-09F59610247C): 37
LogDevObjectVersion:   Dev-PhysicsMaterial-Chaos (B68FC16E-8B1B-42E2-B453-215C058844FE): 1
LogDevObjectVersion:   Dev-CineCamera (B2E18506-4273-CFC2-A54E-F4BB758BBA07): 1
LogInit: Presizing for max 25165824 objects, including 0 objects not considered by GC, pre-allocating 0 bytes for permanent pool.
LogConfig: Applying CVar settings from Section [/Script/Engine.StreamingSettings] File [D:/PPP/MyProject/Saved/Config/Windows/Engine.ini]
LogConfig: Setting CVar [[s.MinBulkDataSizeForAsyncLoading:131072]]
LogConfig: Setting CVar [[s.AsyncLoadingThreadEnabled:0]]
LogConfig: Setting CVar [[s.EventDrivenLoaderEnabled:1]]
LogConfig: Setting CVar [[s.WarnIfTimeLimitExceeded:0]]
LogConfig: Setting CVar [[s.TimeLimitExceededMultiplier:1.5]]
LogConfig: Setting CVar [[s.TimeLimitExceededMinTime:0.005]]
LogConfig: Setting CVar [[s.UseBackgroundLevelStreaming:1]]
LogConfig: Setting CVar [[s.PriorityAsyncLoadingExtraTime:15.0]]
LogConfig: Setting CVar [[s.LevelStreamingActorsUpdateTimeLimit:5.0]]
LogConfig: Setting CVar [[s.PriorityLevelStreamingActorsUpdateExtraTime:5.0]]
LogConfig: Setting CVar [[s.LevelStreamingComponentsRegistrationGranularity:10]]
LogConfig: Setting CVar [[s.UnregisterComponentsTimeLimit:1.0]]
LogConfig: Setting CVar [[s.LevelStreamingComponentsUnregistrationGranularity:5]]
LogConfig: Setting CVar [[s.FlushStreamingOnExit:1]]
LogInit: Object subsystem initialized
LogConfig: Setting CVar [[con.DebugEarlyDefault:1]]
LogConfig: Setting CVar [[r.setres:1280x720]]
[2020.11.25-15.07.42:961][  0]LogConfig: Setting CVar [[con.DebugEarlyDefault:1]]
[2020.11.25-15.07.42:961][  0]LogConfig: Setting CVar [[r.setres:1280x720]]
[2020.11.25-15.07.42:961][  0]LogConfig: Applying CVar settings from Section [/Script/Engine.RendererSettings] File [D:/PPP/MyProject/Saved/Config/Windows/Engine.ini]
[2020.11.25-15.07.42:961][  0]LogConfig: Setting CVar [[r.GPUCrashDebugging:0]]
[2020.11.25-15.07.42:961][  0]LogConfig: Applying CVar settings from Section [/Script/Engine.RendererOverrideSettings] File [D:/PPP/MyProject/Saved/Config/Windows/Engine.ini]
[2020.11.25-15.07.42:961][  0]LogConfig: Applying CVar settings from Section [/Script/Engine.StreamingSettings] File [D:/PPP/MyProject/Saved/Config/Windows/Engine.ini]
[2020.11.25-15.07.42:961][  0]LogConfig: Setting CVar [[s.MinBulkDataSizeForAsyncLoading:131072]]
[2020.11.25-15.07.42:961][  0]LogConfig: Setting CVar [[s.AsyncLoadingThreadEnabled:0]]
[2020.11.25-15.07.42:961][  0]LogConfig: Setting CVar [[s.EventDrivenLoaderEnabled:1]]
[2020.11.25-15.07.42:961][  0]LogConfig: Setting CVar [[s.WarnIfTimeLimitExceeded:0]]
[2020.11.25-15.07.42:961][  0]LogConfig: Setting CVar [[s.TimeLimitExceededMultiplier:1.5]]
[2020.11.25-15.07.42:961][  0]LogConfig: Setting CVar [[s.TimeLimitExceededMinTime:0.005]]
[2020.11.25-15.07.42:961][  0]LogConfig: Setting CVar [[s.UseBackgroundLevelStreaming:1]]
[2020.11.25-15.07.42:961][  0]LogConfig: Setting CVar [[s.PriorityAsyncLoadingExtraTime:15.0]]
[2020.11.25-15.07.42:961][  0]LogConfig: Setting CVar [[s.LevelStreamingActorsUpdateTimeLimit:5.0]]
[2020.11.25-15.07.42:961][  0]LogConfig: Setting CVar [[s.PriorityLevelStreamingActorsUpdateExtraTime:5.0]]
[2020.11.25-15.07.42:961][  0]LogConfig: Setting CVar [[s.LevelStreamingComponentsRegistrationGranularity:10]]
[2020.11.25-15.07.42:961][  0]LogConfig: Setting CVar [[s.UnregisterComponentsTimeLimit:1.0]]
[2020.11.25-15.07.42:961][  0]LogConfig: Setting CVar [[s.LevelStreamingComponentsUnregistrationGranularity:5]]
[2020.11.25-15.07.42:961][  0]LogConfig: Setting CVar [[s.FlushStreamingOnExit:1]]
[2020.11.25-15.07.42:961][  0]LogConfig: Applying CVar settings from Section [/Script/Engine.GarbageCollectionSettings] File [D:/PPP/MyProject/Saved/Config/Windows/Engine.ini]
[2020.11.25-15.07.42:961][  0]LogConfig: Setting CVar [[gc.MaxObjectsNotConsideredByGC:1]]
[2020.11.25-15.07.42:961][  0]LogConfig: Setting CVar [[gc.SizeOfPermanentObjectPool:0]]
[2020.11.25-15.07.42:961][  0]LogConfig: Setting CVar [[gc.FlushStreamingOnGC:0]]
[2020.11.25-15.07.42:961][  0]LogConfig: Setting CVar [[gc.NumRetriesBeforeForcingGC:10]]
[2020.11.25-15.07.42:961][  0]LogConfig: Setting CVar [[gc.AllowParallelGC:1]]
[2020.11.25-15.07.42:961][  0]LogConfig: Setting CVar [[gc.TimeBetweenPurgingPendingKillObjects:61.1]]
[2020.11.25-15.07.42:961][  0]LogConfig: Setting CVar [[gc.MaxObjectsInEditor:25165824]]
[2020.11.25-15.07.42:961][  0]LogConfig: Setting CVar [[gc.IncrementalBeginDestroyEnabled:1]]
[2020.11.25-15.07.42:961][  0]LogConfig: Setting CVar [[gc.CreateGCClusters:1]]
[2020.11.25-15.07.42:961][  0]LogConfig: Setting CVar [[gc.MinGCClusterSize:5]]
[2020.11.25-15.07.42:961][  0]LogConfig: Setting CVar [[gc.ActorClusteringEnabled:0]]
[2020.11.25-15.07.42:961][  0]LogConfig: Setting CVar [[gc.BlueprintClusteringEnabled:0]]
[2020.11.25-15.07.42:961][  0]LogConfig: Setting CVar [[gc.UseDisregardForGCOnDedicatedServers:0]]
[2020.11.25-15.07.42:961][  0]LogConfig: Applying CVar settings from Section [/Script/Engine.NetworkSettings] File [D:/PPP/MyProject/Saved/Config/Windows/Engine.ini]
[2020.11.25-15.07.42:961][  0]LogConfig: Applying CVar settings from Section [/Script/UnrealEd.CookerSettings] File [D:/PPP/MyProject/Saved/Config/Windows/Engine.ini]
[2020.11.25-15.07.42:966][  0]LogConfig: Applying CVar settings from Section [ViewDistanceQuality@3] File [D:/PPP/MyProject/Saved/Config/Windows/Scalability.ini]
[2020.11.25-15.07.42:966][  0]LogConfig: Setting CVar [[r.SkeletalMeshLODBias:0]]
[2020.11.25-15.07.42:966][  0]LogConfig: Setting CVar [[r.ViewDistanceScale:1.0]]
[2020.11.25-15.07.42:966][  0]LogConfig: Applying CVar settings from Section [AntiAliasingQuality@3] File [D:/PPP/MyProject/Saved/Config/Windows/Scalability.ini]
[2020.11.25-15.07.42:966][  0]LogConfig: Setting CVar [[r.PostProcessAAQuality:4]]
[2020.11.25-15.07.42:966][  0]LogConfig: Applying CVar settings from Section [ShadowQuality@3] File [D:/PPP/MyProject/Saved/Config/Windows/Scalability.ini]
[2020.11.25-15.07.42:966][  0]LogConfig: Setting CVar [[r.LightFunctionQuality:1]]
[2020.11.25-15.07.42:966][  0]LogConfig: Setting CVar [[r.ShadowQuality:5]]
[2020.11.25-15.07.42:966][  0]LogConfig: Setting CVar [[r.Shadow.CSM.MaxCascades:10]]
[2020.11.25-15.07.42:966][  0]LogConfig: Setting CVar [[r.Shadow.MaxResolution:2048]]
[2020.11.25-15.07.42:966][  0]LogConfig: Setting CVar [[r.Shadow.MaxCSMResolution:2048]]
[2020.11.25-15.07.42:966][  0]LogConfig: Setting CVar [[r.Shadow.RadiusThreshold:0.01]]
[2020.11.25-15.07.42:966][  0]LogConfig: Setting CVar [[r.Shadow.DistanceScale:1.0]]
[2020.11.25-15.07.42:966][  0]LogConfig: Setting CVar [[r.Shadow.CSM.TransitionScale:1.0]]
[2020.11.25-15.07.42:966][  0]LogConfig: Setting CVar [[r.Shadow.PreShadowResolutionFactor:1.0]]
[2020.11.25-15.07.42:967][  0]LogConfig: Setting CVar [[r.DistanceFieldShadowing:1]]
[2020.11.25-15.07.42:967][  0]LogConfig: Setting CVar [[r.DistanceFieldAO:1]]
[2020.11.25-15.07.42:967][  0]LogConfig: Setting CVar [[r.AOQuality:2]]
[2020.11.25-15.07.42:967][  0]LogConfig: Setting CVar [[r.VolumetricFog:1]]
[2020.11.25-15.07.42:967][  0]LogConfig: Setting CVar [[r.VolumetricFog.GridPixelSize:8]]
[2020.11.25-15.07.42:967][  0]LogConfig: Setting CVar [[r.VolumetricFog.GridSizeZ:128]]
[2020.11.25-15.07.42:967][  0]LogConfig: Setting CVar [[r.VolumetricFog.HistoryMissSupersampleCount:4]]
[2020.11.25-15.07.42:967][  0]LogConfig: Setting CVar [[r.LightMaxDrawDistanceScale:1]]
[2020.11.25-15.07.42:967][  0]LogConfig: Setting CVar [[r.CapsuleShadows:1]]
[2020.11.25-15.07.42:967][  0]LogConfig: Applying CVar settings from Section [PostProcessQuality@3] File [D:/PPP/MyProject/Saved/Config/Windows/Scalability.ini]
[2020.11.25-15.07.42:967][  0]LogConfig: Setting CVar [[r.MotionBlurQuality:4]]
[2020.11.25-15.07.42:967][  0]LogConfig: Setting CVar [[r.AmbientOcclusionMipLevelFactor:0.4]]
[2020.11.25-15.07.42:967][  0]LogConfig: Setting CVar [[r.AmbientOcclusionMaxQuality:100]]
[2020.11.25-15.07.42:967][  0]LogConfig: Setting CVar [[r.AmbientOcclusionLevels:-1]]
[2020.11.25-15.07.42:967][  0]LogConfig: Setting CVar [[r.AmbientOcclusionRadiusScale:1.0]]
[2020.11.25-15.07.42:967][  0]LogConfig: Setting CVar [[r.DepthOfFieldQuality:2]]
[2020.11.25-15.07.42:967][  0]LogConfig: Setting CVar [[r.RenderTargetPoolMin:400]]
[2020.11.25-15.07.42:967][  0]LogConfig: Setting CVar [[r.LensFlareQuality:2]]
[2020.11.25-15.07.42:967][  0]LogConfig: Setting CVar [[r.SceneColorFringeQuality:1]]
[2020.11.25-15.07.42:967][  0]LogConfig: Setting CVar [[r.EyeAdaptationQuality:2]]
[2020.11.25-15.07.42:967][  0]LogConfig: Setting CVar [[r.BloomQuality:5]]
[2020.11.25-15.07.42:967][  0]LogConfig: Setting CVar [[r.FastBlurThreshold:100]]
[2020.11.25-15.07.42:967][  0]LogConfig: Setting CVar [[r.Upscale.Quality:3]]
[2020.11.25-15.07.42:967][  0]LogConfig: Setting CVar [[r.Tonemapper.GrainQuantization:1]]
[2020.11.25-15.07.42:967][  0]LogConfig: Setting CVar [[r.LightShaftQuality:1]]
[2020.11.25-15.07.42:967][  0]LogConfig: Setting CVar [[r.Filter.SizeScale:1]]
[2020.11.25-15.07.42:967][  0]LogConfig: Setting CVar [[r.Tonemapper.Quality:5]]
[2020.11.25-15.07.42:967][  0]LogConfig: Setting CVar [[r.DOF.Gather.AccumulatorQuality:1        ; higher gathering accumulator quality]]
[2020.11.25-15.07.42:967][  0]LogConfig: Setting CVar [[r.DOF.Gather.PostfilterMethod:1          ; Median3x3 postfilering method]]
[2020.11.25-15.07.42:967][  0]LogConfig: Setting CVar [[r.DOF.Gather.EnableBokehSettings:0       ; no bokeh simulation when gathering]]
[2020.11.25-15.07.42:967][  0]LogConfig: Setting CVar [[r.DOF.Gather.RingCount:4                 ; medium number of samples when gathering]]
[2020.11.25-15.07.42:967][  0]LogConfig: Setting CVar [[r.DOF.Scatter.ForegroundCompositing:1    ; additive foreground scattering]]
[2020.11.25-15.07.42:967][  0]LogConfig: Setting CVar [[r.DOF.Scatter.BackgroundCompositing:2    ; additive background scattering]]
[2020.11.25-15.07.42:967][  0]LogConfig: Setting CVar [[r.DOF.Scatter.EnableBokehSettings:1      ; bokeh simulation when scattering]]
[2020.11.25-15.07.42:967][  0]LogConfig: Setting CVar [[r.DOF.Scatter.MaxSpriteRatio:0.1         ; only a maximum of 10% of scattered bokeh]]
[2020.11.25-15.07.42:967][  0]LogConfig: Setting CVar [[r.DOF.Recombine.Quality:1                ; cheap slight out of focus]]
[2020.11.25-15.07.42:967][  0]LogConfig: Setting CVar [[r.DOF.Recombine.EnableBokehSettings:0    ; no bokeh simulation on slight out of focus]]
[2020.11.25-15.07.42:967][  0]LogConfig: Setting CVar [[r.DOF.TemporalAAQuality:1                ; more stable temporal accumulation]]
[2020.11.25-15.07.42:967][  0]LogConfig: Setting CVar [[r.DOF.Kernel.MaxForegroundRadius:0.025]]
[2020.11.25-15.07.42:967][  0]LogConfig: Setting CVar [[r.DOF.Kernel.MaxBackgroundRadius:0.025]]
[2020.11.25-15.07.42:967][  0]LogConfig: Applying CVar settings from Section [TextureQuality@3] File [D:/PPP/MyProject/Saved/Config/Windows/Scalability.ini]
[2020.11.25-15.07.42:967][  0]LogConfig: Setting CVar [[r.Streaming.MipBias:0]]
[2020.11.25-15.07.42:967][  0]LogConfig: Setting CVar [[r.Streaming.AmortizeCPUToGPUCopy:0]]
[2020.11.25-15.07.42:967][  0]LogConfig: Setting CVar [[r.Streaming.MaxNumTexturesToStreamPerFrame:0]]
[2020.11.25-15.07.42:967][  0]LogConfig: Setting CVar [[r.Streaming.Boost:1]]
[2020.11.25-15.07.42:967][  0]LogConfig: Setting CVar [[r.MaxAnisotropy:8]]
[2020.11.25-15.07.42:967][  0]LogConfig: Setting CVar [[r.VT.MaxAnisotropy:8]]
[2020.11.25-15.07.42:967][  0]LogConfig: Setting CVar [[r.Streaming.LimitPoolSizeToVRAM:0]]
[2020.11.25-15.07.42:967][  0]LogConfig: Setting CVar [[r.Streaming.PoolSize:1000]]
[2020.11.25-15.07.42:967][  0]LogConfig: Setting CVar [[r.Streaming.MaxEffectiveScreenSize:0]]
[2020.11.25-15.07.42:967][  0]LogConfig: Applying CVar settings from Section [EffectsQuality@3] File [D:/PPP/MyProject/Saved/Config/Windows/Scalability.ini]
[2020.11.25-15.07.42:967][  0]LogConfig: Setting CVar [[r.TranslucencyLightingVolumeDim:64]]
[2020.11.25-15.07.42:967][  0]LogConfig: Setting CVar [[r.RefractionQuality:2]]
[2020.11.25-15.07.42:967][  0]LogConfig: Setting CVar [[r.SSR.Quality:3]]
[2020.11.25-15.07.42:967][  0]LogConfig: Setting CVar [[r.SSR.HalfResSceneColor:0]]
[2020.11.25-15.07.42:968][  0]LogConfig: Setting CVar [[r.SceneColorFormat:4]]
[2020.11.25-15.07.42:968][  0]LogConfig: Setting CVar [[r.DetailMode:2]]
[2020.11.25-15.07.42:968][  0]LogConfig: Setting CVar [[r.TranslucencyVolumeBlur:1]]
[2020.11.25-15.07.42:968][  0]LogConfig: Setting CVar [[r.MaterialQualityLevel:1 ; High quality]]
[2020.11.25-15.07.42:968][  0]LogConfig: Setting CVar [[r.SSS.Scale:1]]
[2020.11.25-15.07.42:968][  0]LogConfig: Setting CVar [[r.SSS.SampleSet:2]]
[2020.11.25-15.07.42:968][  0]LogConfig: Setting CVar [[r.SSS.Quality:1]]
[2020.11.25-15.07.42:968][  0]LogConfig: Setting CVar [[r.SSS.HalfRes:0]]
[2020.11.25-15.07.42:968][  0]LogConfig: Setting CVar [[r.SSGI.Quality:3]]
[2020.11.25-15.07.42:968][  0]LogConfig: Setting CVar [[r.EmitterSpawnRateScale:1.0]]
[2020.11.25-15.07.42:968][  0]LogConfig: Setting CVar [[r.ParticleLightQuality:2]]
[2020.11.25-15.07.42:968][  0]LogConfig: Setting CVar [[r.SkyAtmosphere.AerialPerspectiveLUT.FastApplyOnOpaque:1 ; Always have FastSkyLUT 1 in this case to avoid wrong sky]]
[2020.11.25-15.07.42:968][  0]LogConfig: Setting CVar [[r.SkyAtmosphere.AerialPerspectiveLUT.SampleCountPerSlice:1]]
[2020.11.25-15.07.42:968][  0]LogConfig: Setting CVar [[r.SkyAtmosphere.AerialPerspectiveLUT.DepthResolution:16.0]]
[2020.11.25-15.07.42:968][  0]LogConfig: Setting CVar [[r.SkyAtmosphere.FastSkyLUT:1]]
[2020.11.25-15.07.42:968][  0]LogConfig: Setting CVar [[r.SkyAtmosphere.FastSkyLUT.SampleCountMin:4.0]]
[2020.11.25-15.07.42:968][  0]LogConfig: Setting CVar [[r.SkyAtmosphere.FastSkyLUT.SampleCountMax:32.0]]
[2020.11.25-15.07.42:968][  0]LogConfig: Setting CVar [[r.SkyAtmosphere.SampleCountMin:4.0]]
[2020.11.25-15.07.42:968][  0]LogConfig: Setting CVar [[r.SkyAtmosphere.SampleCountMax:32.0]]
[2020.11.25-15.07.42:968][  0]LogConfig: Setting CVar [[r.SkyAtmosphere.TransmittanceLUT.UseSmallFormat:0]]
[2020.11.25-15.07.42:968][  0]LogConfig: Setting CVar [[r.SkyAtmosphere.TransmittanceLUT.SampleCount:10.0]]
[2020.11.25-15.07.42:968][  0]LogConfig: Setting CVar [[r.SkyAtmosphere.MultiScatteringLUT.SampleCount:15.0]]
[2020.11.25-15.07.42:968][  0]LogConfig: Applying CVar settings from Section [FoliageQuality@3] File [D:/PPP/MyProject/Saved/Config/Windows/Scalability.ini]
[2020.11.25-15.07.42:968][  0]LogConfig: Setting CVar [[foliage.DensityScale:1.0]]
[2020.11.25-15.07.42:968][  0]LogConfig: Setting CVar [[grass.DensityScale:1.0]]
[2020.11.25-15.07.42:968][  0]LogConfig: Applying CVar settings from Section [ShadingQuality@3] File [D:/PPP/MyProject/Saved/Config/Windows/Scalability.ini]
[2020.11.25-15.07.42:968][  0]LogConfig: Setting CVar [[r.HairStrands.SkyLighting.SampleCount:16]]
[2020.11.25-15.07.42:968][  0]LogConfig: Setting CVar [[r.HairStrands.SkyLighting.JitterIntegration:0]]
[2020.11.25-15.07.42:968][  0]LogConfig: Setting CVar [[r.HairStrands.SkyAO.SampleCount:16]]
[2020.11.25-15.07.42:968][  0]LogConfig: Setting CVar [[r.HairStrands.DeepShadow.SuperSampling:0]]
[2020.11.25-15.07.42:968][  0]LogConfig: Setting CVar [[r.HairStrands.VisibilityPPLL:0]]
[2020.11.25-15.07.42:968][  0]LogConfig: Setting CVar [[r.HairStrands.RasterizationScale:0.5]]
[2020.11.25-15.07.42:968][  0]LogConfig: Setting CVar [[r.HairStrands.VelocityRasterizationScale:1]]
[2020.11.25-15.07.42:968][  0]LogInit: Selected Device Profile: [Windows]
[2020.11.25-15.07.42:968][  0]LogInit: Applying CVar settings loaded from the selected device profile: [Windows]
[2020.11.25-15.07.42:968][  0]LogHAL: Display: Platform has ~ 16 GB [17137127424 / 17179869184 / 16], which maps to Larger [LargestMinGB=32, LargerMinGB=12, DefaultMinGB=8, SmallerMinGB=6, SmallestMinGB=0)
[2020.11.25-15.07.42:968][  0]LogInit: Going up to parent DeviceProfile []
[2020.11.25-15.07.42:968][  0]LogConfig: Applying CVar settings from Section [ViewDistanceQuality@3] File [D:/PPP/MyProject/Saved/Config/Windows/Scalability.ini]
[2020.11.25-15.07.42:968][  0]LogConfig: Setting CVar [[r.SkeletalMeshLODBias:0]]
[2020.11.25-15.07.42:968][  0]LogConfig: Setting CVar [[r.ViewDistanceScale:1.0]]
[2020.11.25-15.07.42:968][  0]LogConfig: Applying CVar settings from Section [AntiAliasingQuality@3] File [D:/PPP/MyProject/Saved/Config/Windows/Scalability.ini]
[2020.11.25-15.07.42:968][  0]LogConfig: Setting CVar [[r.PostProcessAAQuality:4]]
[2020.11.25-15.07.42:968][  0]LogConfig: Applying CVar settings from Section [ShadowQuality@3] File [D:/PPP/MyProject/Saved/Config/Windows/Scalability.ini]
[2020.11.25-15.07.42:968][  0]LogConfig: Setting CVar [[r.LightFunctionQuality:1]]
[2020.11.25-15.07.42:968][  0]LogConfig: Setting CVar [[r.ShadowQuality:5]]
[2020.11.25-15.07.42:968][  0]LogConfig: Setting CVar [[r.Shadow.CSM.MaxCascades:10]]
[2020.11.25-15.07.42:968][  0]LogConfig: Setting CVar [[r.Shadow.MaxResolution:2048]]
[2020.11.25-15.07.42:969][  0]LogConfig: Setting CVar [[r.Shadow.MaxCSMResolution:2048]]
[2020.11.25-15.07.42:969][  0]LogConfig: Setting CVar [[r.Shadow.RadiusThreshold:0.01]]
[2020.11.25-15.07.42:969][  0]LogConfig: Setting CVar [[r.Shadow.DistanceScale:1.0]]
[2020.11.25-15.07.42:969][  0]LogConfig: Setting CVar [[r.Shadow.CSM.TransitionScale:1.0]]
[2020.11.25-15.07.42:969][  0]LogConfig: Setting CVar [[r.Shadow.PreShadowResolutionFactor:1.0]]
[2020.11.25-15.07.42:969][  0]LogConfig: Setting CVar [[r.DistanceFieldShadowing:1]]
[2020.11.25-15.07.42:969][  0]LogConfig: Setting CVar [[r.DistanceFieldAO:1]]
[2020.11.25-15.07.42:969][  0]LogConfig: Setting CVar [[r.AOQuality:2]]
[2020.11.25-15.07.42:969][  0]LogConfig: Setting CVar [[r.VolumetricFog:1]]
[2020.11.25-15.07.42:969][  0]LogConfig: Setting CVar [[r.VolumetricFog.GridPixelSize:8]]
[2020.11.25-15.07.42:969][  0]LogConfig: Setting CVar [[r.VolumetricFog.GridSizeZ:128]]
[2020.11.25-15.07.42:969][  0]LogConfig: Setting CVar [[r.VolumetricFog.HistoryMissSupersampleCount:4]]
[2020.11.25-15.07.42:969][  0]LogConfig: Setting CVar [[r.LightMaxDrawDistanceScale:1]]
[2020.11.25-15.07.42:969][  0]LogConfig: Setting CVar [[r.CapsuleShadows:1]]
[2020.11.25-15.07.42:969][  0]LogConfig: Applying CVar settings from Section [PostProcessQuality@3] File [D:/PPP/MyProject/Saved/Config/Windows/Scalability.ini]
[2020.11.25-15.07.42:969][  0]LogConfig: Setting CVar [[r.MotionBlurQuality:4]]
[2020.11.25-15.07.42:969][  0]LogConfig: Setting CVar [[r.AmbientOcclusionMipLevelFactor:0.4]]
[2020.11.25-15.07.42:969][  0]LogConfig: Setting CVar [[r.AmbientOcclusionMaxQuality:100]]
[2020.11.25-15.07.42:969][  0]LogConfig: Setting CVar [[r.AmbientOcclusionLevels:-1]]
[2020.11.25-15.07.42:969][  0]LogConfig: Setting CVar [[r.AmbientOcclusionRadiusScale:1.0]]
[2020.11.25-15.07.42:969][  0]LogConfig: Setting CVar [[r.DepthOfFieldQuality:2]]
[2020.11.25-15.07.42:969][  0]LogConfig: Setting CVar [[r.RenderTargetPoolMin:400]]
[2020.11.25-15.07.42:969][  0]LogConfig: Setting CVar [[r.LensFlareQuality:2]]
[2020.11.25-15.07.42:969][  0]LogConfig: Setting CVar [[r.SceneColorFringeQuality:1]]
[2020.11.25-15.07.42:969][  0]LogConfig: Setting CVar [[r.EyeAdaptationQuality:2]]
[2020.11.25-15.07.42:969][  0]LogConfig: Setting CVar [[r.BloomQuality:5]]
[2020.11.25-15.07.42:969][  0]LogConfig: Setting CVar [[r.FastBlurThreshold:100]]
[2020.11.25-15.07.42:969][  0]LogConfig: Setting CVar [[r.Upscale.Quality:3]]
[2020.11.25-15.07.42:969][  0]LogConfig: Setting CVar [[r.Tonemapper.GrainQuantization:1]]
[2020.11.25-15.07.42:969][  0]LogConfig: Setting CVar [[r.LightShaftQuality:1]]
[2020.11.25-15.07.42:969][  0]LogConfig: Setting CVar [[r.Filter.SizeScale:1]]
[2020.11.25-15.07.42:969][  0]LogConfig: Setting CVar [[r.Tonemapper.Quality:5]]
[2020.11.25-15.07.42:969][  0]LogConfig: Setting CVar [[r.DOF.Gather.AccumulatorQuality:1        ; higher gathering accumulator quality]]
[2020.11.25-15.07.42:969][  0]LogConfig: Setting CVar [[r.DOF.Gather.PostfilterMethod:1          ; Median3x3 postfilering method]]
[2020.11.25-15.07.42:969][  0]LogConfig: Setting CVar [[r.DOF.Gather.EnableBokehSettings:0       ; no bokeh simulation when gathering]]
[2020.11.25-15.07.42:969][  0]LogConfig: Setting CVar [[r.DOF.Gather.RingCount:4                 ; medium number of samples when gathering]]
[2020.11.25-15.07.42:969][  0]LogConfig: Setting CVar [[r.DOF.Scatter.ForegroundCompositing:1    ; additive foreground scattering]]
[2020.11.25-15.07.42:969][  0]LogConfig: Setting CVar [[r.DOF.Scatter.BackgroundCompositing:2    ; additive background scattering]]
[2020.11.25-15.07.42:969][  0]LogConfig: Setting CVar [[r.DOF.Scatter.EnableBokehSettings:1      ; bokeh simulation when scattering]]
[2020.11.25-15.07.42:969][  0]LogConfig: Setting CVar [[r.DOF.Scatter.MaxSpriteRatio:0.1         ; only a maximum of 10% of scattered bokeh]]
[2020.11.25-15.07.42:969][  0]LogConfig: Setting CVar [[r.DOF.Recombine.Quality:1                ; cheap slight out of focus]]
[2020.11.25-15.07.42:969][  0]LogConfig: Setting CVar [[r.DOF.Recombine.EnableBokehSettings:0    ; no bokeh simulation on slight out of focus]]
[2020.11.25-15.07.42:969][  0]LogConfig: Setting CVar [[r.DOF.TemporalAAQuality:1                ; more stable temporal accumulation]]
[2020.11.25-15.07.42:969][  0]LogConfig: Setting CVar [[r.DOF.Kernel.MaxForegroundRadius:0.025]]
[2020.11.25-15.07.42:969][  0]LogConfig: Setting CVar [[r.DOF.Kernel.MaxBackgroundRadius:0.025]]
[2020.11.25-15.07.42:969][  0]LogConfig: Applying CVar settings from Section [TextureQuality@3] File [D:/PPP/MyProject/Saved/Config/Windows/Scalability.ini]
[2020.11.25-15.07.42:969][  0]LogConfig: Setting CVar [[r.Streaming.MipBias:0]]
[2020.11.25-15.07.42:969][  0]LogConfig: Setting CVar [[r.Streaming.AmortizeCPUToGPUCopy:0]]
[2020.11.25-15.07.42:970][  0]LogConfig: Setting CVar [[r.Streaming.MaxNumTexturesToStreamPerFrame:0]]
[2020.11.25-15.07.42:970][  0]LogConfig: Setting CVar [[r.Streaming.Boost:1]]
[2020.11.25-15.07.42:970][  0]LogConfig: Setting CVar [[r.MaxAnisotropy:8]]
[2020.11.25-15.07.42:970][  0]LogConfig: Setting CVar [[r.VT.MaxAnisotropy:8]]
[2020.11.25-15.07.42:970][  0]LogConfig: Setting CVar [[r.Streaming.LimitPoolSizeToVRAM:0]]
[2020.11.25-15.07.42:970][  0]LogConfig: Setting CVar [[r.Streaming.PoolSize:1000]]
[2020.11.25-15.07.42:970][  0]LogConfig: Setting CVar [[r.Streaming.MaxEffectiveScreenSize:0]]
[2020.11.25-15.07.42:970][  0]LogConfig: Applying CVar settings from Section [EffectsQuality@3] File [D:/PPP/MyProject/Saved/Config/Windows/Scalability.ini]
[2020.11.25-15.07.42:970][  0]LogConfig: Setting CVar [[r.TranslucencyLightingVolumeDim:64]]
[2020.11.25-15.07.42:970][  0]LogConfig: Setting CVar [[r.RefractionQuality:2]]
[2020.11.25-15.07.42:970][  0]LogConfig: Setting CVar [[r.SSR.Quality:3]]
[2020.11.25-15.07.42:970][  0]LogConfig: Setting CVar [[r.SSR.HalfResSceneColor:0]]
[2020.11.25-15.07.42:970][  0]LogConfig: Setting CVar [[r.SceneColorFormat:4]]
[2020.11.25-15.07.42:970][  0]LogConfig: Setting CVar [[r.DetailMode:2]]
[2020.11.25-15.07.42:970][  0]LogConfig: Setting CVar [[r.TranslucencyVolumeBlur:1]]
[2020.11.25-15.07.42:970][  0]LogConfig: Setting CVar [[r.MaterialQualityLevel:1 ; High quality]]
[2020.11.25-15.07.42:970][  0]LogConfig: Setting CVar [[r.SSS.Scale:1]]
[2020.11.25-15.07.42:970][  0]LogConfig: Setting CVar [[r.SSS.SampleSet:2]]
[2020.11.25-15.07.42:970][  0]LogConfig: Setting CVar [[r.SSS.Quality:1]]
[2020.11.25-15.07.42:970][  0]LogConfig: Setting CVar [[r.SSS.HalfRes:0]]
[2020.11.25-15.07.42:970][  0]LogConfig: Setting CVar [[r.SSGI.Quality:3]]
[2020.11.25-15.07.42:970][  0]LogConfig: Setting CVar [[r.EmitterSpawnRateScale:1.0]]
[2020.11.25-15.07.42:970][  0]LogConfig: Setting CVar [[r.ParticleLightQuality:2]]
[2020.11.25-15.07.42:970][  0]LogConfig: Setting CVar [[r.SkyAtmosphere.AerialPerspectiveLUT.FastApplyOnOpaque:1 ; Always have FastSkyLUT 1 in this case to avoid wrong sky]]
[2020.11.25-15.07.42:970][  0]LogConfig: Setting CVar [[r.SkyAtmosphere.AerialPerspectiveLUT.SampleCountPerSlice:1]]
[2020.11.25-15.07.42:970][  0]LogConfig: Setting CVar [[r.SkyAtmosphere.AerialPerspectiveLUT.DepthResolution:16.0]]
[2020.11.25-15.07.42:970][  0]LogConfig: Setting CVar [[r.SkyAtmosphere.FastSkyLUT:1]]
[2020.11.25-15.07.42:970][  0]LogConfig: Setting CVar [[r.SkyAtmosphere.FastSkyLUT.SampleCountMin:4.0]]
[2020.11.25-15.07.42:970][  0]LogConfig: Setting CVar [[r.SkyAtmosphere.FastSkyLUT.SampleCountMax:32.0]]
[2020.11.25-15.07.42:970][  0]LogConfig: Setting CVar [[r.SkyAtmosphere.SampleCountMin:4.0]]
[2020.11.25-15.07.42:970][  0]LogConfig: Setting CVar [[r.SkyAtmosphere.SampleCountMax:32.0]]
[2020.11.25-15.07.42:970][  0]LogConfig: Setting CVar [[r.SkyAtmosphere.TransmittanceLUT.UseSmallFormat:0]]
[2020.11.25-15.07.42:970][  0]LogConfig: Setting CVar [[r.SkyAtmosphere.TransmittanceLUT.SampleCount:10.0]]
[2020.11.25-15.07.42:970][  0]LogConfig: Setting CVar [[r.SkyAtmosphere.MultiScatteringLUT.SampleCount:15.0]]
[2020.11.25-15.07.42:970][  0]LogConfig: Applying CVar settings from Section [FoliageQuality@3] File [D:/PPP/MyProject/Saved/Config/Windows/Scalability.ini]
[2020.11.25-15.07.42:970][  0]LogConfig: Setting CVar [[foliage.DensityScale:1.0]]
[2020.11.25-15.07.42:970][  0]LogConfig: Setting CVar [[grass.DensityScale:1.0]]
[2020.11.25-15.07.42:970][  0]LogConfig: Applying CVar settings from Section [ShadingQuality@3] File [D:/PPP/MyProject/Saved/Config/Windows/Scalability.ini]
[2020.11.25-15.07.42:970][  0]LogConfig: Setting CVar [[r.HairStrands.SkyLighting.SampleCount:16]]
[2020.11.25-15.07.42:970][  0]LogConfig: Setting CVar [[r.HairStrands.SkyLighting.JitterIntegration:0]]
[2020.11.25-15.07.42:971][  0]LogConfig: Setting CVar [[r.HairStrands.SkyAO.SampleCount:16]]
[2020.11.25-15.07.42:971][  0]LogConfig: Setting CVar [[r.HairStrands.DeepShadow.SuperSampling:0]]
[2020.11.25-15.07.42:971][  0]LogConfig: Setting CVar [[r.HairStrands.VisibilityPPLL:0]]
[2020.11.25-15.07.42:971][  0]LogConfig: Setting CVar [[r.HairStrands.RasterizationScale:0.5]]
[2020.11.25-15.07.42:971][  0]LogConfig: Setting CVar [[r.HairStrands.VelocityRasterizationScale:1]]
[2020.11.25-15.07.42:971][  0]LogConfig: Applying CVar settings from Section [Startup] File [../../../Engine/Config/ConsoleVariables.ini]
[2020.11.25-15.07.42:971][  0]LogConfig: Setting CVar [[net.UseAdaptiveNetUpdateFrequency:0]]
[2020.11.25-15.07.42:971][  0]LogConfig: Setting CVar [[p.chaos.AllowCreatePhysxBodies:1]]
[2020.11.25-15.07.42:971][  0]LogConfig: Setting CVar [[fx.SkipVectorVMBackendOptimizations:1]]
[2020.11.25-15.07.42:971][  0]LogConfig: Applying CVar settings from Section [ConsoleVariables] File [D:/PPP/MyProject/Saved/Config/Windows/Engine.ini]
[2020.11.25-15.07.42:971][  0]LogInit: Computer: SIEJEMAAN
[2020.11.25-15.07.42:971][  0]LogInit: User: simon
[2020.11.25-15.07.42:971][  0]LogInit: CPU Page size=4096, Cores=4
[2020.11.25-15.07.42:971][  0]LogInit: High frequency timer resolution =10.000000 MHz
[2020.11.25-15.07.42:971][  0]LogMemory: Memory total: Physical=16.0GB (16GB approx)
[2020.11.25-15.07.42:971][  0]LogMemory: Platform Memory Stats for Windows
[2020.11.25-15.07.42:971][  0]LogMemory: Process Physical Memory: 116.29 MB used, 116.29 MB peak
[2020.11.25-15.07.42:971][  0]LogMemory: Process Virtual Memory: 100.62 MB used, 100.62 MB peak
[2020.11.25-15.07.42:971][  0]LogMemory: Physical Memory: 13083.29 MB used,  3259.95 MB free, 16343.24 MB total
[2020.11.25-15.07.42:971][  0]LogMemory: Virtual Memory: 5099.11 MB used,  134212632.00 MB free, 134217728.00 MB total
[2020.11.25-15.07.42:980][  0]LogWindows: WindowsPlatformFeatures enabled
[2020.11.25-15.07.43:042][  0]LogInit: Physics initialised using underlying interface: PhysX
[2020.11.25-15.07.43:042][  0]LogInit: Using OS detected language (nl-NL).
[2020.11.25-15.07.43:042][  0]LogInit: Using OS detected locale (nl-BE).
[2020.11.25-15.07.43:043][  0]LogTextLocalizationManager: No localization for 'nl-NL' exists, so 'en' will be used for the language.
[2020.11.25-15.07.43:044][  0]LogTextLocalizationManager: No localization for 'nl-BE' exists, so 'en' will be used for the locale.
[2020.11.25-15.07.43:267][  0]LogSlate: New Slate User Created.  User Index 0, Is Virtual User: 0
[2020.11.25-15.07.43:267][  0]LogSlate: Slate User Registered.  User Index 0, Is Virtual User: 0
[2020.11.25-15.07.43:278][  0]LogHMD: Failed to initialize OpenVR with code 110
[2020.11.25-15.07.43:278][  0]LogD3D11RHI: D3D11 min allowed feature level: 11_0
[2020.11.25-15.07.43:278][  0]LogD3D11RHI: D3D11 max allowed feature level: 11_0
[2020.11.25-15.07.43:278][  0]LogD3D11RHI: D3D11 adapters:
[2020.11.25-15.07.43:359][  0]LogD3D11RHI:    0. 'NVIDIA GeForce GTX 1070' (Feature Level 11_0)
[2020.11.25-15.07.43:360][  0]LogD3D11RHI:       8088/0/8171 MB DedicatedVideo/DedicatedSystem/SharedSystem, Outputs:2, VendorId:0x10de
[2020.11.25-15.07.43:362][  0]LogD3D11RHI:    1. 'Microsoft Basic Render Driver' (Feature Level 11_0)
[2020.11.25-15.07.43:362][  0]LogD3D11RHI:       0/0/8171 MB DedicatedVideo/DedicatedSystem/SharedSystem, Outputs:0, VendorId:0x1414
[2020.11.25-15.07.43:362][  0]LogD3D11RHI: Chosen D3D11 Adapter: 0
[2020.11.25-15.07.43:368][  0]LogD3D11RHI: Creating new Direct3DDevice
[2020.11.25-15.07.43:368][  0]LogD3D11RHI:     GPU DeviceId: 0x1b81 (for the marketing name, search the web for "GPU Device Id")
[2020.11.25-15.07.43:368][  0]LogWindows: EnumDisplayDevices:
[2020.11.25-15.07.43:369][  0]LogWindows:    0. 'NVIDIA GeForce GTX 1070' (P:0 D:1)
[2020.11.25-15.07.43:369][  0]LogWindows:    1. 'NVIDIA GeForce GTX 1070' (P:1 D:1)
[2020.11.25-15.07.43:369][  0]LogWindows:    2. 'NVIDIA GeForce GTX 1070' (P:0 D:0)
[2020.11.25-15.07.43:370][  0]LogWindows:    3. 'NVIDIA GeForce GTX 1070' (P:0 D:0)
[2020.11.25-15.07.43:370][  0]LogWindows: DebugString: FoundDriverCount:4 
[2020.11.25-15.07.43:370][  0]LogD3D11RHI:     Adapter Name: NVIDIA GeForce GTX 1070
[2020.11.25-15.07.43:370][  0]LogD3D11RHI:   Driver Version: 456.71 (internal:27.21.14.5671, unified:456.71)
[2020.11.25-15.07.43:370][  0]LogD3D11RHI:      Driver Date: 9-30-2020
[2020.11.25-15.07.43:370][  0]LogRHI: Texture pool is 5661 MB (70% of 8088 MB)
[2020.11.25-15.07.43:422][  0]LogD3D11RHI: RHI has support for 64 bit atomics
[2020.11.25-15.07.43:422][  0]LogD3D11RHI: Async texture creation enabled
[2020.11.25-15.07.43:422][  0]LogD3D11RHI: Array index from any shader is supported
[2020.11.25-15.07.43:445][  0]LogD3D11RHI: GPU Timing Frequency: 1000.000000 (Debug: 2 1)
[2020.11.25-15.07.43:798][  0]LogTargetPlatformManager: Display: Loaded TargetPlatform 'WindowsNoEditor'
[2020.11.25-15.07.43:802][  0]LogTargetPlatformManager: Display: Loaded TargetPlatform 'Windows'
[2020.11.25-15.07.43:809][  0]LogTargetPlatformManager: Display: Loaded TargetPlatform 'WindowsClient'
[2020.11.25-15.07.43:817][  0]LogTargetPlatformManager: Display: Loaded TargetPlatform 'WindowsServer'
[2020.11.25-15.07.43:817][  0]LogTargetPlatformManager: Display: Building Assets For Windows
[2020.11.25-15.07.43:824][  0]LogAudioDebug: Display: Lib vorbis DLL was dynamically loaded.
[2020.11.25-15.07.43:878][  0]LogShaderCompilers: Guid format shader working directory is 17 characters bigger than the processId version (../../../../../PPP/MyProject/Intermediate/Shaders/WorkingDirectory/11860/).
[2020.11.25-15.07.43:879][  0]LogShaderCompilers: Cleaned the shader compiler working directory 'C:/Users/simon/AppData/Local/Temp/UnrealShaderWorkingDir/A6D904524D3BA01797DEC489E5E157C4/'.
[2020.11.25-15.07.43:879][  0]LogXGEController: Cannot use XGE Controller as Incredibuild is not installed on this machine.
[2020.11.25-15.07.43:879][  0]LogShaderCompilers: Cannot use XGE Shader Compiler as Incredibuild is not installed on this machine.
[2020.11.25-15.07.43:879][  0]LogShaderCompilers: Display: Using Local Shader Compiler.
[2020.11.25-15.07.44:558][  0]LogDerivedDataCache: Display: Max Cache Size: 512 MB
[2020.11.25-15.07.44:613][  0]LogDerivedDataCache: Loaded boot cache 0.06s 92MB C:/Users/simon/AppData/Local/UnrealEngine/4.25/DerivedDataCache/Boot.ddc.
[2020.11.25-15.07.44:614][  0]LogDerivedDataCache: Display: Loaded Boot cache: C:/Users/simon/AppData/Local/UnrealEngine/4.25/DerivedDataCache/Boot.ddc
[2020.11.25-15.07.44:614][  0]LogDerivedDataCache: FDerivedDataBackendGraph:  Pak pak cache file ../../../../../PPP/MyProject/DerivedDataCache/DDC.ddp not found, will not use a pak cache.
[2020.11.25-15.07.44:614][  0]LogDerivedDataCache: Unable to find inner node Pak for hierarchical cache Hierarchy.
[2020.11.25-15.07.44:614][  0]LogDerivedDataCache: FDerivedDataBackendGraph:  CompressedPak pak cache file ../../../../../PPP/MyProject/DerivedDataCache/Compressed.ddp not found, will not use a pak cache.
[2020.11.25-15.07.44:614][  0]LogDerivedDataCache: Unable to find inner node CompressedPak for hierarchical cache Hierarchy.
[2020.11.25-15.07.44:623][  0]LogDerivedDataCache: Display: Pak cache opened for reading ../../../Engine/DerivedDataCache/Compressed.ddp.
[2020.11.25-15.07.44:623][  0]LogDerivedDataCache: FDerivedDataBackendGraph:  EnterprisePak pak cache file ../../../Enterprise/DerivedDataCache/Compressed.ddp not found, will not use a pak cache.
[2020.11.25-15.07.44:623][  0]LogDerivedDataCache: Unable to find inner node EnterprisePak for hierarchical cache Hierarchy.
[2020.11.25-15.07.44:624][  0]LogDerivedDataCache: Using Local data cache path C:/Users/simon/AppData/Local/UnrealEngine/Common/DerivedDataCache: Writable
[2020.11.25-15.07.44:624][  0]LogDerivedDataCache: Shared data cache path not found in *engine.ini, will not use an Shared cache.
[2020.11.25-15.07.44:624][  0]LogDerivedDataCache: Unable to find inner node Shared for hierarchical cache Hierarchy.
[2020.11.25-15.07.44:659][  0]LogSlate: Using FreeType 2.10.0
[2020.11.25-15.07.44:659][  0]LogSlate: SlateFontServices - WITH_FREETYPE: 1, WITH_HARFBUZZ: 1
[2020.11.25-15.07.44:733][  0]LogInit: Using OS detected language (nl-NL).
[2020.11.25-15.07.44:733][  0]LogInit: Using OS detected locale (nl-BE).
[2020.11.25-15.07.44:733][  0]LogTextLocalizationManager: No localization for 'nl-NL' exists, so 'en' will be used for the language.
[2020.11.25-15.07.44:733][  0]LogTextLocalizationManager: No localization for 'nl-BE' exists, so 'en' will be used for the locale.
[2020.11.25-15.07.44:734][  0]LogTextLocalizationManager: Compacting localization data took   0.00ms
[2020.11.25-15.07.44:737][  0]LogAssetRegistry: FAssetRegistry took 0.0015 seconds to start up
[2020.11.25-15.07.44:892][  0]LogPackageLocalizationCache: Processed 22 localized package path(s) for 1 prioritized culture(s) in 0.000801 seconds
[2020.11.25-15.07.44:930][  0]LogInit: Selected Device Profile: [Windows]
[2020.11.25-15.07.45:026][  0]LogMeshReduction: Using QuadricMeshReduction for automatic static mesh reduction
[2020.11.25-15.07.45:026][  0]LogMeshReduction: Using SimplygonMeshReduction for automatic skeletal mesh reduction
[2020.11.25-15.07.45:026][  0]LogMeshReduction: Using ProxyLODMeshReduction for automatic mesh merging
[2020.11.25-15.07.45:026][  0]LogMeshReduction: No distributed automatic mesh merging module available
[2020.11.25-15.07.45:026][  0]LogMeshMerging: No distributed automatic mesh merging module available
[2020.11.25-15.07.45:041][  0]LogNetVersion: MyProject 1.0.0, NetCL: 13144385, EngineNetVer: 14, GameNetVer: 0 (Checksum: 709303259)
[2020.11.25-15.07.45:255][  0]LogAISub: UAISubsystem::UAISubsystem AISubsystem (000001E4243BF880), frame # 0
[2020.11.25-15.07.45:255][  0]LogAISub: UAISubsystem::UAISubsystem AIPerceptionSystem (000001E4243F4400), frame # 0
[2020.11.25-15.07.45:256][  0]LogAISub: UAISubsystem::UAISubsystem EnvQueryManager (000001E4243AFC00), frame # 0
[2020.11.25-15.07.45:336][  0]LogCollectionManager: Loaded 0 collections in 0.000647 seconds
[2020.11.25-15.07.45:338][  0]LogFileCache: Scanning file cache for directory 'D:/PPP/MyProject/Saved/Collections/' took 0.00s
[2020.11.25-15.07.45:338][  0]LogFileCache: Scanning file cache for directory 'D:/PPP/MyProject/Content/Developers/simon/Collections/' took 0.00s
[2020.11.25-15.07.45:338][  0]LogFileCache: Scanning file cache for directory 'D:/PPP/MyProject/Content/Collections/' took 0.00s
[2020.11.25-15.07.45:338][  0]LogCollectionManager: Fixed up redirectors for 0 collections in 0.000004 seconds (updated 0 objects)
[2020.11.25-15.07.45:389][  0]LogMoviePlayer: Initializing movie player
[2020.11.25-15.07.45:538][  0]LogTcpMessaging: Initializing TcpMessaging bridge
[2020.11.25-15.07.45:542][  0]LogUdpMessaging: Initializing bridge on interface 0.0.0.0:0 to multicast group 230.0.0.1:6666.
[2020.11.25-15.07.45:542][  0]FUdpSocketBuilder: Failed to subscribe UdpMessageMulticastSocket to multicast group 230.0.0.1 on interface 0.0.0.0
[2020.11.25-15.07.45:542][  0]FUdpSocketBuilder: Failed to create and initialize socket UdpMessageMulticastSocket (last error: 0)
[2020.11.25-15.07.45:542][  0]LogUdpMessaging: Warning: StartTransport failed to create multicast socket on 0.0.0.0:0, joined to 230.0.0.1:6666 with TTL 1
[2020.11.25-15.07.45:569][  0]LogScript: Warning: Script Msg: A null object was passed as a world context object to UEngine::GetWorldFromContextObject().
[2020.11.25-15.07.45:569][  0]LogScript: Warning: Script Msg: A null object was passed as a world context object to UEngine::GetWorldFromContextObject().
[2020.11.25-15.07.45:581][  0]SourceControl: Source control is disabled
[2020.11.25-15.07.45:581][  0]SourceControl: Source control is disabled
[2020.11.25-15.07.45:588][  0]SourceControl: Source control is disabled
[2020.11.25-15.07.45:750][  0]LogAndroidPermission: UAndroidPermissionCallbackProxy::GetInstance
[2020.11.25-15.07.45:767][  0]LogAudioCaptureCore: Display: No Audio Capture implementations found. Audio input will be silent.
[2020.11.25-15.07.45:767][  0]LogAudioCaptureCore: Display: No Audio Capture implementations found. Audio input will be silent.
[2020.11.25-15.07.45:807][  0]LogOcInput: OculusInput pre-init called
[2020.11.25-15.07.45:825][  0]LogUObjectArray: 19768 objects as part of root set at end of initial load.
[2020.11.25-15.07.45:825][  0]LogUObjectAllocator: 5262640 out of 0 bytes used by permanent object pool.
[2020.11.25-15.07.45:825][  0]LogUObjectArray: CloseDisregardForGC: 0/0 objects in disregard for GC pool
[2020.11.25-15.07.45:860][  0]LogEngine: Initializing Engine...
[2020.11.25-15.07.45:861][  0]LogHMD: Failed to initialize OpenVR with code 110
[2020.11.25-15.07.45:861][  0]LogMagicLeap: Warning: VR disabled because ZI is not enabled.  To enable, in the editor, Edit -> Project Settings -> Plugins -> Magic Leap Plugin -> Enable Zero Iteration
[2020.11.25-15.07.45:862][  0]LogStats: UGameplayTagsManager::InitializeManager -  0.000 s
[2020.11.25-15.07.45:943][  0]LogInit: Initializing FReadOnlyCVARCache
[2020.11.25-15.07.45:946][  0]LogAudioMixer: Display: Audio Mixer Platform Settings:
[2020.11.25-15.07.45:946][  0]LogAudioMixer: Display: 	Sample Rate:						  48000
[2020.11.25-15.07.45:946][  0]LogAudioMixer: Display: 	Callback Buffer Frame Size Requested: 1024
[2020.11.25-15.07.45:946][  0]LogAudioMixer: Display: 	Callback Buffer Frame Size To Use:	  1024
[2020.11.25-15.07.45:946][  0]LogAudioMixer: Display: 	Number of buffers to queue:			  2
[2020.11.25-15.07.45:946][  0]LogAudioMixer: Display: 	Max Channels (voices):				  32
[2020.11.25-15.07.45:947][  0]LogAudioMixer: Display: 	Number of Async Source Workers:		  0
[2020.11.25-15.07.45:947][  0]LogAudio: Display: AudioDevice MaxSources: 32
[2020.11.25-15.07.45:947][  0]LogAudio: Display: Using built-in audio occlusion.
[2020.11.25-15.07.45:947][  0]LogAudioMixer: Display: Initializing audio mixer.
[2020.11.25-15.07.45:964][  0]LogAudioMixer: Display: 0: FrontLeft
[2020.11.25-15.07.45:964][  0]LogAudioMixer: Display: 1: FrontRight
[2020.11.25-15.07.46:007][  0]LogAudioMixer: Display: Using Audio Device headset (Realtek High Definition Audio)
[2020.11.25-15.07.46:013][  0]LogAudioMixer: Display: Initializing Sound Submixes...
[2020.11.25-15.07.46:014][  0]LogAudioMixer: Display: Creating Master Submix 'MasterSubmixDefault'
[2020.11.25-15.07.46:014][  0]LogAudioMixer: Display: Creating Master Submix 'MasterReverbSubmixDefault'
[2020.11.25-15.07.46:015][  0]LogAudioMixer: Display: Creating Master Submix 'MasterEQSubmixDefault'
[2020.11.25-15.07.46:016][  0]LogInit: FAudioDevice initialized.
[2020.11.25-15.07.46:017][  0]LogNetVersion: Set ProjectVersion to 1.0.0.0. Version Checksum will be recalculated on next use.
[2020.11.25-15.07.46:021][  0]LogInit: Texture streaming: Enabled
[2020.11.25-15.07.46:072][  0]LogSlate: Updating window title bar state: overlay mode, drag disabled, window buttons hidden, title bar hidden
[2020.11.25-15.07.46:073][  0]LogInit: Display: Game Engine Initialized.
[2020.11.25-15.07.46:073][  0]LogNiagaraEditor: Warning: GEditor isn't valid! Particle reset commands will not work for Niagara components!
[2020.11.25-15.07.46:099][  0]LogInit: Display: Starting Game.
[2020.11.25-15.07.46:099][  0]LogNet: Browse: /Game/Levels/Level01?Name=Player
[2020.11.25-15.07.46:099][  0]LogLoad: LoadMap: /Game/Levels/Level01?Name=Player
[2020.11.25-15.07.46:099][  0]LogWorld: BeginTearingDown for /Temp/Untitled_0
[2020.11.25-15.07.46:100][  0]LogUdpMessaging: Warning: UDP messaging encountered an error. Auto repair routine started for reinitialization
[2020.11.25-15.07.46:100][  0]LogWorld: UWorld::CleanupWorld for Untitled, bSessionEnded=true, bCleanupResources=true
[2020.11.25-15.07.46:100][  0]LogSlate: InvalidateAllWidgets triggered.  All widgets were invalidated
[2020.11.25-15.07.46:108][  0]LogUObjectHash: Compacting FUObjectHashTables data took   0.50ms
[2020.11.25-15.07.46:123][  0]LogScript: Warning: Script Msg: A null object was passed as a world context object to UEngine::GetWorldFromContextObject().
[2020.11.25-15.07.46:162][  0]LogScript: Warning: Script Msg: A null object was passed as a world context object to UEngine::GetWorldFromContextObject().
[2020.11.25-15.07.46:205][  0]LogScript: Warning: Script Msg: A null object was passed as a world context object to UEngine::GetWorldFromContextObject().
[2020.11.25-15.07.46:207][  0]LogScript: Warning: Script Msg: A null object was passed as a world context object to UEngine::GetWorldFromContextObject().
[2020.11.25-15.07.46:277][  0]LogScript: Warning: Script Msg: A null object was passed as a world context object to UEngine::GetWorldFromContextObject().
[2020.11.25-15.07.46:289][  0]LogScript: Warning: Script Msg: A null object was passed as a world context object to UEngine::GetWorldFromContextObject().
[2020.11.25-15.07.46:945][  0]LogAIModule: Creating AISystem for world Level01
[2020.11.25-15.07.46:946][  0]LogAISub: UAISubsystem::UAISubsystem EnvQueryManager (000001E43173A600), frame # 0
[2020.11.25-15.07.46:946][  0]LogAISub: UAISubsystem::UAISubsystem AIPerceptionSystem (000001E431725A80), frame # 0
[2020.11.25-15.07.46:946][  0]LogLoad: Game class is 'NewGameMode_C'
[2020.11.25-15.07.46:992][  0]LogWorld: Bringing World /Game/Levels/Level01.Level01 up for play (max tick rate 0) at 2020.11.25-16.07.46
[2020.11.25-15.07.46:993][  0]LogWorld: Bringing up level for play took: 0.046179
[2020.11.25-15.07.46:998][  0]LogLoad: Took 0.899779 seconds to LoadMap(/Game/Levels/Level01)
[2020.11.25-15.07.47:029][  0]LogSlate: Took 0.000189 seconds to synchronously load lazily loaded font '../../../Engine/Content/Slate/Fonts/Roboto-Regular.ttf' (155K)
[2020.11.25-15.07.47:048][  0]LogRenderer: Reallocating scene render targets to support 1280x720 Format 10 NumSamples 1 (Frame:1).
[2020.11.25-15.07.47:048][  0]LogLoad: (Engine Initialization) Total time: 5.90 seconds
[2020.11.25-15.07.47:048][  0]LogLoad: (Engine Initialization) Total Blueprint compile time: 0.00 seconds
[2020.11.25-15.07.47:073][  0]LogContentStreaming: Texture pool size now 1000 MB
[2020.11.25-15.07.47:078][  1]LogAudio: Warning: Detected orphaned looping sound 'Starter_Wind05'.
[2020.11.25-15.07.47:079][  1]LogAudio: Warning: Detected orphaned looping sound 'Starter_Birds01'.
[2020.11.25-15.07.47:220][  2]LogRenderer: Reallocating scene render targets to support 128x128 Format 10 NumSamples 1 (Frame:1).
[2020.11.25-15.07.47:258][  2]LogRenderer: Reallocating scene render targets to support 1280x720 Format 10 NumSamples 1 (Frame:2).
[2020.11.25-15.07.48:261][116]FUdpSocketBuilder: Failed to subscribe UdpMessageMulticastSocket to multicast group 230.0.0.1 on interface 0.0.0.0
[2020.11.25-15.07.48:261][116]FUdpSocketBuilder: Failed to create and initialize socket UdpMessageMulticastSocket (last error: 0)
[2020.11.25-15.07.48:261][116]LogUdpMessaging: Warning: StartTransport failed to create multicast socket on 0.0.0.0:0, joined to 230.0.0.1:6666 with TTL 1
[2020.11.25-15.07.48:274][119]LogUdpMessaging: Warning: UDP messaging encountered an error. Auto repair routine started for reinitialization
[2020.11.25-15.07.49:469][280]FUdpSocketBuilder: Failed to subscribe UdpMessageMulticastSocket to multicast group 230.0.0.1 on interface 0.0.0.0
[2020.11.25-15.07.49:469][280]FUdpSocketBuilder: Failed to create and initialize socket UdpMessageMulticastSocket (last error: 0)
[2020.11.25-15.07.49:469][280]LogUdpMessaging: Warning: StartTransport failed to create multicast socket on 0.0.0.0:0, joined to 230.0.0.1:6666 with TTL 1
[2020.11.25-15.07.49:482][282]LogUdpMessaging: Warning: UDP messaging encountered an error. Auto repair routine started for reinitialization
[2020.11.25-15.07.51:684][597]FUdpSocketBuilder: Failed to subscribe UdpMessageMulticastSocket to multicast group 230.0.0.1 on interface 0.0.0.0
[2020.11.25-15.07.51:684][597]FUdpSocketBuilder: Failed to create and initialize socket UdpMessageMulticastSocket (last error: 0)
[2020.11.25-15.07.51:684][597]LogUdpMessaging: Warning: StartTransport failed to create multicast socket on 0.0.0.0:0, joined to 230.0.0.1:6666 with TTL 1
[2020.11.25-15.07.51:696][600]LogUdpMessaging: Warning: UDP messaging encountered an error. Auto repair routine started for reinitialization
[2020.11.25-15.07.52:894][761]FUdpSocketBuilder: Failed to subscribe UdpMessageMulticastSocket to multicast group 230.0.0.1 on interface 0.0.0.0
[2020.11.25-15.07.52:894][761]FUdpSocketBuilder: Failed to create and initialize socket UdpMessageMulticastSocket (last error: 0)
[2020.11.25-15.07.52:894][761]LogUdpMessaging: Warning: StartTransport failed to create multicast socket on 0.0.0.0:0, joined to 230.0.0.1:6666 with TTL 1
[2020.11.25-15.07.52:906][764]LogUdpMessaging: Warning: UDP messaging encountered an error. Auto repair routine started for reinitialization
[2020.11.25-15.07.53:699][898]LogNavigation: Warning: UNavigationSystemV1::SimpleMoveToActor called for NavSys:None Controller:None controlling Pawn:NULL with goal actor MyPlayableCharacter_C_0 (if any of these is None then there's your problem
[2020.11.25-15.07.54:103][934]FUdpSocketBuilder: Failed to subscribe UdpMessageMulticastSocket to multicast group 230.0.0.1 on interface 0.0.0.0
[2020.11.25-15.07.54:103][934]FUdpSocketBuilder: Failed to create and initialize socket UdpMessageMulticastSocket (last error: 0)
[2020.11.25-15.07.54:103][934]LogUdpMessaging: Warning: StartTransport failed to create multicast socket on 0.0.0.0:0, joined to 230.0.0.1:6666 with TTL 1
[2020.11.25-15.07.54:117][936]LogUdpMessaging: Warning: UDP messaging encountered an error. Auto repair routine started for reinitialization
[2020.11.25-15.07.55:311][ 72]FUdpSocketBuilder: Failed to subscribe UdpMessageMulticastSocket to multicast group 230.0.0.1 on interface 0.0.0.0
[2020.11.25-15.07.55:311][ 72]FUdpSocketBuilder: Failed to create and initialize socket UdpMessageMulticastSocket (last error: 0)
[2020.11.25-15.07.55:311][ 72]LogUdpMessaging: Warning: StartTransport failed to create multicast socket on 0.0.0.0:0, joined to 230.0.0.1:6666 with TTL 1
[2020.11.25-15.07.55:324][ 75]LogUdpMessaging: Warning: UDP messaging encountered an error. Auto repair routine started for reinitialization
[2020.11.25-15.07.56:224][203]LogBlueprintUserMessages: [Ability_C_2] Hello
[2020.11.25-15.07.56:521][214]FUdpSocketBuilder: Failed to subscribe UdpMessageMulticastSocket to multicast group 230.0.0.1 on interface 0.0.0.0
[2020.11.25-15.07.56:521][214]FUdpSocketBuilder: Failed to create and initialize socket UdpMessageMulticastSocket (last error: 0)
[2020.11.25-15.07.56:521][214]LogUdpMessaging: Warning: StartTransport failed to create multicast socket on 0.0.0.0:0, joined to 230.0.0.1:6666 with TTL 1
[2020.11.25-15.07.56:534][216]LogUdpMessaging: Warning: UDP messaging encountered an error. Auto repair routine started for reinitialization
[2020.11.25-15.07.57:731][383]FUdpSocketBuilder: Failed to subscribe UdpMessageMulticastSocket to multicast group 230.0.0.1 on interface 0.0.0.0
[2020.11.25-15.07.57:731][383]FUdpSocketBuilder: Failed to create and initialize socket UdpMessageMulticastSocket (last error: 0)
[2020.11.25-15.07.57:731][383]LogUdpMessaging: Warning: StartTransport failed to create multicast socket on 0.0.0.0:0, joined to 230.0.0.1:6666 with TTL 1
[2020.11.25-15.07.57:743][385]LogUdpMessaging: Warning: UDP messaging encountered an error. Auto repair routine started for reinitialization
[2020.11.25-15.07.58:940][552]FUdpSocketBuilder: Failed to subscribe UdpMessageMulticastSocket to multicast group 230.0.0.1 on interface 0.0.0.0
[2020.11.25-15.07.58:940][552]FUdpSocketBuilder: Failed to create and initialize socket UdpMessageMulticastSocket (last error: 0)
[2020.11.25-15.07.58:940][552]LogUdpMessaging: Warning: StartTransport failed to create multicast socket on 0.0.0.0:0, joined to 230.0.0.1:6666 with TTL 1
[2020.11.25-15.07.58:954][554]LogUdpMessaging: Warning: UDP messaging encountered an error. Auto repair routine started for reinitialization
[2020.11.25-15.08.00:150][708]FUdpSocketBuilder: Failed to subscribe UdpMessageMulticastSocket to multicast group 230.0.0.1 on interface 0.0.0.0
[2020.11.25-15.08.00:150][708]FUdpSocketBuilder: Failed to create and initialize socket UdpMessageMulticastSocket (last error: 0)
[2020.11.25-15.08.00:150][708]LogUdpMessaging: Warning: StartTransport failed to create multicast socket on 0.0.0.0:0, joined to 230.0.0.1:6666 with TTL 1
[2020.11.25-15.08.00:164][711]LogUdpMessaging: Warning: UDP messaging encountered an error. Auto repair routine started for reinitialization
[2020.11.25-15.08.01:362][867]FUdpSocketBuilder: Failed to subscribe UdpMessageMulticastSocket to multicast group 230.0.0.1 on interface 0.0.0.0
[2020.11.25-15.08.01:362][867]FUdpSocketBuilder: Failed to create and initialize socket UdpMessageMulticastSocket (last error: 0)
[2020.11.25-15.08.01:362][867]LogUdpMessaging: Warning: StartTransport failed to create multicast socket on 0.0.0.0:0, joined to 230.0.0.1:6666 with TTL 1
[2020.11.25-15.08.01:375][870]LogUdpMessaging: Warning: UDP messaging encountered an error. Auto repair routine started for reinitialization
[2020.11.25-15.08.03:678][132]FUdpSocketBuilder: Failed to subscribe UdpMessageMulticastSocket to multicast group 230.0.0.1 on interface 0.0.0.0
[2020.11.25-15.08.03:678][132]FUdpSocketBuilder: Failed to create and initialize socket UdpMessageMulticastSocket (last error: 0)
[2020.11.25-15.08.03:678][132]LogUdpMessaging: Warning: StartTransport failed to create multicast socket on 0.0.0.0:0, joined to 230.0.0.1:6666 with TTL 1
[2020.11.25-15.08.03:692][135]LogUdpMessaging: Warning: UDP messaging encountered an error. Auto repair routine started for reinitialization
[2020.11.25-15.08.05:892][540]FUdpSocketBuilder: Failed to subscribe UdpMessageMulticastSocket to multicast group 230.0.0.1 on interface 0.0.0.0
[2020.11.25-15.08.05:892][540]FUdpSocketBuilder: Failed to create and initialize socket UdpMessageMulticastSocket (last error: 0)
[2020.11.25-15.08.05:892][540]LogUdpMessaging: Warning: StartTransport failed to create multicast socket on 0.0.0.0:0, joined to 230.0.0.1:6666 with TTL 1
[2020.11.25-15.08.05:905][543]LogUdpMessaging: Warning: UDP messaging encountered an error. Auto repair routine started for reinitialization
[2020.11.25-15.08.07:102][720]FUdpSocketBuilder: Failed to subscribe UdpMessageMulticastSocket to multicast group 230.0.0.1 on interface 0.0.0.0
[2020.11.25-15.08.07:102][720]FUdpSocketBuilder: Failed to create and initialize socket UdpMessageMulticastSocket (last error: 0)
[2020.11.25-15.08.07:102][720]LogUdpMessaging: Warning: StartTransport failed to create multicast socket on 0.0.0.0:0, joined to 230.0.0.1:6666 with TTL 1
[2020.11.25-15.08.07:115][723]LogUdpMessaging: Warning: UDP messaging encountered an error. Auto repair routine started for reinitialization
[2020.11.25-15.08.08:313][895]FUdpSocketBuilder: Failed to subscribe UdpMessageMulticastSocket to multicast group 230.0.0.1 on interface 0.0.0.0
[2020.11.25-15.08.08:313][895]FUdpSocketBuilder: Failed to create and initialize socket UdpMessageMulticastSocket (last error: 0)
[2020.11.25-15.08.08:313][895]LogUdpMessaging: Warning: StartTransport failed to create multicast socket on 0.0.0.0:0, joined to 230.0.0.1:6666 with TTL 1
[2020.11.25-15.08.08:326][898]LogUdpMessaging: Warning: UDP messaging encountered an error. Auto repair routine started for reinitialization
[2020.11.25-15.08.10:427][241]FUdpSocketBuilder: Failed to subscribe UdpMessageMulticastSocket to multicast group 230.0.0.1 on interface 0.0.0.0
[2020.11.25-15.08.10:427][241]FUdpSocketBuilder: Failed to create and initialize socket UdpMessageMulticastSocket (last error: 0)
[2020.11.25-15.08.10:427][241]LogUdpMessaging: Warning: StartTransport failed to create multicast socket on 0.0.0.0:0, joined to 230.0.0.1:6666 with TTL 1
[2020.11.25-15.08.10:442][244]LogUdpMessaging: Warning: UDP messaging encountered an error. Auto repair routine started for reinitialization
[2020.11.25-15.08.12:545][572]FUdpSocketBuilder: Failed to subscribe UdpMessageMulticastSocket to multicast group 230.0.0.1 on interface 0.0.0.0
[2020.11.25-15.08.12:545][572]FUdpSocketBuilder: Failed to create and initialize socket UdpMessageMulticastSocket (last error: 0)
[2020.11.25-15.08.12:545][572]LogUdpMessaging: Warning: StartTransport failed to create multicast socket on 0.0.0.0:0, joined to 230.0.0.1:6666 with TTL 1
[2020.11.25-15.08.12:558][575]LogUdpMessaging: Warning: UDP messaging encountered an error. Auto repair routine started for reinitialization
[2020.11.25-15.08.13:754][734]FUdpSocketBuilder: Failed to subscribe UdpMessageMulticastSocket to multicast group 230.0.0.1 on interface 0.0.0.0
[2020.11.25-15.08.13:754][734]FUdpSocketBuilder: Failed to create and initialize socket UdpMessageMulticastSocket (last error: 0)
[2020.11.25-15.08.13:754][734]LogUdpMessaging: Warning: StartTransport failed to create multicast socket on 0.0.0.0:0, joined to 230.0.0.1:6666 with TTL 1
[2020.11.25-15.08.13:766][737]LogUdpMessaging: Warning: UDP messaging encountered an error. Auto repair routine started for reinitialization
[2020.11.25-15.08.14:586][857]LogAudioMixer: Display: Audio Buffer Underrun detected.
[2020.11.25-15.08.14:964][867]FUdpSocketBuilder: Failed to subscribe UdpMessageMulticastSocket to multicast group 230.0.0.1 on interface 0.0.0.0
[2020.11.25-15.08.14:964][867]FUdpSocketBuilder: Failed to create and initialize socket UdpMessageMulticastSocket (last error: 0)
[2020.11.25-15.08.14:964][867]LogUdpMessaging: Warning: StartTransport failed to create multicast socket on 0.0.0.0:0, joined to 230.0.0.1:6666 with TTL 1
[2020.11.25-15.08.14:980][869]LogUdpMessaging: Warning: UDP messaging encountered an error. Auto repair routine started for reinitialization
[2020.11.25-15.08.15:176][874]LogAudioMixer: Display: Audio Buffer Underrun detected.
[2020.11.25-15.08.16:180][895]FUdpSocketBuilder: Failed to subscribe UdpMessageMulticastSocket to multicast group 230.0.0.1 on interface 0.0.0.0
[2020.11.25-15.08.16:180][895]FUdpSocketBuilder: Failed to create and initialize socket UdpMessageMulticastSocket (last error: 0)
[2020.11.25-15.08.16:180][895]LogUdpMessaging: Warning: StartTransport failed to create multicast socket on 0.0.0.0:0, joined to 230.0.0.1:6666 with TTL 1
[2020.11.25-15.08.16:238][897]LogUdpMessaging: Warning: UDP messaging encountered an error. Auto repair routine started for reinitialization
[2020.11.25-15.08.16:888][933]LogAudioMixer: Display: Audio Buffer Underrun detected.
[2020.11.25-15.08.18:432][ 56]FUdpSocketBuilder: Failed to subscribe UdpMessageMulticastSocket to multicast group 230.0.0.1 on interface 0.0.0.0
[2020.11.25-15.08.18:432][ 56]FUdpSocketBuilder: Failed to create and initialize socket UdpMessageMulticastSocket (last error: 0)
[2020.11.25-15.08.18:432][ 56]LogUdpMessaging: Warning: StartTransport failed to create multicast socket on 0.0.0.0:0, joined to 230.0.0.1:6666 with TTL 1
[2020.11.25-15.08.18:523][ 56]LogUdpMessaging: Warning: UDP messaging encountered an error. Auto repair routine started for reinitialization
[2020.11.25-15.08.18:807][ 72]LogAudioMixer: Display: Audio Buffer Underrun detected.
[2020.11.25-15.08.18:944][ 76]LogAudio: Display: Waited 35.509003 ms for audio thread.
[2020.11.25-15.08.18:945][ 76]LogAudio: Display: Waited 36.930302 ms for audio thread.
[2020.11.25-15.08.19:198][ 84]LogAudioMixer: Display: Audio Buffer Underrun detected.
[2020.11.25-15.08.19:856][102]LogAudioMixer: Display: Audio Buffer Underrun detected.
[2020.11.25-15.08.20:369][121]FUdpSocketBuilder: Failed to subscribe UdpMessageMulticastSocket to multicast group 230.0.0.1 on interface 0.0.0.0
[2020.11.25-15.08.20:369][121]FUdpSocketBuilder: Failed to create and initialize socket UdpMessageMulticastSocket (last error: 0)
[2020.11.25-15.08.20:369][121]LogUdpMessaging: Warning: StartTransport failed to create multicast socket on 0.0.0.0:0, joined to 230.0.0.1:6666 with TTL 1
[2020.11.25-15.08.20:384][124]LogUdpMessaging: Warning: UDP messaging encountered an error. Auto repair routine started for reinitialization
[2020.11.25-15.08.20:627][136]LogAudioMixer: Display: Audio Buffer Underrun detected.
[2020.11.25-15.08.21:326][151]LogAudioMixer: Display: Audio Buffer Underrun detected.
[2020.11.25-15.08.21:579][154]FUdpSocketBuilder: Failed to subscribe UdpMessageMulticastSocket to multicast group 230.0.0.1 on interface 0.0.0.0
[2020.11.25-15.08.21:579][154]FUdpSocketBuilder: Failed to create and initialize socket UdpMessageMulticastSocket (last error: 0)
[2020.11.25-15.08.21:579][154]LogUdpMessaging: Warning: StartTransport failed to create multicast socket on 0.0.0.0:0, joined to 230.0.0.1:6666 with TTL 1
[2020.11.25-15.08.21:608][154]LogUdpMessaging: Warning: UDP messaging encountered an error. Auto repair routine started for reinitialization
[2020.11.25-15.08.23:600][263]FUdpSocketBuilder: Failed to subscribe UdpMessageMulticastSocket to multicast group 230.0.0.1 on interface 0.0.0.0
[2020.11.25-15.08.23:600][263]FUdpSocketBuilder: Failed to create and initialize socket UdpMessageMulticastSocket (last error: 0)
[2020.11.25-15.08.23:600][263]LogUdpMessaging: Warning: StartTransport failed to create multicast socket on 0.0.0.0:0, joined to 230.0.0.1:6666 with TTL 1
[2020.11.25-15.08.23:613][266]LogUdpMessaging: Warning: UDP messaging encountered an error. Auto repair routine started for reinitialization
[2020.11.25-15.08.23:962][286]LogAudioMixer: Display: Audio Buffer Underrun detected.
[2020.11.25-15.08.24:913][313]FUdpSocketBuilder: Failed to subscribe UdpMessageMulticastSocket to multicast group 230.0.0.1 on interface 0.0.0.0
[2020.11.25-15.08.24:913][313]FUdpSocketBuilder: Failed to create and initialize socket UdpMessageMulticastSocket (last error: 0)
[2020.11.25-15.08.24:913][313]LogUdpMessaging: Warning: StartTransport failed to create multicast socket on 0.0.0.0:0, joined to 230.0.0.1:6666 with TTL 1
[2020.11.25-15.08.24:929][315]LogUdpMessaging: Warning: UDP messaging encountered an error. Auto repair routine started for reinitialization
[2020.11.25-15.08.26:124][384]LogAudioMixer: Display: Audio Buffer Underrun detected.
[2020.11.25-15.08.26:124][384]FUdpSocketBuilder: Failed to subscribe UdpMessageMulticastSocket to multicast group 230.0.0.1 on interface 0.0.0.0
[2020.11.25-15.08.26:124][384]FUdpSocketBuilder: Failed to create and initialize socket UdpMessageMulticastSocket (last error: 0)
[2020.11.25-15.08.26:124][384]LogUdpMessaging: Warning: StartTransport failed to create multicast socket on 0.0.0.0:0, joined to 230.0.0.1:6666 with TTL 1
[2020.11.25-15.08.26:145][386]LogUdpMessaging: Warning: UDP messaging encountered an error. Auto repair routine started for reinitialization
[2020.11.25-15.08.26:296][394]LogAudioMixer: Display: Audio Buffer Underrun detected.
[2020.11.25-15.08.27:338][432]FUdpSocketBuilder: Failed to subscribe UdpMessageMulticastSocket to multicast group 230.0.0.1 on interface 0.0.0.0
[2020.11.25-15.08.27:338][432]FUdpSocketBuilder: Failed to create and initialize socket UdpMessageMulticastSocket (last error: 0)
[2020.11.25-15.08.27:338][432]LogUdpMessaging: Warning: StartTransport failed to create multicast socket on 0.0.0.0:0, joined to 230.0.0.1:6666 with TTL 1
[2020.11.25-15.08.27:354][434]LogUdpMessaging: Warning: UDP messaging encountered an error. Auto repair routine started for reinitialization
[2020.11.25-15.08.27:936][468]LogAudioMixer: Display: Audio Buffer Underrun detected.
[2020.11.25-15.08.28:456][482]LogAudioMixer: Display: Audio Buffer Underrun detected.
[2020.11.25-15.08.28:649][482]FUdpSocketBuilder: Failed to subscribe UdpMessageMulticastSocket to multicast group 230.0.0.1 on interface 0.0.0.0
[2020.11.25-15.08.28:649][482]FUdpSocketBuilder: Failed to create and initialize socket UdpMessageMulticastSocket (last error: 0)
[2020.11.25-15.08.28:649][482]LogUdpMessaging: Warning: StartTransport failed to create multicast socket on 0.0.0.0:0, joined to 230.0.0.1:6666 with TTL 1
[2020.11.25-15.08.28:697][484]LogUdpMessaging: Warning: UDP messaging encountered an error. Auto repair routine started for reinitialization
[2020.11.25-15.08.28:797][488]LogAudioMixer: Display: Audio Buffer Underrun detected.
[2020.11.25-15.08.29:109][501]LogAudio: Display: Waited 35.534603 ms for audio thread.
[2020.11.25-15.08.29:109][501]LogAudio: Display: Waited 35.994801 ms for audio thread.
[2020.11.25-15.08.29:169][504]LogAudio: Display: Waited 44.001602 ms for audio thread.
[2020.11.25-15.08.29:866][542]FUdpSocketBuilder: Failed to subscribe UdpMessageMulticastSocket to multicast group 230.0.0.1 on interface 0.0.0.0
[2020.11.25-15.08.29:866][542]FUdpSocketBuilder: Failed to create and initialize socket UdpMessageMulticastSocket (last error: 0)
[2020.11.25-15.08.29:866][542]LogUdpMessaging: Warning: StartTransport failed to create multicast socket on 0.0.0.0:0, joined to 230.0.0.1:6666 with TTL 1
[2020.11.25-15.08.29:881][544]LogUdpMessaging: Warning: UDP messaging encountered an error. Auto repair routine started for reinitialization
[2020.11.25-15.08.30:207][557]LogAudioMixer: Display: Audio Buffer Underrun detected.
[2020.11.25-15.08.30:403][563]LogAudio: Display: Waited 36.914402 ms for audio thread.
[2020.11.25-15.08.30:523][567]LogAudio: Display: Waited 35.045898 ms for audio thread.
[2020.11.25-15.08.30:523][567]LogAudio: Display: Waited 35.184799 ms for audio thread.
[2020.11.25-15.08.30:887][579]LogAudioMixer: Display: Audio Buffer Underrun detected.
[2020.11.25-15.08.31:080][580]FUdpSocketBuilder: Failed to subscribe UdpMessageMulticastSocket to multicast group 230.0.0.1 on interface 0.0.0.0
[2020.11.25-15.08.31:080][580]FUdpSocketBuilder: Failed to create and initialize socket UdpMessageMulticastSocket (last error: 0)
[2020.11.25-15.08.31:080][580]LogUdpMessaging: Warning: StartTransport failed to create multicast socket on 0.0.0.0:0, joined to 230.0.0.1:6666 with TTL 1
[2020.11.25-15.08.31:157][580]LogUdpMessaging: Warning: UDP messaging encountered an error. Auto repair routine started for reinitialization
[2020.11.25-15.08.31:334][587]LogAudio: Display: Waited 35.320400 ms for audio thread.
[2020.11.25-15.08.31:355][587]LogAudio: Display: Waited 57.039600 ms for audio thread.
[2020.11.25-15.08.31:946][625]LogAudioMixer: Display: Audio Buffer Underrun detected.
[2020.11.25-15.08.31:999][626]LogAudio: Display: Waited 35.855301 ms for audio thread.
[2020.11.25-15.08.32:001][626]LogAudio: Display: Waited 38.534702 ms for audio thread.
[2020.11.25-15.08.33:139][641]FUdpSocketBuilder: Failed to subscribe UdpMessageMulticastSocket to multicast group 230.0.0.1 on interface 0.0.0.0
[2020.11.25-15.08.33:139][641]FUdpSocketBuilder: Failed to create and initialize socket UdpMessageMulticastSocket (last error: 0)
[2020.11.25-15.08.33:139][641]LogUdpMessaging: Warning: StartTransport failed to create multicast socket on 0.0.0.0:0, joined to 230.0.0.1:6666 with TTL 1
[2020.11.25-15.08.33:170][643]LogUdpMessaging: Warning: UDP messaging encountered an error. Auto repair routine started for reinitialization
[2020.11.25-15.08.33:356][653]LogAudioMixer: Display: Audio Buffer Underrun detected.
[2020.11.25-15.08.33:641][675]LogAudio: Display: Waited 35.000702 ms for audio thread.
[2020.11.25-15.08.33:645][675]LogAudio: Display: Waited 39.283699 ms for audio thread.
[2020.11.25-15.08.33:897][680]LogAudioMixer: Display: Audio Buffer Underrun detected.
[2020.11.25-15.08.34:349][686]FUdpSocketBuilder: Failed to subscribe UdpMessageMulticastSocket to multicast group 230.0.0.1 on interface 0.0.0.0
[2020.11.25-15.08.34:350][686]FUdpSocketBuilder: Failed to create and initialize socket UdpMessageMulticastSocket (last error: 0)
[2020.11.25-15.08.34:350][686]LogUdpMessaging: Warning: StartTransport failed to create multicast socket on 0.0.0.0:0, joined to 230.0.0.1:6666 with TTL 1
[2020.11.25-15.08.34:364][688]LogUdpMessaging: Warning: UDP messaging encountered an error. Auto repair routine started for reinitialization
[2020.11.25-15.08.34:662][699]LogAudio: Display: Waited 36.744900 ms for audio thread.
[2020.11.25-15.08.34:786][706]LogAudioMixer: Display: Audio Buffer Underrun detected.
[2020.11.25-15.08.35:367][726]LogAudioMixer: Display: Audio Buffer Underrun detected.
[2020.11.25-15.08.35:560][727]FUdpSocketBuilder: Failed to subscribe UdpMessageMulticastSocket to multicast group 230.0.0.1 on interface 0.0.0.0
[2020.11.25-15.08.35:560][727]FUdpSocketBuilder: Failed to create and initialize socket UdpMessageMulticastSocket (last error: 0)
[2020.11.25-15.08.35:561][727]LogUdpMessaging: Warning: StartTransport failed to create multicast socket on 0.0.0.0:0, joined to 230.0.0.1:6666 with TTL 1
[2020.11.25-15.08.35:574][730]LogUdpMessaging: Warning: UDP messaging encountered an error. Auto repair routine started for reinitialization
[2020.11.25-15.08.36:176][766]LogAudioMixer: Display: Audio Buffer Underrun detected.
[2020.11.25-15.08.36:608][781]LogAudioMixer: Display: Audio Buffer Underrun detected.
[2020.11.25-15.08.36:870][782]FUdpSocketBuilder: Failed to subscribe UdpMessageMulticastSocket to multicast group 230.0.0.1 on interface 0.0.0.0
[2020.11.25-15.08.36:871][782]FUdpSocketBuilder: Failed to create and initialize socket UdpMessageMulticastSocket (last error: 0)
[2020.11.25-15.08.36:871][782]LogUdpMessaging: Warning: StartTransport failed to create multicast socket on 0.0.0.0:0, joined to 230.0.0.1:6666 with TTL 1
[2020.11.25-15.08.36:883][784]LogUdpMessaging: Warning: UDP messaging encountered an error. Auto repair routine started for reinitialization
[2020.11.25-15.08.37:180][797]LogAudio: Display: Waited 48.291100 ms for audio thread.
[2020.11.25-15.08.37:186][797]LogAudio: Display: Waited 54.410099 ms for audio thread.
[2020.11.25-15.08.38:080][842]LogAudioMixer: Display: Audio Buffer Underrun detected.
[2020.11.25-15.08.38:080][842]FUdpSocketBuilder: Failed to subscribe UdpMessageMulticastSocket to multicast group 230.0.0.1 on interface 0.0.0.0
[2020.11.25-15.08.38:080][842]FUdpSocketBuilder: Failed to create and initialize socket UdpMessageMulticastSocket (last error: 0)
[2020.11.25-15.08.38:080][842]LogUdpMessaging: Warning: StartTransport failed to create multicast socket on 0.0.0.0:0, joined to 230.0.0.1:6666 with TTL 1
[2020.11.25-15.08.38:104][844]LogUdpMessaging: Warning: UDP messaging encountered an error. Auto repair routine started for reinitialization
[2020.11.25-15.08.38:358][858]LogAudioMixer: Display: Audio Buffer Underrun detected.
[2020.11.25-15.08.38:798][881]LogAudioMixer: Display: Audio Buffer Underrun detected.
[2020.11.25-15.08.39:303][896]FUdpSocketBuilder: Failed to subscribe UdpMessageMulticastSocket to multicast group 230.0.0.1 on interface 0.0.0.0
[2020.11.25-15.08.39:303][896]FUdpSocketBuilder: Failed to create and initialize socket UdpMessageMulticastSocket (last error: 0)
[2020.11.25-15.08.39:303][896]LogUdpMessaging: Warning: StartTransport failed to create multicast socket on 0.0.0.0:0, joined to 230.0.0.1:6666 with TTL 1
[2020.11.25-15.08.39:325][898]LogUdpMessaging: Warning: UDP messaging encountered an error. Auto repair routine started for reinitialization
[2020.11.25-15.08.39:527][910]LogAudioMixer: Display: Audio Buffer Underrun detected.
[2020.11.25-15.08.39:928][937]LogAudioMixer: Display: Audio Buffer Underrun detected.
[2020.11.25-15.08.40:524][964]FUdpSocketBuilder: Failed to subscribe UdpMessageMulticastSocket to multicast group 230.0.0.1 on interface 0.0.0.0
[2020.11.25-15.08.40:524][964]FUdpSocketBuilder: Failed to create and initialize socket UdpMessageMulticastSocket (last error: 0)
[2020.11.25-15.08.40:524][964]LogUdpMessaging: Warning: StartTransport failed to create multicast socket on 0.0.0.0:0, joined to 230.0.0.1:6666 with TTL 1
[2020.11.25-15.08.40:585][966]LogUdpMessaging: Warning: UDP messaging encountered an error. Auto repair routine started for reinitialization
[2020.11.25-15.08.40:828][977]LogAudioMixer: Display: Audio Buffer Underrun detected.
[2020.11.25-15.08.42:149][ 65]LogAudioMixer: Display: Audio Buffer Underrun detected.
[2020.11.25-15.08.42:388][ 75]LogAudioMixer: Display: Audio Buffer Underrun detected.
[2020.11.25-15.08.42:773][ 86]FUdpSocketBuilder: Failed to subscribe UdpMessageMulticastSocket to multicast group 230.0.0.1 on interface 0.0.0.0
[2020.11.25-15.08.42:773][ 86]FUdpSocketBuilder: Failed to create and initialize socket UdpMessageMulticastSocket (last error: 0)
[2020.11.25-15.08.42:775][ 86]LogUdpMessaging: Warning: StartTransport failed to create multicast socket on 0.0.0.0:0, joined to 230.0.0.1:6666 with TTL 1
[2020.11.25-15.08.42:790][ 88]LogUdpMessaging: Warning: UDP messaging encountered an error. Auto repair routine started for reinitialization
[2020.11.25-15.08.43:986][155]FUdpSocketBuilder: Failed to subscribe UdpMessageMulticastSocket to multicast group 230.0.0.1 on interface 0.0.0.0
[2020.11.25-15.08.43:986][155]FUdpSocketBuilder: Failed to create and initialize socket UdpMessageMulticastSocket (last error: 0)
[2020.11.25-15.08.43:986][155]LogUdpMessaging: Warning: StartTransport failed to create multicast socket on 0.0.0.0:0, joined to 230.0.0.1:6666 with TTL 1
[2020.11.25-15.08.44:004][157]LogUdpMessaging: Warning: UDP messaging encountered an error. Auto repair routine started for reinitialization
[2020.11.25-15.08.45:200][213]FUdpSocketBuilder: Failed to subscribe UdpMessageMulticastSocket to multicast group 230.0.0.1 on interface 0.0.0.0
[2020.11.25-15.08.45:200][213]FUdpSocketBuilder: Failed to create and initialize socket UdpMessageMulticastSocket (last error: 0)
[2020.11.25-15.08.45:200][213]LogUdpMessaging: Warning: StartTransport failed to create multicast socket on 0.0.0.0:0, joined to 230.0.0.1:6666 with TTL 1
[2020.11.25-15.08.45:218][215]LogUdpMessaging: Warning: UDP messaging encountered an error. Auto repair routine started for reinitialization
[2020.11.25-15.08.46:413][284]FUdpSocketBuilder: Failed to subscribe UdpMessageMulticastSocket to multicast group 230.0.0.1 on interface 0.0.0.0
[2020.11.25-15.08.46:413][284]FUdpSocketBuilder: Failed to create and initialize socket UdpMessageMulticastSocket (last error: 0)
[2020.11.25-15.08.46:413][284]LogUdpMessaging: Warning: StartTransport failed to create multicast socket on 0.0.0.0:0, joined to 230.0.0.1:6666 with TTL 1
[2020.11.25-15.08.46:428][286]LogUdpMessaging: Warning: UDP messaging encountered an error. Auto repair routine started for reinitialization
[2020.11.25-15.08.47:623][340]FUdpSocketBuilder: Failed to subscribe UdpMessageMulticastSocket to multicast group 230.0.0.1 on interface 0.0.0.0
[2020.11.25-15.08.47:623][340]FUdpSocketBuilder: Failed to create and initialize socket UdpMessageMulticastSocket (last error: 0)
[2020.11.25-15.08.47:623][340]LogUdpMessaging: Warning: StartTransport failed to create multicast socket on 0.0.0.0:0, joined to 230.0.0.1:6666 with TTL 1
[2020.11.25-15.08.47:635][343]LogUdpMessaging: Warning: UDP messaging encountered an error. Auto repair routine started for reinitialization
[2020.11.25-15.08.48:833][412]FUdpSocketBuilder: Failed to subscribe UdpMessageMulticastSocket to multicast group 230.0.0.1 on interface 0.0.0.0
[2020.11.25-15.08.48:833][412]FUdpSocketBuilder: Failed to create and initialize socket UdpMessageMulticastSocket (last error: 0)
[2020.11.25-15.08.48:833][412]LogUdpMessaging: Warning: StartTransport failed to create multicast socket on 0.0.0.0:0, joined to 230.0.0.1:6666 with TTL 1
[2020.11.25-15.08.48:850][415]LogUdpMessaging: Warning: UDP messaging encountered an error. Auto repair routine started for reinitialization
[2020.11.25-15.08.50:045][493]FUdpSocketBuilder: Failed to subscribe UdpMessageMulticastSocket to multicast group 230.0.0.1 on interface 0.0.0.0
[2020.11.25-15.08.50:045][493]FUdpSocketBuilder: Failed to create and initialize socket UdpMessageMulticastSocket (last error: 0)
[2020.11.25-15.08.50:045][493]LogUdpMessaging: Warning: StartTransport failed to create multicast socket on 0.0.0.0:0, joined to 230.0.0.1:6666 with TTL 1
[2020.11.25-15.08.50:059][495]LogUdpMessaging: Warning: UDP messaging encountered an error. Auto repair routine started for reinitialization
[2020.11.25-15.08.50:645][523]LogAudio: Display: Waited 35.219299 ms for audio thread.
[2020.11.25-15.08.50:645][523]LogAudio: Display: Waited 35.461601 ms for audio thread.
[2020.11.25-15.08.50:684][524]LogAudio: Display: Waited 35.586201 ms for audio thread.
[2020.11.25-15.08.50:697][524]LogAudio: Display: Waited 49.478798 ms for audio thread.
[2020.11.25-15.08.51:256][545]FUdpSocketBuilder: Failed to subscribe UdpMessageMulticastSocket to multicast group 230.0.0.1 on interface 0.0.0.0
[2020.11.25-15.08.51:256][545]FUdpSocketBuilder: Failed to create and initialize socket UdpMessageMulticastSocket (last error: 0)
[2020.11.25-15.08.51:256][545]LogUdpMessaging: Warning: StartTransport failed to create multicast socket on 0.0.0.0:0, joined to 230.0.0.1:6666 with TTL 1
[2020.11.25-15.08.51:307][545]LogUdpMessaging: Warning: UDP messaging encountered an error. Auto repair routine started for reinitialization
[2020.11.25-15.08.52:686][639]LogAudioMixer: Display: Audio Buffer Underrun detected.
[2020.11.25-15.08.53:281][662]LogAudioMixer: Display: Audio Buffer Underrun detected.
[2020.11.25-15.08.53:281][662]FUdpSocketBuilder: Failed to subscribe UdpMessageMulticastSocket to multicast group 230.0.0.1 on interface 0.0.0.0
[2020.11.25-15.08.53:281][662]FUdpSocketBuilder: Failed to create and initialize socket UdpMessageMulticastSocket (last error: 0)
[2020.11.25-15.08.53:281][662]LogUdpMessaging: Warning: StartTransport failed to create multicast socket on 0.0.0.0:0, joined to 230.0.0.1:6666 with TTL 1
[2020.11.25-15.08.53:298][664]LogUdpMessaging: Warning: UDP messaging encountered an error. Auto repair routine started for reinitialization
[2020.11.25-15.08.54:492][734]FUdpSocketBuilder: Failed to subscribe UdpMessageMulticastSocket to multicast group 230.0.0.1 on interface 0.0.0.0
[2020.11.25-15.08.54:492][734]FUdpSocketBuilder: Failed to create and initialize socket UdpMessageMulticastSocket (last error: 0)
[2020.11.25-15.08.54:492][734]LogUdpMessaging: Warning: StartTransport failed to create multicast socket on 0.0.0.0:0, joined to 230.0.0.1:6666 with TTL 1
[2020.11.25-15.08.54:506][737]LogUdpMessaging: Warning: UDP messaging encountered an error. Auto repair routine started for reinitialization
[2020.11.25-15.08.55:167][770]LogAudioMixer: Display: Audio Buffer Underrun detected.
[2020.11.25-15.08.56:710][873]FUdpSocketBuilder: Failed to subscribe UdpMessageMulticastSocket to multicast group 230.0.0.1 on interface 0.0.0.0
[2020.11.25-15.08.56:710][873]FUdpSocketBuilder: Failed to create and initialize socket UdpMessageMulticastSocket (last error: 0)
[2020.11.25-15.08.56:710][873]LogUdpMessaging: Warning: StartTransport failed to create multicast socket on 0.0.0.0:0, joined to 230.0.0.1:6666 with TTL 1
[2020.11.25-15.08.56:727][875]LogUdpMessaging: Warning: UDP messaging encountered an error. Auto repair routine started for reinitialization
[2020.11.25-15.08.57:926][939]FUdpSocketBuilder: Failed to subscribe UdpMessageMulticastSocket to multicast group 230.0.0.1 on interface 0.0.0.0
[2020.11.25-15.08.57:926][939]FUdpSocketBuilder: Failed to create and initialize socket UdpMessageMulticastSocket (last error: 0)
[2020.11.25-15.08.57:926][939]LogUdpMessaging: Warning: StartTransport failed to create multicast socket on 0.0.0.0:0, joined to 230.0.0.1:6666 with TTL 1
[2020.11.25-15.08.57:941][941]LogUdpMessaging: Warning: UDP messaging encountered an error. Auto repair routine started for reinitialization
[2020.11.25-15.08.59:137][989]FUdpSocketBuilder: Failed to subscribe UdpMessageMulticastSocket to multicast group 230.0.0.1 on interface 0.0.0.0
[2020.11.25-15.08.59:137][989]FUdpSocketBuilder: Failed to create and initialize socket UdpMessageMulticastSocket (last error: 0)
[2020.11.25-15.08.59:137][989]LogUdpMessaging: Warning: StartTransport failed to create multicast socket on 0.0.0.0:0, joined to 230.0.0.1:6666 with TTL 1
[2020.11.25-15.08.59:155][991]LogUdpMessaging: Warning: UDP messaging encountered an error. Auto repair routine started for reinitialization
[2020.11.25-15.09.00:347][ 61]FUdpSocketBuilder: Failed to subscribe UdpMessageMulticastSocket to multicast group 230.0.0.1 on interface 0.0.0.0
[2020.11.25-15.09.00:347][ 61]FUdpSocketBuilder: Failed to create and initialize socket UdpMessageMulticastSocket (last error: 0)
[2020.11.25-15.09.00:347][ 61]LogUdpMessaging: Warning: StartTransport failed to create multicast socket on 0.0.0.0:0, joined to 230.0.0.1:6666 with TTL 1
[2020.11.25-15.09.00:392][ 61]LogUdpMessaging: Warning: UDP messaging encountered an error. Auto repair routine started for reinitialization
[2020.11.25-15.09.00:575][ 71]LogAudioMixer: Display: Audio Buffer Underrun detected.
[2020.11.25-15.09.01:797][158]LogAudioMixer: Display: Audio Buffer Underrun detected.
[2020.11.25-15.09.02:303][193]FUdpSocketBuilder: Failed to subscribe UdpMessageMulticastSocket to multicast group 230.0.0.1 on interface 0.0.0.0
[2020.11.25-15.09.02:303][193]FUdpSocketBuilder: Failed to create and initialize socket UdpMessageMulticastSocket (last error: 0)
[2020.11.25-15.09.02:303][193]LogUdpMessaging: Warning: StartTransport failed to create multicast socket on 0.0.0.0:0, joined to 230.0.0.1:6666 with TTL 1
[2020.11.25-15.09.02:332][195]LogUdpMessaging: Warning: UDP messaging encountered an error. Auto repair routine started for reinitialization
[2020.11.25-15.09.03:518][256]FUdpSocketBuilder: Failed to subscribe UdpMessageMulticastSocket to multicast group 230.0.0.1 on interface 0.0.0.0
[2020.11.25-15.09.03:518][256]FUdpSocketBuilder: Failed to create and initialize socket UdpMessageMulticastSocket (last error: 0)
[2020.11.25-15.09.03:518][256]LogUdpMessaging: Warning: StartTransport failed to create multicast socket on 0.0.0.0:0, joined to 230.0.0.1:6666 with TTL 1
[2020.11.25-15.09.03:532][259]LogUdpMessaging: Warning: UDP messaging encountered an error. Auto repair routine started for reinitialization
[2020.11.25-15.09.03:778][272]LogAudioMixer: Display: Audio Buffer Underrun detected.
[2020.11.25-15.09.04:729][320]LogAudioMixer: Display: Audio Buffer Underrun detected.
[2020.11.25-15.09.04:729][320]FUdpSocketBuilder: Failed to subscribe UdpMessageMulticastSocket to multicast group 230.0.0.1 on interface 0.0.0.0
[2020.11.25-15.09.04:729][320]FUdpSocketBuilder: Failed to create and initialize socket UdpMessageMulticastSocket (last error: 0)
[2020.11.25-15.09.04:729][320]LogUdpMessaging: Warning: StartTransport failed to create multicast socket on 0.0.0.0:0, joined to 230.0.0.1:6666 with TTL 1
[2020.11.25-15.09.04:751][322]LogUdpMessaging: Warning: UDP messaging encountered an error. Auto repair routine started for reinitialization
[2020.11.25-15.09.05:946][402]FUdpSocketBuilder: Failed to subscribe UdpMessageMulticastSocket to multicast group 230.0.0.1 on interface 0.0.0.0
[2020.11.25-15.09.05:946][402]FUdpSocketBuilder: Failed to create and initialize socket UdpMessageMulticastSocket (last error: 0)
[2020.11.25-15.09.05:946][402]LogUdpMessaging: Warning: StartTransport failed to create multicast socket on 0.0.0.0:0, joined to 230.0.0.1:6666 with TTL 1
[2020.11.25-15.09.05:959][404]LogUdpMessaging: Warning: UDP messaging encountered an error. Auto repair routine started for reinitialization
[2020.11.25-15.09.07:157][467]FUdpSocketBuilder: Failed to subscribe UdpMessageMulticastSocket to multicast group 230.0.0.1 on interface 0.0.0.0
[2020.11.25-15.09.07:157][467]FUdpSocketBuilder: Failed to create and initialize socket UdpMessageMulticastSocket (last error: 0)
[2020.11.25-15.09.07:157][467]LogUdpMessaging: Warning: StartTransport failed to create multicast socket on 0.0.0.0:0, joined to 230.0.0.1:6666 with TTL 1
[2020.11.25-15.09.07:172][469]LogUdpMessaging: Warning: UDP messaging encountered an error. Auto repair routine started for reinitialization
[2020.11.25-15.09.08:370][550]FUdpSocketBuilder: Failed to subscribe UdpMessageMulticastSocket to multicast group 230.0.0.1 on interface 0.0.0.0
[2020.11.25-15.09.08:370][550]FUdpSocketBuilder: Failed to create and initialize socket UdpMessageMulticastSocket (last error: 0)
[2020.11.25-15.09.08:370][550]LogUdpMessaging: Warning: StartTransport failed to create multicast socket on 0.0.0.0:0, joined to 230.0.0.1:6666 with TTL 1
[2020.11.25-15.09.08:383][552]LogUdpMessaging: Warning: UDP messaging encountered an error. Auto repair routine started for reinitialization
[2020.11.25-15.09.09:583][622]FUdpSocketBuilder: Failed to subscribe UdpMessageMulticastSocket to multicast group 230.0.0.1 on interface 0.0.0.0
[2020.11.25-15.09.09:583][622]FUdpSocketBuilder: Failed to create and initialize socket UdpMessageMulticastSocket (last error: 0)
[2020.11.25-15.09.09:583][622]LogUdpMessaging: Warning: StartTransport failed to create multicast socket on 0.0.0.0:0, joined to 230.0.0.1:6666 with TTL 1
[2020.11.25-15.09.09:598][624]LogUdpMessaging: Warning: UDP messaging encountered an error. Auto repair routine started for reinitialization
[2020.11.25-15.09.10:794][684]FUdpSocketBuilder: Failed to subscribe UdpMessageMulticastSocket to multicast group 230.0.0.1 on interface 0.0.0.0
[2020.11.25-15.09.10:794][684]FUdpSocketBuilder: Failed to create and initialize socket UdpMessageMulticastSocket (last error: 0)
[2020.11.25-15.09.10:794][684]LogUdpMessaging: Warning: StartTransport failed to create multicast socket on 0.0.0.0:0, joined to 230.0.0.1:6666 with TTL 1
[2020.11.25-15.09.10:810][686]LogUdpMessaging: Warning: UDP messaging encountered an error. Auto repair routine started for reinitialization
[2020.11.25-15.09.12:007][767]FUdpSocketBuilder: Failed to subscribe UdpMessageMulticastSocket to multicast group 230.0.0.1 on interface 0.0.0.0
[2020.11.25-15.09.12:007][767]FUdpSocketBuilder: Failed to create and initialize socket UdpMessageMulticastSocket (last error: 0)
[2020.11.25-15.09.12:007][767]LogUdpMessaging: Warning: StartTransport failed to create multicast socket on 0.0.0.0:0, joined to 230.0.0.1:6666 with TTL 1
[2020.11.25-15.09.12:021][769]LogUdpMessaging: Warning: UDP messaging encountered an error. Auto repair routine started for reinitialization
[2020.11.25-15.09.13:118][831]FUdpSocketBuilder: Failed to subscribe UdpMessageMulticastSocket to multicast group 230.0.0.1 on interface 0.0.0.0
[2020.11.25-15.09.13:118][831]FUdpSocketBuilder: Failed to create and initialize socket UdpMessageMulticastSocket (last error: 0)
[2020.11.25-15.09.13:118][831]LogUdpMessaging: Warning: StartTransport failed to create multicast socket on 0.0.0.0:0, joined to 230.0.0.1:6666 with TTL 1
[2020.11.25-15.09.13:144][833]LogUdpMessaging: Warning: UDP messaging encountered an error. Auto repair routine started for reinitialization
[2020.11.25-15.09.14:327][920]FUdpSocketBuilder: Failed to subscribe UdpMessageMulticastSocket to multicast group 230.0.0.1 on interface 0.0.0.0
[2020.11.25-15.09.14:327][920]FUdpSocketBuilder: Failed to create and initialize socket UdpMessageMulticastSocket (last error: 0)
[2020.11.25-15.09.14:327][920]LogUdpMessaging: Warning: StartTransport failed to create multicast socket on 0.0.0.0:0, joined to 230.0.0.1:6666 with TTL 1
[2020.11.25-15.09.14:348][922]LogUdpMessaging: Warning: UDP messaging encountered an error. Auto repair routine started for reinitialization
[2020.11.25-15.09.15:542][986]FUdpSocketBuilder: Failed to subscribe UdpMessageMulticastSocket to multicast group 230.0.0.1 on interface 0.0.0.0
[2020.11.25-15.09.15:542][986]FUdpSocketBuilder: Failed to create and initialize socket UdpMessageMulticastSocket (last error: 0)
[2020.11.25-15.09.15:542][986]LogUdpMessaging: Warning: StartTransport failed to create multicast socket on 0.0.0.0:0, joined to 230.0.0.1:6666 with TTL 1
[2020.11.25-15.09.15:555][989]LogUdpMessaging: Warning: UDP messaging encountered an error. Auto repair routine started for reinitialization
[2020.11.25-15.09.16:751][ 56]FUdpSocketBuilder: Failed to subscribe UdpMessageMulticastSocket to multicast group 230.0.0.1 on interface 0.0.0.0
[2020.11.25-15.09.16:752][ 56]FUdpSocketBuilder: Failed to create and initialize socket UdpMessageMulticastSocket (last error: 0)
[2020.11.25-15.09.16:752][ 56]LogUdpMessaging: Warning: StartTransport failed to create multicast socket on 0.0.0.0:0, joined to 230.0.0.1:6666 with TTL 1
[2020.11.25-15.09.16:765][ 58]LogUdpMessaging: Warning: UDP messaging encountered an error. Auto repair routine started for reinitialization
[2020.11.25-15.09.17:964][142]FUdpSocketBuilder: Failed to subscribe UdpMessageMulticastSocket to multicast group 230.0.0.1 on interface 0.0.0.0
[2020.11.25-15.09.17:964][142]FUdpSocketBuilder: Failed to create and initialize socket UdpMessageMulticastSocket (last error: 0)
[2020.11.25-15.09.17:964][142]LogUdpMessaging: Warning: StartTransport failed to create multicast socket on 0.0.0.0:0, joined to 230.0.0.1:6666 with TTL 1
[2020.11.25-15.09.17:978][144]LogUdpMessaging: Warning: UDP messaging encountered an error. Auto repair routine started for reinitialization
[2020.11.25-15.09.20:083][339]FUdpSocketBuilder: Failed to subscribe UdpMessageMulticastSocket to multicast group 230.0.0.1 on interface 0.0.0.0
[2020.11.25-15.09.20:083][339]FUdpSocketBuilder: Failed to create and initialize socket UdpMessageMulticastSocket (last error: 0)
[2020.11.25-15.09.20:083][339]LogUdpMessaging: Warning: StartTransport failed to create multicast socket on 0.0.0.0:0, joined to 230.0.0.1:6666 with TTL 1
[2020.11.25-15.09.20:096][341]LogUdpMessaging: Warning: UDP messaging encountered an error. Auto repair routine started for reinitialization
[2020.11.25-15.09.21:295][381]FUdpSocketBuilder: Failed to subscribe UdpMessageMulticastSocket to multicast group 230.0.0.1 on interface 0.0.0.0
[2020.11.25-15.09.21:295][381]FUdpSocketBuilder: Failed to create and initialize socket UdpMessageMulticastSocket (last error: 0)
[2020.11.25-15.09.21:295][381]LogUdpMessaging: Warning: StartTransport failed to create multicast socket on 0.0.0.0:0, joined to 230.0.0.1:6666 with TTL 1
[2020.11.25-15.09.21:312][383]LogUdpMessaging: Warning: UDP messaging encountered an error. Auto repair routine started for reinitialization
