Log file open, 11/10/20 17:34:31
LogInit: Display: Running engine for game: MyProject
LogPlatformFile: Not using cached read wrapper
LogTaskGraph: Started task graph with 5 named threads and 14 total threads with 3 sets of task threads.
LogStats: Stats thread started at 0.231966
LogD3D11RHI: Loaded GFSDK_Aftermath_Lib.x64.dll
LogICUInternationalization: ICU TimeZone Detection - Raw Offset: +1:00, Platform Override: ''
LogPluginManager: Mounting plugin Paper2D
LogPluginManager: Mounting plugin AISupport
LogPluginManager: Mounting plugin LightPropagationVolume
LogPluginManager: Mounting plugin CameraShakePreviewer
LogPluginManager: Mounting plugin ActorLayerUtilities
LogPluginManager: Mounting plugin AnimationSharing
LogPluginManager: Mounting plugin CLionSourceCodeAccess
LogPluginManager: Mounting plugin CodeLiteSourceCodeAccess
LogPluginManager: Mounting plugin GitSourceControl
LogPluginManager: Mounting plugin KDevelopSourceCodeAccess
LogPluginManager: Mounting plugin NullSourceCodeAccess
LogPluginManager: Mounting plugin PerforceSourceControl
LogPluginManager: Mounting plugin PlasticSourceControl
LogPluginManager: Mounting plugin RiderSourceCodeAccess
LogPluginManager: Mounting plugin SubversionSourceControl
LogPluginManager: Mounting plugin UObjectPlugin
LogPluginManager: Mounting plugin VisualStudioCodeSourceCodeAccess
LogPluginManager: Mounting plugin VisualStudioSourceCodeAccess
LogPluginManager: Mounting plugin XCodeSourceCodeAccess
LogPluginManager: Mounting plugin AssetManagerEditor
LogPluginManager: Mounting plugin CryptoKeys
LogPluginManager: Mounting plugin CurveEditorTools
LogPluginManager: Mounting plugin DataValidation
LogPluginManager: Mounting plugin EditorScriptingUtilities
LogPluginManager: Mounting plugin FacialAnimation
LogPluginManager: Mounting plugin GameplayTagsEditor
LogPluginManager: Mounting plugin GeometryMode
LogPluginManager: Mounting plugin MacGraphicsSwitching
LogPluginManager: Mounting plugin MaterialAnalyzer
LogPluginManager: Mounting plugin MobileLauncherProfileWizard
LogPluginManager: Mounting plugin PluginBrowser
LogPluginManager: Mounting plugin SpeedTreeImporter
LogPluginManager: Mounting plugin DatasmithContent
LogPluginManager: Mounting plugin VariantManagerContent
LogPluginManager: Mounting plugin AlembicImporter
LogPluginManager: Mounting plugin AutomationUtils
LogPluginManager: Mounting plugin BackChannel
LogPluginManager: Mounting plugin ChaosCloth
LogPluginManager: Mounting plugin ChaosClothEditor
LogPluginManager: Mounting plugin ChaosEditor
LogPluginManager: Mounting plugin ChaosNiagara
LogPluginManager: Mounting plugin ChaosSolverPlugin
LogPluginManager: Mounting plugin CharacterAI
LogPluginManager: Mounting plugin GeometryCache
LogPluginManager: Mounting plugin GeometryCollectionPlugin
LogPluginManager: Mounting plugin GeometryProcessing
LogPluginManager: Mounting plugin PlanarCut
LogPluginManager: Mounting plugin PlatformCrypto
LogPluginManager: Mounting plugin ProxyLODPlugin
LogPluginManager: Mounting plugin SkeletalReduction
LogPluginManager: Mounting plugin Niagara
LogPluginManager: Mounting plugin MagicLeap
LogPluginManager: Mounting plugin MagicLeapLightEstimation
LogPluginManager: Mounting plugin MagicLeapMedia
LogPluginManager: Mounting plugin MagicLeapPassableWorld
LogPluginManager: Mounting plugin MLSDK
LogPluginManager: Mounting plugin AndroidMedia
LogPluginManager: Mounting plugin AvfMedia
LogPluginManager: Mounting plugin ImgMedia
LogPluginManager: Mounting plugin MediaCompositing
LogPluginManager: Mounting plugin MediaPlayerEditor
LogPluginManager: Mounting plugin WebMMedia
LogPluginManager: Mounting plugin WmfMedia
LogPluginManager: Mounting plugin MeshPainting
LogPluginManager: Mounting plugin TcpMessaging
LogPluginManager: Mounting plugin UdpMessaging
LogPluginManager: Mounting plugin ActorSequence
LogPluginManager: Mounting plugin LevelSequenceEditor
LogPluginManager: Mounting plugin MatineeToLevelSequence
LogPluginManager: Mounting plugin MovieRenderPipeline
LogPluginManager: Mounting plugin TemplateSequence
LogPluginManager: Mounting plugin NetcodeUnitTest
LogPluginManager: Mounting plugin NUTUnrealEngine4
LogPluginManager: Mounting plugin OnlineSubsystemGooglePlay
LogPluginManager: Mounting plugin OnlineSubsystemIOS
LogPluginManager: Mounting plugin OnlineSubsystem
LogPluginManager: Mounting plugin OnlineSubsystemNull
LogPluginManager: Mounting plugin OnlineSubsystemUtils
LogPluginManager: Mounting plugin LauncherChunkInstaller
LogPluginManager: Mounting plugin AndroidDeviceProfileSelector
LogPluginManager: Mounting plugin AndroidMoviePlayer
LogPluginManager: Mounting plugin AndroidPermission
LogPluginManager: Mounting plugin AppleImageUtils
LogPluginManager: Mounting plugin AppleMoviePlayer
LogPluginManager: Mounting plugin ArchVisCharacter
LogPluginManager: Mounting plugin AssetTags
LogPluginManager: Mounting plugin AudioCapture
LogPluginManager: Mounting plugin CableComponent
LogPluginManager: Mounting plugin CustomMeshComponent
LogPluginManager: Mounting plugin EditableMesh
LogPluginManager: Mounting plugin ExampleDeviceProfileSelector
LogPluginManager: Mounting plugin GoogleCloudMessaging
LogPluginManager: Mounting plugin GooglePAD
LogPluginManager: Mounting plugin IOSDeviceProfileSelector
LogPluginManager: Mounting plugin LinuxDeviceProfileSelector
LogPluginManager: Mounting plugin LocationServicesBPLibrary
LogPluginManager: Mounting plugin MobilePatchingUtils
LogPluginManager: Mounting plugin OculusVR
LogPluginManager: Mounting plugin PhysXVehicles
LogPluginManager: Mounting plugin PostSplashScreen
LogPluginManager: Mounting plugin ProceduralMeshComponent
LogPluginManager: Mounting plugin RuntimePhysXCooking
LogPluginManager: Mounting plugin SignificanceManager
LogPluginManager: Mounting plugin SoundFields
LogPluginManager: Mounting plugin SteamVR
LogPluginManager: Mounting plugin Synthesis
LogPluginManager: Mounting plugin WebMMoviePlayer
LogPluginManager: Mounting plugin WindowsMoviePlayer
LogPluginManager: Mounting plugin ScreenshotTools
LogInit: Using libcurl 7.55.1-DEV
LogInit:  - built for x86_64-pc-win32
LogInit:  - supports SSL with OpenSSL/1.1.1
LogInit:  - supports HTTP deflate (compression) using libz 1.2.8
LogInit:  - other features:
LogInit:      CURL_VERSION_SSL
LogInit:      CURL_VERSION_LIBZ
LogInit:      CURL_VERSION_IPV6
LogInit:      CURL_VERSION_ASYNCHDNS
LogInit:      CURL_VERSION_LARGEFILE
LogInit:      CURL_VERSION_IDN
LogInit:  CurlRequestOptions (configurable via config and command line):
LogInit:  - bVerifyPeer = true  - Libcurl will verify peer certificate
LogInit:  - bUseHttpProxy = false  - Libcurl will NOT use HTTP proxy
LogInit:  - bDontReuseConnections = false  - Libcurl will reuse connections
LogInit:  - MaxHostConnections = 16  - Libcurl will limit the number of connections to a host
LogInit:  - LocalHostAddr = Default
LogInit:  - BufferSize = 65536
LogOnline: OSS: Creating online subsystem instance for: NULL
LogInit: WinSock: version 1.1 (2.2), MaxSocks=32767, MaxUdp=65467
LogOnline: OSS: TryLoadSubsystemAndSetDefault: Loaded subsystem for module [NULL]
LogInit: Build: ++UE4+Release-4.25-CL-14469661
LogInit: Engine Version: 4.25.4-14469661+++UE4+Release-4.25
LogInit: Compatible Engine Version: 4.25.0-13144385+++UE4+Release-4.25
LogInit: Net CL: 13144385
LogInit: OS: Windows 10 (Release 2004) (), CPU: Intel(R) Core(TM) i5-7600K CPU @ 3.80GHz, GPU: NVIDIA GeForce GTX 1070
LogInit: Compiled (64-bit): Oct 11 2020 08:10:49
LogInit: Compiled with Visual C++: 19.24.28315.00
LogInit: Build Configuration: Development
LogInit: Branch Name: ++UE4+Release-4.25
LogInit: Command Line:  /Game/Levels/Level01 -game -PIEVIACONSOLE -Multiprocess GameUserSettingsINI=D:/PPP/MyProject/Saved/Config/Windows/PIEGameUserSettings0.ini -MultiprocessSaveConfig -MultiprocessOSS -messaging -SessionName="Play in Standalone Game" -windowed -ResX=1280 -ResY=720
LogInit: Base Directory: D:/games/UE_4.25/Engine/Binaries/Win64/
LogInit: Allocator: TBB
LogInit: Installed Engine Build: 1
LogDevObjectVersion: Number of dev versions registered: 26
LogDevObjectVersion:   Dev-Blueprints (B0D832E4-1F89-4F0D-ACCF-7EB736FD4AA2): 10
LogDevObjectVersion:   Dev-Build (E1C64328-A22C-4D53-A36C-8E866417BD8C): 0
LogDevObjectVersion:   Dev-Core (375EC13C-06E4-48FB-B500-84F0262A717E): 4
LogDevObjectVersion:   Dev-Editor (E4B068ED-F494-42E9-A231-DA0B2E46BB41): 38
LogDevObjectVersion:   Dev-Framework (CFFC743F-43B0-4480-9391-14DF171D2073): 37
LogDevObjectVersion:   Dev-Mobile (B02B49B5-BB20-44E9-A304-32B752E40360): 2
LogDevObjectVersion:   Dev-Networking (A4E4105C-59A1-49B5-A7C5-40C4547EDFEE): 0
LogDevObjectVersion:   Dev-Online (39C831C9-5AE6-47DC-9A44-9C173E1C8E7C): 0
LogDevObjectVersion:   Dev-Physics (78F01B33-EBEA-4F98-B9B4-84EACCB95AA2): 4
LogDevObjectVersion:   Dev-Platform (6631380F-2D4D-43E0-8009-CF276956A95A): 0
LogDevObjectVersion:   Dev-Rendering (12F88B9F-8875-4AFC-A67C-D90C383ABD29): 43
LogDevObjectVersion:   Dev-Sequencer (7B5AE74C-D270-4C10-A958-57980B212A5A): 12
LogDevObjectVersion:   Dev-VR (D7296918-1DD6-4BDD-9DE2-64A83CC13884): 3
LogDevObjectVersion:   Dev-LoadTimes (C2A15278-BFE7-4AFE-6C17-90FF531DF755): 1
LogDevObjectVersion:   Private-Geometry (6EACA3D4-40EC-4CC1-B786-8BED09428FC5): 3
LogDevObjectVersion:   Dev-AnimPhys (29E575DD-E0A3-4627-9D10-D276232CDCEA): 17
LogDevObjectVersion:   Dev-Anim (AF43A65D-7FD3-4947-9873-3E8ED9C1BB05): 7
LogDevObjectVersion:   Dev-ReflectionCapture (6B266CEC-1EC7-4B8F-A30B-E4D90942FC07): 1
LogDevObjectVersion:   Dev-Automation (0DF73D61-A23F-47EA-B727-89E90C41499A): 1
LogDevObjectVersion:   FortniteMain (601D1886-AC64-4F84-AA16-D3DE0DEAC7D6): 31
LogDevObjectVersion:   Dev-Enterprise (9DFFBCD6-494F-0158-E221-12823C92A888): 10
LogDevObjectVersion:   Dev-Niagara (F2AED0AC-9AFE-416F-8664-AA7FFA26D6FC): 1
LogDevObjectVersion:   Dev-Destruction (174F1F0B-B4C6-45A5-B13F-2EE8D0FB917D): 10
LogDevObjectVersion:   Dev-Physics-Ext (35F94A83-E258-406C-A318-09F59610247C): 37
LogDevObjectVersion:   Dev-PhysicsMaterial-Chaos (B68FC16E-8B1B-42E2-B453-215C058844FE): 1
LogDevObjectVersion:   Dev-CineCamera (B2E18506-4273-CFC2-A54E-F4BB758BBA07): 1
LogInit: Presizing for max 25165824 objects, including 0 objects not considered by GC, pre-allocating 0 bytes for permanent pool.
LogConfig: Applying CVar settings from Section [/Script/Engine.StreamingSettings] File [D:/PPP/MyProject/Saved/Config/Windows/Engine.ini]
LogConfig: Setting CVar [[s.MinBulkDataSizeForAsyncLoading:131072]]
LogConfig: Setting CVar [[s.AsyncLoadingThreadEnabled:0]]
LogConfig: Setting CVar [[s.EventDrivenLoaderEnabled:1]]
LogConfig: Setting CVar [[s.WarnIfTimeLimitExceeded:0]]
LogConfig: Setting CVar [[s.TimeLimitExceededMultiplier:1.5]]
LogConfig: Setting CVar [[s.TimeLimitExceededMinTime:0.005]]
LogConfig: Setting CVar [[s.UseBackgroundLevelStreaming:1]]
LogConfig: Setting CVar [[s.PriorityAsyncLoadingExtraTime:15.0]]
LogConfig: Setting CVar [[s.LevelStreamingActorsUpdateTimeLimit:5.0]]
LogConfig: Setting CVar [[s.PriorityLevelStreamingActorsUpdateExtraTime:5.0]]
LogConfig: Setting CVar [[s.LevelStreamingComponentsRegistrationGranularity:10]]
LogConfig: Setting CVar [[s.UnregisterComponentsTimeLimit:1.0]]
LogConfig: Setting CVar [[s.LevelStreamingComponentsUnregistrationGranularity:5]]
LogConfig: Setting CVar [[s.FlushStreamingOnExit:1]]
LogInit: Object subsystem initialized
LogConfig: Setting CVar [[con.DebugEarlyDefault:1]]
LogConfig: Setting CVar [[r.setres:1280x720]]
[2020.11.10-16.34.31:645][  0]LogConfig: Setting CVar [[con.DebugEarlyDefault:1]]
[2020.11.10-16.34.31:645][  0]LogConfig: Setting CVar [[r.setres:1280x720]]
[2020.11.10-16.34.31:645][  0]LogConfig: Applying CVar settings from Section [/Script/Engine.RendererSettings] File [D:/PPP/MyProject/Saved/Config/Windows/Engine.ini]
[2020.11.10-16.34.31:645][  0]LogConfig: Setting CVar [[r.GPUCrashDebugging:0]]
[2020.11.10-16.34.31:645][  0]LogConfig: Applying CVar settings from Section [/Script/Engine.RendererOverrideSettings] File [D:/PPP/MyProject/Saved/Config/Windows/Engine.ini]
[2020.11.10-16.34.31:645][  0]LogConfig: Applying CVar settings from Section [/Script/Engine.StreamingSettings] File [D:/PPP/MyProject/Saved/Config/Windows/Engine.ini]
[2020.11.10-16.34.31:645][  0]LogConfig: Setting CVar [[s.MinBulkDataSizeForAsyncLoading:131072]]
[2020.11.10-16.34.31:645][  0]LogConfig: Setting CVar [[s.AsyncLoadingThreadEnabled:0]]
[2020.11.10-16.34.31:645][  0]LogConfig: Setting CVar [[s.EventDrivenLoaderEnabled:1]]
[2020.11.10-16.34.31:645][  0]LogConfig: Setting CVar [[s.WarnIfTimeLimitExceeded:0]]
[2020.11.10-16.34.31:645][  0]LogConfig: Setting CVar [[s.TimeLimitExceededMultiplier:1.5]]
[2020.11.10-16.34.31:645][  0]LogConfig: Setting CVar [[s.TimeLimitExceededMinTime:0.005]]
[2020.11.10-16.34.31:646][  0]LogConfig: Setting CVar [[s.UseBackgroundLevelStreaming:1]]
[2020.11.10-16.34.31:646][  0]LogConfig: Setting CVar [[s.PriorityAsyncLoadingExtraTime:15.0]]
[2020.11.10-16.34.31:646][  0]LogConfig: Setting CVar [[s.LevelStreamingActorsUpdateTimeLimit:5.0]]
[2020.11.10-16.34.31:646][  0]LogConfig: Setting CVar [[s.PriorityLevelStreamingActorsUpdateExtraTime:5.0]]
[2020.11.10-16.34.31:646][  0]LogConfig: Setting CVar [[s.LevelStreamingComponentsRegistrationGranularity:10]]
[2020.11.10-16.34.31:646][  0]LogConfig: Setting CVar [[s.UnregisterComponentsTimeLimit:1.0]]
[2020.11.10-16.34.31:646][  0]LogConfig: Setting CVar [[s.LevelStreamingComponentsUnregistrationGranularity:5]]
[2020.11.10-16.34.31:646][  0]LogConfig: Setting CVar [[s.FlushStreamingOnExit:1]]
[2020.11.10-16.34.31:646][  0]LogConfig: Applying CVar settings from Section [/Script/Engine.GarbageCollectionSettings] File [D:/PPP/MyProject/Saved/Config/Windows/Engine.ini]
[2020.11.10-16.34.31:646][  0]LogConfig: Setting CVar [[gc.MaxObjectsNotConsideredByGC:1]]
[2020.11.10-16.34.31:646][  0]LogConfig: Setting CVar [[gc.SizeOfPermanentObjectPool:0]]
[2020.11.10-16.34.31:646][  0]LogConfig: Setting CVar [[gc.FlushStreamingOnGC:0]]
[2020.11.10-16.34.31:646][  0]LogConfig: Setting CVar [[gc.NumRetriesBeforeForcingGC:10]]
[2020.11.10-16.34.31:646][  0]LogConfig: Setting CVar [[gc.AllowParallelGC:1]]
[2020.11.10-16.34.31:646][  0]LogConfig: Setting CVar [[gc.TimeBetweenPurgingPendingKillObjects:61.1]]
[2020.11.10-16.34.31:646][  0]LogConfig: Setting CVar [[gc.MaxObjectsInEditor:25165824]]
[2020.11.10-16.34.31:646][  0]LogConfig: Setting CVar [[gc.IncrementalBeginDestroyEnabled:1]]
[2020.11.10-16.34.31:646][  0]LogConfig: Setting CVar [[gc.CreateGCClusters:1]]
[2020.11.10-16.34.31:646][  0]LogConfig: Setting CVar [[gc.MinGCClusterSize:5]]
[2020.11.10-16.34.31:646][  0]LogConfig: Setting CVar [[gc.ActorClusteringEnabled:0]]
[2020.11.10-16.34.31:646][  0]LogConfig: Setting CVar [[gc.BlueprintClusteringEnabled:0]]
[2020.11.10-16.34.31:646][  0]LogConfig: Setting CVar [[gc.UseDisregardForGCOnDedicatedServers:0]]
[2020.11.10-16.34.31:646][  0]LogConfig: Applying CVar settings from Section [/Script/Engine.NetworkSettings] File [D:/PPP/MyProject/Saved/Config/Windows/Engine.ini]
[2020.11.10-16.34.31:646][  0]LogConfig: Applying CVar settings from Section [/Script/UnrealEd.CookerSettings] File [D:/PPP/MyProject/Saved/Config/Windows/Engine.ini]
[2020.11.10-16.34.31:651][  0]LogConfig: Applying CVar settings from Section [ViewDistanceQuality@3] File [D:/PPP/MyProject/Saved/Config/Windows/Scalability.ini]
[2020.11.10-16.34.31:651][  0]LogConfig: Setting CVar [[r.SkeletalMeshLODBias:0]]
[2020.11.10-16.34.31:651][  0]LogConfig: Setting CVar [[r.ViewDistanceScale:1.0]]
[2020.11.10-16.34.31:651][  0]LogConfig: Applying CVar settings from Section [AntiAliasingQuality@3] File [D:/PPP/MyProject/Saved/Config/Windows/Scalability.ini]
[2020.11.10-16.34.31:651][  0]LogConfig: Setting CVar [[r.PostProcessAAQuality:4]]
[2020.11.10-16.34.31:651][  0]LogConfig: Applying CVar settings from Section [ShadowQuality@3] File [D:/PPP/MyProject/Saved/Config/Windows/Scalability.ini]
[2020.11.10-16.34.31:651][  0]LogConfig: Setting CVar [[r.LightFunctionQuality:1]]
[2020.11.10-16.34.31:651][  0]LogConfig: Setting CVar [[r.ShadowQuality:5]]
[2020.11.10-16.34.31:651][  0]LogConfig: Setting CVar [[r.Shadow.CSM.MaxCascades:10]]
[2020.11.10-16.34.31:651][  0]LogConfig: Setting CVar [[r.Shadow.MaxResolution:2048]]
[2020.11.10-16.34.31:651][  0]LogConfig: Setting CVar [[r.Shadow.MaxCSMResolution:2048]]
[2020.11.10-16.34.31:651][  0]LogConfig: Setting CVar [[r.Shadow.RadiusThreshold:0.01]]
[2020.11.10-16.34.31:651][  0]LogConfig: Setting CVar [[r.Shadow.DistanceScale:1.0]]
[2020.11.10-16.34.31:651][  0]LogConfig: Setting CVar [[r.Shadow.CSM.TransitionScale:1.0]]
[2020.11.10-16.34.31:651][  0]LogConfig: Setting CVar [[r.Shadow.PreShadowResolutionFactor:1.0]]
[2020.11.10-16.34.31:651][  0]LogConfig: Setting CVar [[r.DistanceFieldShadowing:1]]
[2020.11.10-16.34.31:651][  0]LogConfig: Setting CVar [[r.DistanceFieldAO:1]]
[2020.11.10-16.34.31:651][  0]LogConfig: Setting CVar [[r.AOQuality:2]]
[2020.11.10-16.34.31:651][  0]LogConfig: Setting CVar [[r.VolumetricFog:1]]
[2020.11.10-16.34.31:651][  0]LogConfig: Setting CVar [[r.VolumetricFog.GridPixelSize:8]]
[2020.11.10-16.34.31:651][  0]LogConfig: Setting CVar [[r.VolumetricFog.GridSizeZ:128]]
[2020.11.10-16.34.31:651][  0]LogConfig: Setting CVar [[r.VolumetricFog.HistoryMissSupersampleCount:4]]
[2020.11.10-16.34.31:651][  0]LogConfig: Setting CVar [[r.LightMaxDrawDistanceScale:1]]
[2020.11.10-16.34.31:651][  0]LogConfig: Setting CVar [[r.CapsuleShadows:1]]
[2020.11.10-16.34.31:651][  0]LogConfig: Applying CVar settings from Section [PostProcessQuality@3] File [D:/PPP/MyProject/Saved/Config/Windows/Scalability.ini]
[2020.11.10-16.34.31:652][  0]LogConfig: Setting CVar [[r.MotionBlurQuality:4]]
[2020.11.10-16.34.31:652][  0]LogConfig: Setting CVar [[r.AmbientOcclusionMipLevelFactor:0.4]]
[2020.11.10-16.34.31:652][  0]LogConfig: Setting CVar [[r.AmbientOcclusionMaxQuality:100]]
[2020.11.10-16.34.31:652][  0]LogConfig: Setting CVar [[r.AmbientOcclusionLevels:-1]]
[2020.11.10-16.34.31:652][  0]LogConfig: Setting CVar [[r.AmbientOcclusionRadiusScale:1.0]]
[2020.11.10-16.34.31:652][  0]LogConfig: Setting CVar [[r.DepthOfFieldQuality:2]]
[2020.11.10-16.34.31:652][  0]LogConfig: Setting CVar [[r.RenderTargetPoolMin:400]]
[2020.11.10-16.34.31:652][  0]LogConfig: Setting CVar [[r.LensFlareQuality:2]]
[2020.11.10-16.34.31:652][  0]LogConfig: Setting CVar [[r.SceneColorFringeQuality:1]]
[2020.11.10-16.34.31:652][  0]LogConfig: Setting CVar [[r.EyeAdaptationQuality:2]]
[2020.11.10-16.34.31:652][  0]LogConfig: Setting CVar [[r.BloomQuality:5]]
[2020.11.10-16.34.31:652][  0]LogConfig: Setting CVar [[r.FastBlurThreshold:100]]
[2020.11.10-16.34.31:652][  0]LogConfig: Setting CVar [[r.Upscale.Quality:3]]
[2020.11.10-16.34.31:652][  0]LogConfig: Setting CVar [[r.Tonemapper.GrainQuantization:1]]
[2020.11.10-16.34.31:652][  0]LogConfig: Setting CVar [[r.LightShaftQuality:1]]
[2020.11.10-16.34.31:652][  0]LogConfig: Setting CVar [[r.Filter.SizeScale:1]]
[2020.11.10-16.34.31:652][  0]LogConfig: Setting CVar [[r.Tonemapper.Quality:5]]
[2020.11.10-16.34.31:652][  0]LogConfig: Setting CVar [[r.DOF.Gather.AccumulatorQuality:1        ; higher gathering accumulator quality]]
[2020.11.10-16.34.31:652][  0]LogConfig: Setting CVar [[r.DOF.Gather.PostfilterMethod:1          ; Median3x3 postfilering method]]
[2020.11.10-16.34.31:652][  0]LogConfig: Setting CVar [[r.DOF.Gather.EnableBokehSettings:0       ; no bokeh simulation when gathering]]
[2020.11.10-16.34.31:652][  0]LogConfig: Setting CVar [[r.DOF.Gather.RingCount:4                 ; medium number of samples when gathering]]
[2020.11.10-16.34.31:652][  0]LogConfig: Setting CVar [[r.DOF.Scatter.ForegroundCompositing:1    ; additive foreground scattering]]
[2020.11.10-16.34.31:652][  0]LogConfig: Setting CVar [[r.DOF.Scatter.BackgroundCompositing:2    ; additive background scattering]]
[2020.11.10-16.34.31:652][  0]LogConfig: Setting CVar [[r.DOF.Scatter.EnableBokehSettings:1      ; bokeh simulation when scattering]]
[2020.11.10-16.34.31:652][  0]LogConfig: Setting CVar [[r.DOF.Scatter.MaxSpriteRatio:0.1         ; only a maximum of 10% of scattered bokeh]]
[2020.11.10-16.34.31:652][  0]LogConfig: Setting CVar [[r.DOF.Recombine.Quality:1                ; cheap slight out of focus]]
[2020.11.10-16.34.31:652][  0]LogConfig: Setting CVar [[r.DOF.Recombine.EnableBokehSettings:0    ; no bokeh simulation on slight out of focus]]
[2020.11.10-16.34.31:652][  0]LogConfig: Setting CVar [[r.DOF.TemporalAAQuality:1                ; more stable temporal accumulation]]
[2020.11.10-16.34.31:652][  0]LogConfig: Setting CVar [[r.DOF.Kernel.MaxForegroundRadius:0.025]]
[2020.11.10-16.34.31:652][  0]LogConfig: Setting CVar [[r.DOF.Kernel.MaxBackgroundRadius:0.025]]
[2020.11.10-16.34.31:652][  0]LogConfig: Applying CVar settings from Section [TextureQuality@3] File [D:/PPP/MyProject/Saved/Config/Windows/Scalability.ini]
[2020.11.10-16.34.31:652][  0]LogConfig: Setting CVar [[r.Streaming.MipBias:0]]
[2020.11.10-16.34.31:652][  0]LogConfig: Setting CVar [[r.Streaming.AmortizeCPUToGPUCopy:0]]
[2020.11.10-16.34.31:652][  0]LogConfig: Setting CVar [[r.Streaming.MaxNumTexturesToStreamPerFrame:0]]
[2020.11.10-16.34.31:652][  0]LogConfig: Setting CVar [[r.Streaming.Boost:1]]
[2020.11.10-16.34.31:652][  0]LogConfig: Setting CVar [[r.MaxAnisotropy:8]]
[2020.11.10-16.34.31:652][  0]LogConfig: Setting CVar [[r.VT.MaxAnisotropy:8]]
[2020.11.10-16.34.31:653][  0]LogConfig: Setting CVar [[r.Streaming.LimitPoolSizeToVRAM:0]]
[2020.11.10-16.34.31:653][  0]LogConfig: Setting CVar [[r.Streaming.PoolSize:1000]]
[2020.11.10-16.34.31:653][  0]LogConfig: Setting CVar [[r.Streaming.MaxEffectiveScreenSize:0]]
[2020.11.10-16.34.31:653][  0]LogConfig: Applying CVar settings from Section [EffectsQuality@3] File [D:/PPP/MyProject/Saved/Config/Windows/Scalability.ini]
[2020.11.10-16.34.31:653][  0]LogConfig: Setting CVar [[r.TranslucencyLightingVolumeDim:64]]
[2020.11.10-16.34.31:653][  0]LogConfig: Setting CVar [[r.RefractionQuality:2]]
[2020.11.10-16.34.31:653][  0]LogConfig: Setting CVar [[r.SSR.Quality:3]]
[2020.11.10-16.34.31:653][  0]LogConfig: Setting CVar [[r.SSR.HalfResSceneColor:0]]
[2020.11.10-16.34.31:653][  0]LogConfig: Setting CVar [[r.SceneColorFormat:4]]
[2020.11.10-16.34.31:653][  0]LogConfig: Setting CVar [[r.DetailMode:2]]
[2020.11.10-16.34.31:653][  0]LogConfig: Setting CVar [[r.TranslucencyVolumeBlur:1]]
[2020.11.10-16.34.31:653][  0]LogConfig: Setting CVar [[r.MaterialQualityLevel:1 ; High quality]]
[2020.11.10-16.34.31:653][  0]LogConfig: Setting CVar [[r.SSS.Scale:1]]
[2020.11.10-16.34.31:653][  0]LogConfig: Setting CVar [[r.SSS.SampleSet:2]]
[2020.11.10-16.34.31:653][  0]LogConfig: Setting CVar [[r.SSS.Quality:1]]
[2020.11.10-16.34.31:653][  0]LogConfig: Setting CVar [[r.SSS.HalfRes:0]]
[2020.11.10-16.34.31:653][  0]LogConfig: Setting CVar [[r.SSGI.Quality:3]]
[2020.11.10-16.34.31:653][  0]LogConfig: Setting CVar [[r.EmitterSpawnRateScale:1.0]]
[2020.11.10-16.34.31:653][  0]LogConfig: Setting CVar [[r.ParticleLightQuality:2]]
[2020.11.10-16.34.31:653][  0]LogConfig: Setting CVar [[r.SkyAtmosphere.AerialPerspectiveLUT.FastApplyOnOpaque:1 ; Always have FastSkyLUT 1 in this case to avoid wrong sky]]
[2020.11.10-16.34.31:653][  0]LogConfig: Setting CVar [[r.SkyAtmosphere.AerialPerspectiveLUT.SampleCountPerSlice:1]]
[2020.11.10-16.34.31:653][  0]LogConfig: Setting CVar [[r.SkyAtmosphere.AerialPerspectiveLUT.DepthResolution:16.0]]
[2020.11.10-16.34.31:653][  0]LogConfig: Setting CVar [[r.SkyAtmosphere.FastSkyLUT:1]]
[2020.11.10-16.34.31:653][  0]LogConfig: Setting CVar [[r.SkyAtmosphere.FastSkyLUT.SampleCountMin:4.0]]
[2020.11.10-16.34.31:653][  0]LogConfig: Setting CVar [[r.SkyAtmosphere.FastSkyLUT.SampleCountMax:32.0]]
[2020.11.10-16.34.31:653][  0]LogConfig: Setting CVar [[r.SkyAtmosphere.SampleCountMin:4.0]]
[2020.11.10-16.34.31:653][  0]LogConfig: Setting CVar [[r.SkyAtmosphere.SampleCountMax:32.0]]
[2020.11.10-16.34.31:653][  0]LogConfig: Setting CVar [[r.SkyAtmosphere.TransmittanceLUT.UseSmallFormat:0]]
[2020.11.10-16.34.31:653][  0]LogConfig: Setting CVar [[r.SkyAtmosphere.TransmittanceLUT.SampleCount:10.0]]
[2020.11.10-16.34.31:653][  0]LogConfig: Setting CVar [[r.SkyAtmosphere.MultiScatteringLUT.SampleCount:15.0]]
[2020.11.10-16.34.31:653][  0]LogConfig: Applying CVar settings from Section [FoliageQuality@3] File [D:/PPP/MyProject/Saved/Config/Windows/Scalability.ini]
[2020.11.10-16.34.31:653][  0]LogConfig: Setting CVar [[foliage.DensityScale:1.0]]
[2020.11.10-16.34.31:653][  0]LogConfig: Setting CVar [[grass.DensityScale:1.0]]
[2020.11.10-16.34.31:653][  0]LogConfig: Applying CVar settings from Section [ShadingQuality@3] File [D:/PPP/MyProject/Saved/Config/Windows/Scalability.ini]
[2020.11.10-16.34.31:653][  0]LogConfig: Setting CVar [[r.HairStrands.SkyLighting.SampleCount:16]]
[2020.11.10-16.34.31:653][  0]LogConfig: Setting CVar [[r.HairStrands.SkyLighting.JitterIntegration:0]]
[2020.11.10-16.34.31:653][  0]LogConfig: Setting CVar [[r.HairStrands.SkyAO.SampleCount:16]]
[2020.11.10-16.34.31:653][  0]LogConfig: Setting CVar [[r.HairStrands.DeepShadow.SuperSampling:0]]
[2020.11.10-16.34.31:653][  0]LogConfig: Setting CVar [[r.HairStrands.VisibilityPPLL:0]]
[2020.11.10-16.34.31:654][  0]LogConfig: Setting CVar [[r.HairStrands.RasterizationScale:0.5]]
[2020.11.10-16.34.31:654][  0]LogConfig: Setting CVar [[r.HairStrands.VelocityRasterizationScale:1]]
[2020.11.10-16.34.31:654][  0]LogInit: Selected Device Profile: [Windows]
[2020.11.10-16.34.31:654][  0]LogInit: Applying CVar settings loaded from the selected device profile: [Windows]
[2020.11.10-16.34.31:654][  0]LogHAL: Display: Platform has ~ 16 GB [17137127424 / 17179869184 / 16], which maps to Larger [LargestMinGB=32, LargerMinGB=12, DefaultMinGB=8, SmallerMinGB=6, SmallestMinGB=0)
[2020.11.10-16.34.31:654][  0]LogInit: Going up to parent DeviceProfile []
[2020.11.10-16.34.31:654][  0]LogConfig: Applying CVar settings from Section [ViewDistanceQuality@3] File [D:/PPP/MyProject/Saved/Config/Windows/Scalability.ini]
[2020.11.10-16.34.31:654][  0]LogConfig: Setting CVar [[r.SkeletalMeshLODBias:0]]
[2020.11.10-16.34.31:654][  0]LogConfig: Setting CVar [[r.ViewDistanceScale:1.0]]
[2020.11.10-16.34.31:654][  0]LogConfig: Applying CVar settings from Section [AntiAliasingQuality@3] File [D:/PPP/MyProject/Saved/Config/Windows/Scalability.ini]
[2020.11.10-16.34.31:654][  0]LogConfig: Setting CVar [[r.PostProcessAAQuality:4]]
[2020.11.10-16.34.31:654][  0]LogConfig: Applying CVar settings from Section [ShadowQuality@3] File [D:/PPP/MyProject/Saved/Config/Windows/Scalability.ini]
[2020.11.10-16.34.31:654][  0]LogConfig: Setting CVar [[r.LightFunctionQuality:1]]
[2020.11.10-16.34.31:654][  0]LogConfig: Setting CVar [[r.ShadowQuality:5]]
[2020.11.10-16.34.31:654][  0]LogConfig: Setting CVar [[r.Shadow.CSM.MaxCascades:10]]
[2020.11.10-16.34.31:654][  0]LogConfig: Setting CVar [[r.Shadow.MaxResolution:2048]]
[2020.11.10-16.34.31:654][  0]LogConfig: Setting CVar [[r.Shadow.MaxCSMResolution:2048]]
[2020.11.10-16.34.31:654][  0]LogConfig: Setting CVar [[r.Shadow.RadiusThreshold:0.01]]
[2020.11.10-16.34.31:654][  0]LogConfig: Setting CVar [[r.Shadow.DistanceScale:1.0]]
[2020.11.10-16.34.31:654][  0]LogConfig: Setting CVar [[r.Shadow.CSM.TransitionScale:1.0]]
[2020.11.10-16.34.31:654][  0]LogConfig: Setting CVar [[r.Shadow.PreShadowResolutionFactor:1.0]]
[2020.11.10-16.34.31:654][  0]LogConfig: Setting CVar [[r.DistanceFieldShadowing:1]]
[2020.11.10-16.34.31:654][  0]LogConfig: Setting CVar [[r.DistanceFieldAO:1]]
[2020.11.10-16.34.31:654][  0]LogConfig: Setting CVar [[r.AOQuality:2]]
[2020.11.10-16.34.31:654][  0]LogConfig: Setting CVar [[r.VolumetricFog:1]]
[2020.11.10-16.34.31:654][  0]LogConfig: Setting CVar [[r.VolumetricFog.GridPixelSize:8]]
[2020.11.10-16.34.31:654][  0]LogConfig: Setting CVar [[r.VolumetricFog.GridSizeZ:128]]
[2020.11.10-16.34.31:654][  0]LogConfig: Setting CVar [[r.VolumetricFog.HistoryMissSupersampleCount:4]]
[2020.11.10-16.34.31:654][  0]LogConfig: Setting CVar [[r.LightMaxDrawDistanceScale:1]]
[2020.11.10-16.34.31:654][  0]LogConfig: Setting CVar [[r.CapsuleShadows:1]]
[2020.11.10-16.34.31:654][  0]LogConfig: Applying CVar settings from Section [PostProcessQuality@3] File [D:/PPP/MyProject/Saved/Config/Windows/Scalability.ini]
[2020.11.10-16.34.31:654][  0]LogConfig: Setting CVar [[r.MotionBlurQuality:4]]
[2020.11.10-16.34.31:654][  0]LogConfig: Setting CVar [[r.AmbientOcclusionMipLevelFactor:0.4]]
[2020.11.10-16.34.31:654][  0]LogConfig: Setting CVar [[r.AmbientOcclusionMaxQuality:100]]
[2020.11.10-16.34.31:654][  0]LogConfig: Setting CVar [[r.AmbientOcclusionLevels:-1]]
[2020.11.10-16.34.31:654][  0]LogConfig: Setting CVar [[r.AmbientOcclusionRadiusScale:1.0]]
[2020.11.10-16.34.31:654][  0]LogConfig: Setting CVar [[r.DepthOfFieldQuality:2]]
[2020.11.10-16.34.31:654][  0]LogConfig: Setting CVar [[r.RenderTargetPoolMin:400]]
[2020.11.10-16.34.31:654][  0]LogConfig: Setting CVar [[r.LensFlareQuality:2]]
[2020.11.10-16.34.31:654][  0]LogConfig: Setting CVar [[r.SceneColorFringeQuality:1]]
[2020.11.10-16.34.31:654][  0]LogConfig: Setting CVar [[r.EyeAdaptationQuality:2]]
[2020.11.10-16.34.31:654][  0]LogConfig: Setting CVar [[r.BloomQuality:5]]
[2020.11.10-16.34.31:654][  0]LogConfig: Setting CVar [[r.FastBlurThreshold:100]]
[2020.11.10-16.34.31:654][  0]LogConfig: Setting CVar [[r.Upscale.Quality:3]]
[2020.11.10-16.34.31:654][  0]LogConfig: Setting CVar [[r.Tonemapper.GrainQuantization:1]]
[2020.11.10-16.34.31:654][  0]LogConfig: Setting CVar [[r.LightShaftQuality:1]]
[2020.11.10-16.34.31:654][  0]LogConfig: Setting CVar [[r.Filter.SizeScale:1]]
[2020.11.10-16.34.31:654][  0]LogConfig: Setting CVar [[r.Tonemapper.Quality:5]]
[2020.11.10-16.34.31:655][  0]LogConfig: Setting CVar [[r.DOF.Gather.AccumulatorQuality:1        ; higher gathering accumulator quality]]
[2020.11.10-16.34.31:655][  0]LogConfig: Setting CVar [[r.DOF.Gather.PostfilterMethod:1          ; Median3x3 postfilering method]]
[2020.11.10-16.34.31:655][  0]LogConfig: Setting CVar [[r.DOF.Gather.EnableBokehSettings:0       ; no bokeh simulation when gathering]]
[2020.11.10-16.34.31:655][  0]LogConfig: Setting CVar [[r.DOF.Gather.RingCount:4                 ; medium number of samples when gathering]]
[2020.11.10-16.34.31:655][  0]LogConfig: Setting CVar [[r.DOF.Scatter.ForegroundCompositing:1    ; additive foreground scattering]]
[2020.11.10-16.34.31:655][  0]LogConfig: Setting CVar [[r.DOF.Scatter.BackgroundCompositing:2    ; additive background scattering]]
[2020.11.10-16.34.31:655][  0]LogConfig: Setting CVar [[r.DOF.Scatter.EnableBokehSettings:1      ; bokeh simulation when scattering]]
[2020.11.10-16.34.31:655][  0]LogConfig: Setting CVar [[r.DOF.Scatter.MaxSpriteRatio:0.1         ; only a maximum of 10% of scattered bokeh]]
[2020.11.10-16.34.31:655][  0]LogConfig: Setting CVar [[r.DOF.Recombine.Quality:1                ; cheap slight out of focus]]
[2020.11.10-16.34.31:655][  0]LogConfig: Setting CVar [[r.DOF.Recombine.EnableBokehSettings:0    ; no bokeh simulation on slight out of focus]]
[2020.11.10-16.34.31:655][  0]LogConfig: Setting CVar [[r.DOF.TemporalAAQuality:1                ; more stable temporal accumulation]]
[2020.11.10-16.34.31:655][  0]LogConfig: Setting CVar [[r.DOF.Kernel.MaxForegroundRadius:0.025]]
[2020.11.10-16.34.31:655][  0]LogConfig: Setting CVar [[r.DOF.Kernel.MaxBackgroundRadius:0.025]]
[2020.11.10-16.34.31:655][  0]LogConfig: Applying CVar settings from Section [TextureQuality@3] File [D:/PPP/MyProject/Saved/Config/Windows/Scalability.ini]
[2020.11.10-16.34.31:655][  0]LogConfig: Setting CVar [[r.Streaming.MipBias:0]]
[2020.11.10-16.34.31:655][  0]LogConfig: Setting CVar [[r.Streaming.AmortizeCPUToGPUCopy:0]]
[2020.11.10-16.34.31:655][  0]LogConfig: Setting CVar [[r.Streaming.MaxNumTexturesToStreamPerFrame:0]]
[2020.11.10-16.34.31:655][  0]LogConfig: Setting CVar [[r.Streaming.Boost:1]]
[2020.11.10-16.34.31:655][  0]LogConfig: Setting CVar [[r.MaxAnisotropy:8]]
[2020.11.10-16.34.31:655][  0]LogConfig: Setting CVar [[r.VT.MaxAnisotropy:8]]
[2020.11.10-16.34.31:655][  0]LogConfig: Setting CVar [[r.Streaming.LimitPoolSizeToVRAM:0]]
[2020.11.10-16.34.31:655][  0]LogConfig: Setting CVar [[r.Streaming.PoolSize:1000]]
[2020.11.10-16.34.31:655][  0]LogConfig: Setting CVar [[r.Streaming.MaxEffectiveScreenSize:0]]
[2020.11.10-16.34.31:655][  0]LogConfig: Applying CVar settings from Section [EffectsQuality@3] File [D:/PPP/MyProject/Saved/Config/Windows/Scalability.ini]
[2020.11.10-16.34.31:655][  0]LogConfig: Setting CVar [[r.TranslucencyLightingVolumeDim:64]]
[2020.11.10-16.34.31:655][  0]LogConfig: Setting CVar [[r.RefractionQuality:2]]
[2020.11.10-16.34.31:655][  0]LogConfig: Setting CVar [[r.SSR.Quality:3]]
[2020.11.10-16.34.31:655][  0]LogConfig: Setting CVar [[r.SSR.HalfResSceneColor:0]]
[2020.11.10-16.34.31:655][  0]LogConfig: Setting CVar [[r.SceneColorFormat:4]]
[2020.11.10-16.34.31:655][  0]LogConfig: Setting CVar [[r.DetailMode:2]]
[2020.11.10-16.34.31:655][  0]LogConfig: Setting CVar [[r.TranslucencyVolumeBlur:1]]
[2020.11.10-16.34.31:655][  0]LogConfig: Setting CVar [[r.MaterialQualityLevel:1 ; High quality]]
[2020.11.10-16.34.31:655][  0]LogConfig: Setting CVar [[r.SSS.Scale:1]]
[2020.11.10-16.34.31:655][  0]LogConfig: Setting CVar [[r.SSS.SampleSet:2]]
[2020.11.10-16.34.31:655][  0]LogConfig: Setting CVar [[r.SSS.Quality:1]]
[2020.11.10-16.34.31:655][  0]LogConfig: Setting CVar [[r.SSS.HalfRes:0]]
[2020.11.10-16.34.31:655][  0]LogConfig: Setting CVar [[r.SSGI.Quality:3]]
[2020.11.10-16.34.31:655][  0]LogConfig: Setting CVar [[r.EmitterSpawnRateScale:1.0]]
[2020.11.10-16.34.31:655][  0]LogConfig: Setting CVar [[r.ParticleLightQuality:2]]
[2020.11.10-16.34.31:655][  0]LogConfig: Setting CVar [[r.SkyAtmosphere.AerialPerspectiveLUT.FastApplyOnOpaque:1 ; Always have FastSkyLUT 1 in this case to avoid wrong sky]]
[2020.11.10-16.34.31:655][  0]LogConfig: Setting CVar [[r.SkyAtmosphere.AerialPerspectiveLUT.SampleCountPerSlice:1]]
[2020.11.10-16.34.31:655][  0]LogConfig: Setting CVar [[r.SkyAtmosphere.AerialPerspectiveLUT.DepthResolution:16.0]]
[2020.11.10-16.34.31:655][  0]LogConfig: Setting CVar [[r.SkyAtmosphere.FastSkyLUT:1]]
[2020.11.10-16.34.31:655][  0]LogConfig: Setting CVar [[r.SkyAtmosphere.FastSkyLUT.SampleCountMin:4.0]]
[2020.11.10-16.34.31:655][  0]LogConfig: Setting CVar [[r.SkyAtmosphere.FastSkyLUT.SampleCountMax:32.0]]
[2020.11.10-16.34.31:655][  0]LogConfig: Setting CVar [[r.SkyAtmosphere.SampleCountMin:4.0]]
[2020.11.10-16.34.31:655][  0]LogConfig: Setting CVar [[r.SkyAtmosphere.SampleCountMax:32.0]]
[2020.11.10-16.34.31:655][  0]LogConfig: Setting CVar [[r.SkyAtmosphere.TransmittanceLUT.UseSmallFormat:0]]
[2020.11.10-16.34.31:655][  0]LogConfig: Setting CVar [[r.SkyAtmosphere.TransmittanceLUT.SampleCount:10.0]]
[2020.11.10-16.34.31:655][  0]LogConfig: Setting CVar [[r.SkyAtmosphere.MultiScatteringLUT.SampleCount:15.0]]
[2020.11.10-16.34.31:656][  0]LogConfig: Applying CVar settings from Section [FoliageQuality@3] File [D:/PPP/MyProject/Saved/Config/Windows/Scalability.ini]
[2020.11.10-16.34.31:656][  0]LogConfig: Setting CVar [[foliage.DensityScale:1.0]]
[2020.11.10-16.34.31:656][  0]LogConfig: Setting CVar [[grass.DensityScale:1.0]]
[2020.11.10-16.34.31:656][  0]LogConfig: Applying CVar settings from Section [ShadingQuality@3] File [D:/PPP/MyProject/Saved/Config/Windows/Scalability.ini]
[2020.11.10-16.34.31:656][  0]LogConfig: Setting CVar [[r.HairStrands.SkyLighting.SampleCount:16]]
[2020.11.10-16.34.31:656][  0]LogConfig: Setting CVar [[r.HairStrands.SkyLighting.JitterIntegration:0]]
[2020.11.10-16.34.31:656][  0]LogConfig: Setting CVar [[r.HairStrands.SkyAO.SampleCount:16]]
[2020.11.10-16.34.31:656][  0]LogConfig: Setting CVar [[r.HairStrands.DeepShadow.SuperSampling:0]]
[2020.11.10-16.34.31:656][  0]LogConfig: Setting CVar [[r.HairStrands.VisibilityPPLL:0]]
[2020.11.10-16.34.31:656][  0]LogConfig: Setting CVar [[r.HairStrands.RasterizationScale:0.5]]
[2020.11.10-16.34.31:656][  0]LogConfig: Setting CVar [[r.HairStrands.VelocityRasterizationScale:1]]
[2020.11.10-16.34.31:656][  0]LogConfig: Applying CVar settings from Section [Startup] File [../../../Engine/Config/ConsoleVariables.ini]
[2020.11.10-16.34.31:656][  0]LogConfig: Setting CVar [[net.UseAdaptiveNetUpdateFrequency:0]]
[2020.11.10-16.34.31:656][  0]LogConfig: Setting CVar [[p.chaos.AllowCreatePhysxBodies:1]]
[2020.11.10-16.34.31:656][  0]LogConfig: Setting CVar [[fx.SkipVectorVMBackendOptimizations:1]]
[2020.11.10-16.34.31:656][  0]LogConfig: Applying CVar settings from Section [ConsoleVariables] File [D:/PPP/MyProject/Saved/Config/Windows/Engine.ini]
[2020.11.10-16.34.31:656][  0]LogInit: Computer: SIEJEMAAN
[2020.11.10-16.34.31:656][  0]LogInit: User: simon
[2020.11.10-16.34.31:656][  0]LogInit: CPU Page size=4096, Cores=4
[2020.11.10-16.34.31:656][  0]LogInit: High frequency timer resolution =10.000000 MHz
[2020.11.10-16.34.31:656][  0]LogMemory: Memory total: Physical=16.0GB (16GB approx)
[2020.11.10-16.34.31:656][  0]LogMemory: Platform Memory Stats for Windows
[2020.11.10-16.34.31:656][  0]LogMemory: Process Physical Memory: 116.02 MB used, 116.02 MB peak
[2020.11.10-16.34.31:657][  0]LogMemory: Process Virtual Memory: 103.68 MB used, 103.68 MB peak
[2020.11.10-16.34.31:657][  0]LogMemory: Physical Memory: 8808.44 MB used,  7534.80 MB free, 16343.24 MB total
[2020.11.10-16.34.31:657][  0]LogMemory: Virtual Memory: 5102.41 MB used,  134212624.00 MB free, 134217728.00 MB total
[2020.11.10-16.34.31:663][  0]LogWindows: WindowsPlatformFeatures enabled
[2020.11.10-16.34.31:724][  0]LogInit: Physics initialised using underlying interface: PhysX
[2020.11.10-16.34.31:724][  0]LogInit: Using OS detected language (nl-NL).
[2020.11.10-16.34.31:724][  0]LogInit: Using OS detected locale (nl-BE).
[2020.11.10-16.34.31:725][  0]LogTextLocalizationManager: No localization for 'nl-NL' exists, so 'en' will be used for the language.
[2020.11.10-16.34.31:727][  0]LogTextLocalizationManager: No localization for 'nl-BE' exists, so 'en' will be used for the locale.
[2020.11.10-16.34.31:962][  0]LogSlate: New Slate User Created.  User Index 0, Is Virtual User: 0
[2020.11.10-16.34.31:962][  0]LogSlate: Slate User Registered.  User Index 0, Is Virtual User: 0
[2020.11.10-16.34.31:973][  0]LogHMD: Failed to initialize OpenVR with code 110
[2020.11.10-16.34.31:973][  0]LogD3D11RHI: D3D11 min allowed feature level: 11_0
[2020.11.10-16.34.31:973][  0]LogD3D11RHI: D3D11 max allowed feature level: 11_0
[2020.11.10-16.34.31:973][  0]LogD3D11RHI: D3D11 adapters:
[2020.11.10-16.34.32:047][  0]LogD3D11RHI:    0. 'NVIDIA GeForce GTX 1070' (Feature Level 11_0)
[2020.11.10-16.34.32:048][  0]LogD3D11RHI:       8088/0/8171 MB DedicatedVideo/DedicatedSystem/SharedSystem, Outputs:2, VendorId:0x10de
[2020.11.10-16.34.32:050][  0]LogD3D11RHI:    1. 'Microsoft Basic Render Driver' (Feature Level 11_0)
[2020.11.10-16.34.32:050][  0]LogD3D11RHI:       0/0/8171 MB DedicatedVideo/DedicatedSystem/SharedSystem, Outputs:0, VendorId:0x1414
[2020.11.10-16.34.32:050][  0]LogD3D11RHI: Chosen D3D11 Adapter: 0
[2020.11.10-16.34.32:058][  0]LogD3D11RHI: Creating new Direct3DDevice
[2020.11.10-16.34.32:058][  0]LogD3D11RHI:     GPU DeviceId: 0x1b81 (for the marketing name, search the web for "GPU Device Id")
[2020.11.10-16.34.32:058][  0]LogWindows: EnumDisplayDevices:
[2020.11.10-16.34.32:058][  0]LogWindows:    0. 'NVIDIA GeForce GTX 1070' (P:0 D:1)
[2020.11.10-16.34.32:059][  0]LogWindows:    1. 'NVIDIA GeForce GTX 1070' (P:1 D:1)
[2020.11.10-16.34.32:059][  0]LogWindows:    2. 'NVIDIA GeForce GTX 1070' (P:0 D:0)
[2020.11.10-16.34.32:059][  0]LogWindows:    3. 'NVIDIA GeForce GTX 1070' (P:0 D:0)
[2020.11.10-16.34.32:060][  0]LogWindows: DebugString: FoundDriverCount:4 
[2020.11.10-16.34.32:060][  0]LogD3D11RHI:     Adapter Name: NVIDIA GeForce GTX 1070
[2020.11.10-16.34.32:060][  0]LogD3D11RHI:   Driver Version: 456.71 (internal:27.21.14.5671, unified:456.71)
[2020.11.10-16.34.32:060][  0]LogD3D11RHI:      Driver Date: 9-30-2020
[2020.11.10-16.34.32:060][  0]LogRHI: Texture pool is 5661 MB (70% of 8088 MB)
[2020.11.10-16.34.32:111][  0]LogD3D11RHI: RHI has support for 64 bit atomics
[2020.11.10-16.34.32:111][  0]LogD3D11RHI: Async texture creation enabled
[2020.11.10-16.34.32:111][  0]LogD3D11RHI: Array index from any shader is supported
[2020.11.10-16.34.32:135][  0]LogD3D11RHI: GPU Timing Frequency: 1000.000000 (Debug: 2 1)
[2020.11.10-16.34.32:444][  0]LogTargetPlatformManager: Display: Loaded TargetPlatform 'WindowsNoEditor'
[2020.11.10-16.34.32:448][  0]LogTargetPlatformManager: Display: Loaded TargetPlatform 'Windows'
[2020.11.10-16.34.32:456][  0]LogTargetPlatformManager: Display: Loaded TargetPlatform 'WindowsClient'
[2020.11.10-16.34.32:463][  0]LogTargetPlatformManager: Display: Loaded TargetPlatform 'WindowsServer'
[2020.11.10-16.34.32:463][  0]LogTargetPlatformManager: Display: Building Assets For Windows
[2020.11.10-16.34.32:470][  0]LogAudioDebug: Display: Lib vorbis DLL was dynamically loaded.
[2020.11.10-16.34.32:523][  0]LogShaderCompilers: Guid format shader working directory is 17 characters bigger than the processId version (../../../../../PPP/MyProject/Intermediate/Shaders/WorkingDirectory/12776/).
[2020.11.10-16.34.32:523][  0]LogShaderCompilers: Cleaned the shader compiler working directory 'C:/Users/simon/AppData/Local/Temp/UnrealShaderWorkingDir/9E9CFBAE466371828F8165A3659FBD04/'.
[2020.11.10-16.34.32:524][  0]LogXGEController: Cannot use XGE Controller as Incredibuild is not installed on this machine.
[2020.11.10-16.34.32:524][  0]LogShaderCompilers: Cannot use XGE Shader Compiler as Incredibuild is not installed on this machine.
[2020.11.10-16.34.32:524][  0]LogShaderCompilers: Display: Using Local Shader Compiler.
[2020.11.10-16.34.33:192][  0]LogDerivedDataCache: Display: Max Cache Size: 512 MB
[2020.11.10-16.34.33:238][  0]LogDerivedDataCache: Loaded boot cache 0.05s 76MB C:/Users/simon/AppData/Local/UnrealEngine/4.25/DerivedDataCache/Boot.ddc.
[2020.11.10-16.34.33:238][  0]LogDerivedDataCache: Display: Loaded Boot cache: C:/Users/simon/AppData/Local/UnrealEngine/4.25/DerivedDataCache/Boot.ddc
[2020.11.10-16.34.33:238][  0]LogDerivedDataCache: FDerivedDataBackendGraph:  Pak pak cache file ../../../../../PPP/MyProject/DerivedDataCache/DDC.ddp not found, will not use a pak cache.
[2020.11.10-16.34.33:238][  0]LogDerivedDataCache: Unable to find inner node Pak for hierarchical cache Hierarchy.
[2020.11.10-16.34.33:238][  0]LogDerivedDataCache: FDerivedDataBackendGraph:  CompressedPak pak cache file ../../../../../PPP/MyProject/DerivedDataCache/Compressed.ddp not found, will not use a pak cache.
[2020.11.10-16.34.33:238][  0]LogDerivedDataCache: Unable to find inner node CompressedPak for hierarchical cache Hierarchy.
[2020.11.10-16.34.33:248][  0]LogDerivedDataCache: Display: Pak cache opened for reading ../../../Engine/DerivedDataCache/Compressed.ddp.
[2020.11.10-16.34.33:248][  0]LogDerivedDataCache: FDerivedDataBackendGraph:  EnterprisePak pak cache file ../../../Enterprise/DerivedDataCache/Compressed.ddp not found, will not use a pak cache.
[2020.11.10-16.34.33:248][  0]LogDerivedDataCache: Unable to find inner node EnterprisePak for hierarchical cache Hierarchy.
[2020.11.10-16.34.33:249][  0]LogDerivedDataCache: Using Local data cache path C:/Users/simon/AppData/Local/UnrealEngine/Common/DerivedDataCache: Writable
[2020.11.10-16.34.33:249][  0]LogDerivedDataCache: Shared data cache path not found in *engine.ini, will not use an Shared cache.
[2020.11.10-16.34.33:249][  0]LogDerivedDataCache: Unable to find inner node Shared for hierarchical cache Hierarchy.
[2020.11.10-16.34.33:284][  0]LogSlate: Using FreeType 2.10.0
[2020.11.10-16.34.33:284][  0]LogSlate: SlateFontServices - WITH_FREETYPE: 1, WITH_HARFBUZZ: 1
[2020.11.10-16.34.33:359][  0]LogInit: Using OS detected language (nl-NL).
[2020.11.10-16.34.33:359][  0]LogInit: Using OS detected locale (nl-BE).
[2020.11.10-16.34.33:360][  0]LogTextLocalizationManager: No localization for 'nl-NL' exists, so 'en' will be used for the language.
[2020.11.10-16.34.33:360][  0]LogTextLocalizationManager: No localization for 'nl-BE' exists, so 'en' will be used for the locale.
[2020.11.10-16.34.33:361][  0]LogTextLocalizationManager: Compacting localization data took   0.00ms
[2020.11.10-16.34.33:363][  0]LogAssetRegistry: FAssetRegistry took 0.0014 seconds to start up
[2020.11.10-16.34.33:515][  0]LogPackageLocalizationCache: Processed 19 localized package path(s) for 1 prioritized culture(s) in 0.000805 seconds
[2020.11.10-16.34.33:555][  0]LogInit: Selected Device Profile: [Windows]
[2020.11.10-16.34.33:649][  0]LogMeshReduction: Using QuadricMeshReduction for automatic static mesh reduction
[2020.11.10-16.34.33:649][  0]LogMeshReduction: Using SimplygonMeshReduction for automatic skeletal mesh reduction
[2020.11.10-16.34.33:649][  0]LogMeshReduction: Using ProxyLODMeshReduction for automatic mesh merging
[2020.11.10-16.34.33:649][  0]LogMeshReduction: No distributed automatic mesh merging module available
[2020.11.10-16.34.33:649][  0]LogMeshMerging: No distributed automatic mesh merging module available
[2020.11.10-16.34.33:664][  0]LogNetVersion: MyProject 1.0.0, NetCL: 13144385, EngineNetVer: 14, GameNetVer: 0 (Checksum: 709303259)
[2020.11.10-16.34.33:876][  0]LogAISub: UAISubsystem::UAISubsystem AISubsystem (000001CA41B2C240), frame # 0
[2020.11.10-16.34.33:876][  0]LogAISub: UAISubsystem::UAISubsystem AIPerceptionSystem (000001CA42A796C0), frame # 0
[2020.11.10-16.34.33:877][  0]LogAISub: UAISubsystem::UAISubsystem EnvQueryManager (000001CA42A63C00), frame # 0
[2020.11.10-16.34.33:956][  0]LogCollectionManager: Loaded 0 collections in 0.000688 seconds
[2020.11.10-16.34.33:958][  0]LogFileCache: Scanning file cache for directory 'D:/PPP/MyProject/Saved/Collections/' took 0.00s
[2020.11.10-16.34.33:958][  0]LogFileCache: Scanning file cache for directory 'D:/PPP/MyProject/Content/Developers/simon/Collections/' took 0.00s
[2020.11.10-16.34.33:958][  0]LogFileCache: Scanning file cache for directory 'D:/PPP/MyProject/Content/Collections/' took 0.00s
[2020.11.10-16.34.33:958][  0]LogCollectionManager: Fixed up redirectors for 0 collections in 0.000003 seconds (updated 0 objects)
[2020.11.10-16.34.34:011][  0]LogMoviePlayer: Initializing movie player
[2020.11.10-16.34.34:169][  0]LogTcpMessaging: Initializing TcpMessaging bridge
[2020.11.10-16.34.34:173][  0]LogUdpMessaging: Initializing bridge on interface 0.0.0.0:0 to multicast group 230.0.0.1:6666.
[2020.11.10-16.34.34:173][  0]FUdpSocketBuilder: Failed to subscribe UdpMessageMulticastSocket to multicast group 230.0.0.1 on interface 0.0.0.0
[2020.11.10-16.34.34:173][  0]FUdpSocketBuilder: Failed to create and initialize socket UdpMessageMulticastSocket (last error: 0)
[2020.11.10-16.34.34:173][  0]LogUdpMessaging: Warning: StartTransport failed to create multicast socket on 0.0.0.0:0, joined to 230.0.0.1:6666 with TTL 1
[2020.11.10-16.34.34:215][  0]SourceControl: Source control is disabled
[2020.11.10-16.34.34:215][  0]SourceControl: Source control is disabled
[2020.11.10-16.34.34:222][  0]SourceControl: Source control is disabled
[2020.11.10-16.34.34:335][  0]LogAndroidPermission: UAndroidPermissionCallbackProxy::GetInstance
[2020.11.10-16.34.34:351][  0]LogAudioCaptureCore: Display: No Audio Capture implementations found. Audio input will be silent.
[2020.11.10-16.34.34:351][  0]LogAudioCaptureCore: Display: No Audio Capture implementations found. Audio input will be silent.
[2020.11.10-16.34.34:390][  0]LogOcInput: OculusInput pre-init called
[2020.11.10-16.34.34:403][  0]LogUObjectArray: 19105 objects as part of root set at end of initial load.
[2020.11.10-16.34.34:403][  0]LogUObjectAllocator: 5040752 out of 0 bytes used by permanent object pool.
[2020.11.10-16.34.34:403][  0]LogUObjectArray: CloseDisregardForGC: 0/0 objects in disregard for GC pool
[2020.11.10-16.34.34:439][  0]LogEngine: Initializing Engine...
[2020.11.10-16.34.34:440][  0]LogHMD: Failed to initialize OpenVR with code 110
[2020.11.10-16.34.34:440][  0]LogMagicLeap: Warning: VR disabled because ZI is not enabled.  To enable, in the editor, Edit -> Project Settings -> Plugins -> Magic Leap Plugin -> Enable Zero Iteration
[2020.11.10-16.34.34:441][  0]LogStats: UGameplayTagsManager::InitializeManager -  0.000 s
[2020.11.10-16.34.34:525][  0]LogInit: Initializing FReadOnlyCVARCache
[2020.11.10-16.34.34:529][  0]LogAudioMixer: Display: Audio Mixer Platform Settings:
[2020.11.10-16.34.34:529][  0]LogAudioMixer: Display: 	Sample Rate:						  48000
[2020.11.10-16.34.34:529][  0]LogAudioMixer: Display: 	Callback Buffer Frame Size Requested: 1024
[2020.11.10-16.34.34:529][  0]LogAudioMixer: Display: 	Callback Buffer Frame Size To Use:	  1024
[2020.11.10-16.34.34:529][  0]LogAudioMixer: Display: 	Number of buffers to queue:			  2
[2020.11.10-16.34.34:529][  0]LogAudioMixer: Display: 	Max Channels (voices):				  32
[2020.11.10-16.34.34:529][  0]LogAudioMixer: Display: 	Number of Async Source Workers:		  0
[2020.11.10-16.34.34:529][  0]LogAudio: Display: AudioDevice MaxSources: 32
[2020.11.10-16.34.34:530][  0]LogAudio: Display: Using built-in audio occlusion.
[2020.11.10-16.34.34:530][  0]LogAudioMixer: Display: Initializing audio mixer.
[2020.11.10-16.34.34:546][  0]LogAudioMixer: Display: 0: FrontLeft
[2020.11.10-16.34.34:546][  0]LogAudioMixer: Display: 1: FrontRight
[2020.11.10-16.34.34:590][  0]LogAudioMixer: Display: Using Audio Device headset (Realtek High Definition Audio)
[2020.11.10-16.34.34:595][  0]LogAudioMixer: Display: Initializing Sound Submixes...
[2020.11.10-16.34.34:596][  0]LogAudioMixer: Display: Creating Master Submix 'MasterSubmixDefault'
[2020.11.10-16.34.34:596][  0]LogAudioMixer: Display: Creating Master Submix 'MasterReverbSubmixDefault'
[2020.11.10-16.34.34:597][  0]LogAudioMixer: Display: Creating Master Submix 'MasterEQSubmixDefault'
[2020.11.10-16.34.34:598][  0]LogInit: FAudioDevice initialized.
[2020.11.10-16.34.34:599][  0]LogNetVersion: Set ProjectVersion to 1.0.0.0. Version Checksum will be recalculated on next use.
[2020.11.10-16.34.34:603][  0]LogInit: Texture streaming: Enabled
[2020.11.10-16.34.34:651][  0]LogSlate: Updating window title bar state: overlay mode, drag disabled, window buttons hidden, title bar hidden
[2020.11.10-16.34.34:652][  0]LogInit: Display: Game Engine Initialized.
[2020.11.10-16.34.34:652][  0]LogNiagaraEditor: Warning: GEditor isn't valid! Particle reset commands will not work for Niagara components!
[2020.11.10-16.34.34:677][  0]LogInit: Display: Starting Game.
[2020.11.10-16.34.34:677][  0]LogNet: Browse: /Game/Levels/Level01?Name=Player
[2020.11.10-16.34.34:677][  0]LogLoad: LoadMap: /Game/Levels/Level01?Name=Player
[2020.11.10-16.34.34:677][  0]LogWorld: BeginTearingDown for /Temp/Untitled_0
[2020.11.10-16.34.34:677][  0]LogUdpMessaging: Warning: UDP messaging encountered an error. Auto repair routine started for reinitialization
[2020.11.10-16.34.34:678][  0]LogWorld: UWorld::CleanupWorld for Untitled, bSessionEnded=true, bCleanupResources=true
[2020.11.10-16.34.34:678][  0]LogSlate: InvalidateAllWidgets triggered.  All widgets were invalidated
[2020.11.10-16.34.34:685][  0]LogUObjectHash: Compacting FUObjectHashTables data took   0.52ms
[2020.11.10-16.34.34:767][  0]LogAIModule: Creating AISystem for world Level01
[2020.11.10-16.34.34:767][  0]LogAISub: UAISubsystem::UAISubsystem EnvQueryManager (000001CA45E9EE00), frame # 0
[2020.11.10-16.34.34:767][  0]LogAISub: UAISubsystem::UAISubsystem AIPerceptionSystem (000001CA45F32FC0), frame # 0
[2020.11.10-16.34.34:767][  0]LogLoad: Game class is 'MenuGameMode_C'
[2020.11.10-16.34.34:771][  0]LogWorld: Bringing World /Game/Levels/Level01.Level01 up for play (max tick rate 0) at 2020.11.10-17.34.34
[2020.11.10-16.34.34:771][  0]LogWorld: Bringing up level for play took: 0.003063
[2020.11.10-16.34.34:771][  0]LogGameMode: FindPlayerStart: PATHS NOT DEFINED or NO PLAYERSTART with positive rating
[2020.11.10-16.34.34:774][  0]LogLoad: Took 0.096819 seconds to LoadMap(/Game/Levels/Level01)
[2020.11.10-16.34.34:802][  0]LogRenderer: Reallocating scene render targets to support 1280x720 Format 10 NumSamples 1 (Frame:1).
[2020.11.10-16.34.34:802][  0]LogSlate: Took 0.000181 seconds to synchronously load lazily loaded font '../../../Engine/Content/Slate/Fonts/Roboto-Regular.ttf' (155K)
[2020.11.10-16.34.34:821][  0]LogLoad: (Engine Initialization) Total time: 4.74 seconds
[2020.11.10-16.34.34:821][  0]LogLoad: (Engine Initialization) Total Blueprint compile time: 0.00 seconds
[2020.11.10-16.34.34:833][  0]LogContentStreaming: Texture pool size now 1000 MB
[2020.11.10-16.34.34:877][  2]LogRenderer: Reallocating scene render targets to support 128x128 Format 10 NumSamples 1 (Frame:1).
[2020.11.10-16.34.34:905][  2]LogRenderer: Reallocating scene render targets to support 1280x720 Format 10 NumSamples 1 (Frame:2).
[2020.11.10-16.34.35:988][395]FUdpSocketBuilder: Failed to subscribe UdpMessageMulticastSocket to multicast group 230.0.0.1 on interface 0.0.0.0
[2020.11.10-16.34.35:988][395]FUdpSocketBuilder: Failed to create and initialize socket UdpMessageMulticastSocket (last error: 0)
[2020.11.10-16.34.35:988][395]LogUdpMessaging: Warning: StartTransport failed to create multicast socket on 0.0.0.0:0, joined to 230.0.0.1:6666 with TTL 1
[2020.11.10-16.34.36:000][400]LogUdpMessaging: Warning: UDP messaging encountered an error. Auto repair routine started for reinitialization
[2020.11.10-16.34.38:104][281]FUdpSocketBuilder: Failed to subscribe UdpMessageMulticastSocket to multicast group 230.0.0.1 on interface 0.0.0.0
[2020.11.10-16.34.38:104][281]FUdpSocketBuilder: Failed to create and initialize socket UdpMessageMulticastSocket (last error: 0)
[2020.11.10-16.34.38:104][281]LogUdpMessaging: Warning: StartTransport failed to create multicast socket on 0.0.0.0:0, joined to 230.0.0.1:6666 with TTL 1
[2020.11.10-16.34.38:117][287]LogUdpMessaging: Warning: UDP messaging encountered an error. Auto repair routine started for reinitialization
[2020.11.10-16.34.40:319][132]FUdpSocketBuilder: Failed to subscribe UdpMessageMulticastSocket to multicast group 230.0.0.1 on interface 0.0.0.0
[2020.11.10-16.34.40:319][132]FUdpSocketBuilder: Failed to create and initialize socket UdpMessageMulticastSocket (last error: 0)
[2020.11.10-16.34.40:319][132]LogUdpMessaging: Warning: StartTransport failed to create multicast socket on 0.0.0.0:0, joined to 230.0.0.1:6666 with TTL 1
[2020.11.10-16.34.40:332][137]LogUdpMessaging: Warning: UDP messaging encountered an error. Auto repair routine started for reinitialization
[2020.11.10-16.34.42:223][938]r.SetRes = "1280x720"
[2020.11.10-16.34.42:534][986]FUdpSocketBuilder: Failed to subscribe UdpMessageMulticastSocket to multicast group 230.0.0.1 on interface 0.0.0.0
[2020.11.10-16.34.42:534][986]FUdpSocketBuilder: Failed to create and initialize socket UdpMessageMulticastSocket (last error: 0)
[2020.11.10-16.34.42:534][986]LogUdpMessaging: Warning: StartTransport failed to create multicast socket on 0.0.0.0:0, joined to 230.0.0.1:6666 with TTL 1
[2020.11.10-16.34.42:547][991]LogUdpMessaging: Warning: UDP messaging encountered an error. Auto repair routine started for reinitialization
[2020.11.10-16.34.43:744][431]FUdpSocketBuilder: Failed to subscribe UdpMessageMulticastSocket to multicast group 230.0.0.1 on interface 0.0.0.0
[2020.11.10-16.34.43:744][431]FUdpSocketBuilder: Failed to create and initialize socket UdpMessageMulticastSocket (last error: 0)
[2020.11.10-16.34.43:744][431]LogUdpMessaging: Warning: StartTransport failed to create multicast socket on 0.0.0.0:0, joined to 230.0.0.1:6666 with TTL 1
[2020.11.10-16.34.43:757][436]LogUdpMessaging: Warning: UDP messaging encountered an error. Auto repair routine started for reinitialization
[2020.11.10-16.34.44:954][864]FUdpSocketBuilder: Failed to subscribe UdpMessageMulticastSocket to multicast group 230.0.0.1 on interface 0.0.0.0
[2020.11.10-16.34.44:954][864]FUdpSocketBuilder: Failed to create and initialize socket UdpMessageMulticastSocket (last error: 0)
[2020.11.10-16.34.44:954][864]LogUdpMessaging: Warning: StartTransport failed to create multicast socket on 0.0.0.0:0, joined to 230.0.0.1:6666 with TTL 1
[2020.11.10-16.34.44:967][869]LogUdpMessaging: Warning: UDP messaging encountered an error. Auto repair routine started for reinitialization
[2020.11.10-16.34.45:306][ 18]r.SetRes = "640x480"
[2020.11.10-16.34.45:340][ 19]LogRenderer: Reallocating scene render targets to support 640x480 Format 10 NumSamples 1 (Frame:4020).
[2020.11.10-16.34.46:163][290]FUdpSocketBuilder: Failed to subscribe UdpMessageMulticastSocket to multicast group 230.0.0.1 on interface 0.0.0.0
[2020.11.10-16.34.46:163][290]FUdpSocketBuilder: Failed to create and initialize socket UdpMessageMulticastSocket (last error: 0)
[2020.11.10-16.34.46:163][290]LogUdpMessaging: Warning: StartTransport failed to create multicast socket on 0.0.0.0:0, joined to 230.0.0.1:6666 with TTL 1
[2020.11.10-16.34.46:175][295]LogUdpMessaging: Warning: UDP messaging encountered an error. Auto repair routine started for reinitialization
[2020.11.10-16.34.46:243][326]r.SetRes = "1280x720"
[2020.11.10-16.34.46:276][327]LogRenderer: Reallocating scene render targets to support 1280x720 Format 10 NumSamples 1 (Frame:4329).
[2020.11.10-16.34.47:372][707]FUdpSocketBuilder: Failed to subscribe UdpMessageMulticastSocket to multicast group 230.0.0.1 on interface 0.0.0.0
[2020.11.10-16.34.47:372][707]FUdpSocketBuilder: Failed to create and initialize socket UdpMessageMulticastSocket (last error: 0)
[2020.11.10-16.34.47:372][707]LogUdpMessaging: Warning: StartTransport failed to create multicast socket on 0.0.0.0:0, joined to 230.0.0.1:6666 with TTL 1
[2020.11.10-16.34.47:384][712]LogUdpMessaging: Warning: UDP messaging encountered an error. Auto repair routine started for reinitialization
[2020.11.10-16.34.48:580][111]FUdpSocketBuilder: Failed to subscribe UdpMessageMulticastSocket to multicast group 230.0.0.1 on interface 0.0.0.0
[2020.11.10-16.34.48:580][111]FUdpSocketBuilder: Failed to create and initialize socket UdpMessageMulticastSocket (last error: 0)
[2020.11.10-16.34.48:580][111]LogUdpMessaging: Warning: StartTransport failed to create multicast socket on 0.0.0.0:0, joined to 230.0.0.1:6666 with TTL 1
[2020.11.10-16.34.48:594][115]LogUdpMessaging: Warning: UDP messaging encountered an error. Auto repair routine started for reinitialization
[2020.11.10-16.34.50:696][782]FUdpSocketBuilder: Failed to subscribe UdpMessageMulticastSocket to multicast group 230.0.0.1 on interface 0.0.0.0
[2020.11.10-16.34.50:696][782]FUdpSocketBuilder: Failed to create and initialize socket UdpMessageMulticastSocket (last error: 0)
[2020.11.10-16.34.50:696][782]LogUdpMessaging: Warning: StartTransport failed to create multicast socket on 0.0.0.0:0, joined to 230.0.0.1:6666 with TTL 1
[2020.11.10-16.34.50:710][786]LogUdpMessaging: Warning: UDP messaging encountered an error. Auto repair routine started for reinitialization
[2020.11.10-16.34.52:911][491]FUdpSocketBuilder: Failed to subscribe UdpMessageMulticastSocket to multicast group 230.0.0.1 on interface 0.0.0.0
[2020.11.10-16.34.52:911][491]FUdpSocketBuilder: Failed to create and initialize socket UdpMessageMulticastSocket (last error: 0)
[2020.11.10-16.34.52:911][491]LogUdpMessaging: Warning: StartTransport failed to create multicast socket on 0.0.0.0:0, joined to 230.0.0.1:6666 with TTL 1
[2020.11.10-16.34.52:923][495]LogUdpMessaging: Warning: UDP messaging encountered an error. Auto repair routine started for reinitialization
[2020.11.10-16.34.55:024][205]FUdpSocketBuilder: Failed to subscribe UdpMessageMulticastSocket to multicast group 230.0.0.1 on interface 0.0.0.0
[2020.11.10-16.34.55:024][205]FUdpSocketBuilder: Failed to create and initialize socket UdpMessageMulticastSocket (last error: 0)
[2020.11.10-16.34.55:024][205]LogUdpMessaging: Warning: StartTransport failed to create multicast socket on 0.0.0.0:0, joined to 230.0.0.1:6666 with TTL 1
[2020.11.10-16.34.55:037][210]LogUdpMessaging: Warning: UDP messaging encountered an error. Auto repair routine started for reinitialization
[2020.11.10-16.34.56:232][573]FUdpSocketBuilder: Failed to subscribe UdpMessageMulticastSocket to multicast group 230.0.0.1 on interface 0.0.0.0
[2020.11.10-16.34.56:232][573]FUdpSocketBuilder: Failed to create and initialize socket UdpMessageMulticastSocket (last error: 0)
[2020.11.10-16.34.56:232][573]LogUdpMessaging: Warning: StartTransport failed to create multicast socket on 0.0.0.0:0, joined to 230.0.0.1:6666 with TTL 1
[2020.11.10-16.34.56:245][578]LogUdpMessaging: Warning: UDP messaging encountered an error. Auto repair routine started for reinitialization
[2020.11.10-16.34.57:441][958]FUdpSocketBuilder: Failed to subscribe UdpMessageMulticastSocket to multicast group 230.0.0.1 on interface 0.0.0.0
[2020.11.10-16.34.57:441][958]FUdpSocketBuilder: Failed to create and initialize socket UdpMessageMulticastSocket (last error: 0)
[2020.11.10-16.34.57:441][958]LogUdpMessaging: Warning: StartTransport failed to create multicast socket on 0.0.0.0:0, joined to 230.0.0.1:6666 with TTL 1
[2020.11.10-16.34.57:454][963]LogUdpMessaging: Warning: UDP messaging encountered an error. Auto repair routine started for reinitialization
[2020.11.10-16.34.58:650][339]FUdpSocketBuilder: Failed to subscribe UdpMessageMulticastSocket to multicast group 230.0.0.1 on interface 0.0.0.0
[2020.11.10-16.34.58:650][339]FUdpSocketBuilder: Failed to create and initialize socket UdpMessageMulticastSocket (last error: 0)
[2020.11.10-16.34.58:650][339]LogUdpMessaging: Warning: StartTransport failed to create multicast socket on 0.0.0.0:0, joined to 230.0.0.1:6666 with TTL 1
[2020.11.10-16.34.58:663][344]LogUdpMessaging: Warning: UDP messaging encountered an error. Auto repair routine started for reinitialization
[2020.11.10-16.34.59:859][711]FUdpSocketBuilder: Failed to subscribe UdpMessageMulticastSocket to multicast group 230.0.0.1 on interface 0.0.0.0
[2020.11.10-16.34.59:859][711]FUdpSocketBuilder: Failed to create and initialize socket UdpMessageMulticastSocket (last error: 0)
[2020.11.10-16.34.59:859][711]LogUdpMessaging: Warning: StartTransport failed to create multicast socket on 0.0.0.0:0, joined to 230.0.0.1:6666 with TTL 1
[2020.11.10-16.34.59:872][716]LogUdpMessaging: Warning: UDP messaging encountered an error. Auto repair routine started for reinitialization
[2020.11.10-16.35.01:069][ 68]FUdpSocketBuilder: Failed to subscribe UdpMessageMulticastSocket to multicast group 230.0.0.1 on interface 0.0.0.0
[2020.11.10-16.35.01:069][ 68]FUdpSocketBuilder: Failed to create and initialize socket UdpMessageMulticastSocket (last error: 0)
[2020.11.10-16.35.01:069][ 68]LogUdpMessaging: Warning: StartTransport failed to create multicast socket on 0.0.0.0:0, joined to 230.0.0.1:6666 with TTL 1
[2020.11.10-16.35.01:083][ 72]LogUdpMessaging: Warning: UDP messaging encountered an error. Auto repair routine started for reinitialization
[2020.11.10-16.35.03:185][793]FUdpSocketBuilder: Failed to subscribe UdpMessageMulticastSocket to multicast group 230.0.0.1 on interface 0.0.0.0
[2020.11.10-16.35.03:185][793]FUdpSocketBuilder: Failed to create and initialize socket UdpMessageMulticastSocket (last error: 0)
[2020.11.10-16.35.03:185][793]LogUdpMessaging: Warning: StartTransport failed to create multicast socket on 0.0.0.0:0, joined to 230.0.0.1:6666 with TTL 1
[2020.11.10-16.35.03:197][798]LogUdpMessaging: Warning: UDP messaging encountered an error. Auto repair routine started for reinitialization
[2020.11.10-16.35.04:393][164]FUdpSocketBuilder: Failed to subscribe UdpMessageMulticastSocket to multicast group 230.0.0.1 on interface 0.0.0.0
[2020.11.10-16.35.04:393][164]FUdpSocketBuilder: Failed to create and initialize socket UdpMessageMulticastSocket (last error: 0)
[2020.11.10-16.35.04:393][164]LogUdpMessaging: Warning: StartTransport failed to create multicast socket on 0.0.0.0:0, joined to 230.0.0.1:6666 with TTL 1
[2020.11.10-16.35.04:405][168]LogUdpMessaging: Warning: UDP messaging encountered an error. Auto repair routine started for reinitialization
[2020.11.10-16.35.05:602][529]FUdpSocketBuilder: Failed to subscribe UdpMessageMulticastSocket to multicast group 230.0.0.1 on interface 0.0.0.0
[2020.11.10-16.35.05:602][529]FUdpSocketBuilder: Failed to create and initialize socket UdpMessageMulticastSocket (last error: 0)
[2020.11.10-16.35.05:602][529]LogUdpMessaging: Warning: StartTransport failed to create multicast socket on 0.0.0.0:0, joined to 230.0.0.1:6666 with TTL 1
[2020.11.10-16.35.05:614][534]LogUdpMessaging: Warning: UDP messaging encountered an error. Auto repair routine started for reinitialization
[2020.11.10-16.35.06:811][891]FUdpSocketBuilder: Failed to subscribe UdpMessageMulticastSocket to multicast group 230.0.0.1 on interface 0.0.0.0
[2020.11.10-16.35.06:812][891]FUdpSocketBuilder: Failed to create and initialize socket UdpMessageMulticastSocket (last error: 0)
[2020.11.10-16.35.06:812][891]LogUdpMessaging: Warning: StartTransport failed to create multicast socket on 0.0.0.0:0, joined to 230.0.0.1:6666 with TTL 1
[2020.11.10-16.35.06:824][896]LogUdpMessaging: Warning: UDP messaging encountered an error. Auto repair routine started for reinitialization
[2020.11.10-16.35.08:021][262]FUdpSocketBuilder: Failed to subscribe UdpMessageMulticastSocket to multicast group 230.0.0.1 on interface 0.0.0.0
[2020.11.10-16.35.08:021][262]FUdpSocketBuilder: Failed to create and initialize socket UdpMessageMulticastSocket (last error: 0)
[2020.11.10-16.35.08:022][262]LogUdpMessaging: Warning: StartTransport failed to create multicast socket on 0.0.0.0:0, joined to 230.0.0.1:6666 with TTL 1
[2020.11.10-16.35.08:033][266]LogUdpMessaging: Warning: UDP messaging encountered an error. Auto repair routine started for reinitialization
[2020.11.10-16.35.10:138][958]FUdpSocketBuilder: Failed to subscribe UdpMessageMulticastSocket to multicast group 230.0.0.1 on interface 0.0.0.0
[2020.11.10-16.35.10:138][958]FUdpSocketBuilder: Failed to create and initialize socket UdpMessageMulticastSocket (last error: 0)
[2020.11.10-16.35.10:138][958]LogUdpMessaging: Warning: StartTransport failed to create multicast socket on 0.0.0.0:0, joined to 230.0.0.1:6666 with TTL 1
[2020.11.10-16.35.10:151][963]LogUdpMessaging: Warning: UDP messaging encountered an error. Auto repair routine started for reinitialization
[2020.11.10-16.35.11:346][326]FUdpSocketBuilder: Failed to subscribe UdpMessageMulticastSocket to multicast group 230.0.0.1 on interface 0.0.0.0
[2020.11.10-16.35.11:346][326]FUdpSocketBuilder: Failed to create and initialize socket UdpMessageMulticastSocket (last error: 0)
[2020.11.10-16.35.11:346][326]LogUdpMessaging: Warning: StartTransport failed to create multicast socket on 0.0.0.0:0, joined to 230.0.0.1:6666 with TTL 1
[2020.11.10-16.35.11:359][332]LogUdpMessaging: Warning: UDP messaging encountered an error. Auto repair routine started for reinitialization
[2020.11.10-16.35.13:563][ 20]FUdpSocketBuilder: Failed to subscribe UdpMessageMulticastSocket to multicast group 230.0.0.1 on interface 0.0.0.0
[2020.11.10-16.35.13:563][ 20]FUdpSocketBuilder: Failed to create and initialize socket UdpMessageMulticastSocket (last error: 0)
[2020.11.10-16.35.13:563][ 20]LogUdpMessaging: Warning: StartTransport failed to create multicast socket on 0.0.0.0:0, joined to 230.0.0.1:6666 with TTL 1
[2020.11.10-16.35.13:581][ 22]LogUdpMessaging: Warning: UDP messaging encountered an error. Auto repair routine started for reinitialization
[2020.11.10-16.35.14:774][293]FUdpSocketBuilder: Failed to subscribe UdpMessageMulticastSocket to multicast group 230.0.0.1 on interface 0.0.0.0
[2020.11.10-16.35.14:774][293]FUdpSocketBuilder: Failed to create and initialize socket UdpMessageMulticastSocket (last error: 0)
[2020.11.10-16.35.14:774][293]LogUdpMessaging: Warning: StartTransport failed to create multicast socket on 0.0.0.0:0, joined to 230.0.0.1:6666 with TTL 1
[2020.11.10-16.35.14:786][297]LogUdpMessaging: Warning: UDP messaging encountered an error. Auto repair routine started for reinitialization
[2020.11.10-16.35.15:984][580]FUdpSocketBuilder: Failed to subscribe UdpMessageMulticastSocket to multicast group 230.0.0.1 on interface 0.0.0.0
[2020.11.10-16.35.15:984][580]FUdpSocketBuilder: Failed to create and initialize socket UdpMessageMulticastSocket (last error: 0)
[2020.11.10-16.35.15:984][580]LogUdpMessaging: Warning: StartTransport failed to create multicast socket on 0.0.0.0:0, joined to 230.0.0.1:6666 with TTL 1
[2020.11.10-16.35.15:998][584]LogUdpMessaging: Warning: UDP messaging encountered an error. Auto repair routine started for reinitialization
[2020.11.10-16.35.17:194][863]FUdpSocketBuilder: Failed to subscribe UdpMessageMulticastSocket to multicast group 230.0.0.1 on interface 0.0.0.0
[2020.11.10-16.35.17:194][863]FUdpSocketBuilder: Failed to create and initialize socket UdpMessageMulticastSocket (last error: 0)
[2020.11.10-16.35.17:194][863]LogUdpMessaging: Warning: StartTransport failed to create multicast socket on 0.0.0.0:0, joined to 230.0.0.1:6666 with TTL 1
[2020.11.10-16.35.17:210][867]LogUdpMessaging: Warning: UDP messaging encountered an error. Auto repair routine started for reinitialization
[2020.11.10-16.35.19:342][424]FUdpSocketBuilder: Failed to subscribe UdpMessageMulticastSocket to multicast group 230.0.0.1 on interface 0.0.0.0
[2020.11.10-16.35.19:342][424]FUdpSocketBuilder: Failed to create and initialize socket UdpMessageMulticastSocket (last error: 0)
[2020.11.10-16.35.19:342][424]LogUdpMessaging: Warning: StartTransport failed to create multicast socket on 0.0.0.0:0, joined to 230.0.0.1:6666 with TTL 1
[2020.11.10-16.35.19:363][426]LogUdpMessaging: Warning: UDP messaging encountered an error. Auto repair routine started for reinitialization
[2020.11.10-16.35.21:558][987]FUdpSocketBuilder: Failed to subscribe UdpMessageMulticastSocket to multicast group 230.0.0.1 on interface 0.0.0.0
[2020.11.10-16.35.21:558][987]FUdpSocketBuilder: Failed to create and initialize socket UdpMessageMulticastSocket (last error: 0)
[2020.11.10-16.35.21:558][987]LogUdpMessaging: Warning: StartTransport failed to create multicast socket on 0.0.0.0:0, joined to 230.0.0.1:6666 with TTL 1
[2020.11.10-16.35.21:579][989]LogUdpMessaging: Warning: UDP messaging encountered an error. Auto repair routine started for reinitialization
[2020.11.10-16.35.23:778][616]FUdpSocketBuilder: Failed to subscribe UdpMessageMulticastSocket to multicast group 230.0.0.1 on interface 0.0.0.0
[2020.11.10-16.35.23:778][616]FUdpSocketBuilder: Failed to create and initialize socket UdpMessageMulticastSocket (last error: 0)
[2020.11.10-16.35.23:778][616]LogUdpMessaging: Warning: StartTransport failed to create multicast socket on 0.0.0.0:0, joined to 230.0.0.1:6666 with TTL 1
[2020.11.10-16.35.23:790][621]LogUdpMessaging: Warning: UDP messaging encountered an error. Auto repair routine started for reinitialization
[2020.11.10-16.35.24:243][762]LogAudio: Display: Waited 36.362801 ms for audio thread.
[2020.11.10-16.35.24:244][762]LogAudio: Display: Waited 36.854698 ms for audio thread.
[2020.11.10-16.35.25:897][301]FUdpSocketBuilder: Failed to subscribe UdpMessageMulticastSocket to multicast group 230.0.0.1 on interface 0.0.0.0
[2020.11.10-16.35.25:897][301]FUdpSocketBuilder: Failed to create and initialize socket UdpMessageMulticastSocket (last error: 0)
[2020.11.10-16.35.25:897][301]LogUdpMessaging: Warning: StartTransport failed to create multicast socket on 0.0.0.0:0, joined to 230.0.0.1:6666 with TTL 1
[2020.11.10-16.35.25:910][305]LogUdpMessaging: Warning: UDP messaging encountered an error. Auto repair routine started for reinitialization
[2020.11.10-16.35.28:013][111]FUdpSocketBuilder: Failed to subscribe UdpMessageMulticastSocket to multicast group 230.0.0.1 on interface 0.0.0.0
[2020.11.10-16.35.28:013][111]FUdpSocketBuilder: Failed to create and initialize socket UdpMessageMulticastSocket (last error: 0)
[2020.11.10-16.35.28:013][111]LogUdpMessaging: Warning: StartTransport failed to create multicast socket on 0.0.0.0:0, joined to 230.0.0.1:6666 with TTL 1
[2020.11.10-16.35.28:026][117]LogUdpMessaging: Warning: UDP messaging encountered an error. Auto repair routine started for reinitialization
[2020.11.10-16.35.29:223][494]FUdpSocketBuilder: Failed to subscribe UdpMessageMulticastSocket to multicast group 230.0.0.1 on interface 0.0.0.0
[2020.11.10-16.35.29:223][494]FUdpSocketBuilder: Failed to create and initialize socket UdpMessageMulticastSocket (last error: 0)
[2020.11.10-16.35.29:223][494]LogUdpMessaging: Warning: StartTransport failed to create multicast socket on 0.0.0.0:0, joined to 230.0.0.1:6666 with TTL 1
[2020.11.10-16.35.29:237][499]LogUdpMessaging: Warning: UDP messaging encountered an error. Auto repair routine started for reinitialization
[2020.11.10-16.35.31:342][246]FUdpSocketBuilder: Failed to subscribe UdpMessageMulticastSocket to multicast group 230.0.0.1 on interface 0.0.0.0
[2020.11.10-16.35.31:342][246]FUdpSocketBuilder: Failed to create and initialize socket UdpMessageMulticastSocket (last error: 0)
[2020.11.10-16.35.31:342][246]LogUdpMessaging: Warning: StartTransport failed to create multicast socket on 0.0.0.0:0, joined to 230.0.0.1:6666 with TTL 1
[2020.11.10-16.35.31:355][251]LogUdpMessaging: Warning: UDP messaging encountered an error. Auto repair routine started for reinitialization
[2020.11.10-16.35.32:552][617]FUdpSocketBuilder: Failed to subscribe UdpMessageMulticastSocket to multicast group 230.0.0.1 on interface 0.0.0.0
[2020.11.10-16.35.32:552][617]FUdpSocketBuilder: Failed to create and initialize socket UdpMessageMulticastSocket (last error: 0)
[2020.11.10-16.35.32:552][617]LogUdpMessaging: Warning: StartTransport failed to create multicast socket on 0.0.0.0:0, joined to 230.0.0.1:6666 with TTL 1
[2020.11.10-16.35.32:565][622]LogUdpMessaging: Warning: UDP messaging encountered an error. Auto repair routine started for reinitialization
[2020.11.10-16.35.33:768][  5]FUdpSocketBuilder: Failed to subscribe UdpMessageMulticastSocket to multicast group 230.0.0.1 on interface 0.0.0.0
[2020.11.10-16.35.33:768][  5]FUdpSocketBuilder: Failed to create and initialize socket UdpMessageMulticastSocket (last error: 0)
[2020.11.10-16.35.33:769][  5]LogUdpMessaging: Warning: StartTransport failed to create multicast socket on 0.0.0.0:0, joined to 230.0.0.1:6666 with TTL 1
[2020.11.10-16.35.33:788][  9]LogUdpMessaging: Warning: UDP messaging encountered an error. Auto repair routine started for reinitialization
[2020.11.10-16.35.34:983][345]FUdpSocketBuilder: Failed to subscribe UdpMessageMulticastSocket to multicast group 230.0.0.1 on interface 0.0.0.0
[2020.11.10-16.35.34:983][345]FUdpSocketBuilder: Failed to create and initialize socket UdpMessageMulticastSocket (last error: 0)
[2020.11.10-16.35.34:983][345]LogUdpMessaging: Warning: StartTransport failed to create multicast socket on 0.0.0.0:0, joined to 230.0.0.1:6666 with TTL 1
[2020.11.10-16.35.34:996][351]LogUdpMessaging: Warning: UDP messaging encountered an error. Auto repair routine started for reinitialization
[2020.11.10-16.35.36:191][696]FUdpSocketBuilder: Failed to subscribe UdpMessageMulticastSocket to multicast group 230.0.0.1 on interface 0.0.0.0
[2020.11.10-16.35.36:192][696]FUdpSocketBuilder: Failed to create and initialize socket UdpMessageMulticastSocket (last error: 0)
[2020.11.10-16.35.36:192][696]LogUdpMessaging: Warning: StartTransport failed to create multicast socket on 0.0.0.0:0, joined to 230.0.0.1:6666 with TTL 1
[2020.11.10-16.35.36:206][700]LogUdpMessaging: Warning: UDP messaging encountered an error. Auto repair routine started for reinitialization
[2020.11.10-16.35.37:403][ 60]FUdpSocketBuilder: Failed to subscribe UdpMessageMulticastSocket to multicast group 230.0.0.1 on interface 0.0.0.0
[2020.11.10-16.35.37:403][ 60]FUdpSocketBuilder: Failed to create and initialize socket UdpMessageMulticastSocket (last error: 0)
[2020.11.10-16.35.37:403][ 60]LogUdpMessaging: Warning: StartTransport failed to create multicast socket on 0.0.0.0:0, joined to 230.0.0.1:6666 with TTL 1
[2020.11.10-16.35.37:417][ 65]LogUdpMessaging: Warning: UDP messaging encountered an error. Auto repair routine started for reinitialization
[2020.11.10-16.35.38:614][372]FUdpSocketBuilder: Failed to subscribe UdpMessageMulticastSocket to multicast group 230.0.0.1 on interface 0.0.0.0
[2020.11.10-16.35.38:614][372]FUdpSocketBuilder: Failed to create and initialize socket UdpMessageMulticastSocket (last error: 0)
[2020.11.10-16.35.38:614][372]LogUdpMessaging: Warning: StartTransport failed to create multicast socket on 0.0.0.0:0, joined to 230.0.0.1:6666 with TTL 1
[2020.11.10-16.35.38:630][375]LogUdpMessaging: Warning: UDP messaging encountered an error. Auto repair routine started for reinitialization
[2020.11.10-16.35.39:824][659]FUdpSocketBuilder: Failed to subscribe UdpMessageMulticastSocket to multicast group 230.0.0.1 on interface 0.0.0.0
[2020.11.10-16.35.39:824][659]FUdpSocketBuilder: Failed to create and initialize socket UdpMessageMulticastSocket (last error: 0)
[2020.11.10-16.35.39:824][659]LogUdpMessaging: Warning: StartTransport failed to create multicast socket on 0.0.0.0:0, joined to 230.0.0.1:6666 with TTL 1
[2020.11.10-16.35.39:837][663]LogUdpMessaging: Warning: UDP messaging encountered an error. Auto repair routine started for reinitialization
[2020.11.10-16.35.41:033][991]FUdpSocketBuilder: Failed to subscribe UdpMessageMulticastSocket to multicast group 230.0.0.1 on interface 0.0.0.0
[2020.11.10-16.35.41:033][991]FUdpSocketBuilder: Failed to create and initialize socket UdpMessageMulticastSocket (last error: 0)
[2020.11.10-16.35.41:033][991]LogUdpMessaging: Warning: StartTransport failed to create multicast socket on 0.0.0.0:0, joined to 230.0.0.1:6666 with TTL 1
[2020.11.10-16.35.41:047][995]LogUdpMessaging: Warning: UDP messaging encountered an error. Auto repair routine started for reinitialization
[2020.11.10-16.35.42:242][295]FUdpSocketBuilder: Failed to subscribe UdpMessageMulticastSocket to multicast group 230.0.0.1 on interface 0.0.0.0
[2020.11.10-16.35.42:242][295]FUdpSocketBuilder: Failed to create and initialize socket UdpMessageMulticastSocket (last error: 0)
[2020.11.10-16.35.42:242][295]LogUdpMessaging: Warning: StartTransport failed to create multicast socket on 0.0.0.0:0, joined to 230.0.0.1:6666 with TTL 1
[2020.11.10-16.35.42:255][299]LogUdpMessaging: Warning: UDP messaging encountered an error. Auto repair routine started for reinitialization
[2020.11.10-16.35.43:450][668]FUdpSocketBuilder: Failed to subscribe UdpMessageMulticastSocket to multicast group 230.0.0.1 on interface 0.0.0.0
[2020.11.10-16.35.43:451][668]FUdpSocketBuilder: Failed to create and initialize socket UdpMessageMulticastSocket (last error: 0)
[2020.11.10-16.35.43:451][668]LogUdpMessaging: Warning: StartTransport failed to create multicast socket on 0.0.0.0:0, joined to 230.0.0.1:6666 with TTL 1
[2020.11.10-16.35.43:464][671]LogUdpMessaging: Warning: UDP messaging encountered an error. Auto repair routine started for reinitialization
[2020.11.10-16.35.45:666][350]FUdpSocketBuilder: Failed to subscribe UdpMessageMulticastSocket to multicast group 230.0.0.1 on interface 0.0.0.0
[2020.11.10-16.35.45:666][350]FUdpSocketBuilder: Failed to create and initialize socket UdpMessageMulticastSocket (last error: 0)
[2020.11.10-16.35.45:666][350]LogUdpMessaging: Warning: StartTransport failed to create multicast socket on 0.0.0.0:0, joined to 230.0.0.1:6666 with TTL 1
[2020.11.10-16.35.45:679][354]LogUdpMessaging: Warning: UDP messaging encountered an error. Auto repair routine started for reinitialization
[2020.11.10-16.35.46:876][688]FUdpSocketBuilder: Failed to subscribe UdpMessageMulticastSocket to multicast group 230.0.0.1 on interface 0.0.0.0
[2020.11.10-16.35.46:876][688]FUdpSocketBuilder: Failed to create and initialize socket UdpMessageMulticastSocket (last error: 0)
[2020.11.10-16.35.46:876][688]LogUdpMessaging: Warning: StartTransport failed to create multicast socket on 0.0.0.0:0, joined to 230.0.0.1:6666 with TTL 1
[2020.11.10-16.35.46:891][693]LogUdpMessaging: Warning: UDP messaging encountered an error. Auto repair routine started for reinitialization
[2020.11.10-16.35.48:087][946]FUdpSocketBuilder: Failed to subscribe UdpMessageMulticastSocket to multicast group 230.0.0.1 on interface 0.0.0.0
[2020.11.10-16.35.48:087][946]FUdpSocketBuilder: Failed to create and initialize socket UdpMessageMulticastSocket (last error: 0)
[2020.11.10-16.35.48:087][946]LogUdpMessaging: Warning: StartTransport failed to create multicast socket on 0.0.0.0:0, joined to 230.0.0.1:6666 with TTL 1
