Log file open, 11/16/20 19:29:37
LogInit: Display: Running engine for game: MyProject
LogPlatformFile: Not using cached read wrapper
LogTaskGraph: Started task graph with 5 named threads and 14 total threads with 3 sets of task threads.
LogStats: Stats thread started at 0.255796
LogD3D11RHI: Loaded GFSDK_Aftermath_Lib.x64.dll
LogICUInternationalization: ICU TimeZone Detection - Raw Offset: +1:00, Platform Override: ''
LogPluginManager: Mounting plugin Paper2D
LogPluginManager: Mounting plugin AISupport
LogPluginManager: Mounting plugin LightPropagationVolume
LogPluginManager: Mounting plugin CameraShakePreviewer
LogPluginManager: Mounting plugin ActorLayerUtilities
LogPluginManager: Mounting plugin AnimationSharing
LogPluginManager: Mounting plugin CLionSourceCodeAccess
LogPluginManager: Mounting plugin CodeLiteSourceCodeAccess
LogPluginManager: Mounting plugin GitSourceControl
LogPluginManager: Mounting plugin KDevelopSourceCodeAccess
LogPluginManager: Mounting plugin NullSourceCodeAccess
LogPluginManager: Mounting plugin PerforceSourceControl
LogPluginManager: Mounting plugin PlasticSourceControl
LogPluginManager: Mounting plugin RiderSourceCodeAccess
LogPluginManager: Mounting plugin SubversionSourceControl
LogPluginManager: Mounting plugin UObjectPlugin
LogPluginManager: Mounting plugin VisualStudioCodeSourceCodeAccess
LogPluginManager: Mounting plugin VisualStudioSourceCodeAccess
LogPluginManager: Mounting plugin XCodeSourceCodeAccess
LogPluginManager: Mounting plugin AssetManagerEditor
LogPluginManager: Mounting plugin CryptoKeys
LogPluginManager: Mounting plugin CurveEditorTools
LogPluginManager: Mounting plugin DataValidation
LogPluginManager: Mounting plugin EditorScriptingUtilities
LogPluginManager: Mounting plugin FacialAnimation
LogPluginManager: Mounting plugin GameplayTagsEditor
LogPluginManager: Mounting plugin GeometryMode
LogPluginManager: Mounting plugin MacGraphicsSwitching
LogPluginManager: Mounting plugin MaterialAnalyzer
LogPluginManager: Mounting plugin MeshEditor
LogPluginManager: Mounting plugin MobileLauncherProfileWizard
LogPluginManager: Mounting plugin PluginBrowser
LogPluginManager: Mounting plugin SpeedTreeImporter
LogPluginManager: Mounting plugin DataprepEditor
LogPluginManager: Mounting plugin DatasmithC4DImporter
LogPluginManager: Mounting plugin DatasmithContent
LogPluginManager: Mounting plugin DatasmithImporter
LogPluginManager: Mounting plugin StaticMeshEditorExtension
LogPluginManager: Mounting plugin VariantManager
LogPluginManager: Mounting plugin VariantManagerContent
LogPluginManager: Mounting plugin AlembicImporter
LogPluginManager: Mounting plugin AutomationUtils
LogPluginManager: Mounting plugin BackChannel
LogPluginManager: Mounting plugin BlastPlugin
LogPluginManager: Mounting plugin ChaosCloth
LogPluginManager: Mounting plugin ChaosClothEditor
LogPluginManager: Mounting plugin ChaosEditor
LogPluginManager: Mounting plugin ChaosNiagara
LogPluginManager: Mounting plugin ChaosSolverPlugin
LogPluginManager: Mounting plugin CharacterAI
LogPluginManager: Mounting plugin GeometryCache
LogPluginManager: Mounting plugin GeometryCollectionPlugin
LogPluginManager: Mounting plugin GeometryProcessing
LogPluginManager: Mounting plugin PlanarCut
LogPluginManager: Mounting plugin PlatformCrypto
LogPluginManager: Mounting plugin ProxyLODPlugin
LogPluginManager: Mounting plugin SkeletalReduction
LogPluginManager: Mounting plugin Niagara
LogPluginManager: Mounting plugin MagicLeap
LogPluginManager: Mounting plugin MagicLeapLightEstimation
LogPluginManager: Mounting plugin MagicLeapMedia
LogPluginManager: Mounting plugin MagicLeapPassableWorld
LogPluginManager: Mounting plugin MLSDK
LogPluginManager: Mounting plugin AndroidMedia
LogPluginManager: Mounting plugin AvfMedia
LogPluginManager: Mounting plugin ImgMedia
LogPluginManager: Mounting plugin MediaCompositing
LogPluginManager: Mounting plugin MediaPlayerEditor
LogPluginManager: Mounting plugin WebMMedia
LogPluginManager: Mounting plugin WmfMedia
LogPluginManager: Mounting plugin MeshPainting
LogPluginManager: Mounting plugin TcpMessaging
LogPluginManager: Mounting plugin UdpMessaging
LogPluginManager: Mounting plugin ActorSequence
LogPluginManager: Mounting plugin LevelSequenceEditor
LogPluginManager: Mounting plugin MatineeToLevelSequence
LogPluginManager: Mounting plugin MovieRenderPipeline
LogPluginManager: Mounting plugin TemplateSequence
LogPluginManager: Mounting plugin NetcodeUnitTest
LogPluginManager: Mounting plugin NUTUnrealEngine4
LogPluginManager: Mounting plugin OnlineSubsystemGooglePlay
LogPluginManager: Mounting plugin OnlineSubsystemIOS
LogPluginManager: Mounting plugin OnlineSubsystem
LogPluginManager: Mounting plugin OnlineSubsystemNull
LogPluginManager: Mounting plugin OnlineSubsystemUtils
LogPluginManager: Mounting plugin LauncherChunkInstaller
LogPluginManager: Mounting plugin AndroidDeviceProfileSelector
LogPluginManager: Mounting plugin AndroidMoviePlayer
LogPluginManager: Mounting plugin AndroidPermission
LogPluginManager: Mounting plugin AppleImageUtils
LogPluginManager: Mounting plugin AppleMoviePlayer
LogPluginManager: Mounting plugin ArchVisCharacter
LogPluginManager: Mounting plugin AssetTags
LogPluginManager: Mounting plugin AudioCapture
LogPluginManager: Mounting plugin CableComponent
LogPluginManager: Mounting plugin CustomMeshComponent
LogPluginManager: Mounting plugin EditableMesh
LogPluginManager: Mounting plugin ExampleDeviceProfileSelector
LogPluginManager: Mounting plugin GoogleCloudMessaging
LogPluginManager: Mounting plugin GooglePAD
LogPluginManager: Mounting plugin IOSDeviceProfileSelector
LogPluginManager: Mounting plugin LinuxDeviceProfileSelector
LogPluginManager: Mounting plugin LocationServicesBPLibrary
LogPluginManager: Mounting plugin MobilePatchingUtils
LogPluginManager: Mounting plugin OculusVR
LogPluginManager: Mounting plugin PhysXVehicles
LogPluginManager: Mounting plugin PostSplashScreen
LogPluginManager: Mounting plugin ProceduralMeshComponent
LogPluginManager: Mounting plugin RuntimePhysXCooking
LogPluginManager: Mounting plugin SignificanceManager
LogPluginManager: Mounting plugin SoundFields
LogPluginManager: Mounting plugin SteamVR
LogPluginManager: Mounting plugin Synthesis
LogPluginManager: Mounting plugin WebMMoviePlayer
LogPluginManager: Mounting plugin WindowsMoviePlayer
LogPluginManager: Mounting plugin ScreenshotTools
LogInit: Using libcurl 7.55.1-DEV
LogInit:  - built for x86_64-pc-win32
LogInit:  - supports SSL with OpenSSL/1.1.1
LogInit:  - supports HTTP deflate (compression) using libz 1.2.8
LogInit:  - other features:
LogInit:      CURL_VERSION_SSL
LogInit:      CURL_VERSION_LIBZ
LogInit:      CURL_VERSION_IPV6
LogInit:      CURL_VERSION_ASYNCHDNS
LogInit:      CURL_VERSION_LARGEFILE
LogInit:      CURL_VERSION_IDN
LogInit:  CurlRequestOptions (configurable via config and command line):
LogInit:  - bVerifyPeer = true  - Libcurl will verify peer certificate
LogInit:  - bUseHttpProxy = false  - Libcurl will NOT use HTTP proxy
LogInit:  - bDontReuseConnections = false  - Libcurl will reuse connections
LogInit:  - MaxHostConnections = 16  - Libcurl will limit the number of connections to a host
LogInit:  - LocalHostAddr = Default
LogInit:  - BufferSize = 65536
LogOnline: OSS: Creating online subsystem instance for: NULL
LogInit: WinSock: version 1.1 (2.2), MaxSocks=32767, MaxUdp=65467
LogOnline: OSS: TryLoadSubsystemAndSetDefault: Loaded subsystem for module [NULL]
LogInit: Build: ++UE4+Release-4.25-CL-14469661
LogInit: Engine Version: 4.25.4-14469661+++UE4+Release-4.25
LogInit: Compatible Engine Version: 4.25.0-13144385+++UE4+Release-4.25
LogInit: Net CL: 13144385
LogInit: OS: Windows 10 (Release 2004) (), CPU: Intel(R) Core(TM) i5-7600K CPU @ 3.80GHz, GPU: NVIDIA GeForce GTX 1070
LogInit: Compiled (64-bit): Oct 11 2020 08:10:49
LogInit: Compiled with Visual C++: 19.24.28315.00
LogInit: Build Configuration: Development
LogInit: Branch Name: ++UE4+Release-4.25
LogInit: Command Line: 
LogInit: Base Directory: D:/games/UE_4.25/Engine/Binaries/Win64/
LogInit: Allocator: TBB
LogInit: Installed Engine Build: 1
LogDevObjectVersion: Number of dev versions registered: 26
LogDevObjectVersion:   Dev-Blueprints (B0D832E4-1F89-4F0D-ACCF-7EB736FD4AA2): 10
LogDevObjectVersion:   Dev-Build (E1C64328-A22C-4D53-A36C-8E866417BD8C): 0
LogDevObjectVersion:   Dev-Core (375EC13C-06E4-48FB-B500-84F0262A717E): 4
LogDevObjectVersion:   Dev-Editor (E4B068ED-F494-42E9-A231-DA0B2E46BB41): 38
LogDevObjectVersion:   Dev-Framework (CFFC743F-43B0-4480-9391-14DF171D2073): 37
LogDevObjectVersion:   Dev-Mobile (B02B49B5-BB20-44E9-A304-32B752E40360): 2
LogDevObjectVersion:   Dev-Networking (A4E4105C-59A1-49B5-A7C5-40C4547EDFEE): 0
LogDevObjectVersion:   Dev-Online (39C831C9-5AE6-47DC-9A44-9C173E1C8E7C): 0
LogDevObjectVersion:   Dev-Physics (78F01B33-EBEA-4F98-B9B4-84EACCB95AA2): 4
LogDevObjectVersion:   Dev-Platform (6631380F-2D4D-43E0-8009-CF276956A95A): 0
LogDevObjectVersion:   Dev-Rendering (12F88B9F-8875-4AFC-A67C-D90C383ABD29): 43
LogDevObjectVersion:   Dev-Sequencer (7B5AE74C-D270-4C10-A958-57980B212A5A): 12
LogDevObjectVersion:   Dev-VR (D7296918-1DD6-4BDD-9DE2-64A83CC13884): 3
LogDevObjectVersion:   Dev-LoadTimes (C2A15278-BFE7-4AFE-6C17-90FF531DF755): 1
LogDevObjectVersion:   Private-Geometry (6EACA3D4-40EC-4CC1-B786-8BED09428FC5): 3
LogDevObjectVersion:   Dev-AnimPhys (29E575DD-E0A3-4627-9D10-D276232CDCEA): 17
LogDevObjectVersion:   Dev-Anim (AF43A65D-7FD3-4947-9873-3E8ED9C1BB05): 7
LogDevObjectVersion:   Dev-ReflectionCapture (6B266CEC-1EC7-4B8F-A30B-E4D90942FC07): 1
LogDevObjectVersion:   Dev-Automation (0DF73D61-A23F-47EA-B727-89E90C41499A): 1
LogDevObjectVersion:   FortniteMain (601D1886-AC64-4F84-AA16-D3DE0DEAC7D6): 31
LogDevObjectVersion:   Dev-Enterprise (9DFFBCD6-494F-0158-E221-12823C92A888): 10
LogDevObjectVersion:   Dev-Niagara (F2AED0AC-9AFE-416F-8664-AA7FFA26D6FC): 1
LogDevObjectVersion:   Dev-Destruction (174F1F0B-B4C6-45A5-B13F-2EE8D0FB917D): 10
LogDevObjectVersion:   Dev-Physics-Ext (35F94A83-E258-406C-A318-09F59610247C): 37
LogDevObjectVersion:   Dev-PhysicsMaterial-Chaos (B68FC16E-8B1B-42E2-B453-215C058844FE): 1
LogDevObjectVersion:   Dev-CineCamera (B2E18506-4273-CFC2-A54E-F4BB758BBA07): 1
LogInit: Presizing for max 25165824 objects, including 0 objects not considered by GC, pre-allocating 0 bytes for permanent pool.
LogConfig: Applying CVar settings from Section [/Script/Engine.StreamingSettings] File [D:/PPP/MyProject/Saved/Config/Windows/Engine.ini]
LogConfig: Setting CVar [[s.MinBulkDataSizeForAsyncLoading:131072]]
LogConfig: Setting CVar [[s.AsyncLoadingThreadEnabled:0]]
LogConfig: Setting CVar [[s.EventDrivenLoaderEnabled:1]]
LogConfig: Setting CVar [[s.WarnIfTimeLimitExceeded:0]]
LogConfig: Setting CVar [[s.TimeLimitExceededMultiplier:1.5]]
LogConfig: Setting CVar [[s.TimeLimitExceededMinTime:0.005]]
LogConfig: Setting CVar [[s.UseBackgroundLevelStreaming:1]]
LogConfig: Setting CVar [[s.PriorityAsyncLoadingExtraTime:15.0]]
LogConfig: Setting CVar [[s.LevelStreamingActorsUpdateTimeLimit:5.0]]
LogConfig: Setting CVar [[s.PriorityLevelStreamingActorsUpdateExtraTime:5.0]]
LogConfig: Setting CVar [[s.LevelStreamingComponentsRegistrationGranularity:10]]
LogConfig: Setting CVar [[s.UnregisterComponentsTimeLimit:1.0]]
LogConfig: Setting CVar [[s.LevelStreamingComponentsUnregistrationGranularity:5]]
LogConfig: Setting CVar [[s.FlushStreamingOnExit:1]]
LogInit: Object subsystem initialized
LogConfig: Setting CVar [[con.DebugEarlyDefault:1]]
LogConfig: Setting CVar [[r.setres:1280x720]]
[2020.11.16-18.29.37:711][  0]LogConfig: Setting CVar [[r.VSync:0]]
[2020.11.16-18.29.37:711][  0]LogConfig: Setting CVar [[r.RHICmdBypass:0]]
[2020.11.16-18.29.37:712][  0]LogConfig: Applying CVar settings from Section [/Script/Engine.RendererSettings] File [D:/PPP/MyProject/Saved/Config/Windows/Engine.ini]
[2020.11.16-18.29.37:712][  0]LogConfig: Setting CVar [[r.GPUCrashDebugging:0]]
[2020.11.16-18.29.37:712][  0]LogConfig: Applying CVar settings from Section [/Script/Engine.RendererOverrideSettings] File [D:/PPP/MyProject/Saved/Config/Windows/Engine.ini]
[2020.11.16-18.29.37:712][  0]LogConfig: Applying CVar settings from Section [/Script/Engine.StreamingSettings] File [D:/PPP/MyProject/Saved/Config/Windows/Engine.ini]
[2020.11.16-18.29.37:712][  0]LogConfig: Setting CVar [[s.MinBulkDataSizeForAsyncLoading:131072]]
[2020.11.16-18.29.37:712][  0]LogConfig: Setting CVar [[s.AsyncLoadingThreadEnabled:0]]
[2020.11.16-18.29.37:712][  0]LogConfig: Setting CVar [[s.EventDrivenLoaderEnabled:1]]
[2020.11.16-18.29.37:712][  0]LogConfig: Setting CVar [[s.WarnIfTimeLimitExceeded:0]]
[2020.11.16-18.29.37:712][  0]LogConfig: Setting CVar [[s.TimeLimitExceededMultiplier:1.5]]
[2020.11.16-18.29.37:712][  0]LogConfig: Setting CVar [[s.TimeLimitExceededMinTime:0.005]]
[2020.11.16-18.29.37:712][  0]LogConfig: Setting CVar [[s.UseBackgroundLevelStreaming:1]]
[2020.11.16-18.29.37:712][  0]LogConfig: Setting CVar [[s.PriorityAsyncLoadingExtraTime:15.0]]
[2020.11.16-18.29.37:712][  0]LogConfig: Setting CVar [[s.LevelStreamingActorsUpdateTimeLimit:5.0]]
[2020.11.16-18.29.37:712][  0]LogConfig: Setting CVar [[s.PriorityLevelStreamingActorsUpdateExtraTime:5.0]]
[2020.11.16-18.29.37:712][  0]LogConfig: Setting CVar [[s.LevelStreamingComponentsRegistrationGranularity:10]]
[2020.11.16-18.29.37:712][  0]LogConfig: Setting CVar [[s.UnregisterComponentsTimeLimit:1.0]]
[2020.11.16-18.29.37:712][  0]LogConfig: Setting CVar [[s.LevelStreamingComponentsUnregistrationGranularity:5]]
[2020.11.16-18.29.37:712][  0]LogConfig: Setting CVar [[s.FlushStreamingOnExit:1]]
[2020.11.16-18.29.37:712][  0]LogConfig: Applying CVar settings from Section [/Script/Engine.GarbageCollectionSettings] File [D:/PPP/MyProject/Saved/Config/Windows/Engine.ini]
[2020.11.16-18.29.37:712][  0]LogConfig: Setting CVar [[gc.MaxObjectsNotConsideredByGC:1]]
[2020.11.16-18.29.37:712][  0]LogConfig: Setting CVar [[gc.SizeOfPermanentObjectPool:0]]
[2020.11.16-18.29.37:712][  0]LogConfig: Setting CVar [[gc.FlushStreamingOnGC:0]]
[2020.11.16-18.29.37:712][  0]LogConfig: Setting CVar [[gc.NumRetriesBeforeForcingGC:10]]
[2020.11.16-18.29.37:712][  0]LogConfig: Setting CVar [[gc.AllowParallelGC:1]]
[2020.11.16-18.29.37:712][  0]LogConfig: Setting CVar [[gc.TimeBetweenPurgingPendingKillObjects:61.1]]
[2020.11.16-18.29.37:712][  0]LogConfig: Setting CVar [[gc.MaxObjectsInEditor:25165824]]
[2020.11.16-18.29.37:712][  0]LogConfig: Setting CVar [[gc.IncrementalBeginDestroyEnabled:1]]
[2020.11.16-18.29.37:712][  0]LogConfig: Setting CVar [[gc.CreateGCClusters:1]]
[2020.11.16-18.29.37:712][  0]LogConfig: Setting CVar [[gc.MinGCClusterSize:5]]
[2020.11.16-18.29.37:712][  0]LogConfig: Setting CVar [[gc.ActorClusteringEnabled:0]]
[2020.11.16-18.29.37:712][  0]LogConfig: Setting CVar [[gc.BlueprintClusteringEnabled:0]]
[2020.11.16-18.29.37:712][  0]LogConfig: Setting CVar [[gc.UseDisregardForGCOnDedicatedServers:0]]
[2020.11.16-18.29.37:712][  0]LogConfig: Applying CVar settings from Section [/Script/Engine.NetworkSettings] File [D:/PPP/MyProject/Saved/Config/Windows/Engine.ini]
[2020.11.16-18.29.37:712][  0]LogConfig: Applying CVar settings from Section [/Script/UnrealEd.CookerSettings] File [D:/PPP/MyProject/Saved/Config/Windows/Engine.ini]
[2020.11.16-18.29.37:718][  0]LogConfig: Applying CVar settings from Section [ViewDistanceQuality@3] File [D:/PPP/MyProject/Saved/Config/Windows/Scalability.ini]
[2020.11.16-18.29.37:718][  0]LogConfig: Setting CVar [[r.SkeletalMeshLODBias:0]]
[2020.11.16-18.29.37:718][  0]LogConfig: Setting CVar [[r.ViewDistanceScale:1.0]]
[2020.11.16-18.29.37:718][  0]LogConfig: Applying CVar settings from Section [AntiAliasingQuality@3] File [D:/PPP/MyProject/Saved/Config/Windows/Scalability.ini]
[2020.11.16-18.29.37:718][  0]LogConfig: Setting CVar [[r.PostProcessAAQuality:4]]
[2020.11.16-18.29.37:718][  0]LogConfig: Applying CVar settings from Section [ShadowQuality@3] File [D:/PPP/MyProject/Saved/Config/Windows/Scalability.ini]
[2020.11.16-18.29.37:718][  0]LogConfig: Setting CVar [[r.LightFunctionQuality:1]]
[2020.11.16-18.29.37:718][  0]LogConfig: Setting CVar [[r.ShadowQuality:5]]
[2020.11.16-18.29.37:718][  0]LogConfig: Setting CVar [[r.Shadow.CSM.MaxCascades:10]]
[2020.11.16-18.29.37:718][  0]LogConfig: Setting CVar [[r.Shadow.MaxResolution:2048]]
[2020.11.16-18.29.37:718][  0]LogConfig: Setting CVar [[r.Shadow.MaxCSMResolution:2048]]
[2020.11.16-18.29.37:718][  0]LogConfig: Setting CVar [[r.Shadow.RadiusThreshold:0.01]]
[2020.11.16-18.29.37:718][  0]LogConfig: Setting CVar [[r.Shadow.DistanceScale:1.0]]
[2020.11.16-18.29.37:718][  0]LogConfig: Setting CVar [[r.Shadow.CSM.TransitionScale:1.0]]
[2020.11.16-18.29.37:718][  0]LogConfig: Setting CVar [[r.Shadow.PreShadowResolutionFactor:1.0]]
[2020.11.16-18.29.37:718][  0]LogConfig: Setting CVar [[r.DistanceFieldShadowing:1]]
[2020.11.16-18.29.37:718][  0]LogConfig: Setting CVar [[r.DistanceFieldAO:1]]
[2020.11.16-18.29.37:718][  0]LogConfig: Setting CVar [[r.AOQuality:2]]
[2020.11.16-18.29.37:718][  0]LogConfig: Setting CVar [[r.VolumetricFog:1]]
[2020.11.16-18.29.37:718][  0]LogConfig: Setting CVar [[r.VolumetricFog.GridPixelSize:8]]
[2020.11.16-18.29.37:718][  0]LogConfig: Setting CVar [[r.VolumetricFog.GridSizeZ:128]]
[2020.11.16-18.29.37:718][  0]LogConfig: Setting CVar [[r.VolumetricFog.HistoryMissSupersampleCount:4]]
[2020.11.16-18.29.37:718][  0]LogConfig: Setting CVar [[r.LightMaxDrawDistanceScale:1]]
[2020.11.16-18.29.37:718][  0]LogConfig: Setting CVar [[r.CapsuleShadows:1]]
[2020.11.16-18.29.37:718][  0]LogConfig: Applying CVar settings from Section [PostProcessQuality@3] File [D:/PPP/MyProject/Saved/Config/Windows/Scalability.ini]
[2020.11.16-18.29.37:718][  0]LogConfig: Setting CVar [[r.MotionBlurQuality:4]]
[2020.11.16-18.29.37:718][  0]LogConfig: Setting CVar [[r.AmbientOcclusionMipLevelFactor:0.4]]
[2020.11.16-18.29.37:718][  0]LogConfig: Setting CVar [[r.AmbientOcclusionMaxQuality:100]]
[2020.11.16-18.29.37:718][  0]LogConfig: Setting CVar [[r.AmbientOcclusionLevels:-1]]
[2020.11.16-18.29.37:718][  0]LogConfig: Setting CVar [[r.AmbientOcclusionRadiusScale:1.0]]
[2020.11.16-18.29.37:718][  0]LogConfig: Setting CVar [[r.DepthOfFieldQuality:2]]
[2020.11.16-18.29.37:718][  0]LogConfig: Setting CVar [[r.RenderTargetPoolMin:400]]
[2020.11.16-18.29.37:718][  0]LogConfig: Setting CVar [[r.LensFlareQuality:2]]
[2020.11.16-18.29.37:718][  0]LogConfig: Setting CVar [[r.SceneColorFringeQuality:1]]
[2020.11.16-18.29.37:718][  0]LogConfig: Setting CVar [[r.EyeAdaptationQuality:2]]
[2020.11.16-18.29.37:718][  0]LogConfig: Setting CVar [[r.BloomQuality:5]]
[2020.11.16-18.29.37:718][  0]LogConfig: Setting CVar [[r.FastBlurThreshold:100]]
[2020.11.16-18.29.37:718][  0]LogConfig: Setting CVar [[r.Upscale.Quality:3]]
[2020.11.16-18.29.37:718][  0]LogConfig: Setting CVar [[r.Tonemapper.GrainQuantization:1]]
[2020.11.16-18.29.37:718][  0]LogConfig: Setting CVar [[r.LightShaftQuality:1]]
[2020.11.16-18.29.37:718][  0]LogConfig: Setting CVar [[r.Filter.SizeScale:1]]
[2020.11.16-18.29.37:718][  0]LogConfig: Setting CVar [[r.Tonemapper.Quality:5]]
[2020.11.16-18.29.37:718][  0]LogConfig: Setting CVar [[r.DOF.Gather.AccumulatorQuality:1        ; higher gathering accumulator quality]]
[2020.11.16-18.29.37:718][  0]LogConfig: Setting CVar [[r.DOF.Gather.PostfilterMethod:1          ; Median3x3 postfilering method]]
[2020.11.16-18.29.37:718][  0]LogConfig: Setting CVar [[r.DOF.Gather.EnableBokehSettings:0       ; no bokeh simulation when gathering]]
[2020.11.16-18.29.37:718][  0]LogConfig: Setting CVar [[r.DOF.Gather.RingCount:4                 ; medium number of samples when gathering]]
[2020.11.16-18.29.37:718][  0]LogConfig: Setting CVar [[r.DOF.Scatter.ForegroundCompositing:1    ; additive foreground scattering]]
[2020.11.16-18.29.37:718][  0]LogConfig: Setting CVar [[r.DOF.Scatter.BackgroundCompositing:2    ; additive background scattering]]
[2020.11.16-18.29.37:718][  0]LogConfig: Setting CVar [[r.DOF.Scatter.EnableBokehSettings:1      ; bokeh simulation when scattering]]
[2020.11.16-18.29.37:718][  0]LogConfig: Setting CVar [[r.DOF.Scatter.MaxSpriteRatio:0.1         ; only a maximum of 10% of scattered bokeh]]
[2020.11.16-18.29.37:718][  0]LogConfig: Setting CVar [[r.DOF.Recombine.Quality:1                ; cheap slight out of focus]]
[2020.11.16-18.29.37:718][  0]LogConfig: Setting CVar [[r.DOF.Recombine.EnableBokehSettings:0    ; no bokeh simulation on slight out of focus]]
[2020.11.16-18.29.37:719][  0]LogConfig: Setting CVar [[r.DOF.TemporalAAQuality:1                ; more stable temporal accumulation]]
[2020.11.16-18.29.37:719][  0]LogConfig: Setting CVar [[r.DOF.Kernel.MaxForegroundRadius:0.025]]
[2020.11.16-18.29.37:719][  0]LogConfig: Setting CVar [[r.DOF.Kernel.MaxBackgroundRadius:0.025]]
[2020.11.16-18.29.37:719][  0]LogConfig: Applying CVar settings from Section [TextureQuality@3] File [D:/PPP/MyProject/Saved/Config/Windows/Scalability.ini]
[2020.11.16-18.29.37:719][  0]LogConfig: Setting CVar [[r.Streaming.MipBias:0]]
[2020.11.16-18.29.37:719][  0]LogConfig: Setting CVar [[r.Streaming.AmortizeCPUToGPUCopy:0]]
[2020.11.16-18.29.37:719][  0]LogConfig: Setting CVar [[r.Streaming.MaxNumTexturesToStreamPerFrame:0]]
[2020.11.16-18.29.37:719][  0]LogConfig: Setting CVar [[r.Streaming.Boost:1]]
[2020.11.16-18.29.37:719][  0]LogConfig: Setting CVar [[r.MaxAnisotropy:8]]
[2020.11.16-18.29.37:719][  0]LogConfig: Setting CVar [[r.VT.MaxAnisotropy:8]]
[2020.11.16-18.29.37:719][  0]LogConfig: Setting CVar [[r.Streaming.LimitPoolSizeToVRAM:0]]
[2020.11.16-18.29.37:719][  0]LogConfig: Setting CVar [[r.Streaming.PoolSize:1000]]
[2020.11.16-18.29.37:719][  0]LogConfig: Setting CVar [[r.Streaming.MaxEffectiveScreenSize:0]]
[2020.11.16-18.29.37:719][  0]LogConfig: Applying CVar settings from Section [EffectsQuality@3] File [D:/PPP/MyProject/Saved/Config/Windows/Scalability.ini]
[2020.11.16-18.29.37:719][  0]LogConfig: Setting CVar [[r.TranslucencyLightingVolumeDim:64]]
[2020.11.16-18.29.37:719][  0]LogConfig: Setting CVar [[r.RefractionQuality:2]]
[2020.11.16-18.29.37:719][  0]LogConfig: Setting CVar [[r.SSR.Quality:3]]
[2020.11.16-18.29.37:719][  0]LogConfig: Setting CVar [[r.SSR.HalfResSceneColor:0]]
[2020.11.16-18.29.37:719][  0]LogConfig: Setting CVar [[r.SceneColorFormat:4]]
[2020.11.16-18.29.37:719][  0]LogConfig: Setting CVar [[r.DetailMode:2]]
[2020.11.16-18.29.37:719][  0]LogConfig: Setting CVar [[r.TranslucencyVolumeBlur:1]]
[2020.11.16-18.29.37:719][  0]LogConfig: Setting CVar [[r.MaterialQualityLevel:1 ; High quality]]
[2020.11.16-18.29.37:719][  0]LogConfig: Setting CVar [[r.SSS.Scale:1]]
[2020.11.16-18.29.37:719][  0]LogConfig: Setting CVar [[r.SSS.SampleSet:2]]
[2020.11.16-18.29.37:719][  0]LogConfig: Setting CVar [[r.SSS.Quality:1]]
[2020.11.16-18.29.37:719][  0]LogConfig: Setting CVar [[r.SSS.HalfRes:0]]
[2020.11.16-18.29.37:719][  0]LogConfig: Setting CVar [[r.SSGI.Quality:3]]
[2020.11.16-18.29.37:719][  0]LogConfig: Setting CVar [[r.EmitterSpawnRateScale:1.0]]
[2020.11.16-18.29.37:719][  0]LogConfig: Setting CVar [[r.ParticleLightQuality:2]]
[2020.11.16-18.29.37:719][  0]LogConfig: Setting CVar [[r.SkyAtmosphere.AerialPerspectiveLUT.FastApplyOnOpaque:1 ; Always have FastSkyLUT 1 in this case to avoid wrong sky]]
[2020.11.16-18.29.37:719][  0]LogConfig: Setting CVar [[r.SkyAtmosphere.AerialPerspectiveLUT.SampleCountPerSlice:1]]
[2020.11.16-18.29.37:719][  0]LogConfig: Setting CVar [[r.SkyAtmosphere.AerialPerspectiveLUT.DepthResolution:16.0]]
[2020.11.16-18.29.37:719][  0]LogConfig: Setting CVar [[r.SkyAtmosphere.FastSkyLUT:1]]
[2020.11.16-18.29.37:719][  0]LogConfig: Setting CVar [[r.SkyAtmosphere.FastSkyLUT.SampleCountMin:4.0]]
[2020.11.16-18.29.37:719][  0]LogConfig: Setting CVar [[r.SkyAtmosphere.FastSkyLUT.SampleCountMax:32.0]]
[2020.11.16-18.29.37:719][  0]LogConfig: Setting CVar [[r.SkyAtmosphere.SampleCountMin:4.0]]
[2020.11.16-18.29.37:719][  0]LogConfig: Setting CVar [[r.SkyAtmosphere.SampleCountMax:32.0]]
[2020.11.16-18.29.37:719][  0]LogConfig: Setting CVar [[r.SkyAtmosphere.TransmittanceLUT.UseSmallFormat:0]]
[2020.11.16-18.29.37:719][  0]LogConfig: Setting CVar [[r.SkyAtmosphere.TransmittanceLUT.SampleCount:10.0]]
[2020.11.16-18.29.37:719][  0]LogConfig: Setting CVar [[r.SkyAtmosphere.MultiScatteringLUT.SampleCount:15.0]]
[2020.11.16-18.29.37:719][  0]LogConfig: Applying CVar settings from Section [FoliageQuality@3] File [D:/PPP/MyProject/Saved/Config/Windows/Scalability.ini]
[2020.11.16-18.29.37:719][  0]LogConfig: Setting CVar [[foliage.DensityScale:1.0]]
[2020.11.16-18.29.37:719][  0]LogConfig: Setting CVar [[grass.DensityScale:1.0]]
[2020.11.16-18.29.37:719][  0]LogConfig: Applying CVar settings from Section [ShadingQuality@3] File [D:/PPP/MyProject/Saved/Config/Windows/Scalability.ini]
[2020.11.16-18.29.37:719][  0]LogConfig: Setting CVar [[r.HairStrands.SkyLighting.SampleCount:16]]
[2020.11.16-18.29.37:719][  0]LogConfig: Setting CVar [[r.HairStrands.SkyLighting.JitterIntegration:0]]
[2020.11.16-18.29.37:719][  0]LogConfig: Setting CVar [[r.HairStrands.SkyAO.SampleCount:16]]
[2020.11.16-18.29.37:719][  0]LogConfig: Setting CVar [[r.HairStrands.DeepShadow.SuperSampling:0]]
[2020.11.16-18.29.37:719][  0]LogConfig: Setting CVar [[r.HairStrands.VisibilityPPLL:0]]
[2020.11.16-18.29.37:719][  0]LogConfig: Setting CVar [[r.HairStrands.RasterizationScale:0.5]]
[2020.11.16-18.29.37:719][  0]LogConfig: Setting CVar [[r.HairStrands.VelocityRasterizationScale:1]]
[2020.11.16-18.29.37:719][  0]LogInit: Selected Device Profile: [Windows]
[2020.11.16-18.29.37:719][  0]LogInit: Applying CVar settings loaded from the selected device profile: [Windows]
[2020.11.16-18.29.37:719][  0]LogHAL: Display: Platform has ~ 16 GB [17137127424 / 17179869184 / 16], which maps to Larger [LargestMinGB=32, LargerMinGB=12, DefaultMinGB=8, SmallerMinGB=6, SmallestMinGB=0)
[2020.11.16-18.29.37:719][  0]LogInit: Going up to parent DeviceProfile []
[2020.11.16-18.29.37:719][  0]LogConfig: Applying CVar settings from Section [ViewDistanceQuality@Cine] File [D:/PPP/MyProject/Saved/Config/Windows/Scalability.ini]
[2020.11.16-18.29.37:719][  0]LogConfig: Setting CVar [[r.SkeletalMeshLODBias:0]]
[2020.11.16-18.29.37:719][  0]LogConfig: Setting CVar [[r.ViewDistanceScale:10.0]]
[2020.11.16-18.29.37:719][  0]LogConfig: Applying CVar settings from Section [AntiAliasingQuality@Cine] File [D:/PPP/MyProject/Saved/Config/Windows/Scalability.ini]
[2020.11.16-18.29.37:719][  0]LogConfig: Setting CVar [[r.PostProcessAAQuality:6]]
[2020.11.16-18.29.37:719][  0]LogConfig: Applying CVar settings from Section [ShadowQuality@Cine] File [D:/PPP/MyProject/Saved/Config/Windows/Scalability.ini]
[2020.11.16-18.29.37:719][  0]LogConfig: Setting CVar [[r.LightFunctionQuality:1]]
[2020.11.16-18.29.37:719][  0]LogConfig: Setting CVar [[r.ShadowQuality:5]]
[2020.11.16-18.29.37:719][  0]LogConfig: Setting CVar [[r.Shadow.CSM.MaxCascades:10]]
[2020.11.16-18.29.37:719][  0]LogConfig: Setting CVar [[r.Shadow.MaxResolution:4096]]
[2020.11.16-18.29.37:719][  0]LogConfig: Setting CVar [[r.Shadow.MaxCSMResolution:4096]]
[2020.11.16-18.29.37:719][  0]LogConfig: Setting CVar [[r.Shadow.RadiusThreshold:0]]
[2020.11.16-18.29.37:719][  0]LogConfig: Setting CVar [[r.Shadow.DistanceScale:1.0]]
[2020.11.16-18.29.37:719][  0]LogConfig: Setting CVar [[r.Shadow.CSM.TransitionScale:1.0]]
[2020.11.16-18.29.37:719][  0]LogConfig: Setting CVar [[r.Shadow.PreShadowResolutionFactor:1.0]]
[2020.11.16-18.29.37:720][  0]LogConfig: Setting CVar [[r.DistanceFieldShadowing:1]]
[2020.11.16-18.29.37:720][  0]LogConfig: Setting CVar [[r.DistanceFieldAO:1]]
[2020.11.16-18.29.37:720][  0]LogConfig: Setting CVar [[r.AOQuality:2]]
[2020.11.16-18.29.37:720][  0]LogConfig: Setting CVar [[r.VolumetricFog:1]]
[2020.11.16-18.29.37:720][  0]LogConfig: Setting CVar [[r.VolumetricFog.GridPixelSize:4]]
[2020.11.16-18.29.37:720][  0]LogConfig: Setting CVar [[r.VolumetricFog.GridSizeZ:128]]
[2020.11.16-18.29.37:720][  0]LogConfig: Setting CVar [[r.VolumetricFog.HistoryMissSupersampleCount:16]]
[2020.11.16-18.29.37:720][  0]LogConfig: Setting CVar [[r.LightMaxDrawDistanceScale:1]]
[2020.11.16-18.29.37:720][  0]LogConfig: Setting CVar [[r.CapsuleShadows:1]]
[2020.11.16-18.29.37:720][  0]LogConfig: Applying CVar settings from Section [PostProcessQuality@Cine] File [D:/PPP/MyProject/Saved/Config/Windows/Scalability.ini]
[2020.11.16-18.29.37:720][  0]LogConfig: Setting CVar [[r.MotionBlurQuality:4]]
[2020.11.16-18.29.37:720][  0]LogConfig: Setting CVar [[r.AmbientOcclusionMipLevelFactor:0.4]]
[2020.11.16-18.29.37:720][  0]LogConfig: Setting CVar [[r.AmbientOcclusionMaxQuality:100]]
[2020.11.16-18.29.37:720][  0]LogConfig: Setting CVar [[r.AmbientOcclusionLevels:-1]]
[2020.11.16-18.29.37:720][  0]LogConfig: Setting CVar [[r.AmbientOcclusionRadiusScale:1.0]]
[2020.11.16-18.29.37:720][  0]LogConfig: Setting CVar [[r.DepthOfFieldQuality:4]]
[2020.11.16-18.29.37:720][  0]LogConfig: Setting CVar [[r.RenderTargetPoolMin:1000]]
[2020.11.16-18.29.37:720][  0]LogConfig: Setting CVar [[r.LensFlareQuality:3]]
[2020.11.16-18.29.37:720][  0]LogConfig: Setting CVar [[r.SceneColorFringeQuality:1]]
[2020.11.16-18.29.37:720][  0]LogConfig: Setting CVar [[r.EyeAdaptationQuality:2]]
[2020.11.16-18.29.37:720][  0]LogConfig: Setting CVar [[r.BloomQuality:5]]
[2020.11.16-18.29.37:720][  0]LogConfig: Setting CVar [[r.FastBlurThreshold:100]]
[2020.11.16-18.29.37:720][  0]LogConfig: Setting CVar [[r.Upscale.Quality:3]]
[2020.11.16-18.29.37:720][  0]LogConfig: Setting CVar [[r.Tonemapper.GrainQuantization:1]]
[2020.11.16-18.29.37:720][  0]LogConfig: Setting CVar [[r.LightShaftQuality:1]]
[2020.11.16-18.29.37:720][  0]LogConfig: Setting CVar [[r.Filter.SizeScale:1]]
[2020.11.16-18.29.37:720][  0]LogConfig: Setting CVar [[r.Tonemapper.Quality:5]]
[2020.11.16-18.29.37:720][  0]LogConfig: Setting CVar [[r.DOF.Gather.AccumulatorQuality:1        ; higher gathering accumulator quality]]
[2020.11.16-18.29.37:720][  0]LogConfig: Setting CVar [[r.DOF.Gather.PostfilterMethod:1          ; Median3x3 postfilering method]]
[2020.11.16-18.29.37:720][  0]LogConfig: Setting CVar [[r.DOF.Gather.EnableBokehSettings:1       ; bokeh simulation when gathering]]
[2020.11.16-18.29.37:720][  0]LogConfig: Setting CVar [[r.DOF.Gather.RingCount:5                 ; high number of samples when gathering]]
[2020.11.16-18.29.37:720][  0]LogConfig: Setting CVar [[r.DOF.Scatter.ForegroundCompositing:1    ; additive foreground scattering]]
[2020.11.16-18.29.37:720][  0]LogConfig: Setting CVar [[r.DOF.Scatter.BackgroundCompositing:2    ; background scattering occlusion]]
[2020.11.16-18.29.37:720][  0]LogConfig: Setting CVar [[r.DOF.Scatter.EnableBokehSettings:1      ; no bokeh simulation when scattering]]
[2020.11.16-18.29.37:720][  0]LogConfig: Setting CVar [[r.DOF.Scatter.MaxSpriteRatio:0.25        ; only a maximum of 10% of scattered bokeh]]
[2020.11.16-18.29.37:720][  0]LogConfig: Setting CVar [[r.DOF.Recombine.Quality:2                ; highest slight out of focus]]
[2020.11.16-18.29.37:720][  0]LogConfig: Setting CVar [[r.DOF.Recombine.EnableBokehSettings:1    ; bokeh simulation on slight out of focus]]
[2020.11.16-18.29.37:720][  0]LogConfig: Setting CVar [[r.DOF.TemporalAAQuality:1                ; more stable temporal accumulation]]
[2020.11.16-18.29.37:720][  0]LogConfig: Setting CVar [[r.DOF.Kernel.MaxForegroundRadius:0.025]]
[2020.11.16-18.29.37:720][  0]LogConfig: Setting CVar [[r.DOF.Kernel.MaxBackgroundRadius:0.025]]
[2020.11.16-18.29.37:720][  0]LogConfig: Applying CVar settings from Section [TextureQuality@Cine] File [D:/PPP/MyProject/Saved/Config/Windows/Scalability.ini]
[2020.11.16-18.29.37:720][  0]LogConfig: Setting CVar [[r.Streaming.MipBias:0]]
[2020.11.16-18.29.37:720][  0]LogConfig: Setting CVar [[r.Streaming.AmortizeCPUToGPUCopy:0]]
[2020.11.16-18.29.37:720][  0]LogConfig: Setting CVar [[r.Streaming.MaxNumTexturesToStreamPerFrame:0]]
[2020.11.16-18.29.37:720][  0]LogConfig: Setting CVar [[r.Streaming.Boost:1]]
[2020.11.16-18.29.37:720][  0]LogConfig: Setting CVar [[r.MaxAnisotropy:8]]
[2020.11.16-18.29.37:720][  0]LogConfig: Setting CVar [[r.VT.MaxAnisotropy:8]]
[2020.11.16-18.29.37:720][  0]LogConfig: Setting CVar [[r.Streaming.LimitPoolSizeToVRAM:0]]
[2020.11.16-18.29.37:720][  0]LogConfig: Setting CVar [[r.Streaming.PoolSize:3000]]
[2020.11.16-18.29.37:720][  0]LogConfig: Setting CVar [[r.Streaming.MaxEffectiveScreenSize:0]]
[2020.11.16-18.29.37:720][  0]LogConfig: Applying CVar settings from Section [EffectsQuality@Cine] File [D:/PPP/MyProject/Saved/Config/Windows/Scalability.ini]
[2020.11.16-18.29.37:720][  0]LogConfig: Setting CVar [[r.TranslucencyLightingVolumeDim:64]]
[2020.11.16-18.29.37:720][  0]LogConfig: Setting CVar [[r.RefractionQuality:2]]
[2020.11.16-18.29.37:720][  0]LogConfig: Setting CVar [[r.SSR.Quality:4]]
[2020.11.16-18.29.37:720][  0]LogConfig: Setting CVar [[r.SSR.HalfResSceneColor:0]]
[2020.11.16-18.29.37:720][  0]LogConfig: Setting CVar [[r.SceneColorFormat:4]]
[2020.11.16-18.29.37:720][  0]LogConfig: Setting CVar [[r.DetailMode:2]]
[2020.11.16-18.29.37:720][  0]LogConfig: Setting CVar [[r.TranslucencyVolumeBlur:1]]
[2020.11.16-18.29.37:720][  0]LogConfig: Setting CVar [[r.MaterialQualityLevel:1 ; High quality]]
[2020.11.16-18.29.37:720][  0]LogConfig: Setting CVar [[r.SSS.Scale:1]]
[2020.11.16-18.29.37:720][  0]LogConfig: Setting CVar [[r.SSS.SampleSet:2]]
[2020.11.16-18.29.37:720][  0]LogConfig: Setting CVar [[r.SSS.Quality:1]]
[2020.11.16-18.29.37:720][  0]LogConfig: Setting CVar [[r.SSS.HalfRes:0]]
[2020.11.16-18.29.37:720][  0]LogConfig: Setting CVar [[r.SSGI.Quality:4]]
[2020.11.16-18.29.37:720][  0]LogConfig: Setting CVar [[r.EmitterSpawnRateScale:1.0]]
[2020.11.16-18.29.37:720][  0]LogConfig: Setting CVar [[r.ParticleLightQuality:2]]
[2020.11.16-18.29.37:720][  0]LogConfig: Setting CVar [[r.SkyAtmosphere.AerialPerspectiveLUT.FastApplyOnOpaque:0]]
[2020.11.16-18.29.37:720][  0]LogConfig: Setting CVar [[r.SkyAtmosphere.AerialPerspectiveLUT.SampleCountPerSlice:2]]
[2020.11.16-18.29.37:720][  0]LogConfig: Setting CVar [[r.SkyAtmosphere.AerialPerspectiveLUT.DepthResolution:32.0]]
[2020.11.16-18.29.37:720][  0]LogConfig: Setting CVar [[r.SkyAtmosphere.FastSkyLUT:0]]
[2020.11.16-18.29.37:720][  0]LogConfig: Setting CVar [[r.SkyAtmosphere.FastSkyLUT.SampleCountMin:4.0]]
[2020.11.16-18.29.37:720][  0]LogConfig: Setting CVar [[r.SkyAtmosphere.FastSkyLUT.SampleCountMax:32.0]]
[2020.11.16-18.29.37:720][  0]LogConfig: Setting CVar [[r.SkyAtmosphere.SampleCountMin:8.0]]
[2020.11.16-18.29.37:720][  0]LogConfig: Setting CVar [[r.SkyAtmosphere.SampleCountMax:32.0]]
[2020.11.16-18.29.37:720][  0]LogConfig: Setting CVar [[r.SkyAtmosphere.TransmittanceLUT.UseSmallFormat:0]]
[2020.11.16-18.29.37:720][  0]LogConfig: Setting CVar [[r.SkyAtmosphere.TransmittanceLUT.SampleCount:30.0]]
[2020.11.16-18.29.37:720][  0]LogConfig: Setting CVar [[r.SkyAtmosphere.MultiScatteringLUT.SampleCount:20.0]]
[2020.11.16-18.29.37:720][  0]LogConfig: Applying CVar settings from Section [FoliageQuality@Cine] File [D:/PPP/MyProject/Saved/Config/Windows/Scalability.ini]
[2020.11.16-18.29.37:720][  0]LogConfig: Setting CVar [[foliage.DensityScale:1.0]]
[2020.11.16-18.29.37:721][  0]LogConfig: Setting CVar [[grass.DensityScale:1.0]]
[2020.11.16-18.29.37:721][  0]LogConfig: Applying CVar settings from Section [ShadingQuality@Cine] File [D:/PPP/MyProject/Saved/Config/Windows/Scalability.ini]
[2020.11.16-18.29.37:721][  0]LogConfig: Setting CVar [[r.HairStrands.SkyLighting.SampleCount:64]]
[2020.11.16-18.29.37:721][  0]LogConfig: Setting CVar [[r.HairStrands.SkyLighting.JitterIntegration:1]]
[2020.11.16-18.29.37:721][  0]LogConfig: Setting CVar [[r.HairStrands.SkyAO.SampleCount:32]]
[2020.11.16-18.29.37:721][  0]LogConfig: Setting CVar [[r.HairStrands.DeepShadow.SuperSampling:1]]
[2020.11.16-18.29.37:721][  0]LogConfig: Setting CVar [[r.HairStrands.RasterizationScale:1]]
[2020.11.16-18.29.37:721][  0]LogConfig: Setting CVar [[r.HairStrands.VelocityRasterizationScale:1]]
[2020.11.16-18.29.37:721][  0]LogConfig: Setting CVar [[r.HairStrands.VisibilityPPLL:1]]
[2020.11.16-18.29.37:721][  0]LogConfig: Applying CVar settings from Section [Startup] File [../../../Engine/Config/ConsoleVariables.ini]
[2020.11.16-18.29.37:721][  0]LogConfig: Setting CVar [[net.UseAdaptiveNetUpdateFrequency:0]]
[2020.11.16-18.29.37:721][  0]LogConfig: Setting CVar [[p.chaos.AllowCreatePhysxBodies:1]]
[2020.11.16-18.29.37:721][  0]LogConfig: Setting CVar [[fx.SkipVectorVMBackendOptimizations:1]]
[2020.11.16-18.29.37:721][  0]LogConfig: Applying CVar settings from Section [ConsoleVariables] File [D:/PPP/MyProject/Saved/Config/Windows/Engine.ini]
[2020.11.16-18.29.37:721][  0]LogInit: Computer: SIEJEMAAN
[2020.11.16-18.29.37:721][  0]LogInit: User: simon
[2020.11.16-18.29.37:721][  0]LogInit: CPU Page size=4096, Cores=4
[2020.11.16-18.29.37:721][  0]LogInit: High frequency timer resolution =10.000000 MHz
[2020.11.16-18.29.37:721][  0]LogMemory: Memory total: Physical=16.0GB (16GB approx)
[2020.11.16-18.29.37:721][  0]LogMemory: Platform Memory Stats for Windows
[2020.11.16-18.29.37:721][  0]LogMemory: Process Physical Memory: 115.49 MB used, 115.49 MB peak
[2020.11.16-18.29.37:721][  0]LogMemory: Process Virtual Memory: 103.47 MB used, 103.47 MB peak
[2020.11.16-18.29.37:721][  0]LogMemory: Physical Memory: 11213.15 MB used,  5130.09 MB free, 16343.24 MB total
[2020.11.16-18.29.37:721][  0]LogMemory: Virtual Memory: 5102.36 MB used,  134212624.00 MB free, 134217728.00 MB total
[2020.11.16-18.29.37:727][  0]LogWindows: WindowsPlatformFeatures enabled
[2020.11.16-18.29.37:780][  0]LogInit: Physics initialised using underlying interface: PhysX
[2020.11.16-18.29.37:781][  0]LogInit: Using OS detected language (nl-NL).
[2020.11.16-18.29.37:781][  0]LogInit: Using OS detected locale (nl-BE).
[2020.11.16-18.29.37:783][  0]LogTextLocalizationManager: No localization for 'nl-NL' exists, so 'en' will be used for the language.
[2020.11.16-18.29.37:971][  0]LogInit: Setting process to per monitor DPI aware
[2020.11.16-18.29.38:008][  0]LogSlate: New Slate User Created.  User Index 0, Is Virtual User: 0
[2020.11.16-18.29.38:008][  0]LogSlate: Slate User Registered.  User Index 0, Is Virtual User: 0
[2020.11.16-18.29.38:162][  0]LogHMD: Failed to initialize OpenVR with code 110
[2020.11.16-18.29.38:162][  0]LogD3D11RHI: D3D11 min allowed feature level: 11_0
[2020.11.16-18.29.38:163][  0]LogD3D11RHI: D3D11 max allowed feature level: 11_0
[2020.11.16-18.29.38:163][  0]LogD3D11RHI: D3D11 adapters:
[2020.11.16-18.29.38:242][  0]LogD3D11RHI:    0. 'NVIDIA GeForce GTX 1070' (Feature Level 11_0)
[2020.11.16-18.29.38:242][  0]LogD3D11RHI:       8088/0/8171 MB DedicatedVideo/DedicatedSystem/SharedSystem, Outputs:2, VendorId:0x10de
[2020.11.16-18.29.38:244][  0]LogD3D11RHI:    1. 'Microsoft Basic Render Driver' (Feature Level 11_0)
[2020.11.16-18.29.38:244][  0]LogD3D11RHI:       0/0/8171 MB DedicatedVideo/DedicatedSystem/SharedSystem, Outputs:0, VendorId:0x1414
[2020.11.16-18.29.38:244][  0]LogD3D11RHI: Chosen D3D11 Adapter: 0
[2020.11.16-18.29.38:250][  0]LogD3D11RHI: Creating new Direct3DDevice
[2020.11.16-18.29.38:250][  0]LogD3D11RHI:     GPU DeviceId: 0x1b81 (for the marketing name, search the web for "GPU Device Id")
[2020.11.16-18.29.38:250][  0]LogWindows: EnumDisplayDevices:
[2020.11.16-18.29.38:250][  0]LogWindows:    0. 'NVIDIA GeForce GTX 1070' (P:0 D:1)
[2020.11.16-18.29.38:251][  0]LogWindows:    1. 'NVIDIA GeForce GTX 1070' (P:1 D:1)
[2020.11.16-18.29.38:251][  0]LogWindows:    2. 'NVIDIA GeForce GTX 1070' (P:0 D:0)
[2020.11.16-18.29.38:251][  0]LogWindows:    3. 'NVIDIA GeForce GTX 1070' (P:0 D:0)
[2020.11.16-18.29.38:252][  0]LogWindows: DebugString: FoundDriverCount:4 
[2020.11.16-18.29.38:252][  0]LogD3D11RHI:     Adapter Name: NVIDIA GeForce GTX 1070
[2020.11.16-18.29.38:252][  0]LogD3D11RHI:   Driver Version: 456.71 (internal:27.21.14.5671, unified:456.71)
[2020.11.16-18.29.38:252][  0]LogD3D11RHI:      Driver Date: 9-30-2020
[2020.11.16-18.29.38:252][  0]LogRHI: Texture pool is 5661 MB (70% of 8088 MB)
[2020.11.16-18.29.38:304][  0]LogD3D11RHI: RHI has support for 64 bit atomics
[2020.11.16-18.29.38:304][  0]LogD3D11RHI: Async texture creation enabled
[2020.11.16-18.29.38:304][  0]LogD3D11RHI: Array index from any shader is supported
[2020.11.16-18.29.38:335][  0]LogD3D11RHI: GPU Timing Frequency: 1000.000000 (Debug: 2 1)
[2020.11.16-18.29.38:651][  0]LogTargetPlatformManager: Display: Loaded TargetPlatform 'AllDesktop'
[2020.11.16-18.29.38:670][  0]LogTargetPlatformManager: Display: Loaded TargetPlatform 'Android'
[2020.11.16-18.29.38:670][  0]LogTargetPlatformManager: Display: Loaded TargetPlatform 'Android_ASTC'
[2020.11.16-18.29.38:670][  0]LogTargetPlatformManager: Display: Loaded TargetPlatform 'Android_DXT'
[2020.11.16-18.29.38:670][  0]LogTargetPlatformManager: Display: Loaded TargetPlatform 'Android_ETC2'
[2020.11.16-18.29.38:670][  0]LogTargetPlatformManager: Display: Loaded TargetPlatform 'AndroidClient'
[2020.11.16-18.29.38:670][  0]LogTargetPlatformManager: Display: Loaded TargetPlatform 'Android_ASTCClient'
[2020.11.16-18.29.38:670][  0]LogTargetPlatformManager: Display: Loaded TargetPlatform 'Android_DXTClient'
[2020.11.16-18.29.38:670][  0]LogTargetPlatformManager: Display: Loaded TargetPlatform 'Android_ETC2Client'
[2020.11.16-18.29.38:670][  0]LogTargetPlatformManager: Display: Loaded TargetPlatform 'Android_Multi'
[2020.11.16-18.29.38:670][  0]LogTargetPlatformManager: Display: Loaded TargetPlatform 'Android_MultiClient'
[2020.11.16-18.29.38:691][  0]LogTargetPlatformManager: Display: Loaded TargetPlatform 'IOSClient'
[2020.11.16-18.29.38:691][  0]LogTargetPlatformManager: Display: Loaded TargetPlatform 'IOS'
[2020.11.16-18.29.38:699][  0]LogTargetPlatformManager: Display: Loaded TargetPlatform 'Linux'
[2020.11.16-18.29.38:707][  0]LogTargetPlatformManager: Display: Loaded TargetPlatform 'LinuxNoEditor'
[2020.11.16-18.29.38:715][  0]LogTargetPlatformManager: Display: Loaded TargetPlatform 'LinuxClient'
[2020.11.16-18.29.38:723][  0]LogTargetPlatformManager: Display: Loaded TargetPlatform 'LinuxServer'
[2020.11.16-18.29.38:731][  0]LogTargetPlatformManager: Display: Loaded TargetPlatform 'LinuxAArch64NoEditor'
[2020.11.16-18.29.38:739][  0]LogTargetPlatformManager: Display: Loaded TargetPlatform 'LinuxAArch64Client'
[2020.11.16-18.29.38:747][  0]LogTargetPlatformManager: Display: Loaded TargetPlatform 'LinuxAArch64Server'
[2020.11.16-18.29.38:769][  0]LogTargetPlatformManager: Display: Loaded TargetPlatform 'Lumin'
[2020.11.16-18.29.38:770][  0]LogTargetPlatformManager: Display: Loaded TargetPlatform 'LuminClient'
[2020.11.16-18.29.38:783][  0]LogTargetPlatformManager: Display: Loaded TargetPlatform 'TVOSClient'
[2020.11.16-18.29.38:783][  0]LogTargetPlatformManager: Display: Loaded TargetPlatform 'TVOS'
[2020.11.16-18.29.38:791][  0]LogTargetPlatformManager: Display: Loaded TargetPlatform 'WindowsNoEditor'
[2020.11.16-18.29.38:799][  0]LogTargetPlatformManager: Display: Loaded TargetPlatform 'Windows'
[2020.11.16-18.29.38:808][  0]LogTargetPlatformManager: Display: Loaded TargetPlatform 'WindowsClient'
[2020.11.16-18.29.38:815][  0]LogTargetPlatformManager: Display: Loaded TargetPlatform 'WindowsServer'
[2020.11.16-18.29.38:815][  0]LogTargetPlatformManager: Display: Building Assets For Windows
[2020.11.16-18.29.38:823][  0]LogAudioDebug: Display: Lib vorbis DLL was dynamically loaded.
[2020.11.16-18.29.38:876][  0]LogShaderCompilers: Guid format shader working directory is 19 characters bigger than the processId version (../../../../../PPP/MyProject/Intermediate/Shaders/WorkingDirectory/544/).
[2020.11.16-18.29.38:876][  0]LogShaderCompilers: Cleaned the shader compiler working directory 'C:/Users/simon/AppData/Local/Temp/UnrealShaderWorkingDir/0D039B514A8F045A6FC9D5A4A38AFD84/'.
[2020.11.16-18.29.38:877][  0]LogXGEController: Cleaning working directory: C:/Users/simon/AppData/Local/Temp/UnrealXGEWorkingDir/
[2020.11.16-18.29.38:877][  0]LogXGEController: Cannot use XGE Controller as Incredibuild is not installed on this machine.
[2020.11.16-18.29.38:877][  0]LogShaderCompilers: Cannot use XGE Shader Compiler as Incredibuild is not installed on this machine.
[2020.11.16-18.29.38:877][  0]LogShaderCompilers: Display: Using Local Shader Compiler.
[2020.11.16-18.29.39:559][  0]LogDerivedDataCache: Display: Max Cache Size: 512 MB
[2020.11.16-18.29.39:617][  0]LogDerivedDataCache: Loaded boot cache 0.06s 93MB C:/Users/simon/AppData/Local/UnrealEngine/4.25/DerivedDataCache/Boot.ddc.
[2020.11.16-18.29.39:617][  0]LogDerivedDataCache: Display: Loaded Boot cache: C:/Users/simon/AppData/Local/UnrealEngine/4.25/DerivedDataCache/Boot.ddc
[2020.11.16-18.29.39:618][  0]LogDerivedDataCache: FDerivedDataBackendGraph:  Pak pak cache file ../../../../../PPP/MyProject/DerivedDataCache/DDC.ddp not found, will not use a pak cache.
[2020.11.16-18.29.39:618][  0]LogDerivedDataCache: Unable to find inner node Pak for hierarchical cache Hierarchy.
[2020.11.16-18.29.39:618][  0]LogDerivedDataCache: FDerivedDataBackendGraph:  CompressedPak pak cache file ../../../../../PPP/MyProject/DerivedDataCache/Compressed.ddp not found, will not use a pak cache.
[2020.11.16-18.29.39:618][  0]LogDerivedDataCache: Unable to find inner node CompressedPak for hierarchical cache Hierarchy.
[2020.11.16-18.29.39:627][  0]LogDerivedDataCache: Display: Pak cache opened for reading ../../../Engine/DerivedDataCache/Compressed.ddp.
[2020.11.16-18.29.39:627][  0]LogDerivedDataCache: FDerivedDataBackendGraph:  EnterprisePak pak cache file ../../../Enterprise/DerivedDataCache/Compressed.ddp not found, will not use a pak cache.
[2020.11.16-18.29.39:627][  0]LogDerivedDataCache: Unable to find inner node EnterprisePak for hierarchical cache Hierarchy.
[2020.11.16-18.29.39:628][  0]LogDerivedDataCache: Using Local data cache path C:/Users/simon/AppData/Local/UnrealEngine/Common/DerivedDataCache: Writable
[2020.11.16-18.29.39:628][  0]LogDerivedDataCache: Shared data cache path not found in *engine.ini, will not use an Shared cache.
[2020.11.16-18.29.39:628][  0]LogDerivedDataCache: Unable to find inner node Shared for hierarchical cache Hierarchy.
[2020.11.16-18.29.39:670][  0]LogSlate: Using FreeType 2.10.0
[2020.11.16-18.29.39:671][  0]LogSlate: SlateFontServices - WITH_FREETYPE: 1, WITH_HARFBUZZ: 1
[2020.11.16-18.29.39:697][  0]LogAssetRegistry: FAssetRegistry took 0.0022 seconds to start up
[2020.11.16-18.29.39:895][  0]LogInit: Selected Device Profile: [Windows]
[2020.11.16-18.29.40:000][  0]LogMeshReduction: Using QuadricMeshReduction for automatic static mesh reduction
[2020.11.16-18.29.40:000][  0]LogMeshReduction: Using SimplygonMeshReduction for automatic skeletal mesh reduction
[2020.11.16-18.29.40:000][  0]LogMeshReduction: Using ProxyLODMeshReduction for automatic mesh merging
[2020.11.16-18.29.40:000][  0]LogMeshReduction: No distributed automatic mesh merging module available
[2020.11.16-18.29.40:000][  0]LogMeshMerging: No distributed automatic mesh merging module available
[2020.11.16-18.29.40:017][  0]LogNetVersion: MyProject 1.0.0, NetCL: 13144385, EngineNetVer: 14, GameNetVer: 0 (Checksum: 709303259)
[2020.11.16-18.29.40:437][  0]LogAISub: UAISubsystem::UAISubsystem AISubsystem (00000211757C0280), frame # 0
[2020.11.16-18.29.40:437][  0]LogAISub: UAISubsystem::UAISubsystem AIPerceptionSystem (00000211756FCF40), frame # 0
[2020.11.16-18.29.40:438][  0]LogAISub: UAISubsystem::UAISubsystem EnvQueryManager (0000021175751E00), frame # 0
[2020.11.16-18.29.40:478][  0]LogPackageLocalizationCache: Processed 22 localized package path(s) for 1 prioritized culture(s) in 0.035771 seconds
[2020.11.16-18.29.40:483][  0]LogUObjectArray: 15917 objects as part of root set at end of initial load.
[2020.11.16-18.29.40:483][  0]LogUObjectAllocator: 3965568 out of 0 bytes used by permanent object pool.
[2020.11.16-18.29.40:483][  0]LogUObjectArray: CloseDisregardForGC: 0/0 objects in disregard for GC pool
[2020.11.16-18.29.40:786][  0]LogTcpMessaging: Initializing TcpMessaging bridge
[2020.11.16-18.29.40:790][  0]LogUdpMessaging: Initializing bridge on interface 0.0.0.0:0 to multicast group 230.0.0.1:6666.
[2020.11.16-18.29.40:790][  0]FUdpSocketBuilder: Failed to subscribe UdpMessageMulticastSocket to multicast group 230.0.0.1 on interface 0.0.0.0
[2020.11.16-18.29.40:790][  0]FUdpSocketBuilder: Failed to create and initialize socket UdpMessageMulticastSocket (last error: 0)
[2020.11.16-18.29.40:790][  0]LogUdpMessaging: Warning: StartTransport failed to create multicast socket on 0.0.0.0:0, joined to 230.0.0.1:6666 with TTL 1
[2020.11.16-18.29.40:876][  0]SourceControl: Source control is disabled
[2020.11.16-18.29.40:876][  0]SourceControl: Source control is disabled
[2020.11.16-18.29.40:879][  0]SourceControl: Source control is disabled
[2020.11.16-18.29.40:882][  0]SourceControl: Source control is disabled
[2020.11.16-18.29.40:890][  0]SourceControl: Source control is disabled
[2020.11.16-18.29.41:042][  0]LogImageWrapper: Warning: PNG Warning: Duplicate iCCP chunk
[2020.11.16-18.29.41:042][  0]LogImageWrapper: Warning: PNG Warning: Duplicate iCCP chunk
[2020.11.16-18.29.41:418][  0]LogImageWrapper: Warning: PNG Warning: Duplicate iCCP chunk
[2020.11.16-18.29.41:418][  0]LogImageWrapper: Warning: PNG Warning: Duplicate iCCP chunk
[2020.11.16-18.29.41:418][  0]LogAndroidPermission: UAndroidPermissionCallbackProxy::GetInstance
[2020.11.16-18.29.41:438][  0]LogAudioCaptureCore: Display: No Audio Capture implementations found. Audio input will be silent.
[2020.11.16-18.29.41:438][  0]LogAudioCaptureCore: Display: No Audio Capture implementations found. Audio input will be silent.
[2020.11.16-18.29.41:478][  0]LogOcInput: OculusInput pre-init called
[2020.11.16-18.29.41:487][  0]LogWindows: Failed to load 'OVRPlugin.dll' (GetLastError=126)
[2020.11.16-18.29.41:488][  0]LogWindows: File 'OVRPlugin.dll' does not exist
[2020.11.16-18.29.41:548][  0]LogEngine: Initializing Engine...
[2020.11.16-18.29.41:549][  0]LogHMD: Failed to initialize OpenVR with code 110
[2020.11.16-18.29.41:549][  0]LogMagicLeap: Warning: VR disabled because ZI is not enabled.  To enable, in the editor, Edit -> Project Settings -> Plugins -> Magic Leap Plugin -> Enable Zero Iteration
[2020.11.16-18.29.41:550][  0]LogStats: UGameplayTagsManager::InitializeManager -  0.000 s
[2020.11.16-18.29.41:656][  0]LogInit: Initializing FReadOnlyCVARCache
[2020.11.16-18.29.41:665][  0]LogAIModule: Creating AISystem for world Untitled
[2020.11.16-18.29.41:666][  0]LogAISub: UAISubsystem::UAISubsystem EnvQueryManager (000002117AFB3C00), frame # 0
[2020.11.16-18.29.41:666][  0]LogAISub: UAISubsystem::UAISubsystem AIPerceptionSystem (000002117B007B00), frame # 0
[2020.11.16-18.29.41:681][  0]LogAudioMixer: Display: Audio Mixer Platform Settings:
[2020.11.16-18.29.41:681][  0]LogAudioMixer: Display: 	Sample Rate:						  48000
[2020.11.16-18.29.41:681][  0]LogAudioMixer: Display: 	Callback Buffer Frame Size Requested: 1024
[2020.11.16-18.29.41:681][  0]LogAudioMixer: Display: 	Callback Buffer Frame Size To Use:	  1024
[2020.11.16-18.29.41:681][  0]LogAudioMixer: Display: 	Number of buffers to queue:			  2
[2020.11.16-18.29.41:681][  0]LogAudioMixer: Display: 	Max Channels (voices):				  32
[2020.11.16-18.29.41:681][  0]LogAudioMixer: Display: 	Number of Async Source Workers:		  0
[2020.11.16-18.29.41:681][  0]LogAudio: Display: AudioDevice MaxSources: 32
[2020.11.16-18.29.41:681][  0]LogAudio: Display: Using built-in audio occlusion.
[2020.11.16-18.29.41:681][  0]LogAudioMixer: Display: Initializing audio mixer.
[2020.11.16-18.29.41:697][  0]LogAudioMixer: Display: 0: FrontLeft
[2020.11.16-18.29.41:697][  0]LogAudioMixer: Display: 1: FrontRight
[2020.11.16-18.29.41:758][  0]LogAudioMixer: Display: Using Audio Device headset (Realtek High Definition Audio)
[2020.11.16-18.29.41:761][  0]LogAudioMixer: Display: Initializing Sound Submixes...
[2020.11.16-18.29.41:762][  0]LogAudioMixer: Display: Creating Master Submix 'MasterSubmixDefault'
[2020.11.16-18.29.41:762][  0]LogAudioMixer: Display: Creating Master Submix 'MasterReverbSubmixDefault'
[2020.11.16-18.29.41:763][  0]LogAudioMixer: Display: Creating Master Submix 'MasterEQSubmixDefault'
[2020.11.16-18.29.41:764][  0]LogInit: FAudioDevice initialized.
[2020.11.16-18.29.41:764][  0]LogNetVersion: Set ProjectVersion to 1.0.0.0. Version Checksum will be recalculated on next use.
[2020.11.16-18.29.41:929][  0]LogDerivedDataCache: Saved boot cache 0.16s 93MB C:/Users/simon/AppData/Local/UnrealEngine/4.25/DerivedDataCache/Boot.ddc.
[2020.11.16-18.29.41:932][  0]LogInit: Texture streaming: Enabled
[2020.11.16-18.29.41:949][  0]LogEngineSessionManager: EngineSessionManager initialized
[2020.11.16-18.29.41:949][  0]LogEngineSessionManager: EngineSessionManager sent abnormal shutdown report. Type=Crashed, SessionId={2B404E5B-4E8A-BFCD-DEBB-9DA3D315CA9D}
[2020.11.16-18.29.41:949][  0]LogEditorSessionSummary: Verbose: Initializing EditorSessionSummaryWriter for editor session tracking
[2020.11.16-18.29.41:958][  0]LogEditorSessionSummary: EditorSessionSummaryWriter initialized
[2020.11.16-18.29.41:992][  0]LogInit: Transaction tracking system initialized
[2020.11.16-18.29.42:012][  0]BlueprintLog: New page: Editor Load
[2020.11.16-18.29.42:072][  0]LocalizationService: Localization service is disabled
[2020.11.16-18.29.42:207][  0]LogCook: Display: Max memory allowance for cook 16384mb min free memory 0mb
[2020.11.16-18.29.42:207][  0]LogCook: Display: Mobile HDR setting 1
[2020.11.16-18.29.42:326][  0]LogFileCache: Scanning file cache for directory 'D:/PPP/MyProject/Content/' took 0.01s
[2020.11.16-18.29.42:560][  0]LogImageWrapper: Warning: PNG Warning: Duplicate iCCP chunk
[2020.11.16-18.29.42:560][  0]LogImageWrapper: Warning: PNG Warning: Duplicate iCCP chunk
[2020.11.16-18.29.42:560][  0]SourceControl: Source control is disabled
[2020.11.16-18.29.42:560][  0]LogUnrealEdMisc: Loading editor; pre map load, took 6.348
[2020.11.16-18.29.42:560][  0]Cmd: MAP LOAD FILE="../../../../../PPP/MyProject/Content/Levels/Level01.umap" TEMPLATE=0 SHOWPROGRESS=1 FEATURELEVEL=3
[2020.11.16-18.29.42:560][  0]LightingResults: New page: Lighting Build
[2020.11.16-18.29.42:560][  0]LogWorld: UWorld::CleanupWorld for Untitled, bSessionEnded=true, bCleanupResources=true
[2020.11.16-18.29.42:560][  0]LogSlate: InvalidateAllWidgets triggered.  All widgets were invalidated
[2020.11.16-18.29.42:560][  0]MapCheck: New page: Map Check
[2020.11.16-18.29.42:560][  0]LightingResults: New page: Lighting Build
[2020.11.16-18.29.42:567][  0]LogAISub: UAISubsystem::~UAISubsystem EnvQueryManager (000002117AFB3C00), frame # 0
[2020.11.16-18.29.42:567][  0]LogAISub: UAISubsystem::~UAISubsystem AIPerceptionSystem (000002117B007B00), frame # 0
[2020.11.16-18.29.42:568][  0]LogUObjectHash: Compacting FUObjectHashTables data took   0.65ms
[2020.11.16-18.29.42:717][  0]LogAIModule: Creating AISystem for world Level01
[2020.11.16-18.29.42:717][  0]LogAISub: UAISubsystem::UAISubsystem EnvQueryManager (0000021106D8A600), frame # 0
[2020.11.16-18.29.42:717][  0]LogAISub: UAISubsystem::UAISubsystem AIPerceptionSystem (0000021106F9E700), frame # 0
[2020.11.16-18.29.42:754][  0]LogEditorServer: Finished looking for orphan Actors (0.000 secs)
[2020.11.16-18.29.42:766][  0]LogUObjectHash: Compacting FUObjectHashTables data took   0.71ms
[2020.11.16-18.29.42:767][  0]Cmd: MAP CHECKDEP NOCLEARLOG
[2020.11.16-18.29.42:767][  0]MapCheck: Map check complete: 0 Error(s), 0 Warning(s), took 0,085ms to complete.
[2020.11.16-18.29.42:767][  0]LogFileHelpers: Loading map 'Level01' took 0.207
[2020.11.16-18.29.42:769][  0]LogUnrealEdMisc: Total Editor Startup Time, took 6.558
[2020.11.16-18.29.42:910][  0]LogSlate: Updating window title bar state: overlay mode, drag disabled, window buttons hidden, title bar hidden
[2020.11.16-18.29.42:917][  0]LogSlate: Updating window title bar state: overlay mode, drag disabled, window buttons hidden, title bar hidden
[2020.11.16-18.29.42:925][  0]LogSlate: Updating window title bar state: overlay mode, drag disabled, window buttons hidden, title bar hidden
[2020.11.16-18.29.42:931][  0]LogSlate: Updating window title bar state: overlay mode, drag disabled, window buttons hidden, title bar hidden
[2020.11.16-18.29.42:945][  0]LogCollectionManager: Loaded 0 collections in 0.000686 seconds
[2020.11.16-18.29.42:959][  0]LogFileCache: Scanning file cache for directory 'D:/PPP/MyProject/Saved/Collections/' took 0.00s
[2020.11.16-18.29.42:960][  0]LogFileCache: Scanning file cache for directory 'D:/PPP/MyProject/Content/Developers/simon/Collections/' took 0.00s
[2020.11.16-18.29.42:960][  0]LogFileCache: Scanning file cache for directory 'D:/PPP/MyProject/Content/Collections/' took 0.00s
[2020.11.16-18.29.42:960][  0]LogContentBrowser: Native class hierarchy populated in 0.0088 seconds. Added 3624 classes and 871 folders.
[2020.11.16-18.29.42:962][  0]LogContentBrowser: Native class hierarchy updated for 'WidgetCarousel' in 0.0003 seconds. Added 0 classes and 0 folders.
[2020.11.16-18.29.43:012][  0]LogContentBrowser: Native class hierarchy updated for 'AddContentDialog' in 0.0003 seconds. Added 0 classes and 0 folders.
[2020.11.16-18.29.43:077][  0]LogUdpMessaging: Warning: UDP messaging encountered an error. Auto repair routine started for reinitialization
[2020.11.16-18.29.43:102][  0]LogSlate: Took 0.000210 seconds to synchronously load lazily loaded font '../../../Engine/Content/Slate/Fonts/Roboto-Regular.ttf' (155K)
[2020.11.16-18.29.43:104][  0]LogSlate: Took 0.000169 seconds to synchronously load lazily loaded font '../../../Engine/Content/Slate/Fonts/Roboto-Bold.ttf' (160K)
[2020.11.16-18.29.43:108][  0]LogSlate: Took 0.000162 seconds to synchronously load lazily loaded font '../../../Engine/Content/Editor/Slate/Fonts/FontAwesome.ttf' (139K)
[2020.11.16-18.29.43:171][  0]LogRenderer: Reallocating scene render targets to support 532x1764 Format 10 NumSamples 1 (Frame:1).
[2020.11.16-18.29.43:217][  0]LogSlate: Took 0.000150 seconds to synchronously load lazily loaded font '../../../Engine/Content/Slate/Fonts/Roboto-Light.ttf' (167K)
[2020.11.16-18.29.43:293][  0]LogContentBrowser: Native class hierarchy updated for 'HierarchicalLODOutliner' in 0.0004 seconds. Added 0 classes and 0 folders.
[2020.11.16-18.29.43:293][  0]LogLoad: (Engine Initialization) Total time: 7.08 seconds
[2020.11.16-18.29.43:293][  0]LogLoad: (Engine Initialization) Total Blueprint compile time: 0.00 seconds
[2020.11.16-18.29.43:324][  0]LogActor: Warning: Player_C /Engine/Transient.World_0:PersistentLevel.Player_C_0 has natively added scene component(s), but none of them were set as the actor's RootComponent - picking one arbitrarily
[2020.11.16-18.29.43:349][  0]LogAssetRegistry: Asset discovery search completed in 3.6539 seconds
[2020.11.16-18.29.43:354][  0]LogCollectionManager: Fixed up redirectors for 0 collections in 0.000003 seconds (updated 0 objects)
[2020.11.16-18.29.43:385][  0]LogContentStreaming: Texture pool size now 3000 MB
[2020.11.16-18.29.44:417][ 87]FUdpSocketBuilder: Failed to subscribe UdpMessageMulticastSocket to multicast group 230.0.0.1 on interface 0.0.0.0
[2020.11.16-18.29.44:417][ 87]FUdpSocketBuilder: Failed to create and initialize socket UdpMessageMulticastSocket (last error: 0)
[2020.11.16-18.29.44:417][ 87]LogUdpMessaging: Warning: StartTransport failed to create multicast socket on 0.0.0.0:0, joined to 230.0.0.1:6666 with TTL 1
[2020.11.16-18.29.44:430][ 88]LogUdpMessaging: Warning: UDP messaging encountered an error. Auto repair routine started for reinitialization
[2020.11.16-18.29.45:811][120]LogRenderer: Reallocating scene render targets to support 624x1764 Format 10 NumSamples 1 (Frame:124).
[2020.11.16-18.29.46:031][122]FUdpSocketBuilder: Failed to subscribe UdpMessageMulticastSocket to multicast group 230.0.0.1 on interface 0.0.0.0
[2020.11.16-18.29.46:031][122]FUdpSocketBuilder: Failed to create and initialize socket UdpMessageMulticastSocket (last error: 0)
[2020.11.16-18.29.46:031][122]LogUdpMessaging: Warning: StartTransport failed to create multicast socket on 0.0.0.0:0, joined to 230.0.0.1:6666 with TTL 1
[2020.11.16-18.29.46:046][123]LogUdpMessaging: Warning: UDP messaging encountered an error. Auto repair routine started for reinitialization
[2020.11.16-18.29.48:250][354]FUdpSocketBuilder: Failed to subscribe UdpMessageMulticastSocket to multicast group 230.0.0.1 on interface 0.0.0.0
[2020.11.16-18.29.48:250][354]FUdpSocketBuilder: Failed to create and initialize socket UdpMessageMulticastSocket (last error: 0)
[2020.11.16-18.29.48:250][354]LogUdpMessaging: Warning: StartTransport failed to create multicast socket on 0.0.0.0:0, joined to 230.0.0.1:6666 with TTL 1
[2020.11.16-18.29.48:270][356]LogUdpMessaging: Warning: UDP messaging encountered an error. Auto repair routine started for reinitialization
[2020.11.16-18.29.50:467][593]FUdpSocketBuilder: Failed to subscribe UdpMessageMulticastSocket to multicast group 230.0.0.1 on interface 0.0.0.0
[2020.11.16-18.29.50:467][593]FUdpSocketBuilder: Failed to create and initialize socket UdpMessageMulticastSocket (last error: 0)
[2020.11.16-18.29.50:468][593]LogUdpMessaging: Warning: StartTransport failed to create multicast socket on 0.0.0.0:0, joined to 230.0.0.1:6666 with TTL 1
[2020.11.16-18.29.50:483][595]LogUdpMessaging: Warning: UDP messaging encountered an error. Auto repair routine started for reinitialization
[2020.11.16-18.29.51:679][714]FUdpSocketBuilder: Failed to subscribe UdpMessageMulticastSocket to multicast group 230.0.0.1 on interface 0.0.0.0
[2020.11.16-18.29.51:679][714]FUdpSocketBuilder: Failed to create and initialize socket UdpMessageMulticastSocket (last error: 0)
[2020.11.16-18.29.51:679][714]LogUdpMessaging: Warning: StartTransport failed to create multicast socket on 0.0.0.0:0, joined to 230.0.0.1:6666 with TTL 1
[2020.11.16-18.29.51:696][716]LogUdpMessaging: Warning: UDP messaging encountered an error. Auto repair routine started for reinitialization
[2020.11.16-18.29.53:998][933]FUdpSocketBuilder: Failed to subscribe UdpMessageMulticastSocket to multicast group 230.0.0.1 on interface 0.0.0.0
[2020.11.16-18.29.53:998][933]FUdpSocketBuilder: Failed to create and initialize socket UdpMessageMulticastSocket (last error: 0)
[2020.11.16-18.29.53:998][933]LogUdpMessaging: Warning: StartTransport failed to create multicast socket on 0.0.0.0:0, joined to 230.0.0.1:6666 with TTL 1
[2020.11.16-18.29.54:204][933]LogUdpMessaging: Warning: UDP messaging encountered an error. Auto repair routine started for reinitialization
[2020.11.16-18.29.56:016][939]FUdpSocketBuilder: Failed to subscribe UdpMessageMulticastSocket to multicast group 230.0.0.1 on interface 0.0.0.0
[2020.11.16-18.29.56:016][939]FUdpSocketBuilder: Failed to create and initialize socket UdpMessageMulticastSocket (last error: 0)
[2020.11.16-18.29.56:016][939]LogUdpMessaging: Warning: StartTransport failed to create multicast socket on 0.0.0.0:0, joined to 230.0.0.1:6666 with TTL 1
[2020.11.16-18.29.56:220][939]LogUdpMessaging: Warning: UDP messaging encountered an error. Auto repair routine started for reinitialization
[2020.11.16-18.29.58:033][978]FUdpSocketBuilder: Failed to subscribe UdpMessageMulticastSocket to multicast group 230.0.0.1 on interface 0.0.0.0
[2020.11.16-18.29.58:033][978]FUdpSocketBuilder: Failed to create and initialize socket UdpMessageMulticastSocket (last error: 0)
[2020.11.16-18.29.58:033][978]LogUdpMessaging: Warning: StartTransport failed to create multicast socket on 0.0.0.0:0, joined to 230.0.0.1:6666 with TTL 1
[2020.11.16-18.29.58:052][980]LogUdpMessaging: Warning: UDP messaging encountered an error. Auto repair routine started for reinitialization
[2020.11.16-18.29.58:654][ 38]LogTemp: Repeating last play command: Selected Viewport
[2020.11.16-18.29.58:669][ 38]LogPlayLevel: PlayLevel: No blueprints needed recompiling
[2020.11.16-18.29.58:669][ 38]PIE: New page: PIE session: Level01 (16 nov. 2020 20:29:58)
[2020.11.16-18.29.58:670][ 38]LogOnline: OSS: Creating online subsystem instance for: NULL
[2020.11.16-18.29.58:671][ 38]LogOnline: OSS: TryLoadSubsystemAndSetDefault: Loaded subsystem for module [NULL]
[2020.11.16-18.29.58:671][ 38]LogPlayLevel: Creating play world package: /Game/Levels/UEDPIE_0_Level01
[2020.11.16-18.29.58:710][ 38]LogPlayLevel: PIE: StaticDuplicateObject took: (0.039427s)
[2020.11.16-18.29.58:711][ 38]LogAIModule: Creating AISystem for world Level01
[2020.11.16-18.29.58:711][ 38]LogAISub: UAISubsystem::UAISubsystem EnvQueryManager (000002110B28D800), frame # 1038
[2020.11.16-18.29.58:711][ 38]LogAISub: UAISubsystem::UAISubsystem AIPerceptionSystem (0000021106D5DE40), frame # 1038
[2020.11.16-18.29.58:712][ 38]LogPlayLevel: PIE: World Init took: (0.001840s)
[2020.11.16-18.29.58:712][ 38]LogPlayLevel: PIE: Created PIE world by copying editor world from /Game/Levels/Level01.Level01 to /Game/Levels/UEDPIE_0_Level01.Level01 (0.041453s)
[2020.11.16-18.29.58:719][ 38]LogUObjectHash: Compacting FUObjectHashTables data took   0.51ms
[2020.11.16-18.29.58:721][ 38]LogAudioMixer: Display: Audio Mixer Platform Settings:
[2020.11.16-18.29.58:722][ 38]LogAudioMixer: Display: 	Sample Rate:						  48000
[2020.11.16-18.29.58:722][ 38]LogAudioMixer: Display: 	Callback Buffer Frame Size Requested: 1024
[2020.11.16-18.29.58:722][ 38]LogAudioMixer: Display: 	Callback Buffer Frame Size To Use:	  1024
[2020.11.16-18.29.58:722][ 38]LogAudioMixer: Display: 	Number of buffers to queue:			  2
[2020.11.16-18.29.58:722][ 38]LogAudioMixer: Display: 	Max Channels (voices):				  32
[2020.11.16-18.29.58:722][ 38]LogAudioMixer: Display: 	Number of Async Source Workers:		  0
[2020.11.16-18.29.58:722][ 38]LogAudio: Display: AudioDevice MaxSources: 32
[2020.11.16-18.29.58:722][ 38]LogAudio: Display: Using built-in audio occlusion.
[2020.11.16-18.29.58:722][ 38]LogAudioMixer: Display: Initializing audio mixer.
[2020.11.16-18.29.58:729][ 38]LogAudioMixer: Display: 0: FrontLeft
[2020.11.16-18.29.58:729][ 38]LogAudioMixer: Display: 1: FrontRight
[2020.11.16-18.29.58:760][ 38]LogAudioMixer: Display: Using Audio Device headset (Realtek High Definition Audio)
[2020.11.16-18.29.58:760][ 38]LogAudioMixer: Display: Initializing Sound Submixes...
[2020.11.16-18.29.58:760][ 38]LogAudioMixer: Display: Creating Master Submix 'MasterSubmixDefault'
[2020.11.16-18.29.58:760][ 38]LogAudioMixer: Display: Creating Master Submix 'MasterReverbSubmixDefault'
[2020.11.16-18.29.58:760][ 38]LogAudioMixer: Display: Creating Master Submix 'MasterEQSubmixDefault'
[2020.11.16-18.29.58:773][ 38]LogInit: FAudioDevice initialized.
[2020.11.16-18.29.58:782][ 38]LogLoad: Game class is 'GameMode'
[2020.11.16-18.29.58:785][ 38]LogWorld: Bringing World /Game/Levels/UEDPIE_0_Level01.Level01 up for play (max tick rate 0) at 2020.11.16-19.29.58
[2020.11.16-18.29.58:785][ 38]LogWorld: Bringing up level for play took: 0.002086
[2020.11.16-18.29.58:785][ 38]LogOnline: OSS: Creating online subsystem instance for: :Context_2
[2020.11.16-18.29.58:788][ 38]LogContentBrowser: Native class hierarchy updated for 'MovieSceneCapture' in 0.0004 seconds. Added 20 classes and 0 folders.
[2020.11.16-18.29.58:788][ 38]LogGameMode: Display: Match State Changed from EnteringMap to WaitingToStart
[2020.11.16-18.29.58:788][ 38]LogGameState: Match State Changed from EnteringMap to WaitingToStart
[2020.11.16-18.29.58:788][ 38]LogGameMode: Display: Match State Changed from WaitingToStart to InProgress
[2020.11.16-18.29.58:789][ 38]LogGameState: Match State Changed from WaitingToStart to InProgress
[2020.11.16-18.29.58:789][ 38]PIE: Server logged in
[2020.11.16-18.29.58:789][ 38]PIE: Play in editor total start time 0,125 seconds.
[2020.11.16-18.30.00:250][183]FUdpSocketBuilder: Failed to subscribe UdpMessageMulticastSocket to multicast group 230.0.0.1 on interface 0.0.0.0
[2020.11.16-18.30.00:250][183]FUdpSocketBuilder: Failed to create and initialize socket UdpMessageMulticastSocket (last error: 0)
[2020.11.16-18.30.00:250][183]LogUdpMessaging: Warning: StartTransport failed to create multicast socket on 0.0.0.0:0, joined to 230.0.0.1:6666 with TTL 1
[2020.11.16-18.30.00:266][185]LogUdpMessaging: Warning: UDP messaging encountered an error. Auto repair routine started for reinitialization
[2020.11.16-18.30.02:063][399]LogOutputDevice: Warning: 

Script Stack (0 frames):

[2020.11.16-18.30.02:063][399]LogWindows: Windows GetLastError: De bewerking is voltooid. (0)
[2020.11.16-18.30.04:620][399]LogWindows: Error: === Critical error: ===
[2020.11.16-18.30.04:620][399]LogWindows: Error: 
[2020.11.16-18.30.04:620][399]LogWindows: Error: Assertion failed: (Index >= 0) & (Index < ArrayNum) [File:D:\games\UE_4.25\Engine\Source\Runtime\Core\Public\Containers/Array.h] [Line: 674] 
[2020.11.16-18.30.04:620][399]LogWindows: Error: Array index out of bounds: 3 from an array of size 3
[2020.11.16-18.30.04:620][399]LogWindows: Error: 
[2020.11.16-18.30.04:620][399]LogWindows: Error: 
[2020.11.16-18.30.04:620][399]LogWindows: Error: [Callstack] 0x00007ff963843e49 KERNELBASE.dll!UnknownFunction []
[2020.11.16-18.30.04:620][399]LogWindows: Error: [Callstack] 0x00007ff9100aec66 UE4Editor-Core.dll!UnknownFunction []
[2020.11.16-18.30.04:620][399]LogWindows: Error: [Callstack] 0x00007ff9100b2048 UE4Editor-Core.dll!UnknownFunction []
[2020.11.16-18.30.04:620][399]LogWindows: Error: [Callstack] 0x00007ff90fe3e52d UE4Editor-Core.dll!UnknownFunction []
[2020.11.16-18.30.04:620][399]LogWindows: Error: [Callstack] 0x00007ff90fdc97c5 UE4Editor-Core.dll!UnknownFunction []
[2020.11.16-18.30.04:620][399]LogWindows: Error: [Callstack] 0x00007ff90fdcbb00 UE4Editor-Core.dll!UnknownFunction []
[2020.11.16-18.30.04:620][399]LogWindows: Error: [Callstack] 0x00007ff8e7fe0338 UE4Editor-MyProject-1456.dll!DispatchCheckVerify<void,<lambda_ce227f0e46be32736a42b6aca96b2c25> >() [D:\games\UE_4.25\Engine\Source\Runtime\Core\Public\Misc\AssertionMacros.h:162]
[2020.11.16-18.30.04:620][399]LogWindows: Error: [Callstack] 0x00007ff8e7fd568e UE4Editor-MyProject-1456.dll!ACollidingPawn::CheckInventory() [D:\PPP\MyProject\Source\MyProject\CollidingPawn.cpp:151]
[2020.11.16-18.30.04:620][399]LogWindows: Error: [Callstack] 0x00007ff9050291fa UE4Editor-Engine.dll!UnknownFunction []
[2020.11.16-18.30.04:620][399]LogWindows: Error: [Callstack] 0x00007ff90505514e UE4Editor-Engine.dll!UnknownFunction []
[2020.11.16-18.30.04:620][399]LogWindows: Error: [Callstack] 0x00007ff904b5b988 UE4Editor-Engine.dll!UnknownFunction []
[2020.11.16-18.30.04:620][399]LogWindows: Error: [Callstack] 0x00007ff904b6f1b4 UE4Editor-Engine.dll!UnknownFunction []
[2020.11.16-18.30.04:620][399]LogWindows: Error: [Callstack] 0x00007ff904b59a1b UE4Editor-Engine.dll!UnknownFunction []
[2020.11.16-18.30.04:620][399]LogWindows: Error: [Callstack] 0x00007ff904b6d681 UE4Editor-Engine.dll!UnknownFunction []
[2020.11.16-18.30.04:620][399]LogWindows: Error: [Callstack] 0x00007ff903e49f84 UE4Editor-Engine.dll!UnknownFunction []
[2020.11.16-18.30.04:620][399]LogWindows: Error: [Callstack] 0x00007ff904f0936f UE4Editor-Engine.dll!UnknownFunction []
[2020.11.16-18.30.04:620][399]LogWindows: Error: [Callstack] 0x00007ff904f0e3c7 UE4Editor-Engine.dll!UnknownFunction []
[2020.11.16-18.30.04:620][399]LogWindows: Error: [Callstack] 0x00007ff90fbe87d8 UE4Editor-Core.dll!UnknownFunction []
[2020.11.16-18.30.04:620][399]LogWindows: Error: [Callstack] 0x00007ff90fbe8aa3 UE4Editor-Core.dll!UnknownFunction []
[2020.11.16-18.30.04:620][399]LogWindows: Error: [Callstack] 0x00007ff90fbff027 UE4Editor-Core.dll!UnknownFunction []
[2020.11.16-18.30.04:620][399]LogWindows: Error: [Callstack] 0x00007ff904f2a402 UE4Editor-Engine.dll!UnknownFunction []
[2020.11.16-18.30.04:620][399]LogWindows: Error: [Callstack] 0x00007ff904f2f6ca UE4Editor-Engine.dll!UnknownFunction []
[2020.11.16-18.30.04:620][399]LogWindows: Error: [Callstack] 0x00007ff9046ed0bf UE4Editor-Engine.dll!UnknownFunction []
[2020.11.16-18.30.04:620][399]LogWindows: Error: [Callstack] 0x00007ff9046f7957 UE4Editor-Engine.dll!UnknownFunction []
[2020.11.16-18.30.04:620][399]LogWindows: Error: [Callstack] 0x00007ff90c4daf57 UE4Editor-UnrealEd.dll!UnknownFunction []
[2020.11.16-18.30.04:620][399]LogWindows: Error: [Callstack] 0x00007ff90cdb37e6 UE4Editor-UnrealEd.dll!UnknownFunction []
[2020.11.16-18.30.04:620][399]LogWindows: Error: [Callstack] 0x00007ff7129b7800 UE4Editor.exe!UnknownFunction []
[2020.11.16-18.30.04:620][399]LogWindows: Error: [Callstack] 0x00007ff7129cba7c UE4Editor.exe!UnknownFunction []
[2020.11.16-18.30.04:620][399]LogWindows: Error: [Callstack] 0x00007ff7129cbb5a UE4Editor.exe!UnknownFunction []
[2020.11.16-18.30.04:620][399]LogWindows: Error: [Callstack] 0x00007ff7129de31d UE4Editor.exe!UnknownFunction []
[2020.11.16-18.30.04:620][399]LogWindows: Error: [Callstack] 0x00007ff7129e145a UE4Editor.exe!UnknownFunction []
[2020.11.16-18.30.04:620][399]LogWindows: Error: [Callstack] 0x00007ff964717034 KERNEL32.DLL!UnknownFunction []
[2020.11.16-18.30.04:620][399]LogWindows: Error: [Callstack] 0x00007ff965adcec1 ntdll.dll!UnknownFunction []
[2020.11.16-18.30.04:620][399]LogWindows: Error: 
[2020.11.16-18.30.04:634][399]LogExit: Executing StaticShutdownAfterError
[2020.11.16-18.30.04:637][399]LogWindows: FPlatformMisc::RequestExit(1)
[2020.11.16-18.30.04:637][399]LogCore: Engine exit requested (reason: Win RequestExit)
[2020.11.16-18.30.04:651][399]Log file closed, 11/16/20 19:30:04
